08:43:49  |  set_weekly_rest_rule_for_employee:174  |  ScheduleRow 1 don't have WeeklyRestRule tag. DEFAULT_WEEKLY_REST applied
08:43:49  |  set_daily_rest_rule:161                |  ScheduleRow 1 don't have a set DayRestRule tag. Using DEFAULT_DAILY_REST
08:43:49  |  set_weekly_rest_rule_for_employee:174  |  ScheduleRow 2 don't have WeeklyRestRule tag. DEFAULT_WEEKLY_REST applied
08:43:49  |  set_daily_rest_rule:161                |  ScheduleRow 2 don't have a set DayRestRule tag. Using DEFAULT_DAILY_REST
08:43:49  |  set_weekly_rest_rule_for_employee:174  |  ScheduleRow 3 don't have WeeklyRestRule tag. DEFAULT_WEEKLY_REST applied
08:43:49  |  set_daily_rest_rule:161                |  ScheduleRow 3 don't have a set DayRestRule tag. Using DEFAULT_DAILY_REST
08:43:49  |  set_weekly_rest_rule_for_employee:174  |  ScheduleRow 4 don't have WeeklyRestRule tag. DEFAULT_WEEKLY_REST applied
08:43:49  |  set_daily_rest_rule:161                |  ScheduleRow 4 don't have a set DayRestRule tag. Using DEFAULT_DAILY_REST
08:43:49  |  set_weekly_rest_rule_for_employee:174  |  ScheduleRow 5 don't have WeeklyRestRule tag. DEFAULT_WEEKLY_REST applied
08:43:49  |  set_daily_rest_rule:161                |  ScheduleRow 5 don't have a set DayRestRule tag. Using DEFAULT_DAILY_REST
08:43:49  |  set_weekly_rest_rule_for_employee:174  |  ScheduleRow 6 don't have WeeklyRestRule tag. DEFAULT_WEEKLY_REST applied
08:43:49  |  set_daily_rest_rule:161                |  ScheduleRow 6 don't have a set DayRestRule tag. Using DEFAULT_DAILY_REST
08:43:49  |  set_weekly_rest_rule_for_employee:174  |  ScheduleRow 7 don't have WeeklyRestRule tag. DEFAULT_WEEKLY_REST applied
08:43:49  |  set_daily_rest_rule:161                |  ScheduleRow 7 don't have a set DayRestRule tag. Using DEFAULT_DAILY_REST
08:43:49  |  set_weekly_rest_rule_for_employee:174  |  ScheduleRow 8 don't have WeeklyRestRule tag. DEFAULT_WEEKLY_REST applied
08:43:49  |  set_daily_rest_rule:161                |  ScheduleRow 8 don't have a set DayRestRule tag. Using DEFAULT_DAILY_REST
08:43:49  |  set_weekly_rest_rule_for_employee:174  |  ScheduleRow 9 don't have WeeklyRestRule tag. DEFAULT_WEEKLY_REST applied
08:43:49  |  set_daily_rest_rule:161                |  ScheduleRow 9 don't have a set DayRestRule tag. Using DEFAULT_DAILY_REST
08:43:49  |  run_sdp:236                            |  Running SDP with 32 shifts
08:43:49  |  run_sdp:255                            |  SDP-reduction from 32 to 28 shifts (-12.50%).
08:43:50  |  run_esp:196                            |  Running ESP in mode optimality with 28
08:43:52  |  run_model:34                           |  Model is 2
08:43:52  |  save_results:295                       |  Saved SDP-solution to solutions/2020-05-25_08:43:48-rproblem1_implicit_mode=optimality_sdp_reduce-SDP.sol
08:43:52  |  save_results:298                       |  Saved ESP-solution to solutions/2020-05-25_08:43:48-rproblem1_implicit_mode=optimality_sdp_reduce-ESP.sol
08:43:52  |  __str__:313                            |  Completed run for 2020-05-25_08:43:48-rproblem1_implicit_mode=optimality_sdp_reduce
