19:26:50  |  set_weekly_rest_rule_for_employee:173  |  ScheduleRow 1 don't have WeeklyRestRule tag. DEFAULT_WEEKLY_REST applied
19:26:50  |  set_daily_rest_rule:160                |  ScheduleRow 1 don't have a set DayRestRule tag. Using DEFAULT_DAILY_REST
19:26:50  |  set_weekly_rest_rule_for_employee:173  |  ScheduleRow 2 don't have WeeklyRestRule tag. DEFAULT_WEEKLY_REST applied
19:26:50  |  set_daily_rest_rule:160                |  ScheduleRow 2 don't have a set DayRestRule tag. Using DEFAULT_DAILY_REST
19:26:50  |  set_weekly_rest_rule_for_employee:173  |  ScheduleRow 3 don't have WeeklyRestRule tag. DEFAULT_WEEKLY_REST applied
19:26:50  |  set_daily_rest_rule:160                |  ScheduleRow 3 don't have a set DayRestRule tag. Using DEFAULT_DAILY_REST
19:26:50  |  set_weekly_rest_rule_for_employee:173  |  ScheduleRow 4 don't have WeeklyRestRule tag. DEFAULT_WEEKLY_REST applied
19:26:50  |  set_daily_rest_rule:160                |  ScheduleRow 4 don't have a set DayRestRule tag. Using DEFAULT_DAILY_REST
19:26:50  |  set_weekly_rest_rule_for_employee:173  |  ScheduleRow 5 don't have WeeklyRestRule tag. DEFAULT_WEEKLY_REST applied
19:26:50  |  set_daily_rest_rule:160                |  ScheduleRow 5 don't have a set DayRestRule tag. Using DEFAULT_DAILY_REST
19:26:50  |  set_weekly_rest_rule_for_employee:173  |  ScheduleRow 6 don't have WeeklyRestRule tag. DEFAULT_WEEKLY_REST applied
19:26:50  |  set_daily_rest_rule:160                |  ScheduleRow 6 don't have a set DayRestRule tag. Using DEFAULT_DAILY_REST
19:26:50  |  set_weekly_rest_rule_for_employee:173  |  ScheduleRow 7 don't have WeeklyRestRule tag. DEFAULT_WEEKLY_REST applied
19:26:50  |  set_daily_rest_rule:160                |  ScheduleRow 7 don't have a set DayRestRule tag. Using DEFAULT_DAILY_REST
19:26:50  |  set_weekly_rest_rule_for_employee:173  |  ScheduleRow 8 don't have WeeklyRestRule tag. DEFAULT_WEEKLY_REST applied
19:26:50  |  set_daily_rest_rule:160                |  ScheduleRow 8 don't have a set DayRestRule tag. Using DEFAULT_DAILY_REST
19:26:50  |  set_weekly_rest_rule_for_employee:173  |  ScheduleRow 9 don't have WeeklyRestRule tag. DEFAULT_WEEKLY_REST applied
19:26:50  |  set_daily_rest_rule:160                |  ScheduleRow 9 don't have a set DayRestRule tag. Using DEFAULT_DAILY_REST
19:26:54  |  run_sdp:414                            |  Running SDP with 462 shifts
19:26:57  |  run_sdp:432                            |  SDP-reduction from 462 to 310 shifts (-32.90%).
19:27:07  |  run_palns:165                          |  Running rproblem7_9_employees with runtime 900 in 48 threads
19:27:07  |  run_palns:166                          |  Using GreedyCriterion
19:27:07  |  run_esp:369                            |  Running ESP in mode feasibility with 310
19:27:10  |  run_model:34                           |  Model is 3
19:27:10  |  run_esp:383                            |  Completed construction in 2.37s
