19:13:04  |  set_weekly_rest_rule_for_employee:173  |  ScheduleRow 1 don't have WeeklyRestRule tag. DEFAULT_WEEKLY_REST applied
19:13:04  |  set_daily_rest_rule:160                |  ScheduleRow 1 don't have a set DayRestRule tag. Using DEFAULT_DAILY_REST
19:13:04  |  set_weekly_rest_rule_for_employee:173  |  ScheduleRow 2 don't have WeeklyRestRule tag. DEFAULT_WEEKLY_REST applied
19:13:04  |  set_daily_rest_rule:160                |  ScheduleRow 2 don't have a set DayRestRule tag. Using DEFAULT_DAILY_REST
19:13:04  |  set_weekly_rest_rule_for_employee:173  |  ScheduleRow 3 don't have WeeklyRestRule tag. DEFAULT_WEEKLY_REST applied
19:13:04  |  set_daily_rest_rule:160                |  ScheduleRow 3 don't have a set DayRestRule tag. Using DEFAULT_DAILY_REST
19:13:04  |  set_weekly_rest_rule_for_employee:173  |  ScheduleRow 4 don't have WeeklyRestRule tag. DEFAULT_WEEKLY_REST applied
19:13:04  |  set_daily_rest_rule:160                |  ScheduleRow 4 don't have a set DayRestRule tag. Using DEFAULT_DAILY_REST
19:13:04  |  set_weekly_rest_rule_for_employee:173  |  ScheduleRow 5 don't have WeeklyRestRule tag. DEFAULT_WEEKLY_REST applied
19:13:04  |  set_daily_rest_rule:160                |  ScheduleRow 5 don't have a set DayRestRule tag. Using DEFAULT_DAILY_REST
19:13:04  |  set_weekly_rest_rule_for_employee:173  |  ScheduleRow 6 don't have WeeklyRestRule tag. DEFAULT_WEEKLY_REST applied
19:13:04  |  set_daily_rest_rule:160                |  ScheduleRow 6 don't have a set DayRestRule tag. Using DEFAULT_DAILY_REST
19:13:04  |  set_weekly_rest_rule_for_employee:173  |  ScheduleRow 7 don't have WeeklyRestRule tag. DEFAULT_WEEKLY_REST applied
19:13:04  |  set_daily_rest_rule:160                |  ScheduleRow 7 don't have a set DayRestRule tag. Using DEFAULT_DAILY_REST
19:13:05  |  run_sdp:414                            |  Running SDP with 270 shifts
19:13:06  |  run_sdp:432                            |  SDP-reduction from 270 to 270 shifts (-0.00%).
19:13:11  |  run_palns:165                          |  Running rproblem5_7_employees with runtime 900 in 48 threads
19:13:11  |  run_palns:166                          |  Using GreedyCriterion
19:13:11  |  run_esp:369                            |  Running ESP in mode feasibility with 270
19:13:13  |  run_model:34                           |  Model is 3
19:13:13  |  run_esp:383                            |  Completed construction in 1.88s
