21:07:22  |  set_weekly_rest_rule_for_employee:174  |  ScheduleRow 1 don't have WeeklyRestRule tag. DEFAULT_WEEKLY_REST applied
21:07:22  |  set_daily_rest_rule:161                |  ScheduleRow 1 don't have a set DayRestRule tag. Using DEFAULT_DAILY_REST
21:07:22  |  set_weekly_rest_rule_for_employee:174  |  ScheduleRow 2 don't have WeeklyRestRule tag. DEFAULT_WEEKLY_REST applied
21:07:22  |  set_daily_rest_rule:161                |  ScheduleRow 2 don't have a set DayRestRule tag. Using DEFAULT_DAILY_REST
21:07:22  |  set_weekly_rest_rule_for_employee:174  |  ScheduleRow 3 don't have WeeklyRestRule tag. DEFAULT_WEEKLY_REST applied
21:07:22  |  set_daily_rest_rule:161                |  ScheduleRow 3 don't have a set DayRestRule tag. Using DEFAULT_DAILY_REST
21:07:22  |  set_weekly_rest_rule_for_employee:174  |  ScheduleRow 4 don't have WeeklyRestRule tag. DEFAULT_WEEKLY_REST applied
21:07:22  |  set_daily_rest_rule:161                |  ScheduleRow 4 don't have a set DayRestRule tag. Using DEFAULT_DAILY_REST
21:07:22  |  set_weekly_rest_rule_for_employee:174  |  ScheduleRow 5 don't have WeeklyRestRule tag. DEFAULT_WEEKLY_REST applied
21:07:22  |  set_daily_rest_rule:161                |  ScheduleRow 5 don't have a set DayRestRule tag. Using DEFAULT_DAILY_REST
21:07:22  |  set_weekly_rest_rule_for_employee:174  |  ScheduleRow 6 don't have WeeklyRestRule tag. DEFAULT_WEEKLY_REST applied
21:07:22  |  set_daily_rest_rule:161                |  ScheduleRow 6 don't have a set DayRestRule tag. Using DEFAULT_DAILY_REST
21:07:22  |  set_weekly_rest_rule_for_employee:174  |  ScheduleRow 7 don't have WeeklyRestRule tag. DEFAULT_WEEKLY_REST applied
21:07:22  |  set_daily_rest_rule:161                |  ScheduleRow 7 don't have a set DayRestRule tag. Using DEFAULT_DAILY_REST
21:07:22  |  set_weekly_rest_rule_for_employee:174  |  ScheduleRow 8 don't have WeeklyRestRule tag. DEFAULT_WEEKLY_REST applied
21:07:22  |  set_daily_rest_rule:161                |  ScheduleRow 8 don't have a set DayRestRule tag. Using DEFAULT_DAILY_REST
21:07:22  |  set_weekly_rest_rule_for_employee:174  |  ScheduleRow 9 don't have WeeklyRestRule tag. DEFAULT_WEEKLY_REST applied
21:07:22  |  set_daily_rest_rule:161                |  ScheduleRow 9 don't have a set DayRestRule tag. Using DEFAULT_DAILY_REST
21:07:32  |  run_esp:195                            |  Running ESP in mode optimality with 260
22:08:16  |  run_model:34                           |  Model is 2
22:08:16  |  save_results:297                       |  Saved ESP-solution to solutions/2020-05-24_21:07:22-rproblem1_mode=optimality_no_sdp-ESP.sol
22:08:16  |  __str__:312                            |  Completed run for 2020-05-24_21:07:22-rproblem1_mode=optimality_no_sdp
