
Gurobi 9.0.2 (linux64) logging started Sun May 24 21:29:50 2020

Changed value of parameter LogFile to gurobi_logs/2020-05-24_21:29:49-rproblem2_mode=optimality_no_sdp.log
   Prev:   Default: 
Parameter MIPFocus unchanged
   Value: 0  Min: 0  Max: 3  Default: 0
Parameter SolutionLimit unchanged
   Value: 2000000000  Min: 1  Max: 2000000000  Default: 2000000000
Parameter LogToConsole unchanged
   Value: 1  Min: 0  Max: 1  Default: 1
Changed value of parameter TimeLimit to 18000.0
   Prev: inf  Min: 0.0  Max: inf  Default: inf
Gurobi Optimizer version 9.0.2 build v9.0.2rc0 (linux64)
Optimize a model with 24300 rows, 19070 columns and 250346 nonzeros
Model fingerprint: 0x69908ea7
Variable types: 20 continuous, 19050 integer (15540 binary)
Coefficient statistics:
  Matrix range     [9e-02, 5e+01]
  Objective range  [5e-01, 1e+00]
  Bounds range     [1e+00, 1e+00]
  RHS range        [1e+00, 4e+02]
Presolve removed 16682 rows and 9967 columns
Presolve time: 0.26s
Presolved: 7618 rows, 9103 columns, 69951 nonzeros
Variable types: 1 continuous, 9102 integer (9096 binary)
Found heuristic solution: objective 335.9128633

Root relaxation: objective 2.104842e+03, 2788 iterations, 0.12 seconds

    Nodes    |    Current Node    |     Objective Bounds      |     Work
 Expl Unexpl |  Obj  Depth IntInf | Incumbent    BestBd   Gap | It/Node Time

     0     0 2104.84216    0  599  335.91286 2104.84216   527%     -    0s
H    0     0                    1028.7653594 2104.84216   105%     -    0s
     0     0 2097.85036    0  898 1028.76536 2097.85036   104%     -    1s
H    0     0                    1222.8321174 2097.85036  71.6%     -    1s
     0     0 2090.54634    0 1019 1222.83212 2090.54634  71.0%     -    1s
     0     0 2085.86247    0  984 1222.83212 2085.86247  70.6%     -    1s
     0     0 2085.86247    0 1104 1222.83212 2085.86247  70.6%     -    2s
     0     0 2085.85169    0 1101 1222.83212 2085.85169  70.6%     -    2s
     0     0 2085.84797    0 1114 1222.83212 2085.84797  70.6%     -    2s
     0     0 2067.41462    0 1321 1222.83212 2067.41462  69.1%     -    3s
H    0     0                    1443.8880076 2067.41462  43.2%     -    3s
     0     0 2056.11891    0 1345 1443.88801 2056.11891  42.4%     -    4s
     0     0 2045.74633    0 1353 1443.88801 2045.74633  41.7%     -    4s
     0     0 2042.92247    0 1448 1443.88801 2042.92247  41.5%     -    4s
     0     0 2039.45610    0 1394 1443.88801 2039.45610  41.2%     -    5s
     0     0 2038.77237    0 1366 1443.88801 2038.77237  41.2%     -    5s
     0     0 2038.64069    0 1408 1443.88801 2038.64069  41.2%     -    5s
     0     0 2038.61839    0 1419 1443.88801 2038.61839  41.2%     -    5s
     0     0 2038.60979    0 1417 1443.88801 2038.60979  41.2%     -    5s
     0     0 2024.13201    0 1422 1443.88801 2024.13201  40.2%     -    7s
H    0     0                    1455.0105566 2024.13201  39.1%     -    7s
     0     0 2022.31368    0 1316 1455.01056 2022.31368  39.0%     -    7s
     0     0 2020.21460    0 1433 1455.01056 2020.21460  38.8%     -    7s
     0     0 2019.60874    0 1512 1455.01056 2019.60874  38.8%     -    7s
     0     0 2019.49221    0 1451 1455.01056 2019.49221  38.8%     -    7s
     0     0 2019.43820    0 1469 1455.01056 2019.43820  38.8%     -    8s
     0     0 2019.43156    0 1478 1455.01056 2019.43156  38.8%     -    8s
H    0     0                    1487.0200271 2019.43156  35.8%     -    9s
H    0     0                    1537.5787454 2019.43156  31.3%     -    9s
H    0     0                    1582.5265114 2019.43156  27.6%     -    9s
     0     0 2012.75110    0 1201 1582.52651 2012.75110  27.2%     -    9s
H    0     0                    1730.5068125 2012.75110  16.3%     -    9s
     0     0 2011.68679    0 1313 1730.50681 2011.68679  16.2%     -    9s
     0     0 2011.12669    0 1496 1730.50681 2011.12669  16.2%     -    9s
     0     0 2010.99647    0 1486 1730.50681 2010.99647  16.2%     -   10s
     0     0 2010.96468    0 1518 1730.50681 2010.96468  16.2%     -   10s
     0     0 2009.56577    0 1485 1730.50681 2009.56577  16.1%     -   10s
H    0     0                    1731.8557868 2009.56577  16.0%     -   10s
     0     0 2009.31420    0 1384 1731.85579 2009.31420  16.0%     -   11s
     0     0 2009.30370    0 1398 1731.85579 2009.30370  16.0%     -   11s
     0     0 2007.65956    0 1454 1731.85579 2007.65956  15.9%     -   11s
     0     0 2007.48570    0 1376 1731.85579 2007.48570  15.9%     -   11s
     0     0 2007.43079    0 1480 1731.85579 2007.43079  15.9%     -   11s
     0     0 2006.25856    0 1628 1731.85579 2006.25856  15.8%     -   12s
H    0     0                    1732.9671472 2006.25856  15.8%     -   12s
H    0     0                    1743.5367472 2006.25856  15.1%     -   12s
     0     0 2005.92878    0 1486 1743.53675 2005.92878  15.0%     -   12s
     0     0 2005.73694    0 1497 1743.53675 2005.73694  15.0%     -   12s
     0     0 2005.72259    0 1406 1743.53675 2005.72259  15.0%     -   12s
     0     0 2005.46881    0 1221 1743.53675 2005.46881  15.0%     -   13s
H    0     0                    1791.1135206 2005.46881  12.0%     -   13s
     0     0 2005.38913    0 1436 1791.11352 2005.38913  12.0%     -   13s
     0     0 2005.38728    0 1428 1791.11352 2005.38728  12.0%     -   13s
     0     0 2005.06730    0 1489 1791.11352 2005.06730  11.9%     -   13s
     0     0 2005.06730    0 1446 1791.11352 2005.06730  11.9%     -   14s
H    0     0                    1857.1597441 2005.01355  7.96%     -   15s
H    0     0                    1858.7639152 2005.01355  7.87%     -   15s
H    0     2                    1867.3404028 2005.01355  7.37%     -   15s
     0     2 2005.01355    0 1444 1867.34040 2005.01355  7.37%     -   15s
H   31    56                    1923.7174520 2002.15817  4.08%   515   19s
H   43    56                    1923.8327259 2002.14543  4.07%   423   19s
H   47    56                    1926.0963425 2002.14543  3.95%   414   19s
    55    80 2001.72136    6 1292 1926.09634 2002.11277  3.95%   411   20s
   658   683 1996.11080   24  812 1926.09634 2002.11277  3.95%   207   25s
H 1493  1567                    1935.4648368 2002.11277  3.44%   183   28s
H 1509  1567                    1936.3229181 2002.11277  3.40%   183   28s
H 1521  1548                    1949.2368626 2002.11277  2.71%   183   28s
  1899  1898 1982.31154   71   35 1949.23686 2002.11277  2.71%   177   30s
H 2403  1838                    1977.1275587 2002.11277  1.26%   174   32s
H 2701  2046                    1977.2630453 2002.04726  1.25%   170   33s
H 2725  1459                    1992.4672374 2002.04726  0.48%   169   33s
H 3066  1109                    1992.6677779 2001.99557  0.47%   170   35s
  3069  1111 1997.49899   16  773 1992.66778 2001.99557  0.47%   170   40s
H 3077  1061                    1992.7226799 1998.21522  0.28%   170   45s
  3087  1069 1996.94828   13 1326 1992.72268 1996.94828  0.21%   175   50s
  3094  1074 1995.71142   11 1295 1992.72268 1995.71142  0.15%   174   55s
H 3094  1020                    1992.7854557 1995.71142  0.15%   174   55s
H 3101   972                    1993.1647395 1994.93286  0.09%   174   60s
H 3101   923                    1993.8430483 1994.93286  0.05%   174   60s
H 3101   877                    1993.8558156 1994.93286  0.05%   174   60s
H 3101   832                    1993.8928005 1994.90550  0.05%   174   60s
H 3107   796                    1994.0847126 1994.88710  0.04%   181   62s
H 3107   756                    1994.1746467 1994.88710  0.04%   181   62s
  3115   761 1994.73573   14  962 1994.17465 1994.73573  0.03%   181   65s
H 3119   725                    1994.2174068 1994.53133  0.02%   180   67s

Cutting planes:
  Gomory: 12
  Cover: 2
  Implied bound: 5
  Clique: 34
  MIR: 14
  Flow cover: 21
  Zero half: 80
  RLT: 6

Explored 3120 nodes (604141 simplex iterations) in 67.66 seconds
Thread count was 24 (of 48 available processors)

Solution count 10: 1994.22 1994.17 1994.08 ... 1992.72

Optimal solution found (tolerance 1.00e-04)
Best objective 1.994217406768e+03, best bound 1.994352158330e+03, gap 0.0068%
