
Gurobi 9.0.2 (linux64) logging started Sun May 24 21:35:16 2020

Changed value of parameter LogFile to gurobi_logs/2020-05-24_21:35:14-rproblem3_mode=optimality_sdp_reduce.log
   Prev:   Default: 
Parameter MIPFocus unchanged
   Value: 0  Min: 0  Max: 3  Default: 0
Parameter SolutionLimit unchanged
   Value: 2000000000  Min: 1  Max: 2000000000  Default: 2000000000
Parameter LogToConsole unchanged
   Value: 1  Min: 0  Max: 1  Default: 1
Changed value of parameter TimeLimit to 18000.0
   Prev: inf  Min: 0.0  Max: inf  Default: inf
Gurobi Optimizer version 9.0.2 build v9.0.2rc0 (linux64)
Optimize a model with 4000 rows, 4424 columns and 19620 nonzeros
Model fingerprint: 0x56717e7f
Variable types: 48 continuous, 4376 integer (424 binary)
Coefficient statistics:
  Matrix range     [5e-01, 1e+03]
  Objective range  [2e-01, 5e+00]
  Bounds range     [1e+00, 1e+00]
  RHS range        [2e+00, 3e+01]
Presolve removed 3967 rows and 4375 columns
Presolve time: 0.16s
Presolved: 33 rows, 49 columns, 137 nonzeros
Variable types: 0 continuous, 49 integer (16 binary)
Found heuristic solution: objective 204.7500000
Found heuristic solution: objective 178.0000000

Root relaxation: objective 1.417395e+02, 39 iterations, 0.00 seconds

    Nodes    |    Current Node    |     Objective Bounds      |     Work
 Expl Unexpl |  Obj  Depth IntInf | Incumbent    BestBd   Gap | It/Node Time

     0     0  141.73947    0    7  178.00000  141.73947  20.4%     -    0s
H    0     0                     147.0000000  141.73947  3.58%     -    0s
     0     0  145.02381    0    2  147.00000  145.02381  1.34%     -    0s
H    0     0                     146.5000000  145.02381  1.01%     -    0s
     0     0  146.00000    0    2  146.50000  146.00000  0.34%     -    0s
H    0     0                     146.0000000  146.00000  0.00%     -    0s

Cutting planes:
  Gomory: 5
  Implied bound: 2
  Clique: 1
  MIR: 2
  StrongCG: 1
  Flow cover: 3
  Zero half: 1
  Relax-and-lift: 1

Explored 1 nodes (55 simplex iterations) in 0.17 seconds
Thread count was 24 (of 48 available processors)

Solution count 5: 146 146.5 147 ... 204.75

Optimal solution found (tolerance 1.00e-04)
Best objective 1.460000000000e+02, best bound 1.460000000000e+02, gap 0.0000%

Gurobi 9.0.2 (linux64) logging started Sun May 24 21:35:18 2020

Changed value of parameter LogFile to gurobi_logs/2020-05-24_21:35:14-rproblem3_mode=optimality_sdp_reduce.log
   Prev:   Default: 
Parameter MIPFocus unchanged
   Value: 0  Min: 0  Max: 3  Default: 0
Parameter SolutionLimit unchanged
   Value: 2000000000  Min: 1  Max: 2000000000  Default: 2000000000
Parameter LogToConsole unchanged
   Value: 1  Min: 0  Max: 1  Default: 1
Changed value of parameter TimeLimit to 18000.0
   Prev: inf  Min: 0.0  Max: inf  Default: inf
Gurobi Optimizer version 9.0.2 build v9.0.2rc0 (linux64)
Optimize a model with 138978 rows, 91370 columns and 2599449 nonzeros
Model fingerprint: 0x93c69256
Variable types: 137 continuous, 91233 integer (87705 binary)
Coefficient statistics:
  Matrix range     [2e-02, 1e+02]
  Objective range  [2e-01, 4e+00]
  Bounds range     [1e+00, 1e+00]
  RHS range        [1e+00, 2e+02]
Presolve removed 104515 rows and 51837 columns (presolve time = 5s) ...
Presolve removed 104515 rows and 51837 columns
Presolve time: 6.96s
Presolved: 34463 rows, 39533 columns, 426319 nonzeros
Variable types: 1 continuous, 39532 integer (39195 binary)

Deterministic concurrent LP optimizer: primal and dual simplex
Showing first log only...


Root simplex log...

Iteration    Objective       Primal Inf.    Dual Inf.      Time
       0    1.3171000e+04   7.090000e+02   3.246131e+09      8s
   24231    3.3819306e+03   0.000000e+00   4.280283e+04     10s
   39664    6.4546853e+03   0.000000e+00   7.159612e+03     15s
Concurrent spin time: 0.00s

Solved with dual simplex

Root relaxation: objective 6.730585e+03, 30258 iterations, 12.25 seconds
Total elapsed time = 20.14s

    Nodes    |    Current Node    |     Objective Bounds      |     Work
 Expl Unexpl |  Obj  Depth IntInf | Incumbent    BestBd   Gap | It/Node Time

     0     0 6730.58540    0 3893          - 6730.58540      -     -   20s
     0     0 6727.34654    0 4145          - 6727.34654      -     -   26s
     0     0 6722.09022    0 4508          - 6722.09022      -     -   31s
     0     0 6710.42005    0 4437          - 6710.42005      -     -   37s
     0     0 6704.44636    0 4611          - 6704.44636      -     -   43s
     0     0 6702.91981    0 4558          - 6702.91981      -     -   48s
     0     0 6702.88794    0 4543          - 6702.88794      -     -   48s
     0     0 6702.88681    0 4593          - 6702.88681      -     -   49s
     0     0 6702.88670    0 4583          - 6702.88670      -     -   49s
     0     0 6690.95861    0 4975          - 6690.95861      -     -   61s
     0     0 6680.41519    0 4908          - 6680.41519      -     -   70s
     0     0 6676.04392    0 4660          - 6676.04392      -     -   76s
     0     0 6673.42857    0 4891          - 6673.42857      -     -   79s
     0     0 6672.79371    0 4723          - 6672.79371      -     -   80s
     0     0 6672.77821    0 4720          - 6672.77821      -     -   81s
     0     0 6672.77310    0 4718          - 6672.77310      -     -   81s
     0     0 6658.22690    0 5285          - 6658.22690      -     -   95s
     0     0 6650.38449    0 5416          - 6650.38449      -     -  101s
     0     0 6645.24034    0 5335          - 6645.24034      -     -  107s
     0     0 6644.19444    0 5478          - 6644.19444      -     -  111s
     0     0 6644.08377    0 5379          - 6644.08377      -     -  112s
     0     0 6644.00184    0 5371          - 6644.00184      -     -  113s
     0     0 6643.98345    0 5324          - 6643.98345      -     -  113s
     0     0 6633.64047    0 5265          - 6633.64047      -     -  129s
     0     0 6629.28784    0 5372          - 6629.28784      -     -  134s
     0     0 6628.39582    0 5603          - 6628.39582      -     -  136s
     0     0 6628.30036    0 5503          - 6628.30036      -     -  137s
     0     0 6628.29670    0 5487          - 6628.29670      -     -  138s
     0     0 6622.24152    0 5159          - 6622.24152      -     -  146s
     0     0 6621.19215    0 5682          - 6621.19215      -     -  150s
     0     0 6621.06537    0 5651          - 6621.06537      -     -  152s
     0     0 6621.05230    0 5643          - 6621.05230      -     -  152s
     0     0 6619.59649    0 5527          - 6619.59649      -     -  158s
     0     0 6617.37954    0 5563          - 6617.37954      -     -  164s
     0     0 6616.89824    0 5523          - 6616.89824      -     -  166s
     0     0 6616.84877    0 5538          - 6616.84877      -     -  167s
     0     0 6614.61623    0 5775          - 6614.61623      -     -  174s
     0     0 6614.12791    0 5720          - 6614.12791      -     -  176s
     0     0 6613.97476    0 5871          - 6613.97476      -     -  177s
     0     0 6613.91802    0 5951          - 6613.91802      -     -  178s
     0     0 6613.06220    0 6086          - 6613.06220      -     -  183s
     0     0 6613.04472    0 6077          - 6613.04472      -     -  184s
     0     0 6612.35565    0 6201          - 6612.35565      -     -  188s
     0     0 6612.26443    0 6227          - 6612.26443      -     -  190s
     0     0 6612.25727    0 6249          - 6612.25727      -     -  190s
     0     0 6611.60277    0 6329          - 6611.60277      -     -  195s
     0     0 6611.49141    0 6287          - 6611.49141      -     -  196s
     0     0 6611.48494    0 6163          - 6611.48494      -     -  197s
     0     0 6610.61594    0 6431          - 6610.61594      -     -  201s
     0     0 6610.59200    0 6363          - 6610.59200      -     -  202s
     0     0 6610.26214    0 6115          - 6610.26214      -     -  206s
H    0     0                    -38682.61907 6610.26214   117%     -  206s
     0     0 6610.26214    0 6100 -38682.619 6610.26214   117%     -  211s
H    0     0                    6120.3739610 6609.99489  8.00%     -  269s
H    0     2                    6155.2930890 6609.99489  7.39%     -  271s
     0     2 6609.99489    0 6094 6155.29309 6609.99489  7.39%     -  271s
     3     8 6609.99489    2 6128 6155.29309 6609.99489  7.39%   433  278s
     7    16 6609.90660    3 6133 6155.29309 6609.99489  7.39%   758  283s
    15    32 6609.80660    4 6125 6155.29309 6609.90225  7.39%   693  292s
H   31    56                    6157.9597556 6609.80644  7.34%   838  311s
H   32    56                    6160.2535546 6609.80553  7.30%   828  311s
H   34    56                    6160.3563801 6609.80553  7.30%   783  311s
H   36    56                    6166.0647300 6609.80553  7.20%   768  311s
    55    80 6609.47030    6 6108 6166.06473 6609.61173  7.19%   895  317s
    79   104 6609.47030    7 6108 6166.06473 6609.61173  7.19%   742  327s
   103   128 6609.43144    8 6104 6166.06473 6609.61173  7.19%   684  331s
H  104   128                    6167.5647300 6609.61173  7.17%   678  331s
H  109   128                    6167.7502433 6609.61173  7.16%   657  331s
H  111   128                    6170.1130331 6609.61173  7.12%   658  331s
H  115   128                    6174.2010897 6609.61173  7.05%   645  331s
   127   158 6609.12452    9 6111 6174.20109 6609.61173  7.05%   619  338s
H  157   182                    6179.2982181 6609.61173  6.96%   600  397s
H  158   182                    6209.3229234 6609.61173  6.45%   599  397s
   181   216 6608.22100   10 6008 6209.32292 6609.61173  6.45%   577  404s
   215   249 6608.00995   11 5975 6209.32292 6609.61173  6.45%   534  410s
   248   280 6607.76718   12 6001 6209.32292 6609.61173  6.45%   528  418s
   279   305 6607.76704   13 5985 6209.32292 6609.61173  6.45%   538  428s
   304   337 6607.20878   15 5972 6209.32292 6609.61173  6.45%   582  437s
   336   378 6606.21168   16 5980 6209.32292 6609.61173  6.45%   579  449s
   377   419 6606.05062   17 5936 6209.32292 6609.61173  6.45%   572  462s
   418   461 6605.31029   18 5829 6209.32292 6609.61173  6.45%   559  467s
   460   502 6604.61680   19 5830 6209.32292 6609.61173  6.45%   559  473s
   501   554 6604.55632   19 5854 6209.32292 6609.61173  6.45%   551  485s
   553   605 6601.60067   20 5544 6209.32292 6609.61173  6.45%   540  491s
   604   666 6601.34385   21 5597 6209.32292 6609.61173  6.45%   530  501s
   665   717 6601.05930   21 5748 6209.32292 6609.61173  6.45%   522  508s
   716   765 6601.24741   22 5574 6209.32292 6609.61173  6.45%   527  513s
   764   824 6599.55974   24 5674 6209.32292 6609.61173  6.45%   524  521s
   823   888 6598.40289   26 5499 6209.32292 6609.61173  6.45%   517  530s
   887   962 6598.30414   27 5427 6209.32292 6609.61173  6.45%   512  541s
   961  1035 6597.68000   29 5664 6209.32292 6609.61173  6.45%   502  548s
  1034  1119 6595.21493   31 5568 6209.32292 6609.61173  6.45%   494  558s
  1118  1195 6592.20667   33 5496 6209.32292 6609.61173  6.45%   484  569s
  1194  1268 6591.77880   34 5680 6209.32292 6609.61173  6.45%   481  577s
  1267  1346 6586.86765   35 5040 6209.32292 6609.61173  6.45%   481  587s
H 1345  1370                    6221.2454247 6609.61173  6.24%   477  623s
H 1353  1370                    6227.5489844 6609.61173  6.14%   477  623s
  1369  1491 6590.74117   36 5320 6227.54898 6609.61173  6.14%   476  632s
  1490  1598 6589.05923   38 5332 6227.54898 6609.61173  6.14%   463  644s
  1597  1688 6582.86810   39 4811 6227.54898 6609.61173  6.14%   460  654s
  1687  1809 6587.79200   40 5328 6227.54898 6609.61173  6.14%   458  664s
  1808  1933 6586.77550   43 5297 6227.54898 6609.61173  6.14%   450  675s
  1932  2088 6586.03099   47 5290 6227.54898 6609.61173  6.14%   444  685s
  2091  2265 6584.13345   48 5357 6227.54898 6609.61173  6.14%   431  696s
  2278  2419 6582.98187   50 5292 6227.54898 6609.61173  6.14%   417  710s
  2433  2587 6580.22556   52 4752 6227.54898 6609.61173  6.14%   412  723s
H 2601  2611                    6228.2989844 6609.61173  6.12%   405  761s
H 2602  2610                    6229.2730590 6609.61173  6.11%   406  761s
H 2605  2610                    6229.7330882 6609.61173  6.10%   406  761s
H 2606  2608                    6230.9039799 6609.61173  6.08%   406  761s
H 2611  2606                    6231.7402316 6609.61173  6.06%   405  761s
H 2612  2604                    6234.2279019 6609.61173  6.02%   406  761s
  2625  2787 6575.67352   54 4521 6234.22790 6609.61173  6.02%   406  773s
  2808  2993 6564.32511   57 4303 6234.22790 6609.61173  6.02%   400  784s
  3014  3227 6563.97939   59 4261 6234.22790 6609.61173  6.02%   391  796s
  3248  3505 6562.57856   61 4316 6234.22790 6609.61173  6.02%   382  807s
  3526  3796 6560.92893   65 4293 6234.22790 6609.61173  6.02%   370  822s
  3819  4128 6559.69575   69 3974 6234.22790 6609.61173  6.02%   360  835s
  4160  4216 6558.84519   82 4095 6234.22790 6609.61173  6.02%   348  888s
H 4161  4215                    6235.3319882 6609.61173  6.00%   348  888s
H 4168  4209                    6236.1059824 6609.61173  5.99%   348  888s
H 4231  4209                    6236.1676958 6609.61173  5.99%   346  888s
H 4234  4208                    6236.4669275 6609.61173  5.98%   346  888s
H 4236  4204                    6241.7648610 6609.61173  5.89%   346  888s
H 4246  4200                    6244.6953132 6609.61173  5.84%   346  888s
  4254  4480 6558.80000   83 4072 6244.69531 6609.61173  5.84%   346  907s
  4546  4789 6558.37856   92 4096 6244.69531 6609.61173  5.84%   341  921s
  4863  5123 6557.12000  101 4189 6244.69531 6609.61173  5.84%   335  942s
  5197  5501 6550.28367  106 4018 6244.69531 6609.61173  5.84%   330  962s
  5575  5728 6549.16780  116 3981 6244.69531 6609.61173  5.84%   324 1005s
H 5580  5724                    6245.6142321 6609.61173  5.83%   324 1005s
H 5582  5723                    6246.0582767 6609.61173  5.82%   324 1005s
H 5592  5715                    6248.5901042 6609.61173  5.78%   325 1005s
  5802  6188 6546.65096  119 3759 6248.59010 6609.61173  5.78%   320 1023s
  6276  6666 6533.23605  130 3744 6248.59010 6609.61173  5.78%   312 1045s
H 6775  6948                    6248.7681861 6609.61173  5.77%   304 1087s
H 6801  6948                    6249.0856198 6609.61173  5.77%   303 1087s
H 6803  6948                    6250.1041225 6609.61173  5.75%   303 1087s
H 6814  6948                    6250.4205637 6609.61173  5.75%   303 1088s
H 6858  6945                    6252.1968981 6609.61173  5.72%   303 1088s
H 6978  6789                    6271.1638741 6609.61173  5.40%   301 1088s
  7065  7192 6528.33919  171 3523 6271.16387 6609.61173  5.40%   300 1106s
  7503  7678 6527.00811  182 3348 6271.16387 6609.61173  5.40%   297 1125s
  7997  8144 6513.76409  195 3135 6271.16387 6609.61173  5.40%   293 1156s
H 8137  8082                    6273.4232447 6609.61173  5.36%   292 1156s
  8463  8548 6523.15698  211 3205 6273.42324 6609.61173  5.36%   291 1175s
  8935  8987 6515.10225  246 2957 6273.42324 6609.61173  5.36%   289 1202s
H 9380  8728                    6289.5485598 6609.61173  5.09%   289 1256s
H 9382  8618                    6296.7289692 6609.61173  4.97%   289 1256s
H 9386  8542                    6304.2283808 6609.61173  4.84%   289 1256s
  9455  8951 6509.53567  261 2818 6304.22838 6609.61173  4.84%   289 1278s
  9922  9432 6508.97858  276 2517 6304.22838 6609.61173  4.84%   289 1303s
 10406  9932 6505.19260  300 2131 6304.22838 6609.61173  4.84%   289 1328s
 10915 10498 6498.70009  360 2155 6304.22838 6609.61173  4.84%   289 1352s
 11481 11095 6494.68969  390 2119 6304.22838 6609.61173  4.84%   288 1379s
 12086 11678 6485.38805  425 1874 6304.22838 6609.61173  4.84%   287 1406s
H12690 11675                    6304.4346160 6609.61173  4.84%   287 1450s
 12691 11676 6519.21360  164 6100 6304.43462 6609.61173  4.84%   287 1607s
H12692 11093                    6306.4576586 6609.61173  4.81%   287 1662s
 12693 11093 6500.61468  328 3141 6306.45766 6609.61173  4.81%   287 1666s
H12693 10538                    6306.6503676 6609.61173  4.80%   287 1674s
 12694 10539 6459.28834   59 3461 6306.65037 6609.61173  4.80%   287 1675s
 12695 10540 6569.37516   92 3590 6306.65037 6601.00549  4.67%   287 1683s
 12696 10540 6436.86844  173 3259 6306.65037 6594.41501  4.56%   287 1689s
 12697 10541 6592.40961   31 3628 6306.65037 6592.40961  4.53%   287 1694s
 12698 10542 6562.63498   61 3468 6306.65037 6592.25291  4.53%   287 1696s
 12700 10543 6565.43003   81 3630 6306.65037 6592.16813  4.53%   286 1700s
 12701 10544 6489.33980  110 3627 6306.65037 6582.06427  4.37%   286 1715s
 12702 10544 6509.95629  191 3848 6306.65037 6577.32774  4.29%   286 1720s
 12705 10546 6516.05067  171 3804 6306.65037 6576.64373  4.28%   286 1727s
 12706 10547 6567.25181   23 3747 6306.65037 6567.25181  4.13%   286 1739s
 12707 10548 6339.74048  372 3962 6306.65037 6565.50993  4.10%   286 1744s
 12708 10548 6500.90716  312 3716 6306.65037 6565.00761  4.10%   286 1746s
 12710 10550 6332.75261  520 3843 6306.65037 6564.96851  4.10%   286 1751s
 12711 10550 6436.19428  327 4056 6306.65037 6561.27781  4.04%   286 1761s
 12713 10552 6376.03408  381 3908 6306.65037 6560.35443  4.02%   286 1765s
 12716 10554 6365.71588  577 3958 6306.65037 6557.77069  3.98%   286 1778s
 12717 10554 6504.01629  229 3754 6306.65037 6557.43305  3.98%   286 1780s
 12720 10556 6432.38635  157 3959 6306.65037 6557.13559  3.97%   286 1786s
 12721 10557 6554.97656   16 3903 6306.65037 6554.97656  3.94%   286 1796s
 12724 10559 6477.14356   78 3867 6306.65037 6554.35285  3.93%   286 1803s
 12725 10560 6518.58219   50 3785 6306.65037 6552.77586  3.90%   286 1816s
 12728 10562 6501.57923  302 3808 6306.65037 6552.32108  3.90%   286 1820s
 12730 10563 6488.36745  131 3798 6306.65037 6550.97589  3.87%   286 1833s
 12731 10564 6550.20329   30 3815 6306.65037 6550.20329  3.86%   286 1837s
 12732 10564 6507.27512   57 3953 6306.65037 6549.89149  3.86%   286 1840s
 12734 10566 6366.67703  109 3995 6306.65037 6549.86510  3.86%   286 1845s
 12735 10566 6547.56900   10 3923 6306.65037 6547.56900  3.82%   286 1855s
 12739 10569 6415.45417  428 3923 6306.65037 6546.86535  3.81%   286 1860s
 12741 10570 6546.10624   33 3924 6306.65037 6546.10624  3.80%   286 1876s
 12743 10572 6513.86405  208 4160 6306.65037 6545.67406  3.79%   286 1880s
 12746 10574 6503.23098  276 4159 6306.65037 6545.59947  3.79%   285 1886s
H12746 10044                    6312.2983935 6544.95292  3.69%   285 1936s
 12749 10046 6539.50460  115 4101 6312.29839 6544.01785  3.67%   285 1940s
 12753 10048 6369.38327  296 4134 6312.29839 6543.91604  3.67%   285 1948s
 12754 10049 6513.76116  196 4118 6312.29839 6543.37695  3.66%   285 1956s
 12757 10051 6527.96184  113 4129 6312.29839 6543.31200  3.66%   285 1963s
 12758 10052 6447.31703  152 3826 6312.29839 6542.90359  3.65%   285 1970s
 12761 10054 6413.44019   34 3897 6312.29839 6542.82054  3.65%   285 1976s
 12762 10054 6312.29839  257 3981 6312.29839 6542.61356  3.65%   285 1983s
 12764 10056 6452.97764  210 3996 6312.29839 6542.50741  3.65%   285 1985s
 12765 10056 6445.36632  184 4009 6312.29839 6542.50688  3.65%   285 1990s
 12766 10057 6361.95059  676 4024 6312.29839 6542.36999  3.64%   285 2000s
 12769 10059 6380.35624  339 4046 6312.29839 6542.35926  3.64%   285 2010s
 12770 10060 6541.69354   28 4014 6312.29839 6541.69354  3.63%   285 2021s
 12773 10062 6416.59246  406 4043 6312.29839 6541.27093  3.63%   285 2025s
 12776 10064 6541.25535    8 4087 6312.29839 6541.25535  3.63%   285 2034s
 12777 10064 6540.58126  102 4167 6312.29839 6540.58126  3.62%   285 2042s
 12780 10066 6540.49164   95 4031 6312.29839 6540.49164  3.62%   285 2047s
 12781 10067 6508.63957  249 4069 6312.29839 6540.27764  3.61%   285 2052s
 12783 10068 6398.76665  422 4066 6312.29839 6540.25343  3.61%   285 2056s
 12784 10069 6539.91071   10 4226 6312.29839 6539.91071  3.61%   285 2062s
 12786 10070 6471.83952  224 4238 6312.29839 6539.88324  3.61%   285 2065s
 12787 10071 6352.58088  557 4229 6312.29839 6539.76470  3.60%   285 2070s
 12790 10073 6539.67401   49 4285 6312.29839 6539.67401  3.60%   284 2075s
 12792 10074 6539.61533   56 4229 6312.29839 6539.61533  3.60%   284 2080s
 12794 10076 6459.28834   59 4216 6312.29839 6539.56488  3.60%   284 2087s
 12796 10077 6436.86844  173 4226 6312.29839 6539.56078  3.60%   284 2090s
 12799 10079 6421.04534  177 4280 6312.29839 6539.46910  3.60%   284 2097s
 12800 10080 6539.33424   81 4277 6312.29839 6539.33424  3.60%   284 2102s
 12801 10080 6489.33980  110 4310 6312.29839 6539.33351  3.60%   284 2105s
 12803 10082 6356.71839  381 4328 6312.29839 6539.30836  3.60%   284 2112s
 12804 10082 6483.80853   20 4291 6312.29839 6539.27840  3.60%   284 2116s
 12806 10084 6539.26263   23 4275 6312.29839 6539.26263  3.60%   284 2123s
 12807 10084 6339.74048  372 4301 6312.29839 6539.26173  3.60%   284 2127s
 12808 10085 6500.90716  312 4327 6312.29839 6539.25069  3.60%   284 2131s
 12811 10088 6436.19428  327 6100 6312.29839 6539.25069  3.60%   294 2137s
H12812  9584                    6312.5712625 6539.25069  3.59%   294 2170s
 12814  9585 6476.44736   95 3233 6312.57126 6539.25069  3.59%   294 2182s
 12815  9586 6531.52670  154 3490 6312.57126 6539.25069  3.59%   294 2190s
 12816  9586 6365.71588  577 3457 6312.57126 6539.25069  3.59%   294 2202s
 12817  9587 6504.01629  229 3482 6312.57126 6539.25069  3.59%   294 2217s
 12818  9588 6518.58219   50 3668 6312.57126 6539.25069  3.59%   294 2226s
 12819  9588 6539.25069   33 3664 6312.57126 6539.25069  3.59%   294 2232s
H12819  9108                    6313.5331000 6539.25069  3.58%   294 2236s
H12819  8653                    6314.3894758 6539.25069  3.56%   294 2236s
 12821  8655 6539.25069   16 3937 6314.38948 6539.25069  3.56%   294 2241s
 12824  8657 6477.14356   78 4189 6314.38948 6539.16111  3.56%   294 2245s
 12825  8657 6518.58219   50 4236 6314.38948 6539.15848  3.56%   294 2250s
H12825  8224                    6314.5369755 6538.82059  3.55%   294 2280s
 12828  8226 6501.57923  302 4134 6314.53698 6538.80607  3.55%   294 2285s
 12829  8227 6493.75506   43 4059 6314.53698 6538.56164  3.55%   294 2292s
 12832  8229 6507.27512   57 4094 6314.53698 6538.54468  3.55%   293 2297s
 12833  8230 6457.05203  244 4080 6314.53698 6538.22839  3.54%   293 2304s
 12835  8231 6538.21001   10 4119 6314.53698 6538.21001  3.54%   293 2308s
 12836  8232 6512.01779  147 4015 6314.53698 6538.05180  3.54%   293 2315s
 12839  8234 6415.45417  428 4008 6314.53698 6538.01602  3.54%   293 2325s
 12842  8236 6368.77949  327 4064 6314.53698 6537.98217  3.54%   293 2338s
 12843  8236 6513.86405  208 3988 6314.53698 6537.90241  3.54%   293 2343s
 12845  8238 6445.77934  274 4074 6314.53698 6537.89488  3.54%   293 2348s
 12846  8238 6503.23098  276 3983 6314.53698 6537.46524  3.53%   293 2360s
 12848  8240 6533.71751  159 3962 6314.53698 6537.41473  3.53%   293 2365s
 12849  8240 6537.19238  115 3876 6314.53698 6537.19238  3.53%   293 2371s
 12851  8242 6530.26854  118 3933 6314.53698 6537.16850  3.53%   293 2376s
 12852  8242 6536.91571  150 3915 6314.53698 6536.91571  3.52%   293 2382s
 12854  8244 6513.76116  196 3914 6314.53698 6536.90866  3.52%   293 2387s
 12855  8244 6474.78590  225 3947 6314.53698 6536.74145  3.52%   293 2393s
 12857  8246 6527.96184  113 3937 6314.53698 6536.73071  3.52%   293 2398s
 12858  8246 6447.31703  152 3949 6314.53698 6536.72567  3.52%   293 2407s
 12859  8247 6536.72495   22 3966 6314.53698 6536.72495  3.52%   293 2412s
 12860  8248 6425.77554  315 3998 6314.53698 6536.72338  3.52%   293 2416s
 12861  8248 6413.44019   34 4041 6314.53698 6536.72287  3.52%   293 2421s
 12862  8249 6314.53698  257 4043 6314.53698 6536.71988  3.52%   293 2438s
 12863  8250 6404.19243  234 4036 6314.53698 6536.71956  3.52%   293 2446s
 12864  8250 6452.97764  210 4284 6314.53698 6536.49015  3.51%   293 2466s
 12867  8252 6508.66560   69 4022 6314.53698 6536.25659  3.51%   293 2475s
 12868  8253 6374.62710  334 3990 6314.53698 6536.05175  3.51%   293 2482s
 12871  8255 6535.92840  159 4049 6314.53698 6535.92840  3.51%   293 2485s
 12874  8257 6437.68682  302 4153 6314.53698 6535.88175  3.51%   292 2493s
 12875  8258 6504.71162   93 4167 6314.53698 6535.88007  3.51%   292 2496s
 12877  8259 6535.87653  102 4102 6314.53698 6535.87653  3.51%   292 2501s
 12880  8261 6535.85791   95 4287 6314.53698 6535.85791  3.50%   292 2506s
 12882  8262 6535.85663   80 4310 6314.53698 6535.85663  3.50%   292 2511s
 12884  8264 6535.85607   10 4207 6314.53698 6535.85607  3.50%   292 2516s
H12887  7853                    6314.6291414 6535.85607  3.50%   299 2549s
 12888  7853 6494.30898   86 3080 6314.62914 6535.85607  3.50%   299 2552s
 12889  7854 6521.66690  178 3524 6314.62914 6535.85607  3.50%   299 2561s
 12890  7855 6535.85607   49 3443 6314.62914 6535.85607  3.50%   299 2572s
 12891  7855 6519.21360  164 3252 6314.62914 6535.85607  3.50%   299 2589s
H12891  7462                    6315.4751064 6535.85607  3.49%   299 2600s
 12893  7464 6500.61468  328 3611 6315.47511 6535.85607  3.49%   299 2612s
 12894  7464 6459.28834   59 4139 6315.47511 6535.85607  3.49%   299 2617s
 12895  7465 6535.85607   92 4042 6315.47511 6535.85607  3.49%   299 2621s
 12897  7466 6535.85607   31 4268 6315.47511 6535.85607  3.49%   299 2625s
 12898  7467 6535.85607   61 4190 6315.47511 6535.85607  3.49%   299 2631s
H12898  7094                    6315.5968080 6535.74491  3.49%   299 2660s
 12901  7096 6489.33980  110 4159 6315.59681 6535.73008  3.49%   299 2665s
 12902  7097 6509.95629  191 4151 6315.59681 6535.71634  3.49%   299 2670s
 12904  7098 6483.80853   20 4160 6315.59681 6535.70951  3.49%   299 2679s
 12905  7099 6516.05067  171 4158 6315.59681 6535.70926  3.49%   298 2683s
 12906  7099 6535.70124   23 4221 6315.59681 6535.70124  3.49%   298 2688s
 12907  7100 6339.74048  372 4225 6315.59681 6535.70122  3.49%   298 2692s
 12908  7101 6500.90716  312 4149 6315.59681 6535.70029  3.49%   298 2697s
 12909  7101 6467.56253  109 4149 6315.59681 6535.70029  3.49%   298 2701s
 12910  7102 6332.75261  520 4149 6315.59681 6535.70029  3.49%   298 2706s
 12911  7103 6436.19428  327 4150 6315.59681 6535.70029  3.49%   298 2710s
 12912  7103 6414.08828  184 4143 6315.59681 6535.70029  3.49%   298 2715s
 12914  7105 6476.44736   95 4166 6315.59681 6535.68414  3.48%   298 2725s
 12916  7106 6365.71588  577 4171 6315.59681 6535.68399  3.48%   298 2738s
 12917  7107 6504.01629  229 4171 6315.59681 6535.68399  3.48%   298 2743s
 12918  7107 6518.58219   50 4171 6315.59681 6535.67450  3.48%   298 2773s
 12919  7111 6535.06361   40 4022 6315.59681 6535.65504  3.48%   303 2780s
 12921  7114 6534.76357   41 4045 6315.59681 6535.41527  3.48%   304 2788s
 12925  7121 6534.33345   42 4241 6315.59681 6535.32616  3.48%   304 2805s
 12933  7134 6533.60750   43 4204 6315.59681 6535.16770  3.48%   305 2820s
H12949  6797                    6315.6106588 6534.77573  3.47%   307 2891s
H12950  6459                    6326.6794951 6534.77573  3.29%   307 2891s
H12971  6130                    6340.3387021 6534.56494  3.06%   311 2891s
 12973  6153 6532.74283   45 3917 6340.33870 6534.56494  3.06%   312 2899s
 12997  6169 6530.71550   45 3455 6340.33870 6534.56032  3.06%   314 2912s
 13021  6185 6532.69730   46 3875 6340.33870 6534.05893  3.06%   317 2921s
 13045  6203 6527.43375   46 3825 6340.33870 6533.99779  3.05%   318 2929s
 13071  6226 6532.45088   47 3791 6340.33870 6533.84592  3.05%   320 2934s
 13103  6253 6532.66035   47 3905 6340.33870 6533.84592  3.05%   321 2949s
 13140  6277 6531.50306   48 3879 6340.33870 6533.76521  3.05%   324 2960s
 13177  6301 6532.54434   49 3900 6340.33870 6533.76521  3.05%   326 2972s
 13213  6326 6532.26254   50 3920 6340.33870 6533.67711  3.05%   328 2988s
 13250  6354 6532.28280   50 3871 6340.33870 6533.67711  3.05%   331 2997s
 13290  6388 6531.06767   51 3814 6340.33870 6533.67711  3.05%   334 3008s
 13338  6416 6531.40696   52 3830 6340.33870 6533.67711  3.05%   336 3018s
 13382  6450 6529.96107   52 3745 6340.33870 6533.67711  3.05%   339 3031s
 13430  6485 6530.80621   53 3898 6340.33870 6533.67711  3.05%   342 3044s
 13481  6522 6530.07091   53 3825 6340.33870 6533.67711  3.05%   344 3056s
 13535  6567 6530.35678   54 3838 6340.33870 6533.67711  3.05%   346 3066s
 13605  6607 6529.68284   55 3789 6340.33870 6533.67711  3.05%   348 3081s
 13669  6658 6529.67990   56 3743 6340.33870 6533.67711  3.05%   351 3093s
 13741  6710 6529.59159   57 3752 6340.33870 6533.67711  3.05%   353 3112s
 13817  6768 6529.41220   59 3668 6340.33870 6533.67711  3.05%   357 3127s
 13901  6819 6528.98173   60 3502 6340.33870 6533.67711  3.05%   360 3138s
 13980  6888 6528.71267   61 3634 6340.33870 6533.67711  3.05%   363 3152s
 14076  6947 6527.70163   63 3437 6340.33870 6533.67711  3.05%   366 3170s
 14167  7024 6527.52788   64 3449 6340.33870 6533.67711  3.05%   370 3185s
 14274  7125 6527.32183   65 3397 6340.33870 6533.67711  3.05%   372 3199s
 14414  7170 6527.24732   66 3509 6340.33870 6533.67711  3.05%   374 3218s
 14517  7264 6524.64365   68 3382 6340.33870 6533.67711  3.05%   378 3233s
 14646  7339 6526.40555   69 3355 6340.33870 6533.67711  3.05%   381 3248s
 14764  7430 6525.92739   71 3457 6340.33870 6533.67711  3.05%   384 3259s
 14894  7526 6524.62686   72 3294 6340.33870 6533.67711  3.05%   387 3274s
 15033  7660 6525.38954   74 3343 6340.33870 6533.67711  3.05%   390 3294s
 15214  7790 6524.13994   76 3196 6340.33870 6533.67711  3.05%   392 3308s
 15404  7889 6523.77473   78 3193 6340.33870 6533.67711  3.05%   394 3325s
 15566  8001 6508.47200   80 2646 6340.33870 6533.67711  3.05%   397 3341s
 15732  8055 6522.87399   81 3207 6340.33870 6533.67711  3.05%   400 3458s
H15757  7732                    6343.6554487 6533.67711  3.00%   402 3458s
 15842  7834 6513.80522   83 2865 6343.65545 6533.67711  3.00%   404 3475s
 16008  7976 6521.66373   84 3107 6343.65545 6533.67711  3.00%   407 3497s
 16211  8159 6521.27649   85 3123 6343.65545 6533.67711  3.00%   412 3516s
 16482  8300 6520.76115   88 2988 6343.65545 6533.67711  3.00%   413 3538s
 16747  8395 6519.87146   92 2977 6343.65545 6533.67711  3.00%   416 3562s
 16965  8591 6519.69811   94 2901 6343.65545 6533.67711  3.00%   420 3582s
 17263  8739 6518.63234   96 2798 6343.65545 6533.67711  3.00%   422 3604s
 17540  8918 6517.47508   99 2919 6343.65545 6533.67711  3.00%   425 3627s
 17839  9096 6517.34261  102 2665 6343.65545 6533.67711  3.00%   428 3652s
H18132  8732                    6343.8692494 6533.67711  2.99%   431 3833s
H18133  8433                    6344.3008061 6533.67711  2.98%   431 3833s
H18134  8167                    6344.3379813 6533.67711  2.98%   431 3833s
H18144  7909                    6344.5351855 6533.67711  2.98%   431 3833s
H18148  7470                    6349.4420919 6533.67711  2.90%   431 3833s
H18150  7087                    6356.4862719 6533.67711  2.79%   431 3833s
 18156  7350 6516.72197  105 2738 6356.48627 6533.67711  2.79%   431 3860s
 18436  7557 6516.12306  107 2654 6356.48627 6533.67711  2.79%   435 3883s
 18739  7753 6513.94724  111 2507 6356.48627 6533.67711  2.79%   439 3909s
 19051  7967 6513.23901  116 2368 6356.48627 6533.67711  2.79%   443 3940s
 19394  8107 6513.11358  120 2299 6356.48627 6533.67711  2.79%   446 3964s
 19684  8300 6512.43736  123 2239 6356.48627 6533.67711  2.79%   450 3992s
 19990  8512 6511.34060  127 2195 6356.48627 6533.67711  2.79%   455 4025s
 20322  8789 6511.17283  131 2192 6356.48627 6533.67711  2.79%   460 4056s
 20735  8956 6510.67831  136 2064 6356.48627 6533.67711  2.79%   464 4087s
 21054  9237 6509.88503  139 1981 6356.48627 6533.67711  2.79%   470 4126s
 21455  9495 6509.15044  143 1900 6356.48627 6533.67711  2.79%   476 4161s
 21869  9766 6508.99875  148 1827 6356.48627 6533.67711  2.79%   481 4196s
 22309 10039 6507.99841  158 1638 6356.48627 6533.67711  2.79%   486 4232s
 22757 10321 6506.06469  164 1548 6356.48627 6533.67711  2.79%   491 4266s
 23190 10635 6502.69433  170 1461 6356.48627 6533.67711  2.79%   497 4304s
 23649 11099 6501.86635  178 1360 6356.48627 6533.67711  2.79%   502 4346s
 24266 11696 6500.67080  188 1280 6356.48627 6533.67711  2.79%   506 4383s
 25071 12095 6498.67372  199 1106 6356.48627 6533.67711  2.79%   506 4426s
 25861 12491 6496.57372  213  963 6356.48627 6533.67711  2.79%   509 4469s
 26496 13133 6495.33248  224  925 6356.48627 6533.67711  2.79%   513 4512s
 27140 13851 6494.39655  236  894 6356.48627 6533.67711  2.79%   518 4553s
 27874 14575 6492.72477  247  720 6356.48627 6533.67711  2.79%   522 4597s
 28622 15404 6489.70002  259  745 6356.48627 6533.67711  2.79%   526 4644s
 29476 16356 6491.15229  271  786 6356.48627 6533.67711  2.79%   529 4690s
 30472 17685 6486.90741  286  515 6356.48627 6533.67711  2.79%   530 4737s
 31801 19226 6484.59510  307  655 6356.48627 6533.67711  2.79%   527 4784s
H33342 21024                    6356.5860706 6533.67711  2.79%   521 4831s
H33346 20958                    6357.1054368 6533.67711  2.78%   521 4831s
H33352 20946                    6357.1898250 6533.67711  2.78%   521 4831s
H33360 20943                    6357.2132391 6533.67711  2.78%   521 4831s
H33371 20887                    6357.6515302 6533.67711  2.77%   521 4831s
H33376 20836                    6357.9515351 6533.67711  2.76%   521 4831s
H33378 20756                    6358.3661616 6533.67711  2.76%   521 4831s
H33443 20750                    6358.4049672 6533.67711  2.76%   522 4831s
H33468 20740                    6358.5152880 6533.67711  2.75%   522 4831s
H33624 20677                    6359.0112038 6533.67711  2.75%   521 4831s
H33758 20563                    6359.8728176 6533.67711  2.73%   521 4831s
H34804 20546                    6360.0101439 6533.67711  2.73%   512 4831s
H35151 20252                    6362.9089147 6533.67711  2.68%   511 5047s
H35155 20176                    6363.4128188 6533.67711  2.68%   511 5047s
H35156 20076                    6364.5158820 6533.67711  2.66%   511 5047s
H35175 20015                    6364.8014312 6533.67711  2.65%   511 5047s
 35176 21680 6475.57343  343  611 6364.80143 6533.67711  2.65%   511 5087s
H35292 16823                    6423.9709216 6533.67711  1.71%   512 5087s
H35434 13960                    6454.0809907 6533.67711  1.23%   512 5087s
H35766 13512                    6458.8848147 6533.67711  1.16%   510 5087s
 36887 13123 6476.48733  353  516 6458.88481 6533.67711  1.16%   502 5130s
H37788 13344                    6462.6242443 6533.67711  1.10%   502 5287s
H37941 12928                    6467.3682505 6533.67711  1.03%   502 5287s
 38563 14180     cutoff  430      6467.36825 6533.58127  1.02%   500 5337s
 40006 15830 6494.42686   56 2317 6467.36825 6533.58127  1.02%   496 5389s
 41711 17721 6479.45997   87 2130 6467.36825 6533.55008  1.02%   490 5438s
 43726 19400 6525.86994   53 3767 6467.36825 6533.55008  1.02%   481 5493s
 45636 21382 6513.39809   66 3378 6467.36825 6533.55008  1.02%   474 5544s
H47043 20721                    6469.7405448 6533.55008  0.99%   468 5544s
 47668 22690 6482.52220   82 2274 6469.74054 6533.55008  0.99%   466 5594s
H49137 21829                    6471.4364277 6533.55008  0.96%   459 5594s
H49231 20796                    6472.6478893 6533.55008  0.94%   458 5594s
 49982 21433     cutoff  115      6472.64789 6533.48747  0.94%   455 6090s
H50214 17473                    6478.1630226 6533.43966  0.85%   455 6090s
H50957 17139                    6478.4707522 6533.43966  0.85%   455 7576s
 50958 17121 6517.95900   63 6100 6478.47075 6533.43966  0.85%   455 7657s
 50960 17122 6500.72377  119 3076 6478.47075 6533.43966  0.85%   455 7695s
 50961 17123 6504.75303   79 3420 6478.47075 6533.43966  0.85%   455 7713s
H50961 16266                    6478.4707537 6533.43966  0.85%   455 7719s
 50962 16267 6488.27967  173 3537 6478.47075 6533.43966  0.85%   455 7720s
 50963 16267 6505.83710  158 3398 6478.47075 6533.43966  0.85%   455 7737s
 50964 16268 6490.12060  276 3106 6478.47075 6533.43966  0.85%   455 7755s
 50965 16269 6492.51234  217 3327 6478.47075 6528.77192  0.78%   455 7770s
 50966 16269 6485.56415  150 3036 6478.47075 6526.36081  0.74%   455 7777s
H50966 15456                    6478.5432145 6526.36081  0.74%   455 7781s
 50969 15458 6490.79508  295 3349 6478.54321 6524.55080  0.71%   455 7786s
 50972 15460 6488.45225  284 3418 6478.54321 6524.51499  0.71%   455 7791s
H50972 14686                    6478.5432164 6524.09349  0.70%   455 7895s
 50975 14688 6502.17484  216 3476 6478.54322 6524.06313  0.70%   455 7936s
 50976 14689 6494.13328  204 3430 6478.54322 6523.70564  0.70%   455 8014s
 50977 14690 6487.84564  292 3438 6478.54322 6523.57492  0.70%   455 8015s
 50979 14691 6511.99373  122 3506 6478.54322 6523.56146  0.69%   455 8054s
 50980 14692 6481.53408  575 3671 6478.54322 6523.31594  0.69%   455 8132s
 50984 14694 6506.14641  167 3751 6478.54322 6523.22251  0.69%   455 8172s
H50984 13959                    6478.9818919 6523.22251  0.68%   455 8210s
 50985 13960 6499.72680  163 3628 6478.98189 6522.88135  0.68%   455 8247s
 50989 13963 6500.00539  182 3667 6478.98189 6522.79752  0.68%   455 8284s
 50990 13963 6522.64692   71 3700 6478.98189 6522.64692  0.67%   455 8324s
 50991 13964 6522.59685   73 3623 6478.98189 6522.59685  0.67%   455 8325s
 50993 13965 6484.39450  455 3801 6478.98189 6522.58451  0.67%   455 8363s
 50994 13966 6482.53513  244 3732 6478.98189 6522.45665  0.67%   455 8440s
 50997 13968 6483.80209  101 3860 6478.98189 6522.43392  0.67%   455 8478s
 50998 13969 6481.23969  157 3815 6478.98189 6522.40435  0.67%   455 8517s
 50999 13969 6502.82375  171 3771 6478.98189 6522.40193  0.67%   455 8554s
 51000 13970 6487.94146  325 3925 6478.98189 6522.39719  0.67%   455 8594s
 51002 13971 6512.75956  130 3992 6478.98189 6522.39180  0.67%   455 8632s
H51002 13272                    6479.0740578 6522.38441  0.67%   455 8726s
 51004 13274 6491.03753  303 3930 6479.07406 6522.38372  0.67%   455 8762s
 51005 13274 6508.73643  157 3978 6479.07406 6522.36149  0.67%   455 8801s
 51006 13275 6510.70231  125 3965 6479.07406 6522.36028  0.67%   455 8838s
 51007 13276 6497.69573  115 4032 6479.07406 6522.26914  0.67%   455 8879s
 51008 13276 6479.07406  354 3979 6479.07406 6522.26766  0.67%   455 8915s
 51009 13277 6522.26643   62 4035 6479.07406 6522.26643  0.67%   455 8952s
 51010 13278 6485.66232  396 3977 6479.07406 6522.26569  0.67%   455 8989s
 51011 13278 6503.48546   84 3984 6479.07406 6522.25770  0.67%   455 9024s
 51012 13279 6513.62442  140 4003 6479.07406 6522.25720  0.67%   455 9058s
 51013 13280 6514.87111   80 3836 6479.07406 6522.22575  0.67%   455 9099s
 51014 13280 6513.98480   66 3930 6479.07406 6522.22344  0.67%   455 9140s
 51015 13281 6507.99266  114 3893 6479.07406 6522.04642  0.66%   455 9182s
 51018 13283 6484.64228  332 3802 6479.07406 6521.98935  0.66%   455 9225s
 51019 13284 6481.09463  421 3896 6479.07406 6521.94606  0.66%   455 9263s
 51020 13284 6517.59079   60 3826 6479.07406 6521.91674  0.66%   455 9265s
 51022 13286 6518.05299   60 3890 6479.07406 6521.90992  0.66%   454 9300s
 51023 13286 6484.47993  421 3909 6479.07406 6521.87990  0.66%   454 9335s
 51024 13287 6503.31991   60 3963 6479.07406 6521.87667  0.66%   454 9371s
 51025 13288 6492.06717  202 3909 6479.07406 6521.84813  0.66%   454 9408s
 51026 13288 6484.87088  396 3876 6479.07406 6521.84651  0.66%   454 9443s
H51026 12622                    6479.7879128 6521.84616  0.65%   454 9561s
 51028 12624 6490.74216  126 3877 6479.78791 6521.84531  0.65%   454 9597s
 51029 12624 6482.54767   82 3858 6479.78791 6521.83327  0.65%   454 9665s
 51030 12625 6498.21166  164 3942 6479.78791 6521.83054  0.65%   454 9701s
 51031 12626 6490.37589  226 3887 6479.78791 6521.78905  0.65%   454 9737s
 51032 12626 6502.61226  127 3753 6479.78791 6521.78773  0.65%   454 9772s
 51033 12627 6499.25743  181 3757 6479.78791 6521.78396  0.65%   454 9807s
 51034 12628 6501.97148  140 3815 6479.78791 6521.78352  0.65%   454 9842s
 51035 12628 6482.77426  547 3776 6479.78791 6521.65132  0.65%   454 9878s
 51037 12630 6521.63791   51 3916 6479.78791 6521.63791  0.65%   454 9913s
 51038 12630 6521.59244   73 3816 6479.78791 6521.59244  0.65%   454 9949s
 51039 12631 6510.61790  159 3843 6479.78791 6521.59102  0.65%   454 9983s
 51040 12632 6521.58893   80 3851 6479.78791 6521.58893  0.65%   454 10019s
 51041 12632 6487.05969  411 3802 6479.78791 6521.58550  0.65%   454 10020s
 51043 12634 6490.28808  257 3902 6479.78791 6521.58114  0.64%   454 10055s
 51044 12634 6499.56083  181 3950 6479.78791 6521.54241  0.64%   454 10092s
 51045 12635 6495.72902   61 3976 6479.78791 6521.53937  0.64%   454 10125s
 51046 12636 6483.35675  511 3937 6479.78791 6521.42894  0.64%   454 10162s
 51049 12638 6479.78791  509 3955 6479.78791 6521.39766  0.64%   454 10198s
 51050 12638 6519.16722   82 3847 6479.78791 6521.39220  0.64%   454 10231s
 51052 12640 6494.60460  263 3943 6479.78791 6521.38525  0.64%   454 10266s
 51053 12640 6507.80511   84 3939 6479.78791 6521.38514  0.64%   454 10300s
 51054 12641 6493.73966  242 3947 6479.78791 6521.38511  0.64%   454 10333s
 51055 12642 6506.41117  138 3875 6479.78791 6521.37164  0.64%   454 10367s
 51056 12642 6497.33000  185 3869 6479.78791 6521.36851  0.64%   454 10399s
 51057 12643 6479.78791  473 3887 6479.78791 6521.32602  0.64%   454 10433s
 51058 12644 6517.95900   63 3858 6479.78791 6521.32526  0.64%   454 10466s
 51059 12644 6486.87390  243 3755 6479.78791 6521.23573  0.64%   454 10503s
 51060 12645 6500.72377  119 3822 6479.78791 6521.23339  0.64%   454 10540s
H51060 12011                    6479.7879142 6521.23258  0.64%   454 10659s
 51062 12012 6488.27967  173 3909 6479.78791 6521.23189  0.64%   454 10695s
 51063 12013 6505.83710  158 3902 6479.78791 6521.22060  0.64%   454 10730s
 51064 12014 6490.12060  276 3898 6479.78791 6521.21944  0.64%   454 10767s
 51065 12014 6492.51234  217 3953 6479.78791 6521.21894  0.64%   454 10803s
 51066 12015 6485.56415  150 3954 6479.78791 6521.21894  0.64%   454 10837s
 51067 12016 6490.03673  104 3955 6479.78791 6521.21748  0.64%   454 10871s
 51068 12016 6480.78869  285 3938 6479.78791 6521.21737  0.64%   454 10906s
 51069 12017 6490.79508  295 3834 6479.78791 6521.21320  0.64%   454 10939s
 51070 12018 6511.16300  114 3949 6479.78791 6521.21269  0.64%   454 10975s
 51071 12018 6508.74535  109 3976 6479.78791 6521.21257  0.64%   454 11013s
 51072 12019 6488.45225  284 3953 6479.78791 6521.21254  0.64%   454 11052s
 51073 12020 6503.83680   86 3953 6479.78791 6521.21254  0.64%   454 11087s
 51074 12020 6483.22240  506 3953 6479.78791 6521.18948  0.64%   454 11303s
 51075 12024 6519.94174   54 3768 6479.78791 6521.18948  0.64%   456 11312s
 51077 12027 6519.01196   55 3684 6479.78791 6520.96491  0.64%   456 11318s
 51081 12034 6516.55444   56 3554 6479.78791 6520.79917  0.63%   456 11328s
 51089 12047 6515.99613   57 3603 6479.78791 6520.56642  0.63%   456 11342s
 51105 12066 6515.05908   58 3541 6479.78791 6520.50327  0.63%   457 11358s
 51129 12082 6514.84791   59 3471 6479.78791 6520.47613  0.63%   458 11373s
 51153 12098 6514.84202   59 3516 6479.78791 6520.47613  0.63%   458 11391s
 51177 12114 6514.83182   60 3474 6479.78791 6520.47613  0.63%   459 11400s
 51201 12132 6513.99983   60 3156 6479.78791 6520.47613  0.63%   459 11417s
 51227 12145 6513.74740   61 3214 6479.78791 6520.47613  0.63%   460 11430s
 51255 12161 6513.75671   61 3292 6479.78791 6520.47613  0.63%   460 11444s
 51282 12178 6512.76392   62 3235 6479.78791 6520.47613  0.63%   461 11461s
 51312 12196 6512.56291   62 3436 6479.78791 6520.47613  0.63%   461 11469s
 51344 12217 6512.30799   63 3474 6479.78791 6520.47613  0.63%   462 11483s
 51381 12235 6502.24082   64 2858 6479.78791 6520.47613  0.63%   462 11500s
 51417 12258 6511.84133   64 3431 6479.78791 6520.47613  0.63%   463 11532s
 51456 12281 6511.82053   65 3468 6479.78791 6520.47613  0.63%   464 11562s
 51494 12312 6511.56072   66 3342 6479.78791 6520.47613  0.63%   465 11578s
 51542 12343 6511.62050   66 3573 6479.78791 6520.47613  0.63%   466 11626s
 51589 12380 6511.33354   67 3489 6479.78791 6520.47613  0.63%   466 11646s
 51641 12414 6510.57090   67 3294 6479.78791 6520.47613  0.63%   467 11655s
 51705 12447 6511.25737   68 3333 6479.78791 6520.47613  0.63%   467 11666s
 51771 12447 6510.73893   69 3278 6479.78791 6520.47613  0.63%   468 11728s
 51796 12479 6509.10427   69 2967 6479.78791 6520.47613  0.63%   468 11752s
 51846 12534 6510.73754   70 3267 6479.78791 6520.47613  0.63%   469 11774s
 51918 12582 6504.71639   71 3174 6479.78791 6520.47613  0.63%   470 11796s
 51996 12629 6510.31963   72 3139 6479.78791 6520.47613  0.63%   470 11818s
 52080 12668 6510.10903   73 3125 6479.78791 6520.47613  0.63%   471 11850s
 52153 12720 6510.04062   74 3015 6479.78791 6520.47613  0.63%   473 11865s
 52234 12785 6509.80575   75 3048 6479.78791 6520.47613  0.63%   473 11885s
 52328 12852 6509.66152   76 2922 6479.78791 6520.47613  0.63%   474 11898s
 52435 12901 6507.64541   77 2715 6479.78791 6520.47613  0.63%   475 11915s
 52533 12936 6507.92189   78 2890 6479.78791 6520.47613  0.63%   476 11939s
 52620 13012 6508.23909   80 2715 6479.78791 6520.47613  0.63%   477 11975s
 52725 13079 6507.06702   81 2620 6479.78791 6520.47613  0.63%   479 12000s
 52836 13136 6506.98317   82 2722 6479.78791 6520.47613  0.63%   480 12043s
 52945 13227 6506.43762   84 2631 6479.78791 6520.47613  0.63%   481 12070s
 53090 13234 6506.12941   86 2387 6479.78791 6520.47613  0.63%   482 12180s
 53152 13358 6505.91977   87 2421 6479.78791 6520.47613  0.63%   483 12205s
 53318 13458 6505.75745   88 2596 6479.78791 6520.47613  0.63%   484 12250s
 53511 13533 6504.22396   90 2382 6479.78791 6520.47613  0.63%   486 12274s
 53696 13622 6503.58259   92 2567 6479.78791 6520.47613  0.63%   487 12324s
 53863 13743 6486.46776   95 1915 6479.78791 6520.47613  0.63%   489 12344s
 54045 13821 6502.08582   97 2182 6479.78791 6520.47613  0.63%   491 12374s
 54217 13922 6502.02049   98 2143 6479.78791 6520.47613  0.63%   493 12408s
 54404 14030 6501.44743  101 2260 6479.78791 6520.47613  0.63%   494 12471s
 54577 14159 6501.41432  103 2244 6479.78791 6520.47613  0.63%   497 12504s
 54801 14240 6500.96891  106 2078 6479.78791 6520.47613  0.63%   499 12535s
 54980 14357 6500.28637  109 1874 6479.78791 6520.47613  0.63%   501 12573s
 55196 14479 6499.01901  113 1837 6479.78791 6520.47613  0.63%   504 12609s
 55417 14583     cutoff  117      6479.78791 6520.47613  0.63%   506 12643s
 55637 14728 6496.54946  123 1537 6479.78791 6520.47613  0.63%   509 13056s
H55749 14087                    6479.8667057 6520.47613  0.63%   509 13056s
 55878 14254 6493.38633  129 1659 6479.86671 6520.47613  0.63%   511 13100s
 56106 14398 6493.27859  141 1295 6479.86671 6520.47613  0.63%   514 13132s
H56375 13762                    6479.8667064 6520.47613  0.63%   517 13261s
H56376 13218                    6479.9136161 6520.47613  0.63%   517 13261s
H56381 12699                    6479.9136204 6520.47613  0.63%   517 13261s
H56387 12051                    6481.7383107 6520.47613  0.60%   517 13261s
 56402 12314 6489.26256  151 1200 6481.73831 6520.47613  0.60%   517 13308s
 56684 12509 6489.17963  158 1147 6481.73831 6520.47613  0.60%   520 13350s
 57034 12708 6487.93943  174  991 6481.73831 6520.47613  0.60%   523 13388s
 57379 12932 6487.53736  186  745 6481.73831 6520.47613  0.60%   526 13430s
 57752 13300 6487.06717  200  678 6481.73831 6520.47613  0.60%   529 13472s
 58279 13598 6486.59197  220  594 6481.73831 6520.47613  0.60%   531 13520s
 58814 13942 6486.23612  239  354 6481.73831 6520.47613  0.60%   533 13561s
 59365 14337 6485.39837  271  187 6481.73831 6520.47613  0.60%   535 13603s
 59990 14836 6484.79915  306   74 6481.73831 6520.47613  0.60%   536 13647s
 60754 15308 6482.27650  344   92 6481.73831 6520.27303  0.59%   537 13708s
 61627 15794 6515.57297   66 3292 6481.73831 6520.27303  0.59%   537 13761s
 62457 16285 6511.38536   78 2886 6481.73831 6520.27303  0.59%   538 13807s
 63244 16974 6508.29990   94 2309 6481.73831 6520.27303  0.59%   538 13865s
 64305 17530 6505.73556  115 1764 6481.73831 6520.27303  0.59%   538 13937s
 65285 18183 6502.26546  134 1788 6481.73831 6520.27303  0.59%   538 13989s
 66293 19017 6497.45564  159 1556 6481.73831 6520.27303  0.59%   538 14042s
 67523 19896 6491.04470  188 1124 6481.73831 6520.20860  0.59%   537 14098s
 68912 20833 6519.24014   63 3465 6481.73831 6520.20578  0.59%   535 14149s
H70435 19841                    6481.9721212 6520.20578  0.59%   532 14560s
H70437 18661                    6483.2780089 6520.20578  0.57%   532 14560s
H70445 15853                    6486.5483459 6520.20578  0.52%   532 14560s
H70447 13920                    6488.3476157 6520.20578  0.49%   532 14560s
 70462 14939 6514.96554   74 2840 6488.34762 6520.20578  0.49%   532 14610s
 71683 15729 6511.65169   86 2745 6488.34762 6520.20578  0.49%   529 14664s
 72690 15393 6515.24717   69 3246 6488.34762 6520.20578  0.49%   528 14665s
 72984 16402 6508.21122  100 2230 6488.34762 6520.20578  0.49%   527 14721s
 74212 17009 6505.06136  124 1688 6488.34762 6520.04788  0.49%   526 14781s
 75288 17672 6502.38314   61 2903 6488.34762 6520.04788  0.49%   525 14845s
 76104 18673 6497.01097   79 2440 6488.34762 6520.04788  0.49%   526 14916s
H77170 15622                    6490.7587533 6520.04788  0.45%   526 15048s
H77172 15454                    6490.8751810 6520.04788  0.45%   526 15048s
H77501 15191                    6491.0860181 6520.04788  0.45%   525 15048s
H77742 14945                    6491.2629471 6520.04788  0.44%   524 15048s
 77743 14995     cutoff   98      6491.26295 6519.73370  0.44%   524 15126s
 78265 15495 6504.45931   71 3107 6491.26295 6518.35714  0.42%   527 15212s
 78909 16054 6498.39653   92 2094 6491.26295 6518.26810  0.42%   531 15285s
 79552 16711 6517.01991   65 3191 6491.26295 6518.26810  0.42%   534 15372s
 80288 17233 6512.78385   77 2799 6491.26295 6518.26810  0.42%   538 15460s
 80902 17954 6507.64268   88 2578 6491.26295 6518.26810  0.42%   543 15543s
 81665 18854 6506.06327  103 2158 6491.26295 6518.26810  0.42%   547 15658s
 82672 19864 6494.64500  114 1706 6491.26295 6518.26810  0.42%   551 15756s
 83738 21089 6501.16013  133 1742 6491.26295 6518.26810  0.42%   555 15858s
 85028 22650 6499.15695  143 1449 6491.26295 6518.26810  0.42%   558 15963s
 86853 24808 6496.49638  165 1088 6491.26295 6518.26810  0.42%   560 16073s
 89225 27014 6494.19749  198 1010 6491.26295 6517.56788  0.41%   558 16471s
H89594 26082                    6491.7232624 6517.56788  0.40%   558 16471s
 91610 29269 6512.72510   68 2986 6491.72326 6517.56788  0.40%   556 16582s
 95034 31551 6496.77397  104 1750 6491.72326 6517.51955  0.40%   548 16692s
 97800 32586 6514.19842   73 3053 6491.72326 6517.45285  0.40%   543 16791s
 99000 33618 6508.84295   86 2612 6491.72326 6517.45285  0.40%   546 16922s
 100138 34907 6506.82195  105 2001 6491.72326 6517.45285  0.40%   549 17067s
 101553 36496 6502.40157  122 1622 6491.72326 6517.45285  0.40%   552 17203s
 103377 37730 6500.30641  155 1170 6491.72326 6517.45285  0.40%   554 17334s
 104792 39414 6497.99640  202  546 6491.72326 6517.45285  0.40%   558 17481s
 106789 41202 6493.48829  251  248 6491.72326 6517.31060  0.39%   561 17635s
 108768 43027 6514.60439   67 3246 6491.72326 6517.02663  0.39%   563 17802s
 110946 43985 6512.36757   74 2885 6491.72326 6517.02663  0.39%   565 17973s
 112012 44167 6510.08581   83 2543 6491.72326 6517.02663  0.39%   574 18000s

Cutting planes:
  Gomory: 183
  Cover: 17
  MIR: 191
  StrongCG: 14
  Flow cover: 407
  GUB cover: 2
  Inf proof: 1
  Zero half: 1489
  Mod-K: 6
  RLT: 28
  Relax-and-lift: 3

Explored 112211 nodes (64567676 simplex iterations) in 18000.21 seconds
Thread count was 24 (of 48 available processors)

Solution count 10: 6491.72 6491.26 6491.09 ... 6481.74

Time limit reached
Best objective 6.491723262385e+03, best bound 6.517026627310e+03, gap 0.3898%
