
Gurobi 9.0.2 (linux64) logging started Sun May 24 21:44:42 2020

Changed value of parameter LogFile to gurobi_logs/2020-05-24_21:44:41-rproblem5_mode=optimality_no_sdp.log
   Prev:   Default: 
Parameter MIPFocus unchanged
   Value: 0  Min: 0  Max: 3  Default: 0
Parameter SolutionLimit unchanged
   Value: 2000000000  Min: 1  Max: 2000000000  Default: 2000000000
Parameter LogToConsole unchanged
   Value: 1  Min: 0  Max: 1  Default: 1
Changed value of parameter TimeLimit to 18000.0
   Prev: inf  Min: 0.0  Max: inf  Default: inf
Gurobi Optimizer version 9.0.2 build v9.0.2rc0 (linux64)
Optimize a model with 70269 rows, 55541 columns and 2048369 nonzeros
Model fingerprint: 0x7b74944d
Variable types: 47 continuous, 55494 integer (51840 binary)
Coefficient statistics:
  Matrix range     [8e-02, 1e+02]
  Objective range  [5e-01, 2e+00]
  Bounds range     [1e+00, 1e+00]
  RHS range        [1e+00, 2e+02]
Presolve removed 34872 rows and 16510 columns (presolve time = 5s) ...
Presolve removed 34692 rows and 16330 columns
Presolve time: 5.25s
Presolved: 35577 rows, 39211 columns, 755952 nonzeros
Variable types: 1 continuous, 39210 integer (39015 binary)

Deterministic concurrent LP optimizer: primal and dual simplex
Showing first log only...


Root simplex log...

Iteration    Objective       Primal Inf.    Dual Inf.      Time
       0    3.2907047e+03   1.620375e+03   5.385321e+09      6s
   17537    2.5699452e+03   0.000000e+00   8.647326e+05     10s
Concurrent spin time: 0.22s

Solved with dual simplex

Root relaxation: objective 3.645582e+03, 15388 iterations, 8.43 seconds
Total elapsed time = 20.66s

    Nodes    |    Current Node    |     Objective Bounds      |     Work
 Expl Unexpl |  Obj  Depth IntInf | Incumbent    BestBd   Gap | It/Node Time

     0     0 3645.58182    0 1523          - 3645.58182      -     -   25s
     0     0 3645.58182    0 2052          - 3645.58182      -     -   32s
     0     0 3645.15325    0 2300          - 3645.15325      -     -   37s
     0     0 3644.63812    0 2411          - 3644.63812      -     -   49s
     0     0 3644.30216    0 2307          - 3644.30216      -     -   56s
     0     0 3644.29492    0 2252          - 3644.29492      -     -   58s
     0     0 3644.29195    0 2333          - 3644.29195      -     -   58s
     0     0 3644.29183    0 2301          - 3644.29183      -     -   59s
     0     0 3643.65512    0 2474          - 3643.65512      -     -   67s
     0     0 3643.52512    0 2497          - 3643.52512      -     -   71s
     0     0 3643.24774    0 2616          - 3643.24774      -     -   73s
     0     0 3642.47817    0 2831          - 3642.47817      -     -   78s
     0     0 3641.86754    0 3030          - 3641.86754      -     -   81s
     0     0 3641.76042    0 3006          - 3641.76042      -     -   83s
     0     0 3641.70642    0 3016          - 3641.70642      -     -   84s
     0     0 3641.69421    0 3100          - 3641.69421      -     -   85s
     0     0 3641.69421    0 3117          - 3641.69421      -     -   85s
     0     0 3640.93777    0 3167          - 3640.93777      -     -   95s
     0     0 3640.67003    0 3340          - 3640.67003      -     -   97s
     0     0 3640.40941    0 3307          - 3640.40941      -     -  100s
     0     0 3639.15128    0 3353          - 3639.15128      -     -  105s
     0     0 3639.00529    0 3362          - 3639.00529      -     -  107s
     0     0 3638.85961    0 3361          - 3638.85961      -     -  110s
     0     0 3638.83472    0 3489          - 3638.83472      -     -  111s
     0     0 3638.75563    0 3239          - 3638.75563      -     -  113s
     0     0 3638.72274    0 3337          - 3638.72274      -     -  113s
     0     0 3638.70008    0 3447          - 3638.70008      -     -  114s
     0     0 3638.69204    0 3394          - 3638.69204      -     -  114s
     0     0 3638.68613    0 3377          - 3638.68613      -     -  115s
     0     0 3638.68605    0 3367          - 3638.68605      -     -  115s
     0     0 3638.35465    0 3384          - 3638.35465      -     -  124s
     0     0 3637.19715    0 3441          - 3637.19715      -     -  129s
     0     0 3636.84088    0 3480          - 3636.84088      -     -  134s
     0     0 3636.51040    0 3544          - 3636.51040      -     -  138s
     0     0 3635.97500    0 3494          - 3635.97500      -     -  143s
     0     0 3635.88302    0 3719          - 3635.88302      -     -  146s
     0     0 3635.84401    0 3596          - 3635.84401      -     -  147s
     0     0 3635.82100    0 3703          - 3635.82100      -     -  149s
     0     0 3635.81447    0 3758          - 3635.81447      -     -  149s
     0     0 3635.80925    0 3746          - 3635.80925      -     -  150s
     0     0 3635.80918    0 3767          - 3635.80918      -     -  150s
     0     0 3635.05023    0 3680          - 3635.05023      -     -  156s
     0     0 3634.63000    0 4064          - 3634.63000      -     -  163s
     0     0 3634.54686    0 3926          - 3634.54686      -     -  165s
     0     0 3634.37951    0 4135          - 3634.37951      -     -  167s
     0     0 3634.18132    0 4120          - 3634.18132      -     -  171s
     0     0 3634.11185    0 4299          - 3634.11185      -     -  173s
     0     0 3634.05567    0 4297          - 3634.05567      -     -  174s
     0     0 3634.03297    0 4261          - 3634.03297      -     -  175s
     0     0 3634.02724    0 4280          - 3634.02724      -     -  175s
     0     0 3634.02430    0 4313          - 3634.02430      -     -  176s
     0     0 3634.02430    0 4322          - 3634.02430      -     -  176s
     0     0 3633.66247    0 4015          - 3633.66247      -     -  181s
     0     0 3633.24749    0 4053          - 3633.24749      -     -  186s
     0     0 3633.15467    0 4383          - 3633.15467      -     -  188s
     0     0 3633.12027    0 4384          - 3633.12027      -     -  189s
     0     0 3633.11828    0 4395          - 3633.11828      -     -  190s
     0     0 3632.95242    0 4450          - 3632.95242      -     -  195s
     0     0 3632.88963    0 4394          - 3632.88963      -     -  199s
     0     0 3632.78088    0 4550          - 3632.78088      -     -  202s
     0     0 3632.77138    0 4694          - 3632.77138      -     -  202s
     0     0 3632.73916    0 4594          - 3632.73916      -     -  204s
     0     0 3632.73766    0 4673          - 3632.73766      -     -  204s
     0     0 3632.57033    0 4455          - 3632.57033      -     -  209s
     0     0 3632.53234    0 4509          - 3632.53234      -     -  211s
     0     0 3632.51768    0 4646          - 3632.51768      -     -  212s
     0     0 3632.51248    0 4779          - 3632.51248      -     -  213s
     0     0 3632.50874    0 4655          - 3632.50874      -     -  213s
     0     0 3632.50829    0 4773          - 3632.50829      -     -  214s
     0     0 3632.23849    0 4585          - 3632.23849      -     -  222s
     0     0 3632.19461    0 4598          - 3632.19461      -     -  224s
     0     0 3632.17418    0 4686          - 3632.17418      -     -  225s
     0     0 3632.16713    0 4751          - 3632.16713      -     -  226s
     0     0 3632.16345    0 4742          - 3632.16345      -     -  226s
     0     0 3631.94980    0 4657          - 3631.94980      -     -  232s
     0     0 3631.93919    0 4714          - 3631.93919      -     -  233s
     0     0 3631.92254    0 4783          - 3631.92254      -     -  234s
     0     0 3631.91570    0 4768          - 3631.91570      -     -  235s
     0     0 3631.91495    0 4793          - 3631.91495      -     -  235s
     0     0 3631.81709    0 4773          - 3631.81709      -     -  240s
     0     0 3631.78986    0 4799          - 3631.78986      -     -  242s
     0     0 3631.77641    0 4831          - 3631.77641      -     -  242s
     0     0 3631.77507    0 4877          - 3631.77507      -     -  243s
     0     0 3631.74030    0 4740          - 3631.74030      -     -  246s
     0     0 3631.73453    0 4775          - 3631.73453      -     -  247s
     0     0 3631.73012    0 4801          - 3631.73012      -     -  247s
     0     0 3631.73010    0 4785          - 3631.73010      -     -  247s
     0     0 3631.66572    0 4824          - 3631.66572      -     -  252s
     0     0 3631.65147    0 4908          - 3631.65147      -     -  253s
     0     0 3631.64893    0 4860          - 3631.64893      -     -  254s
     0     0 3631.64298    0 4851          - 3631.64298      -     -  256s
     0     0 3631.64282    0 4891          - 3631.64282      -     -  257s
     0     0 3631.59991    0 4783          - 3631.59991      -     -  260s
     0     0 3631.59751    0 4822          - 3631.59751      -     -  261s
     0     0 3631.56786    0 4641          - 3631.56786      -     -  265s
     0     0 3631.54693    0 4705          - 3631.54693      -     -  266s
     0     0 3631.54560    0 4718          - 3631.54560      -     -  266s
     0     0 3631.52151    0 4850          - 3631.52151      -     -  269s
     0     0 3631.51870    0 4830          - 3631.51870      -     -  270s
     0     0 3631.49820    0 4790          - 3631.49820      -     -  273s
     0     0 3631.48669    0 4798          - 3631.48669      -     -  274s
     0     0 3631.48518    0 4819          - 3631.48518      -     -  275s
     0     0 3631.46124    0 4806          - 3631.46124      -     -  278s
     0     0 3631.46124    0 4661          - 3631.46124      -     -  284s
     0     2 3631.36828    0 4661          - 3631.36828      -     -  322s
     1     4 3631.36828    1 4661          - 3631.36828      -   701  325s
    15    32 3631.36828    4 4661          - 3631.36828      -   383  332s
    31    56 3631.36828    5 4661          - 3631.36828      -   558  336s
    79   104 3631.36828    7 4661          - 3631.36828      -   319  342s
   127   167 3631.36828    8 4514          - 3631.36828      -   285  349s
   166   214 3631.36828    9 4661          - 3631.36828      -   341  354s
   213   319 3631.36828   10 4563          - 3631.36828      -   319  360s
   318   603 3631.36828   17 4563          - 3631.36828      -   248  369s
   602   943 3631.27241   35 4593          - 3631.36828      -   181  384s
   942  1474 3630.94238   44 4528          - 3631.36828      -   185  407s
  1473  2154 3631.15360   47 4442          - 3631.36828      -   197  444s
  2153  3032 3631.08311   85 4616          - 3631.36828      -   225  499s
  3031  3995 3630.70347  166 4415          - 3631.36828      -   265  562s
  3994  5118 3630.13482  203 3961          - 3631.36828      -   287  647s
  5117  6188 3629.79984  278 3947          - 3631.36828      -   293  719s
  6187  7344 3629.19862  317 3967          - 3631.36828      -   310  812s
  7343  8517 3628.43176  372 4036          - 3631.36828      -   325  895s
  8516  9737 3628.32146  399 4088          - 3631.36828      -   339 1004s
  9736 10906 3628.11118  424 3976          - 3631.36828      -   356 1104s
 10905 12175 3627.44805  494 3824          - 3631.36828      -   374 1245s
 12174 13644 3626.74552  551 3710          - 3631.36828      -   381 1357s
 13644 13645 3625.92701  571 4661          - 3631.36828      -   391 1579s
 13646 13646 3627.56895  214 3494          - 3627.56895      -   391 1617s
 13647 13647 3618.19543  447 3834          - 3618.19543      -   391 1634s
 13648 13648 3612.12108   28 4180          - 3612.12108      -   391 1644s
 13649 13648 3611.41650   91 3964          - 3611.41650      -   391 1648s
 13650 13649 3611.30181   45 4029          - 3611.30181      -   391 1650s
 13652 13650 3611.28543  441 3986          - 3611.28543      -   391 1656s
 13653 13651 3600.64212    7 3980          - 3600.64212      -   391 1676s
 13654 13652 3587.87701    6 3958          - 3587.87701      -   391 1688s
 13655 13652 3586.63081  288 3964          - 3586.63081      -   391 1693s
 13658 13654 3578.80118  279 4001          - 3578.80118      -   391 1700s
 13659 13655 3553.43288  198 3631          - 3553.43288      -   391 1721s
 13660 13656 3545.27836   12 3656          - 3545.27836      -   391 1733s
 13661 13656 3544.31983  233 3721          - 3544.31983      -   390 1739s
 13662 13657 3544.23039  116 3688          - 3544.23039      -   390 1741s
 13665 13659 3544.22246   27 3681          - 3544.22246      -   390 1747s
 13666 13660 3528.92808  383 3477          - 3528.92808      -   390 1771s
 13667 13660 3526.32661  290 3399          - 3526.32661      -   390 1780s
 13669 13662 3525.69089  326 3500          - 3525.69089      -   390 1785s
 13673 13664 3525.67594   45 3506          - 3525.67594      -   390 1793s
 13674 13665 3523.49549  362 3588          - 3523.49549      -   390 1808s
 13675 13666 3522.83676  546 3587          - 3522.83676      -   390 1814s
 13676 13666 3522.69907  459 3619          - 3522.69907      -   390 1816s
 13679 13668 3522.68005  491 3595          - 3522.68005      -   390 1825s
 13680 13669 3522.00527  295 3867          - 3522.00527      -   390 1838s
 13681 13670 3521.64984  538 3970          - 3521.64984      -   390 1844s
 13682 13670 3521.56641   18 3721          - 3521.56641      -   390 1845s
 13685 13672 3521.55223  447 3719          - 3521.55223      -   390 1855s
 13686 13673 3520.74768  331 3581          - 3520.74768      -   390 1869s
 13687 13674 3520.60136  178 3642          - 3520.60136      -   390 1872s
 13690 13676 3520.57716  243 3678          - 3520.57716      -   390 1875s
 13691 13676 3520.57709    8 3688          - 3520.57709      -   390 1881s
 13692 13677 3520.14883  385 3570          - 3520.14883      -   390 1894s
 13693 13678 3520.08088   68 3634          - 3520.08088      -   390 1896s
 13697 13680 3520.06205  487 3626          - 3520.06205      -   389 1904s
 13698 13681 3519.80097  102 3622          - 3519.80097      -   389 1914s
 13699 13682 3519.69714  566 3695          - 3519.69714      -   389 1917s
 13703 13684 3519.68326   81 3650          - 3519.68326      -   389 1925s
 13704 13685 3519.57434  289 3631          - 3519.57434      -   389 1935s
 13708 13688 3519.49521  271 3627          - 3519.49521      -   389 1940s
 13709 13688 3519.49510   60 3649          - 3519.49510      -   389 1946s
 13710 13689 3519.30574  112 3606          - 3519.30574      -   389 1957s
 13713 13691 3519.24098  164 3682          - 3519.24098      -   389 1960s
 13715 13692 3519.24026  144 3672          - 3519.24026      -   389 1966s
 13716 13693 3519.12942  459 3631          - 3519.12942      -   389 1976s
 13720 13696 3519.07917  345 3732          - 3519.07917      -   389 1985s
 13721 13696 3518.97218  268 3666          - 3518.97218      -   389 1994s
 13722 13697 3518.96214   28 3765          - 3518.96214      -   389 1995s
 13725 13699 3518.95764   33 3771          - 3518.95764      -   389 2003s
 13726 13700 3518.88290  269 3693          - 3518.88290      -   389 2013s
 13728 13701 3518.86969  333 3735          - 3518.86969      -   389 2021s
 13729 13702 3518.77806  330 3846          - 3518.77806      -   389 2032s
 13732 13704 3518.77223  297 3915          - 3518.77223      -   388 2040s
 13733 13704 3518.67610  212 3795          - 3518.67610      -   388 2051s
 13736 13706 3518.66063  215 3915          - 3518.66063      -   388 2061s
 13737 13707 3518.61195   50 3874          - 3518.61195      -   388 2068s
 13740 13709 3518.60449  272 3887          - 3518.60449      -   388 2070s
 13742 13710 3518.60383  422 3901          - 3518.60383      -   388 2075s
 13743 13711 3518.56731  284 3950          - 3518.56731      -   388 2082s
 13746 13713 3518.55318  214 3806          - 3518.55318      -   388 2089s
 13747 13714 3518.53621  447 3766          - 3518.53621      -   388 2095s
 13750 13716 3518.53115   45 3840          - 3518.53115      -   388 2102s
 13751 13716 3518.52586  443 3854          - 3518.52586      -   388 2108s
 13753 13718 3518.52539    7 3870          - 3518.52539      -   388 2113s
 13754 13718 3518.49170    6 3834          - 3518.49170      -   388 2120s
 13758 13721 3518.47796  279 3870          - 3518.47796      -   388 2128s
 13759 13722 3518.44244  198 3846          - 3518.44244      -   388 2136s
 13762 13724 3518.43460  116 3857          - 3518.43460      -   388 2143s
 13763 13724 3518.43460  473 3845          - 3518.43460      -   388 2149s
 13764 13725 3518.43460  394 3864          - 3518.43460      -   388 2154s
H13764 13036                    -19467.95547 3518.43460   118%   388 2165s
 13766 13037 3518.43460  383 3861 -19467.955 3518.43460   118%   387 2171s
 13768 13040 3518.43460  215 4661 -19467.955 3518.43460   118%   402 2176s
 13770 13041 3518.43460  282 3370 -19467.955 3518.43460   118%   402 2206s
H13770 12388                    1010.2971429 3518.43460   248%   402 2219s
H13770 11769                    1731.0265033 3518.43460   103%   402 2224s
 13772 11771 3518.43460   45 3929 1731.02650 3518.43460   103%   402 2236s
 13773 11771 3518.43460   45 3337 1731.02650 3518.43460   103%   402 2250s
 13774 11772 3518.43460  362 3458 1731.02650 3518.43460   103%   402 2267s
H13774 11183                    2362.5730185 3518.43460  48.9%   402 2281s
 13776 11184 3518.43460  459 3863 2362.57302 3518.43460  48.9%   402 2293s
 13777 11185 3518.43460  148 3623 2362.57302 3518.43460  48.9%   402 2299s
 13778 11186 3518.43460  236 3995 2362.57302 3518.43460  48.9%   402 2302s
 13781 11188 3518.43259  538 4045 2362.57302 3518.43259  48.9%   402 2308s
H13781 10629                    2476.9079850 3518.38382  42.0%   402 2326s
 13784 10631 3518.38044  115 3885 2476.90798 3518.38044  42.0%   402 2330s
H13784 10099                    2494.0208265 3518.28734  41.1%   402 2339s
 13787 10101 3518.27847  178 3712 2494.02083 3518.27847  41.1%   401 2343s
 13788 10101 3518.26900  374 3897 2494.02083 3518.26900  41.1%   401 2348s
 13790 10103 3518.26497  243 3905 2494.02083 3518.26497  41.1%   401 2352s
H13790  9597                    2549.3845657 3518.25553  38.0%   401 2358s
 13793  9599 3518.25430   68 3871 2549.38457 3518.25430  38.0%   401 2363s
 13794  9599 3518.24219   38 3848 2549.38457 3518.24219  38.0%   401 2368s
 13796  9601 3518.23384   96 3861 2549.38457 3518.23384  38.0%   401 2373s
H13796  9121                    2550.1012561 3518.22132  38.0%   401 2379s
 13799  9123 3518.21863  566 3877 2550.10126 3518.21863  38.0%   401 2383s
 13800  9123 3518.20346  231 3853 2550.10126 3518.20346  38.0%   401 2390s
 13805  9127 3518.19219  325 3812 2550.10126 3518.19219  38.0%   401 2395s
 13806  9127 3518.19007  280 3803 2550.10126 3518.19007  38.0%   401 2401s
 13807  9128 3518.18988  552 3815 2550.10126 3518.18988  38.0%   401 2405s
 13808  9129 3518.16032  271 3825 2550.10126 3518.16032  38.0%   401 2411s
 13810  9130 3518.15834  112 3825 2550.10126 3518.15834  38.0%   401 2415s
 13811  9131 3518.15094   46 3837 2550.10126 3518.15094  38.0%   401 2420s
 13813  9132 3518.13509  164 3574 2550.10126 3518.13509  38.0%   401 2434s
 13814  9133 3518.13307  262 3844 2550.10126 3518.13307  38.0%   401 2435s
 13816  9134 3518.13147  459 3802 2550.10126 3518.13147  38.0%   401 2440s
 13817  9135 3518.11436   62 3830 2550.10126 3518.11436  38.0%   401 2445s
 13819  9136 3518.11335  409 3855 2550.10126 3518.11335  38.0%   401 2450s
 13820  9137 3518.09140  345 3804 2550.10126 3518.09140  38.0%   401 2456s
 13824  9139 3518.08601  116 3823 2550.10126 3518.08601  38.0%   400 2461s
 13825  9140 3518.08433   33 3801 2550.10126 3518.08433  38.0%   400 2467s
 13826  9141 3518.08404  269 3823 2550.10126 3518.08404  38.0%   400 2471s
 13827  9141 3518.03205  370 3824 2550.10126 3518.03205  38.0%   400 2477s
 13830  9143 3518.02970  460 3843 2550.10126 3518.02970  38.0%   400 2483s
 13831  9144 3517.97776  315 3923 2550.10126 3517.97776  38.0%   400 2493s
 13833  9145 3517.96442  212 3866 2550.10126 3517.96442  38.0%   400 2495s
 13835  9147 3517.96322  202 3890 2550.10126 3517.96322  38.0%   400 2500s
 13837  9148 3517.96265   50 3909 2550.10126 3517.96265  38.0%   400 2506s
 13839  9149 3517.96265  420 3899 2550.10126 3517.96265  38.0%   400 2513s
 13840  9150 3517.96265  272 3902 2550.10126 3517.96265  38.0%   400 2515s
H13840  8691                    2550.3850013 3517.96265  37.9%   400 2523s
 13841  8692 3517.96265  188 3903 2550.38500 3517.96265  37.9%   400 2526s
 13844  8695 3517.96265  571 4661 2550.38500 3517.96265  37.9%   408 2531s
H13845  8261                    2641.1313264 3517.96265  33.2%   408 2559s
 13846  8261 3517.96265  214 3370 2641.13133 3517.96265  33.2%   408 2564s
H13846  7848                    2648.4938557 3517.96265  32.8%   408 2576s
 13848  7850 3517.96265   28 3862 2648.49386 3517.96265  32.8%   408 2588s
 13849  7850 3517.96265   91 3642 2648.49386 3517.96265  32.8%   408 2603s
H13849  7457                    2675.5596153 3517.96265  31.5%   408 2619s
 13851  7459 3517.96265  443 3687 2675.55962 3517.96265  31.5%   408 2635s
H13851  7086                    2793.4083375 3517.96265  25.9%   408 2646s
 13853  7087 3517.96265    7 3754 2793.40834 3517.96265  25.9%   408 2652s
 13854  7088 3517.96265    6 3964 2793.40834 3517.96265  25.9%   408 2656s
 13858  7090 3517.96265  279 4027 2793.40834 3517.96265  25.9%   408 2664s
H13858  6735                    2819.6473489 3517.92831  24.8%   408 2672s
 13861  6737 3517.92580  233 3775 2819.64735 3517.92580  24.8%   408 2677s
H13861  6400                    2905.0126534 3517.92441  21.1%   408 2687s
 13863  6402 3517.92441  473 3703 2905.01265 3517.92441  21.1%   408 2691s
 13864  6402 3517.92441  394 3710 2905.01265 3517.92441  21.1%   407 2703s
 13865  6403 3517.92441   27 3710 2905.01265 3517.92441  21.1%   407 2708s
H13865  6082                    2905.5192012 3517.92383  21.1%   407 2850s
 13867  6086 3517.91716   43 3684 2905.51920 3517.92383  21.1%   414 2859s
 13869  6090 3517.88529   44 3462 2905.51920 3517.91716  21.1%   414 2866s
 13873  6096 3517.87878   45 3465 2905.51920 3517.88169  21.1%   414 2878s
 13881  6110 3517.87340   46 3557 2905.51920 3517.87819  21.1%   416 2892s
 13897  6128 3517.85619   47 3471 2905.51920 3517.87098  21.1%   419 2905s
 13921  6144 3517.83070   48 3555 2905.51920 3517.85523  21.1%   422 2940s
H13935  5836                    2929.9655692 3517.85523  20.1%   423 2940s
 13945  5856 3515.47507   48 2940 2929.96557 3517.83061  20.1%   425 2955s
H13969  5583                    2931.2155692 3517.83061  20.0%   428 2997s
H13970  5308                    2932.4584670 3517.83020  20.0%   428 2997s
H13973  5046                    2933.1922669 3517.83020  19.9%   428 2997s
H13981  4795                    2939.6786363 3517.83020  19.7%   428 2997s
H13985  4558                    3053.2315247 3517.83020  15.2%   429 2998s
H13988  4333                    3100.9767796 3517.83020  13.4%   429 2998s
 13993  4360 3516.89659   49 3140 3100.97678 3517.83020  13.4%   430 3018s
 14022  4385 3517.81106   50 3258 3100.97678 3517.82748  13.4%   434 3030s
 14056  4412 3516.94909   50 3423 3100.97678 3517.81101  13.4%   438 3044s
 14095  4440 3517.21013   51 3385 3100.97678 3517.81097  13.4%   441 3063s
 14136  4475 3517.79236   51 3405 3100.97678 3517.79236  13.4%   443 3073s
 14184  4507 3517.19542   52 3628 3100.97678 3517.78578  13.4%   445 3082s
 14232  4536 3517.71977   53 3076 3100.97678 3517.78578  13.4%   447 3093s
 14277  4567 3517.55203   54 2989 3100.97678 3517.78578  13.4%   450 3104s
 14323  4609 3517.59478   55 3150 3100.97678 3517.78578  13.4%   453 3129s
 14381  4649 3517.59489   56 3317 3100.97678 3517.78578  13.4%   456 3139s
 14440  4686 3517.54684   57 3287 3100.97678 3517.78578  13.4%   458 3148s
 14497  4722 3517.40860   58 3071 3100.97678 3517.78578  13.4%   460 3160s
 14552  4770 3517.50801   58 3139 3100.97678 3517.78578  13.4%   463 3170s
 14618  4818 3517.44844   60 3029 3100.97678 3517.78578  13.4%   466 3187s
 14688  4899 3517.42795   61 2924 3100.97678 3517.78578  13.4%   469 3209s
 14792  4972 3517.32372   62 3110 3100.97678 3517.78578  13.4%   474 3229s
 14900  5071 3517.11792   63 3110 3100.97678 3517.78578  13.4%   480 3242s
 15035  5121 3517.17442   65 3155 3100.97678 3517.78578  13.4%   483 3260s
 15130  5225 3517.11141   66 2894 3100.97678 3517.78578  13.4%   487 3279s
H15266  4991                    3332.8530960 3517.78578  5.55%   491 3639s
H15267  4746                    3509.3100795 3517.78578  0.24%   491 3639s
H15269  4553                    3510.8106541 3517.78578  0.20%   491 3639s
 15290  4547 3517.01311   68 2718 3510.81065 3517.78578  0.20%   492 3654s
H15453  3914                    3510.8983734 3517.78578  0.20%   497 3675s
 15454  3915 3516.57011   66 4661 3510.89837 3517.78578  0.20%   497 3737s
 15456  3916 3512.45578   77 2999 3510.89837 3517.78578  0.20%   497 3768s
 15457  3917 3517.59174   56 3705 3510.89837 3517.78578  0.20%   497 3783s
 15458  3918 3515.66840   93 3625 3510.89837 3517.78578  0.20%   497 3798s
 15459  3918 3517.30237   61 3299 3510.89837 3517.78578  0.20%   497 3813s
 15460  3919 3512.10260   67 3332 3510.89837 3517.78578  0.20%   497 3824s
 15461  3920 3517.11613   60 3303 3510.89837 3517.74326  0.19%   497 3830s
 15464  3922 3516.75201   68 3369 3510.89837 3517.64207  0.19%   496 3835s
 15465  3922 3516.62071   67 3047 3510.89837 3517.49254  0.19%   496 3841s
 15469  3925 3511.53909   70 3179 3510.89837 3517.42243  0.19%   496 3846s
 15470  3926 3512.12481   72 3282 3510.89837 3517.34357  0.18%   496 3852s
 15471  3926 3517.12383   54 3238 3510.89837 3517.34092  0.18%   496 3856s
 15472  3927 3516.75445   56 3157 3510.89837 3517.33668  0.18%   496 3860s
 15474  3928 3512.80327   71 3181 3510.89837 3517.30638  0.18%   496 3869s
 15475  3929 3515.05686  105 3202 3510.89837 3517.30191  0.18%   496 3870s
 15477  3930 3516.09364   58 3208 3510.89837 3517.27236  0.18%   496 3880s
 15480  3932 3514.64006  112 3234 3510.89837 3517.23663  0.18%   496 3892s
 15483  3934 3516.04455   68 3124 3510.89837 3517.23116  0.18%   496 3896s
 15484  3935 3516.94751   47 3096 3510.89837 3517.21333  0.18%   496 3901s
 15486  3936 3513.06356   64 3029 3510.89837 3517.21110  0.18%   496 3905s
H15486  3738                    3511.0944518 3517.21110  0.17%   496 3909s
 15487  3739 3511.99181   87 3108 3511.09445 3517.20851  0.17%   496 3915s
 15489  3740 3514.97919   74 3079 3511.09445 3517.20523  0.17%   496 3926s
 15491  3742 3517.20178   48 3086 3511.09445 3517.20178  0.17%   496 3931s
 15492  3742 3516.14964   71 3089 3511.09445 3517.19044  0.17%   496 3937s
 15495  3744 3511.74216   79 3122 3511.09445 3517.18316  0.17%   495 3942s
 15496  3745 3515.09941   49 3110 3511.09445 3517.18246  0.17%   495 3952s
 15497  3746 3517.09598   53 3117 3511.09445 3517.18231  0.17%   495 3956s
 15498  3746 3513.25934   65 3133 3511.09445 3517.17241  0.17%   495 3968s
 15501  3748 3515.45423   66 3140 3511.09445 3517.16499  0.17%   495 3972s
 15502  3749 3513.34569   80 3192 3511.09445 3517.15068  0.17%   495 3977s
 15504  3750 3516.00491   64 3205 3511.09445 3517.14739  0.17%   495 3980s
 15505  3751 3516.66157   69 3216 3511.09445 3517.14229  0.17%   495 3985s
 15507  3752 3511.31872   71 3369 3511.09445 3517.10919  0.17%   495 3994s
 15508  3753 3515.28492   99 3205 3511.09445 3517.10889  0.17%   495 3998s
 15509  3754 3515.46963   60 3116 3511.09445 3517.07415  0.17%   495 4011s
 15512  3756 3513.04133   64 3121 3511.09445 3517.02869  0.17%   495 4017s
 15514  3757 3512.74307   76 3097 3511.09445 3517.02339  0.17%   495 4020s
 15517  3759 3515.97942   62 3063 3511.09445 3517.01866  0.17%   495 4026s
 15518  3760 3516.00086   67 3098 3511.09445 3517.00037  0.17%   495 4032s
 15521  3762 3516.98671   65 2936 3511.09445 3516.98671  0.17%   495 4035s
 15525  3764 3516.87740   61 2918 3511.09445 3516.96211  0.17%   495 4042s
 15527  3766 3516.95643   56 2939 3511.09445 3516.95643  0.17%   494 4046s
 15529  3767 3513.52860   83 2962 3511.09445 3516.95628  0.17%   494 4086s
 15531  3768 3514.81652   59 2962 3511.09445 3516.93275  0.17%   494 4112s
 15532  3772 3516.82068   57 2939 3511.09445 3516.93275  0.17%   502 4586s
 15534  3775 3516.71267   58 2993 3511.09445 3516.83180  0.16%   502 5084s
 15538  3782 3516.68672   59 3062 3511.09445 3516.80268  0.16%   502 5145s
 15546  3795 3516.60624   60 2981 3511.09445 3516.77641  0.16%   504 5178s
 15562  3814 3515.93226   61 2974 3511.09445 3516.76059  0.16%   507 5198s
 15586  3830 3515.18955   62 2916 3511.09445 3516.72584  0.16%   510 5211s
 15610  3846 3515.47547   62 2977 3511.09445 3516.71582  0.16%   511 5219s
 15634  3862 3515.44952   63 2885 3511.09445 3516.71582  0.16%   512 5228s
 15658  3889 3512.90426   63 2663 3511.09445 3516.71432  0.16%   513 5247s
H15695  3711                    3512.2699518 3516.69717  0.13%   515 5461s
H15712  3525                    3512.3829342 3516.69717  0.12%   515 5461s
H15716  3353                    3513.0149411 3516.69717  0.10%   515 5461s
 15719  3387 3514.79619   64 2628 3513.01494 3516.69717  0.10%   516 5469s
 15760  3372 3515.61600   65 4661 3513.01494 3516.65906  0.10%   517 5513s
 15762  3373 3514.10428   65 3085 3513.01494 3516.65906  0.10%   517 5532s
 15763  3374 3516.03376   62 3632 3513.01494 3516.65906  0.10%   517 5546s
 15764  3375 3515.25244   63 3135 3513.01494 3516.65906  0.10%   517 5556s
 15765  3375 3514.82485   70 3164 3513.01494 3516.65906  0.10%   517 5565s
 15767  3377 3515.35257   62 2931 3513.01494 3516.65906  0.10%   517 5572s
 15770  3379 3514.51925   65 2918 3513.01494 3516.65906  0.10%   517 5576s
 15771  3379 3515.41505   69 2760 3513.01494 3516.65906  0.10%   517 5580s
 15774  3381 3515.91456   69 2959 3513.01494 3516.65906  0.10%   517 5587s
 15777  3383 3516.18025   66 2916 3513.01494 3516.65906  0.10%   517 5593s
 15779  3385 3513.94177   70 2960 3513.01494 3516.65906  0.10%   516 5596s
 15780  3385 3516.32608   70 2936 3513.01494 3516.65906  0.10%   516 5600s
 15782  3387 3515.45501   70 2823 3513.01494 3516.65906  0.10%   516 5606s
 15784  3388 3514.72340   64 2864 3513.01494 3516.65906  0.10%   516 5612s
 15785  3389 3516.25995   62 2881 3513.01494 3516.65906  0.10%   516 5615s
 15787  3390 3516.48724   63 2894 3513.01494 3516.65906  0.10%   516 5622s
 15788  3391 3515.89059   66 2898 3513.01494 3516.65906  0.10%   516 5656s
 15789  3391 3514.94958   65 2898 3513.01494 3516.65906  0.10%   516 5660s
 15790  3392 3514.48884   69 2898 3513.01494 3516.65891  0.10%   516 5798s
 15791  3396 3516.63009   72 3076 3513.01494 3516.65891  0.10%   520 6244s
 15793  3398 3516.57169   73 2899 3513.01494 3516.65749  0.10%   520 6667s
 15797  3404 3516.53939   74 2922 3513.01494 3516.60589  0.10%   521 6715s
 15804  3415 3516.51570   75 3052 3513.01494 3516.59972  0.10%   522 6749s
 15818  3429 3516.38229   76 2832 3513.01494 3516.58572  0.10%   523 6768s
 15842  3443 3516.30684   77 2806 3513.01494 3516.54491  0.10%   526 6783s
 15866  3459 3515.18319   77 2758 3513.01494 3516.54478  0.10%   527 6794s
 15890  3473 3515.15051   78 2712 3513.01494 3516.54478  0.10%   528 6894s
H15901  3298                    3513.5469663 3516.54478  0.09%   529 6894s
 15914  3334 3514.64267   78 2743 3513.54697 3516.54478  0.09%   530 6900s
 15954  3358 3515.14657   79 2628 3513.54697 3516.54478  0.09%   531 6908s
 15994  3390 3515.12909   80 2702 3513.54697 3516.54478  0.09%   532 6919s
 16040  3418 3515.03142   81 2951 3513.54697 3516.54478  0.09%   534 6924s
 16089  3433 3513.82212   82 2700 3513.54697 3516.54478  0.09%   535 6933s
 16145  3444 3513.98548   83 2948 3513.54697 3516.54478  0.09%   536 6938s
 16193  3460 3513.56737   83 2529 3513.54697 3516.54478  0.09%   537 6944s
 16245  3473 3513.60204   84 2389 3513.54697 3516.54478  0.09%   538 6953s
 16300  3502 3513.60204   85 2389 3513.54697 3516.54478  0.09%   540 6959s
 16373  3537 3513.78133   86 2850 3513.54697 3516.54478  0.09%   541 6965s
 16440  3563 3513.75933   87 2857 3513.54697 3516.54478  0.09%   542 6970s
 16504  3580 3513.63008   89 2579 3513.54697 3516.54478  0.09%   543 6976s
 16578  3600     cutoff   91      3513.54697 3516.54478  0.09%   545 6983s
 16650  3622     cutoff   92      3513.54697 3516.53052  0.08%   546 6989s
 16715  3660 3515.67565   78 2542 3513.54697 3516.53052  0.08%   548 6995s
 16799  3705 3515.80271   78 2672 3513.54697 3516.53052  0.08%   549 7001s
 16894  3732 3515.71406   80 2682 3513.54697 3516.53052  0.08%   550 7008s
 16981  3774 3515.68536   80 2740 3513.54697 3516.53052  0.08%   551 7015s
 17068  3814 3515.14208   82 2439 3513.54697 3516.53052  0.08%   553 7021s
 17164  3855 3514.82874   82 2577 3513.54697 3516.53052  0.08%   554 7028s
 17276  3895 3514.99060   85 2235 3513.54697 3516.53052  0.08%   555 7035s
 17385  3951 3514.49397   87 2354 3513.54697 3516.53052  0.08%   557 7042s
 17508  3984 3513.61744   88 2552 3513.54697 3516.53052  0.08%   558 7050s
 17623  4034 3513.61372   89 2523 3513.54697 3516.53052  0.08%   559 7058s
 17745  4099 3513.55424   90 2263 3513.54697 3516.53052  0.08%   560 7065s
 17859  4168 3514.32582   90 2074 3513.54697 3516.46722  0.08%   562 7073s
 18008  4201 3515.89217   78 2581 3513.54697 3516.46722  0.08%   563 7081s
 18154  4165 3515.64043   80 2559 3513.54697 3516.46722  0.08%   564 7120s
 18180  4250 3515.44099   81 2598 3513.54697 3516.46722  0.08%   565 7130s
 18343  4300 3515.22337   83 2601 3513.54697 3516.46722  0.08%   566 7139s
 18487  4357 3514.54954   87 2353 3513.54697 3516.46722  0.08%   568 7148s
 18636  4419 3514.73242   90 2510 3513.54697 3516.46722  0.08%   570 7164s
 18783  4491 3514.47315   94 2593 3513.54697 3516.46722  0.08%   573 7174s
 18960  4541 3513.70777   97 2286 3513.54697 3516.46722  0.08%   575 7184s
 19153  4576 3514.01634  104 2241 3513.54697 3516.46722  0.08%   577 7195s
 19304  4624 3513.83559  108 2175 3513.54697 3516.46722  0.08%   580 7206s
 19480  4699 3513.70560  112 2041 3513.54697 3516.32854  0.08%   583 7216s
 19677  4805 3516.10481   81 2880 3513.54697 3516.19103  0.08%   586 7232s
 19917  4955 3515.87251   84 2677 3513.54697 3516.19103  0.08%   590 7245s
 20194  4993 3515.31523   87 2203 3513.54697 3516.19103  0.08%   593 7260s
 20357  5149 3514.03295   89 2204 3513.54697 3516.19103  0.08%   595 7274s
 20669  5283     cutoff   92      3513.54697 3516.19103  0.08%   598 7290s
 20975  5399     cutoff   97      3513.54697 3516.19098  0.08%   599 7308s
 21334  5477 3515.62664   83 2988 3513.54697 3516.19098  0.08%   601 7323s
 21648  5648 3514.75766   95 2870 3513.54697 3516.19098  0.08%   604 7338s
 21986  5746     cutoff  111      3513.54697 3516.14536  0.07%   605 7354s
 22324  5895 3513.90223   85 2971 3513.54697 3516.14536  0.07%   608 7373s
 22678  6030 3514.11333   94 2000 3513.54697 3515.94724  0.07%   612 7393s
 23050  6376 3515.84483   83 2765 3513.54697 3515.94623  0.07%   617 7426s
 23867  6532 3514.17979  116 1777 3513.54697 3515.91662  0.07%   621 7461s
 24572  6849 3514.74811   94 2299 3513.54697 3515.85107  0.07%   628 7503s
 25401  6574 3514.32229   95 4661 3513.54697 3515.83266  0.07%   632 7545s
 25403  6575 3514.81405   96 3045 3513.54697 3515.83266  0.07%   632 7563s
 25404  6576 3513.91728  107 3534 3513.54697 3515.83266  0.07%   632 7577s
 25405  6577 3515.24660   79 3154 3513.54697 3515.83266  0.07%   632 7587s
 25406  6577 3514.06780   98 2699 3513.54697 3515.83266  0.07%   632 7594s
 25407  6578 3513.93969  128 3016 3513.54697 3515.83266  0.07%   632 7601s
 25410  6580 3514.55071  111 2730 3513.54697 3515.83266  0.07%   632 7605s
 25413  6582 3514.83558   91 2584 3513.54697 3515.83266  0.07%   632 7610s
 25415  6583 3513.92344  113 2544 3513.54697 3515.83266  0.07%   632 7616s
 25417  6585 3515.30716   89 2918 3513.54697 3515.83266  0.07%   632 7621s
 25418  6585 3515.68997   86 2874 3513.54697 3515.83266  0.07%   632 7625s
 25420  6587 3514.70145   85 2880 3513.54697 3515.83266  0.07%   632 7633s
 25421  6587 3514.57470   99 2864 3513.54697 3515.83266  0.07%   632 7636s
 25423  6589 3514.05028  106 2910 3513.54697 3515.83266  0.07%   632 7642s
 25425  6590 3514.52222   80 2918 3513.54697 3515.83266  0.07%   632 7674s
 25426  6591 3515.02741   97 2902 3513.54697 3515.83266  0.07%   632 7678s
 25427  6591 3514.62094  109 2902 3513.54697 3515.83266  0.07%   632 7686s
 25428  6594 3515.83266   82 2895 3513.54697 3515.83266  0.07%   634 8067s
 25430  6596 3515.83266   83 2654 3513.54697 3515.83266  0.07%   635 8465s
 25433  6600 3515.83266   84 2777 3513.54697 3515.83266  0.07%   635 8832s
 25439  6608 3515.83266   85 2421 3513.54697 3515.83266  0.07%   635 8867s
 25450  6624 3515.83266   86 2449 3513.54697 3515.83266  0.07%   636 8898s
 25471  6639 3515.83266   87 2431 3513.54697 3515.83266  0.07%   637 8911s
 25495  6649 3515.81051   88 2404 3513.54697 3515.83266  0.07%   638 8931s
 25519  6665 3515.74239   88 2709 3513.54697 3515.83266  0.07%   638 8944s
 25543  6680 3515.70636   89 2828 3513.54697 3515.83266  0.07%   639 9034s
 25567  6712 3515.12252   89 2777 3513.54697 3515.83266  0.07%   639 9043s
 25608  6736 3515.65178   90 2757 3513.54697 3515.83266  0.07%   639 9048s
 25648  6759 3515.22991   91 2940 3513.54697 3515.83266  0.07%   640 9052s
 25693  6790 3515.09717   92 2756 3513.54697 3515.83266  0.07%   640 9058s
 25750  6811 3515.13285   93 2605 3513.54697 3515.83266  0.07%   640 9063s
 25809  6831 3515.10564   94 2556 3513.54697 3515.83266  0.07%   640 9071s
 25869  6845 3515.03040   95 2614 3513.54697 3515.83266  0.07%   640 9076s
 25928  6865 3514.88379   96 2390 3513.54697 3515.83266  0.07%   640 9081s
 25989  6907 3514.84123   96 2523 3513.54697 3515.83266  0.07%   640 9086s
 26065  6919 3514.86853   97 2501 3513.54697 3515.83266  0.07%   640 9090s
 26206  6971 3514.80180   99 2481 3513.54697 3515.83266  0.07%   641 9101s
 26269  7008 3514.78255  100 2539 3513.54697 3515.83266  0.07%   641 9109s
 26347  7039 3514.68968  102 2498 3513.54697 3515.83266  0.07%   642 9114s
 26414  7070 3514.67725  103 2609 3513.54697 3515.83266  0.07%   642 9119s
 26498  7081 3514.66442  104 2516 3513.54697 3515.83266  0.07%   643 9125s
 26591  7100 3514.47684  105 2499 3513.54697 3515.83266  0.07%   643 9131s
 26675  7135 3514.38540  106 2533 3513.54697 3515.83266  0.07%   644 9137s
 26766  7158 3514.29277  107 1980 3513.54697 3515.83266  0.07%   644 9144s
 26862  7200     cutoff  108      3513.54697 3515.83266  0.07%   645 9150s
 26978  7230 3514.01901  110 2441 3513.54697 3515.83266  0.07%   645 9158s
 27097  7274 3513.94297  112 2230 3513.54697 3515.83266  0.07%   646 9164s
 27208  7342 3513.90098  113 2289 3513.54697 3515.83266  0.07%   647 9173s
 27347  7395     cutoff  117      3513.54697 3515.83266  0.07%   647 9180s
 27479  7440 3515.83266   88 2270 3513.54697 3515.83266  0.07%   648 9187s
 27605  7481 3515.38574   92 2616 3513.54697 3515.83266  0.07%   649 9195s
 27752  7564 3514.59446   98 2323 3513.54697 3515.83266  0.07%   650 9204s
 27923  7632 3514.22470  104 2172 3513.54697 3515.83266  0.07%   650 9212s
 28115  7708     cutoff  112      3513.54697 3515.83266  0.07%   650 9219s
 28283  7798 3513.59503  112 1518 3513.54697 3515.83266  0.07%   650 9227s
 28466  7874 3515.83266   92 2479 3513.54697 3515.83266  0.07%   650 9236s
 28660  7930 3515.83266   94 2163 3513.54697 3515.83266  0.07%   651 9246s
 28855  7982 3515.37529   96 2097 3513.54697 3515.83266  0.07%   652 9257s
 29021  8050 3514.82319  103 2140 3513.54697 3515.83266  0.07%   653 9266s
 29173  8135 3513.91213  112 1613 3513.54697 3515.83266  0.07%   655 9276s
 29360  8199 3515.83266   93 2613 3513.54697 3515.83266  0.07%   656 9286s
 29577  8260 3515.57610   94 2530 3513.54697 3515.83266  0.07%   657 9298s
 29780  8396 3514.13300   97 2013 3513.54697 3515.83266  0.07%   659 9311s
 30008  8330     cutoff   99      3513.54697 3515.83266  0.07%   661 9336s
 30041  8507 3514.78678   99 2132 3513.54697 3515.83266  0.07%   661 9348s
 30364  8625     cutoff  102      3513.54697 3515.83266  0.07%   662 9359s
 30712  8694 3513.67790  109 2034 3513.54697 3515.83266  0.07%   661 9371s
 30978  8777 3515.31299   97 2673 3513.54697 3515.83266  0.07%   662 9384s
 31245  8912 3514.04189  106 2107 3513.54697 3515.83266  0.07%   664 9398s
 31549  9065 3515.81351   95 2549 3513.54697 3515.83266  0.07%   666 9415s
 31947  9064 3514.23096  105 2378 3513.54697 3515.83266  0.07%   668 9431s
 32292  9252 3515.66867   95 2597 3513.54697 3515.83266  0.07%   668 9449s
 32724  9346 3513.93840  111 1975 3513.54697 3515.83266  0.07%   670 9472s
 33096  9654 3515.27471   99 2564 3513.54697 3515.83266  0.07%   672 9505s
 33832  9881 3515.19456  104 1459 3513.54697 3515.83266  0.07%   676 9537s
 34594 10250 3514.69511  107 2258 3513.54697 3515.80189  0.06%   680 9580s
 35555 10636 3514.16581  105 2222 3513.54697 3515.74586  0.06%   685 9629s
 36799 11137     cutoff  117      3513.54697 3515.72192  0.06%   689 9681s
 38187 11377     cutoff  114      3513.54697 3515.68306  0.06%   691 9746s
 39459 11065 3515.37536  107 1591 3513.54697 3515.65802  0.06%   701 9824s
H39651 10561                    3513.6463041 3515.65802  0.06%   702 9824s
 39652 11579 3514.72378  114 1885 3513.64630 3515.65711  0.06%   702 9902s
 41482 11936 3514.68664   95 2483 3513.64630 3515.62627  0.06%   707 9986s
 43365 12233 3514.64211  114 1998 3513.64630 3515.59389  0.06%   715 10070s
 45041 13024 3515.21159  109 2240 3513.64630 3515.57175  0.05%   720 10157s
 47044 14151 3515.30744   92 2480 3513.64630 3515.54363  0.05%   727 10249s
 49085 15127 3515.15383  100 2186 3513.64630 3515.52495  0.05%   734 10374s
 51000 16400 3513.66762  117 2026 3513.64630 3515.49247  0.05%   739 10481s
 53432 16917     cutoff  105      3513.64630 3515.46672  0.05%   745 10590s
 54429 18416 3514.90504  103 2532 3513.64630 3515.46330  0.05%   747 10709s
 57248 19625 3514.08310  109 2228 3513.64630 3515.43404  0.05%   752 10824s
 59839 20796 3513.71298  109 1752 3513.64630 3515.41540  0.05%   759 10986s
 62669 22083 3513.75524  105 2261 3513.64630 3515.39602  0.05%   764 11110s
 65353 23419 3513.68590  118 1771 3513.64630 3515.37863  0.05%   770 11236s
 68247 24840 3514.72374  104 2479 3513.64630 3515.35073  0.05%   774 11367s
 71425 26057 3514.59880  106 2255 3513.64630 3515.33323  0.05%   777 11503s
 74092 27553     cutoff  114      3513.64630 3515.31403  0.05%   780 11647s
 77287 27554 3515.10697  103 4661 3513.64630 3515.29483  0.05%   784 12432s
 77289 27555 3513.79093  137 2993 3513.64630 3515.29483  0.05%   784 12449s
 77290 27556 3514.04271  149 3401 3513.64630 3515.29483  0.05%   784 12462s
 77291 27557 3515.13504  103 3245 3513.64630 3515.29483  0.05%   784 12471s
 77292 27557 3514.05567  111 2716 3513.64630 3515.29483  0.05%   784 12482s
 77293 27558 3514.83016  100 2471 3513.64630 3515.29483  0.05%   784 12488s
 77294 27559 3515.05882  101 2057 3513.64630 3515.29483  0.05%   784 12490s
 77298 27561 3514.08194  108 2141 3513.64630 3515.29483  0.05%   784 12515s
 77299 27562 3513.92565  123 2141 3513.64630 3515.29483  0.05%   784 12538s
 77300 27563 3513.85136  126 2146 3513.64630 3515.29483  0.05%   784 12563s
 77301 27563 3514.88744  102 2154 3513.64630 3515.29483  0.05%   784 12585s
 77302 27564 3513.75469  102 2150 3513.64630 3515.29483  0.05%   784 12655s
 77303 27565 3513.91942  129 2134 3513.64630 3515.29483  0.05%   784 12701s
 77304 27565 3514.10507  115 2146 3513.64630 3515.29483  0.05%   784 12722s
 77305 27566 3513.93392  121 2152 3513.64630 3515.29483  0.05%   784 12746s
 77306 27567 3513.98344  140 2154 3513.64630 3515.29483  0.05%   784 12768s
 77307 27567 3513.78453  123 2158 3513.64630 3515.29483  0.05%   784 12792s
 77308 27568 3515.26818  102 2178 3513.64630 3515.29483  0.05%   784 12814s
 77309 27569 3513.94762  109 2170 3513.64630 3515.29483  0.05%   784 12837s
 77310 27569 3514.17597  117 2176 3513.64630 3515.29483  0.05%   784 12859s
 77311 27570 3514.01106  120 2166 3513.64630 3515.29483  0.05%   784 12904s
 77312 27571 3513.96469  110 2166 3513.64630 3515.29483  0.05%   784 12926s
 77313 27571 3515.17621  102 2166 3513.64630 3515.29483  0.05%   784 12933s
 77314 27575 3515.29483   92 2234 3513.64630 3515.29483  0.05%   785 13313s
 77316 27578 3515.29483   93 2491 3513.64630 3515.29483  0.05%   785 13634s
 77320 27583 3515.29483   94 2368 3513.64630 3515.29483  0.05%   785 13902s
 77328 27593 3515.29483   95 2349 3513.64630 3515.29483  0.05%   785 14029s
 77342 27609 3515.29483   96 2395 3513.64630 3515.29483  0.05%   786 14103s
 77366 27622 3515.29483   97 2195 3513.64630 3515.29483  0.05%   786 14128s
 77390 27635 3515.29483   97 2340 3513.64630 3515.29483  0.05%   786 14153s
 77414 27648 3515.29483   98 2044 3513.64630 3515.29483  0.05%   786 14196s
 77438 27670 3514.33688   98 2331 3513.64630 3515.29483  0.05%   787 14221s
 77478 27693 3515.29483   99 2392 3513.64630 3515.29483  0.05%   787 14237s
 77519 27712 3515.29483  100 2125 3513.64630 3515.29483  0.05%   787 14247s
 77559 27741 3515.29483  101 2145 3513.64630 3515.29483  0.05%   787 14259s
 77609 27770 3515.29483  102 2080 3513.64630 3515.29483  0.05%   787 14269s
 77663 27797 3515.29483  103 2243 3513.64630 3515.29483  0.05%   787 14279s
 77721 27826 3515.17789  105 2439 3513.64630 3515.29483  0.05%   787 14294s
 77789 27844 3515.13290  106 2284 3513.64630 3515.29483  0.05%   787 14303s
 77859 27863 3515.10889  107 2154 3513.64630 3515.29483  0.05%   787 14315s
 77934 27875 3515.10369  108 2060 3513.64630 3515.29483  0.05%   787 14326s
 78000 27918 3515.07120  109 2152 3513.64630 3515.29483  0.05%   787 14334s
 78089 27956 3514.95364  111 2109 3513.64630 3515.29483  0.05%   787 14341s
 78190 27991 3514.43063  112 1846 3513.64630 3515.29483  0.05%   787 14349s
 78293 28044 3514.61447  113 2057 3513.64630 3515.29483  0.05%   787 14360s
 78419 28097 3514.58644  115 2389 3513.64630 3515.29483  0.05%   787 14367s
 78542 28139 3514.58011  116 2258 3513.64630 3515.29483  0.05%   787 14376s
 78667 28213 3514.41045  117 2226 3513.64630 3515.29483  0.05%   787 14384s
 78806 28251 3514.37419  119 2185 3513.64630 3515.29483  0.05%   787 14393s
 78943 28293 3514.21785  121 2126 3513.64630 3515.29483  0.05%   787 14402s
 79119 28329 3514.17069  123 2242 3513.64630 3515.29483  0.05%   787 14410s
 79284 28411 3513.92095  125 1850 3513.64630 3515.29483  0.05%   787 14418s
 79459 28488 3514.06727  129 2291 3513.64630 3515.29483  0.05%   786 14426s
 79638 28558     cutoff  132      3513.64630 3515.29483  0.05%   786 14435s
 79866 28564     cutoff  134      3513.64630 3515.29483  0.05%   786 14445s
 80024 28644 3515.29483   99 1819 3513.64630 3515.29483  0.05%   786 14455s
 80210 28728 3515.13019  104 1755 3513.64630 3515.29483  0.05%   786 14465s
 80386 28792 3514.50500  112 1306 3513.64630 3515.29483  0.05%   786 14475s
 80556 28860 3514.32081  125 1777 3513.64630 3515.29483  0.05%   786 14485s
 80766 28927 3514.11725  144 1391 3513.64630 3515.29483  0.05%   786 14497s
 81036 28957 3513.84853  173 1424 3513.64630 3515.29483  0.05%   786 14508s
 81265 29040     cutoff  190      3513.64630 3515.29483  0.05%   786 14518s
 81488 29128 3515.23763  107 1384 3513.64630 3515.29483  0.05%   786 14530s
 81761 29189 3514.54985  117 1826 3513.64630 3515.29483  0.05%   785 14541s
 82040 29277 3513.85159  132 1991 3513.64630 3515.29483  0.05%   785 14558s
 82327 29332 3515.17433  105 2170 3513.64630 3515.29483  0.05%   785 14572s
 82617 29469 3514.34094  117 1950 3513.64630 3515.29483  0.05%   786 14587s
 82921 29535 3513.83276  140 1421 3513.64630 3515.29483  0.05%   786 14602s
 83222 29715 3514.74654  109 1785 3513.64630 3515.29483  0.05%   786 14628s
 83710 29964 3513.64698  129 1470 3513.64630 3515.29483  0.05%   786 14657s
 84457 30306     cutoff  126      3513.64630 3515.29483  0.05%   785 14695s
 85333 30451 3514.47800  112 1525 3513.64630 3515.29483  0.05%   785 14740s
 86188 31045 3514.36077  109 1992 3513.64630 3515.29483  0.05%   785 14794s
 87642 31439     cutoff  123      3513.64630 3515.29483  0.05%   784 14854s
 89253 31690 3513.66017  107 1614 3513.64630 3515.29483  0.05%   784 14924s
 90772 32081 3513.80704  109 1764 3513.64630 3515.29483  0.05%   785 15002s
 92581 31579 3514.08272  112 2157 3513.64630 3515.28643  0.05%   787 15095s
 92891 32359 3514.53345  111 2039 3513.64630 3515.28143  0.05%   788 15180s
 94706 32569 3514.50713  108 1806 3513.64630 3515.25742  0.05%   789 15271s
 96582 32931 3514.59678  106 2417 3513.64630 3515.22926  0.05%   792 15363s
 98739 33380 3514.46125  103 1897 3513.64630 3515.20558  0.04%   793 15456s
 101184 33350 3514.83299  106 1892 3513.64630 3515.17275  0.04%   793 15569s
 102697 33790 3514.18800  111 1899 3513.64630 3515.15506  0.04%   793 15673s
 105037 34126 3514.77071  106 2091 3513.64630 3515.13460  0.04%   794 15779s
 107461 34434 3513.99961  114 1760 3513.64630 3515.11607  0.04%   796 15889s
 110094 34130 3514.55908   99 2784 3513.64630 3515.09353  0.04%   797 15992s
 111547 34532 3514.73258  108 1947 3513.64630 3515.08263  0.04%   799 16116s
 114076 34947     cutoff  121      3513.64630 3515.06281  0.04%   803 16241s
 117187 34890 3514.29653  106 2417 3513.64630 3515.03867  0.04%   804 16369s
 120000 34895 3513.98928  110 2196 3513.64630 3515.02161  0.04%   805 16503s
 122212 35221 3514.21916  111 1876 3513.64630 3515.00367  0.04%   805 16647s
 125283 35516 3514.19697  116 1956 3513.64630 3514.98704  0.04%   809 16795s
 128747 35479     cutoff  116      3513.64630 3514.96389  0.04%   810 16937s
 131481 35807 3514.34976  116 1528 3513.64630 3514.94676  0.04%   810 17097s
 135093 35913 3514.45689  107 1865 3513.64630 3514.92791  0.04%   812 17261s
 138994 35994 3513.91083  123 2012 3513.64630 3514.90649  0.04%   813 17421s
 142840 35996 3513.77689  106 2040 3513.64630 3514.88609  0.04%   814 17583s
 146711 35608 3513.97845  110 2381 3513.64630 3514.86714  0.03%   815 17738s
 149955 35745 3513.78493  109 1599 3513.64630 3514.85505  0.03%   817 17899s
 153950 35076 3514.52806  113 1793 3513.64630 3514.83840  0.03%   818 18000s

Cutting planes:
  Gomory: 127
  Cover: 45
  Implied bound: 2
  Clique: 116
  MIR: 25
  Flow cover: 252
  GUB cover: 2
  Zero half: 838
  Mod-K: 1
  RLT: 14

Explored 156292 nodes (128120914 simplex iterations) in 18000.24 seconds
Thread count was 24 (of 48 available processors)

Solution count 10: 3513.65 3513.55 3513.01 ... 3332.85

Time limit reached
Best objective 3.513646304053e+03, best bound 3.514828837153e+03, gap 0.0337%
