
Gurobi 9.0.2 (linux64) logging started Thu Jun  4 21:19:08 2020

Changed value of parameter LogFile to gurobi_logs/2020-06-04_21:19:04-rproblem4_mode=optimality_sdp_reduce.log
   Prev:   Default: 
Parameter MIPFocus unchanged
   Value: 0  Min: 0  Max: 3  Default: 0
Parameter SolutionLimit unchanged
   Value: 2000000000  Min: 1  Max: 2000000000  Default: 2000000000
Parameter LogToConsole unchanged
   Value: 1  Min: 0  Max: 1  Default: 1
Changed value of parameter TimeLimit to 18000.0
   Prev: inf  Min: 0.0  Max: inf  Default: inf
Gurobi Optimizer version 9.0.2 build v9.0.2rc0 (linux64)
Optimize a model with 74208 rows, 52482 columns and 1275439 nonzeros
Model fingerprint: 0x891fef0f
Variable types: 26 continuous, 52456 integer (43288 binary)
Coefficient statistics:
  Matrix range     [2e-02, 1e+02]
  Objective range  [2e-01, 1e+00]
  Bounds range     [1e+00, 1e+00]
  RHS range        [1e+00, 4e+02]
Presolve removed 57225 rows and 34277 columns
Presolve time: 1.09s
Presolved: 16983 rows, 18205 columns, 127468 nonzeros
Variable types: 1 continuous, 18204 integer (18196 binary)

Deterministic concurrent LP optimizer: primal and dual simplex
Showing first log only...

Concurrent spin time: 0.00s

Solved with dual simplex

Root relaxation: objective 2.399770e+03, 4597 iterations, 0.26 seconds

    Nodes    |    Current Node    |     Objective Bounds      |     Work
 Expl Unexpl |  Obj  Depth IntInf | Incumbent    BestBd   Gap | It/Node Time

     0     0 2399.76955    0  414          - 2399.76955      -     -    2s
     0     0 2397.95378    0  566          - 2397.95378      -     -    2s
     0     0 2394.43946    0  663          - 2394.43946      -     -    2s
     0     0 2393.29581    0  692          - 2393.29581      -     -    3s
     0     0 2393.03553    0  708          - 2393.03553      -     -    3s
     0     0 2393.03553    0  664          - 2393.03553      -     -    3s
     0     0 2393.03553    0  661          - 2393.03553      -     -    3s
     0     0 2393.03553    0  661          - 2393.03553      -     -    3s
     0     0 2390.00425    0  741          - 2390.00425      -     -    4s
     0     0 2387.74607    0  909          - 2387.74607      -     -    4s
     0     0 2385.81580    0  976          - 2385.81580      -     -    4s
     0     0 2384.89014    0 1042          - 2384.89014      -     -    4s
     0     0 2384.76303    0  950          - 2384.76303      -     -    5s
     0     0 2384.75608    0  968          - 2384.75608      -     -    5s
     0     0 2384.74909    0  951          - 2384.74909      -     -    5s
     0     0 2384.74859    0  994          - 2384.74859      -     -    5s
     0     0 2381.22466    0  873          - 2381.22466      -     -    5s
     0     0 2380.32317    0  962          - 2380.32317      -     -    6s
     0     0 2379.80160    0 1008          - 2379.80160      -     -    6s
     0     0 2379.75887    0 1000          - 2379.75887      -     -    6s
     0     0 2379.75574    0 1021          - 2379.75574      -     -    6s
     0     0 2378.86456    0  859          - 2378.86456      -     -    7s
     0     0 2378.19069    0 1045          - 2378.19069      -     -    7s
     0     0 2377.89611    0  975          - 2377.89611      -     -    7s
     0     0 2377.76256    0 1014          - 2377.76256      -     -    7s
     0     0 2377.76256    0 1073          - 2377.76256      -     -    7s
     0     0 2377.43159    0 1065          - 2377.43159      -     -    8s
     0     0 2377.30516    0 1108          - 2377.30516      -     -    8s
     0     0 2377.26575    0 1026          - 2377.26575      -     -    8s
     0     0 2377.25129    0 1077          - 2377.25129      -     -    8s
     0     0 2377.06625    0 1035          - 2377.06625      -     -    9s
     0     0 2377.05798    0 1068          - 2377.05798      -     -    9s
     0     0 2376.97786    0 1035          - 2376.97786      -     -    9s
H    0     0                    -22708.00224 2376.97786   110%     -    9s
     0     0 2376.97786    0  947 -22708.002 2376.97786   110%     -   10s
H    0     0                    2055.5542592 2376.97786  15.6%     -   10s
H    0     0                    2183.3662192 2376.67619  8.85%     -   11s
H    0     2                    2203.9272853 2376.67619  7.84%     -   11s
     0     2 2376.67619    0  947 2203.92729 2376.67619  7.84%     -   11s
H   31    56                    2252.8615601 2375.85554  5.46%   360   13s
H   36    56                    2272.0038883 2375.85554  4.57%   341   13s
   223   244 2371.59935   11 1164 2272.00389 2375.04318  4.54%   196   15s
H  273   294                    2283.2587592 2375.04318  4.02%   186   15s
H  275   294                    2301.4848899 2375.04318  3.20%   186   15s
H  282   294                    2301.6997159 2375.04318  3.19%   184   15s
H  284   294                    2311.9539800 2375.04318  2.73%   183   16s
H  512   531                    2315.2329668 2375.04318  2.58%   141   17s
H  515   531                    2324.8008287 2375.04318  2.16%   141   17s
H  768   780                    2331.1624841 2375.04318  1.88%   123   20s
H  776   780                    2340.0368270 2375.04318  1.50%   123   20s
  1972  1965 2359.43056   56  692 2340.03683 2375.04318  1.50%   104   27s
H 1978  1394                    2365.1591221 2375.04318  0.42%   104   27s
H 2083  1276                    2365.6817718 2374.06060  0.35%   104   29s
  2259  1407 2370.61950   13  866 2365.68177 2374.06060  0.35%   105   30s
H 2518  1039                    2365.6817723 2374.06060  0.35%   105   33s
  2525  1045 2369.64621   16  947 2365.68177 2369.64621  0.17%   109   35s
H 2527   993                    2365.7070243 2369.64621  0.17%   109   35s
  2541  1003 2367.96108   16  918 2365.70702 2367.96108  0.10%   108   40s
H 2543   954                    2365.7070253 2367.87578  0.09%   108   40s
  2548   960 2367.79051   28  775 2365.70703 2367.79051  0.09%   115   48s
  2550   964 2367.77183   29  731 2365.70703 2367.77183  0.09%   115   53s
H 2582   952                    2365.9507644 2367.71545  0.07%   120   54s
H 2650   954                    2366.1666838 2367.71449  0.07%   123   55s
  4241  2160 2366.22419   62  102 2366.16668 2367.71449  0.07%   121   60s
  8069  5224 2366.96067  114  202 2366.16668 2367.68690  0.06%   107   65s
H10654  6757                    2366.1666851 2367.61770  0.06%   107   68s
H10805  6714                    2366.1919364 2367.61770  0.06%   108   68s
H11084  6714                    2366.1919378 2367.61770  0.06%   110   68s
 11942  8132 2366.20729   50  204 2366.19194 2367.61751  0.06%   113   71s
 14687 10193 2366.34804   65   32 2366.19194 2367.57612  0.06%   118   75s
 18126 14113 2367.25132   51   67 2366.19194 2367.56055  0.06%   114   80s
 27060 19235     cutoff   83      2366.19194 2367.55112  0.06%   101   87s
 30749 24604 2367.12880  130  370 2366.19194 2367.55023  0.06%  97.9   91s
 36215 28481 2367.36209  107  376 2366.19194 2367.54902  0.06%  94.8   96s
 40343 31105 2367.04974   92  151 2366.19194 2367.54650  0.06%  93.8  101s
 46195 36475 2367.46332   60  152 2366.19194 2367.54650  0.06%  92.4  106s
 52245 38987 2367.12368   69  947 2366.19194 2367.54265  0.06%  91.1  112s
 52263 38999 2367.41216   69  443 2366.19194 2367.54265  0.06%  91.1  115s
 52266 39006 2367.54265   40  183 2366.19194 2367.54265  0.06%  91.2  122s
 52270 39013 2367.54265   41  171 2366.19194 2367.54265  0.06%  91.2  127s
 52278 39023 2367.54265   42   35 2366.19194 2367.54265  0.06%  91.2  131s
 52366 39084 2367.54265   45   23 2366.19194 2367.54265  0.06%  91.3  136s
H52382 37127                    2366.1919402 2367.54265  0.06%  91.3  136s
 53183 37610 2367.49355   55   75 2366.19194 2367.54265  0.06%  90.9  140s
 63405 42851 2366.79371   73   13 2366.19194 2367.49937  0.06%  84.2  145s
 74698 48232 2366.79072  118   63 2366.19194 2367.48501  0.05%  77.7  150s
 77333 47355 2367.17673  133  947 2366.19194 2367.48501  0.05%  76.7  165s
 77345 47363 2366.92745   62  269 2366.19194 2367.48501  0.05%  76.7  170s
 77355 47370 2367.26611   73  338 2366.19194 2367.48501  0.05%  76.7  175s
 77364 47376 2366.90336  110  321 2366.19194 2367.48501  0.05%  76.7  180s
 77372 47381 2366.94124   73  326 2366.19194 2367.48501  0.05%  76.7  185s
 77374 47385 2367.48501   53  511 2366.19194 2367.48501  0.05%  76.8  191s
 77376 47389 2367.48501   54  130 2366.19194 2367.48501  0.05%  76.8  195s
 77388 47408 2367.28182   56   80 2366.19194 2367.48501  0.05%  76.8  204s
 77404 47424 2367.19464   57   25 2366.19194 2367.48501  0.05%  76.8  206s
 77500 47497 2367.19464   59   29 2366.19194 2367.48501  0.05%  76.9  210s
 82496 50229     cutoff  127      2366.19194 2367.48501  0.05%  76.6  215s
 93117 53958 2366.50091  100   91 2366.19194 2367.46869  0.05%  75.4  220s
 104093 60379 2367.04913  130   45 2366.19194 2367.44682  0.05%  74.8  225s
 119637 66991 2366.68498   88   72 2366.19194 2367.40614  0.05%  71.9  230s
 129585 71896 2367.21220  106  303 2366.19194 2367.40076  0.05%  71.6  235s
 144678 78544 2367.04868  145  201 2366.19194 2367.39231  0.05%  69.7  240s
 158143 82770     cutoff  106      2366.19194 2367.38841  0.05%  69.6  245s
 172157 88418 2366.89619   92  206 2366.19194 2367.38220  0.05%  68.5  250s
 187660 93699 2367.29323   72   60 2366.19194 2367.37536  0.05%  67.2  255s
 201995 100112 2367.09318   83   93 2366.19194 2367.37064  0.05%  66.4  260s
 218437 108114 2366.84492  133  107 2366.19194 2367.36970  0.05%  65.4  265s
 232890 117759 2367.22606  121  131 2366.19194 2367.36899  0.05%  64.7  270s
 245894 128659 2367.21966   87   51 2366.19194 2367.36729  0.05%  65.1  275s
 262114 141474 2366.98601  108   87 2366.19194 2367.36582  0.05%  64.3  280s
 274107 150724 2366.90720  136  281 2366.19194 2367.36438  0.05%  64.6  286s
 289208 162635 2367.09632  130  313 2366.19194 2367.36322  0.05%  63.8  290s
 302892 172324 2367.03259  113   40 2366.19194 2367.36189  0.05%  63.7  295s
 316177 181919 2366.70918   91  271 2366.19194 2367.36064  0.05%  63.7  300s
 326581 190911 2366.71621   88   76 2366.19194 2367.35998  0.05%  64.0  305s
 342143 201730 2367.27616   74   67 2366.19194 2367.35845  0.05%  63.5  310s
 355312 212647 2366.73121  106  121 2366.19194 2367.35752  0.05%  63.8  315s
 370833 223436 2366.78608   98  294 2366.19194 2367.35602  0.05%  63.6  320s
 380379 231273 2366.40348   93  138 2366.19194 2367.35547  0.05%  64.0  325s
 395545 242960 2367.25348   93  171 2366.19194 2367.35419  0.05%  63.8  330s
 409901 253844 2367.16403   79   32 2366.19194 2367.35381  0.05%  63.5  335s
 423798 262859 2367.22260  100  116 2366.19194 2367.35258  0.05%  63.6  340s
 437422 272435 2366.70452  108   42 2366.19194 2367.35185  0.05%  64.0  345s
 447391 280237 2367.26745   78   31 2366.19194 2367.35123  0.05%  64.3  350s
 463293 292307 2366.82612  154  201 2366.19194 2367.34989  0.05%  64.0  355s
 476742 303495 2366.92255   94   36 2366.19194 2367.34906  0.05%  64.1  360s
 492664 315200 2367.02739   84  166 2366.19194 2367.34801  0.05%  63.7  365s
 507214 326463 2366.83892  112  159 2366.19194 2367.34713  0.05%  63.4  370s
 520102 336128 2366.57229  107   79 2366.19194 2367.34590  0.05%  63.3  375s
 534478 347846 2367.01798  141  407 2366.19194 2367.34551  0.05%  63.2  381s
 545280 355793 2367.11316  103  423 2366.19194 2367.34472  0.05%  63.1  385s
 560260 367949 2366.85782   98   40 2366.19194 2367.34444  0.05%  63.1  390s
 574226 379440 2366.52780  197   71 2366.19194 2367.34396  0.05%  63.0  395s
 588769 390918     cutoff   89      2366.19194 2367.34335  0.05%  62.9  400s
 601608 400670 2367.04663  106  258 2366.19194 2367.34272  0.05%  63.2  405s
 616541 410689 2366.70993  116   28 2366.19194 2367.34228  0.05%  63.2  411s
 625698 418084 2366.85100  123  202 2366.19194 2367.34174  0.05%  63.5  415s
 640462 427501 2367.24749  112   42 2366.19194 2367.34085  0.05%  63.7  421s
 649825 434300 2366.91580   98   46 2366.19194 2367.34034  0.05%  63.9  425s
 666192 446845 2366.90959   89  112 2366.19194 2367.33964  0.05%  63.9  431s
 678060 455611 2366.31584   86  144 2366.19194 2367.33903  0.05%  63.7  435s
 691117 465477 2367.28448  128  128 2366.19194 2367.33839  0.05%  63.8  440s
 706258 477705 2366.93904  107   39 2366.19194 2367.33803  0.05%  63.7  445s
 720421 487996 2366.53506   91  294 2366.19194 2367.33694  0.05%  63.7  450s
 734501 497892 2366.89718  195  277 2366.19194 2367.33663  0.05%  63.7  456s
 748627 508530 2367.17895   93   86 2366.19194 2367.33572  0.05%  63.7  461s
 760102 517088 2366.26726   98  125 2366.19194 2367.33547  0.05%  63.6  465s
 773383 526519 2366.63785  146   96 2366.19194 2367.33490  0.05%  63.6  470s
 787657 536945 2366.73260  104  262 2366.19194 2367.33437  0.05%  63.7  475s
 802978 548229 2367.24167   95  285 2366.19194 2367.33341  0.05%  63.6  480s
 817998 559373 2367.29846   90  338 2366.19194 2367.33301  0.05%  63.4  485s
 831459 570097 2366.61916  112   81 2366.19194 2367.33225  0.05%  63.3  490s
 845298 580596 2366.37928   95  124 2366.19194 2367.33158  0.05%  63.2  495s
 860726 591316     cutoff   99      2366.19194 2367.33106  0.05%  63.1  501s
 870212 599294 2366.91883  112   73 2366.19194 2367.33087  0.05%  63.3  505s
 884671 609128 2367.05930  112  112 2366.19194 2367.33048  0.05%  63.3  510s
 898467 618472 2367.22346   88  199 2366.19194 2367.32991  0.05%  63.3  515s
 912957 631463 2367.13467  113  105 2366.19194 2367.32931  0.05%  63.2  520s
 927643 641191 2366.99060   99  115 2366.19194 2367.32878  0.05%  63.1  525s
 941015 652107 2366.66458  102   48 2366.19194 2367.32833  0.05%  63.2  531s
 951937 659941 2367.06873   87  136 2366.19194 2367.32790  0.05%  63.2  535s
 966754 671355 2366.89817   97  263 2366.19194 2367.32728  0.05%  63.1  540s
 980511 681834 2367.30922   80  259 2366.19194 2367.32660  0.05%  63.1  545s
 994314 692525 2366.59445  120   45 2366.19194 2367.32607  0.05%  63.2  550s
 1008475 702325 2366.49744  157   45 2366.19194 2367.32556  0.05%  63.2  556s
 1019270 709657 2367.25071  114  331 2366.19194 2367.32513  0.05%  63.2  560s
 1033558 720505 2367.30606   85   22 2366.19194 2367.32459  0.05%  63.2  565s
 1048563 730703 2366.96318  137  218 2366.19194 2367.32406  0.05%  63.2  570s
 1057443 737784 2366.61729  110   57 2366.19194 2367.32385  0.05%  63.4  575s
 1073667 750133 2367.27284   95  140 2366.19194 2367.32337  0.05%  63.3  580s
 1088495 761052 2366.87753  121  144 2366.19194 2367.32283  0.05%  63.2  585s
 1102824 773044 2367.29366  114  141 2366.19194 2367.32243  0.05%  63.1  590s
 1117732 784941 2367.11301  149  202 2366.19194 2367.32200  0.05%  63.0  595s
 1131265 794231 2366.68044   95  370 2366.19194 2367.32184  0.05%  63.0  600s
 1144862 805263 2367.12554  134  335 2366.19194 2367.32139  0.05%  63.0  605s
 1159274 816154 2367.16439   86  112 2366.19194 2367.32086  0.05%  62.9  610s
 1172582 824841 2366.72748  105   34 2366.19194 2367.32043  0.05%  62.9  616s
 1182860 833365 2366.54970  108  165 2366.19194 2367.32013  0.05%  63.1  620s
 1198291 844517 2367.04205   94   62 2366.19194 2367.31959  0.05%  63.1  626s
 1209599 852409 2367.13840  140   52 2366.19194 2367.31926  0.05%  63.0  630s
 1223242 863355 2366.93010   77  206 2366.19194 2367.31897  0.05%  63.0  635s
 1238048 873907 2367.08288   89  146 2366.19194 2367.31850  0.05%  62.9  640s
 1252032 884521 2366.82181   97   69 2366.19194 2367.31805  0.05%  62.9  645s
 1266346 895559 2367.00318  147  145 2366.19194 2367.31769  0.05%  63.0  651s
 1277193 903672     cutoff   96      2366.19194 2367.31737  0.05%  62.9  655s
 1290376 912231 2367.01827  105   60 2366.19194 2367.31691  0.05%  63.0  660s
 1305030 922853 2366.71187  111  138 2366.19194 2367.31643  0.05%  63.1  666s
 1315909 931388     cutoff   89      2366.19194 2367.31601  0.05%  63.1  670s
 1329980 940403 2366.82725  175  120 2366.19194 2367.31569  0.05%  63.1  675s
 1344102 951172 2366.78450  152  111 2366.19194 2367.31528  0.05%  63.2  681s
 1355395 959966 2366.30081   80   63 2366.19194 2367.31492  0.05%  63.2  685s
 1370202 969751 2367.07333   96   98 2366.19194 2367.31452  0.05%  63.2  690s
 1385218 982162 2366.19837  128   39 2366.19194 2367.31436  0.05%  63.1  696s
 1400171 994006 2366.41461  123  128 2366.19194 2367.31404  0.05%  63.0  701s
 1412729 1002604 2367.21710   80   33 2366.19194 2367.31368  0.05%  63.0  706s
 1423040 1010613 2366.81706  155  377 2366.19194 2367.31348  0.05%  63.1  710s
 1437873 1021501 2367.12187   83  105 2366.19194 2367.31304  0.05%  63.1  715s
 1451979 1032261 2366.87741   89  113 2366.19194 2367.31270  0.05%  63.1  721s
 1462148 1039705     cutoff  104      2366.19194 2367.31239  0.05%  63.2  725s
 1477423 1050660 2366.90043  146   48 2366.19194 2367.31189  0.05%  63.1  730s
 1490860 1060246 2367.12412  101  197 2366.19194 2367.31154  0.05%  63.2  735s
 1505638 1070503     cutoff  164      2366.19194 2367.31115  0.05%  63.2  741s
 1516192 1077166 2367.29202   89  120 2366.19194 2367.31080  0.05%  63.2  745s
 1529896 1086719 2366.87754  110   83 2366.19194 2367.31053  0.05%  63.3  750s
 1543928 1096110 2367.16779   90  277 2366.19194 2367.31007  0.05%  63.4  756s
 1555379 1104851 2366.63286  142  288 2366.19194 2367.30968  0.05%  63.4  760s
 1570079 1115489 2366.77855  142   42 2366.19194 2367.30931  0.05%  63.4  765s
 1579215 1122393 2367.03639  139  382 2366.19194 2367.30905  0.05%  63.5  770s
 1595418 1134073 2367.27813   86   89 2366.19194 2367.30868  0.05%  63.5  775s
 1603846 1140297 2366.86989   90   52 2366.19194 2367.30841  0.05%  63.6  780s
 1617463 1149905 2366.98959  152  131 2366.19194 2367.30817  0.05%  63.7  786s
 1630068 1159036 2366.98410  133   90 2366.19194 2367.30779  0.05%  63.7  790s
 1644539 1169127 2366.39411  113   97 2366.19194 2367.30743  0.05%  63.7  796s
 1655389 1175267 2366.98922   90   56 2366.19194 2367.30714  0.05%  63.7  800s
 1669397 1185944 2366.37279  103  199 2366.19194 2367.30673  0.05%  63.7  805s
 1684317 1196983 2367.23758  109  237 2366.19194 2367.30628  0.05%  63.7  810s
 1698265 1207323 2367.00529  120  111 2366.19194 2367.30606  0.05%  63.7  816s
 1708772 1215259 2366.48256  115  201 2366.19194 2367.30581  0.05%  63.7  820s
 1723156 1225003 2367.01960   84   67 2366.19194 2367.30548  0.05%  63.7  825s
 1738160 1235668 2366.74779  182  115 2366.19194 2367.30512  0.05%  63.7  830s
 1751609 1245418 2367.27461   93  181 2366.19194 2367.30477  0.05%  63.7  836s
 1762108 1253031 2366.27625  112  151 2366.19194 2367.30445  0.05%  63.8  840s
 1776723 1262801 2366.84378   96  222 2366.19194 2367.30412  0.05%  63.8  845s
 1791348 1273161 2366.84960  104   83 2366.19194 2367.30371  0.05%  63.8  851s
 1801746 1280212     cutoff  117      2366.19194 2367.30350  0.05%  63.8  855s
 1815628 1290647 2366.86057  170   97 2366.19194 2367.30320  0.05%  63.9  860s
 1826031 1297217 2367.11217  127  262 2366.19194 2367.30305  0.05%  63.9  865s
 1840411 1308032     cutoff  131      2366.19194 2367.30267  0.05%  64.0  871s
 1852341 1315924 2366.68224   91   92 2366.19194 2367.30238  0.05%  64.0  875s
 1866240 1325753 2367.22333   88   20 2366.19194 2367.30209  0.05%  64.1  880s
 1877211 1333505 2366.98943  137   78 2366.19194 2367.30172  0.05%  64.1  885s
 1891100 1344019 2366.65446  114   71 2366.19194 2367.30133  0.05%  64.0  890s
 1904780 1353911 2366.88298  113  223 2366.19194 2367.30112  0.05%  64.0  895s
 1919686 1364446 2367.23507   78  102 2366.19194 2367.30072  0.05%  64.0  901s
 1931346 1373089 2366.89211  120  186 2366.19194 2367.30046  0.05%  64.0  905s
 1945188 1383091 2366.71789   95   39 2366.19194 2367.30018  0.05%  64.0  910s
 1959303 1393198 2366.91637   94   90 2366.19194 2367.29984  0.05%  64.0  916s
 1970555 1401501 2367.10684  157   97 2366.19194 2367.29955  0.05%  64.0  920s
 1985323 1411991     cutoff  119      2366.19194 2367.29924  0.05%  64.0  925s
 1999258 1422744 2366.76754  110  256 2366.19194 2367.29892  0.05%  63.9  930s
 2012588 1432345 2366.86659  149   81 2366.19194 2367.29873  0.05%  64.0  935s
 2028442 1444233 2366.78692  160  219 2366.19194 2367.29832  0.05%  63.9  941s
 2038986 1452494 2366.94262  118   78 2366.19194 2367.29815  0.05%  63.9  945s
 2053302 1463085 2366.95370  109  115 2366.19194 2367.29782  0.05%  63.8  950s
 2067470 1473618 2366.79360   95   20 2366.19194 2367.29754  0.05%  63.8  955s
 2081764 1482937     cutoff  109      2366.19194 2367.29724  0.05%  63.8  960s
 2095227 1492861 2367.26437  104   76 2366.19194 2367.29692  0.05%  63.9  965s
 2110346 1503894 2367.04147   92   23 2366.19194 2367.29675  0.05%  63.9  971s
 2121405 1512998 2366.92152  101  316 2366.19194 2367.29664  0.05%  63.8  975s
 2134285 1520448 2366.93797  112  338 2366.19194 2367.29639  0.05%  63.9  980s
 2148273 1530518 2366.69367   74  193 2366.19194 2367.29608  0.05%  63.9  985s
 2158207 1537796 2367.14366   92   95 2366.19194 2367.29582  0.05%  63.9  990s
 2173720 1549160 2366.44951   87   44 2366.19194 2367.29548  0.05%  63.9  995s
 2188079 1558782 2366.84879   90   59 2366.19194 2367.29530  0.05%  63.9 1001s
 2199687 1567071 2366.95314   83  100 2366.19194 2367.29508  0.05%  63.9 1005s
 2212425 1576961 2366.74040  183   34 2366.19194 2367.29491  0.05%  64.0 1010s
 2227615 1588735 2366.48651  133  211 2366.19194 2367.29461  0.05%  63.9 1016s
 2241760 1598583 2367.08188   94   90 2366.19194 2367.29431  0.05%  63.9 1021s
 2252976 1607139 2367.07578   86  232 2366.19194 2367.29416  0.05%  63.9 1025s
 2267706 1617276 2367.21852  101  188 2366.19194 2367.29374  0.05%  63.9 1030s
 2281522 1627520 2367.26450   88  122 2366.19194 2367.29351  0.05%  63.9 1035s
 2295605 1638125 2367.01445  118  110 2366.19194 2367.29323  0.05%  63.9 1041s
 2311178 1648551 2367.18500   96  115 2366.19194 2367.29308  0.05%  63.8 1046s
 2320773 1656342 2367.23925   93  287 2366.19194 2367.29276  0.05%  63.8 1050s
 2334527 1666621 2367.00708   91  120 2366.19194 2367.29258  0.05%  63.8 1055s
 2349536 1677211 2367.19796   95  241 2366.19194 2367.29240  0.05%  63.8 1060s
 2363391 1687086 2366.69159  169  350 2366.19194 2367.29219  0.05%  63.8 1066s
 2374404 1695106 2367.00496   87   87 2366.19194 2367.29196  0.05%  63.8 1070s
 2388092 1704647 2366.62751  104  265 2366.19194 2367.29177  0.05%  63.8 1075s
 2401659 1713316 2367.13920   97  116 2366.19194 2367.29151  0.05%  63.9 1080s
 2412906 1720719 2367.08253   84   96 2366.19194 2367.29130  0.05%  63.9 1085s
 2427994 1731342 2366.79045  141  253 2366.19194 2367.29100  0.05%  63.9 1090s
 2442527 1742346     cutoff  112      2366.19194 2367.29073  0.05%  63.9 1095s
 2457062 1753236 2366.77476  130  163 2366.19194 2367.29049  0.05%  63.9 1101s
 2471698 1764140 2366.20662  139  235 2366.19194 2367.29028  0.05%  63.8 1106s
 2485691 1774265 2366.97431  156   59 2366.19194 2367.29008  0.05%  63.8 1111s
 2499452 1783631 2366.61059  109   63 2366.19194 2367.28982  0.05%  63.9 1116s
 2510948 1792159 2366.88720   99   73 2366.19194 2367.28962  0.05%  63.8 1120s
 2524383 1802157 2366.21107  101   39 2366.19194 2367.28937  0.05%  63.8 1125s
 2538030 1811716 2366.95548  116   67 2366.19194 2367.28909  0.05%  63.8 1130s
 2549669 1819986 2366.38747  125  103 2366.19194 2367.28891  0.05%  63.8 1135s
 2562474 1828604 2367.04250   80   22 2366.19194 2367.28872  0.05%  63.9 1140s
 2577412 1838295 2366.60089  151  175 2366.19194 2367.28852  0.05%  63.9 1146s
 2589006 1847106 2366.85125  123   36 2366.19194 2367.28838  0.05%  63.9 1150s
 2602841 1856231 2367.25701   91  161 2366.19194 2367.28818  0.05%  63.9 1155s
 2616252 1865128     cutoff  152      2366.19194 2367.28803  0.05%  64.0 1161s
 2627386 1872541 2366.96165  107  159 2366.19194 2367.28789  0.05%  64.0 1165s
 2642206 1883913 2366.36682  107   66 2366.19194 2367.28766  0.05%  64.0 1170s
 2656405 1893997 2366.75678  120   63 2366.19194 2367.28743  0.05%  64.0 1175s
 2667050 1901176 2366.97500  143  195 2366.19194 2367.28729  0.05%  64.0 1180s
 2681685 1911102 2366.71265  153  328 2366.19194 2367.28703  0.05%  64.0 1185s
 2694744 1920416 2367.16029  158  188 2366.19194 2367.28684  0.05%  64.1 1190s
 2705841 1928660 2366.56642   87   53 2366.19194 2367.28666  0.05%  64.1 1195s
 2719694 1937592 2367.14578  148  262 2366.19194 2367.28649  0.05%  64.1 1200s
 2734842 1948799 2366.92581  139  165 2366.19194 2367.28622  0.05%  64.1 1206s
 2746730 1957657 2367.07703  111  147 2366.19194 2367.28601  0.05%  64.1 1210s
 2760394 1967205 2366.99634  134   52 2366.19194 2367.28583  0.05%  64.1 1215s
 2775465 1978779 2367.01938   81   26 2366.19194 2367.28557  0.05%  64.0 1220s
 2789679 1988688 2366.32044   94  105 2366.19194 2367.28531  0.05%  64.0 1225s
 2803272 1998659 2366.57438   90   96 2366.19194 2367.28509  0.05%  64.0 1230s
 2817137 2008382 2366.82820   88   80 2366.19194 2367.28484  0.05%  64.0 1235s
 2831653 2017686 2366.67942  107   30 2366.19194 2367.28461  0.05%  64.0 1240s
 2842456 2025602 2366.20809   90  421 2366.19194 2367.28445  0.05%  64.0 1245s
 2856607 2035521     cutoff  140      2366.19194 2367.28427  0.05%  64.0 1250s
 2870867 2044602 2366.62837   82   50 2366.19194 2367.28403  0.05%  64.0 1255s
 2884090 2054604 2366.52681  128   83 2366.19194 2367.28384  0.05%  64.0 1261s
 2895596 2062805 2366.58526  100  118 2366.19194 2367.28369  0.05%  64.0 1265s
 2910386 2073668     cutoff   96      2366.19194 2367.28340  0.05%  64.0 1270s
 2924923 2083827 2366.50549  116  279 2366.19194 2367.28330  0.05%  64.0 1276s
 2939132 2092784 2367.02003  147  172 2366.19194 2367.28305  0.05%  64.0 1281s
 2948995 2100486 2366.94555  106   83 2366.19194 2367.28292  0.05%  64.0 1285s
 2964319 2111924 2367.12210   83   49 2366.19194 2367.28278  0.05%  64.0 1290s
 2978689 2122177 2367.06289   92   76 2366.19194 2367.28252  0.05%  64.0 1295s
 2993870 2133223 2366.97830  117   17 2366.19194 2367.28228  0.05%  64.0 1301s
 3008083 2142636 2366.57899  103  210 2366.19194 2367.28214  0.05%  63.9 1305s
 3022171 2152151 2366.52825  120   85 2366.19194 2367.28193  0.05%  63.9 1310s
 3035982 2162631 2366.80956   93  265 2366.19194 2367.28177  0.05%  63.9 1316s
 3046702 2170131 2367.08705   98   82 2366.19194 2367.28161  0.05%  63.9 1320s
 3059519 2180220 2367.03705  115  134 2366.19194 2367.28140  0.05%  63.9 1325s
 3074825 2190854     cutoff   91      2366.19194 2367.28118  0.05%  63.9 1330s
 3089603 2201066 2366.97168  112  243 2366.19194 2367.28097  0.05%  63.9 1335s
 3103568 2210941 2366.32898   99  222 2366.19194 2367.28077  0.05%  63.9 1340s
 3113452 2217462 2366.98860  103   38 2366.19194 2367.28065  0.05%  63.9 1345s
 3127203 2226658 2366.75560  186   19 2366.19194 2367.28044  0.05%  64.0 1350s
 3137774 2233655 2366.58447   84   40 2366.19194 2367.28029  0.05%  64.0 1355s
 3153037 2244152 2366.87720   83  188 2366.19194 2367.28000  0.05%  64.0 1360s
 3167994 2254441 2366.97035  126  188 2366.19194 2367.27983  0.05%  64.0 1365s
 3177893 2261609 2366.87328  102  425 2366.19194 2367.27965  0.05%  64.0 1370s
 3192569 2272626     cutoff   96      2366.19194 2367.27940  0.05%  64.0 1375s
 3206295 2281335 2366.79019   99   24 2366.19194 2367.27923  0.05%  64.0 1380s
 3221011 2291897 2366.71803   97  209 2366.19194 2367.27912  0.05%  64.0 1386s
 3231834 2299501     cutoff  108      2366.19194 2367.27896  0.05%  64.0 1390s
 3246533 2309200 2366.86064  123  119 2366.19194 2367.27870  0.05%  64.0 1395s
 3260644 2318215 2367.01821   79  194 2366.19194 2367.27846  0.05%  64.0 1400s
 3274479 2327272 2366.79462  109  349 2366.19194 2367.27826  0.05%  64.0 1406s
 3285004 2334345 2366.41029  128  164 2366.19194 2367.27812  0.05%  64.1 1410s
 3299184 2344242 2366.83937   94   37 2366.19194 2367.27795  0.05%  64.1 1415s
 3310650 2353800 2366.22088  141   93 2366.19194 2367.27778  0.05%  64.1 1420s
 3325277 2363526 2367.25181   84   62 2366.19194 2367.27763  0.05%  64.1 1425s
 3339773 2374352 2366.89537  102  118 2366.19194 2367.27740  0.05%  64.0 1430s
 3353101 2384320 2367.12297   98  269 2366.19194 2367.27715  0.05%  64.1 1435s
 3367523 2394247     cutoff   98      2366.19194 2367.27694  0.05%  64.1 1441s
 3378824 2401662 2366.59844  112   67 2366.19194 2367.27681  0.05%  64.1 1445s
 3393117 2412400 2366.58759   82  166 2366.19194 2367.27660  0.05%  64.0 1450s
 3406827 2421258 2367.21550   88  236 2366.19194 2367.27645  0.05%  64.1 1455s
 3416847 2428275 2366.71596   93   87 2366.19194 2367.27631  0.05%  64.1 1460s
 3431660 2437314 2366.31546   94  151 2366.19194 2367.27605  0.05%  64.1 1465s
 3445427 2447879 2367.05403  107  200 2366.19194 2367.27585  0.05%  64.1 1471s
 3456034 2455565 2366.67801  100  103 2366.19194 2367.27569  0.05%  64.2 1475s
 3471324 2465821 2367.08374   97  209 2366.19194 2367.27546  0.05%  64.2 1481s
 3481804 2472289 2366.67201  102  331 2366.19194 2367.27532  0.05%  64.2 1485s
 3496056 2480613 2366.71763   89  166 2366.19194 2367.27512  0.05%  64.2 1490s
 3506898 2488648 2366.92411   93  238 2366.19194 2367.27497  0.05%  64.2 1495s
 3521033 2499227 2366.25514  115   90 2366.19194 2367.27476  0.05%  64.2 1500s
 3534971 2508671 2367.09229   94   90 2366.19194 2367.27457  0.05%  64.2 1506s
 3546561 2516633 2366.90451   92   33 2366.19194 2367.27438  0.05%  64.2 1510s
 3561383 2527531 2366.67454  124  250 2366.19194 2367.27418  0.05%  64.2 1515s
 3573989 2536480 2367.01305   78  273 2366.19194 2367.27403  0.05%  64.3 1521s
 3584619 2544303 2366.28268  106   32 2366.19194 2367.27390  0.05%  64.3 1525s
 3600047 2555094 2366.58778  128  219 2366.19194 2367.27368  0.05%  64.2 1530s
 3614597 2564386 2367.02429  157  158 2366.19194 2367.27348  0.05%  64.2 1536s
 3624034 2570480 2367.12915  113  163 2366.19194 2367.27334  0.05%  64.3 1540s
 3638658 2581329 2366.59671  102  365 2366.19194 2367.27317  0.05%  64.3 1545s
 3649988 2588439 2366.92527  112  391 2366.19194 2367.27300  0.05%  64.3 1550s
 3663791 2598738     cutoff  115      2366.19194 2367.27282  0.05%  64.3 1555s
 3679219 2609353 2366.94392  124  227 2366.19194 2367.27262  0.05%  64.3 1560s
 3692127 2619800 2366.89650   90  223 2366.19194 2367.27240  0.05%  64.2 1566s
 3704237 2628303 2366.80304   95  147 2366.19194 2367.27227  0.05%  64.2 1570s
 3717853 2637846 2367.00685   78   57 2366.19194 2367.27207  0.05%  64.2 1575s
 3731842 2646974 2366.75562  108  103 2366.19194 2367.27191  0.05%  64.2 1580s
 3745893 2656820 2366.58402   91   43 2366.19194 2367.27168  0.05%  64.2 1585s
 3760209 2665835 2366.51058  176  258 2366.19194 2367.27149  0.05%  64.2 1591s
 3770834 2673453 2366.58006  118   83 2366.19194 2367.27138  0.05%  64.2 1595s
 3785115 2683652 2367.17225   99  135 2366.19194 2367.27119  0.05%  64.3 1600s
 3799629 2694211 2366.81892  146  255 2366.19194 2367.27100  0.05%  64.2 1606s
 3810801 2702355 2367.09948  118  137 2366.19194 2367.27083  0.05%  64.2 1610s
 3826502 2713302     cutoff  134      2366.19194 2367.27077  0.05%  64.2 1615s
 3839864 2722777 2366.85410   99  271 2366.19194 2367.27064  0.05%  64.2 1620s
 3853255 2731729 2367.18087   96  173 2366.19194 2367.27048  0.05%  64.2 1625s
 3867746 2742242 2366.81529  140   55 2366.19194 2367.27030  0.05%  64.2 1630s
 3881601 2751763 2366.41378   86   86 2366.19194 2367.27018  0.05%  64.2 1636s
 3892703 2759549 2366.43945   84   26 2366.19194 2367.26999  0.05%  64.2 1640s
 3906385 2768556 2366.55583   89   72 2366.19194 2367.26986  0.05%  64.3 1645s
 3920409 2777690 2366.75410  108  106 2366.19194 2367.26968  0.05%  64.3 1651s
 3930730 2783804 2366.66051  127   85 2366.19194 2367.26954  0.05%  64.3 1655s
 3941968 2792481 2367.03993  106  313 2366.19194 2367.26938  0.05%  64.3 1660s
 3956592 2802795 2366.35942   98   98 2366.19194 2367.26918  0.05%  64.3 1665s
 3970884 2813523 2366.73178   95  108 2366.19194 2367.26900  0.05%  64.3 1671s
 3982244 2822009 2366.36043  120   93 2366.19194 2367.26892  0.05%  64.3 1675s
 3997790 2832873 2366.99395   94  241 2366.19194 2367.26873  0.05%  64.3 1680s
 4010484 2841253 2367.03051   90  105 2366.19194 2367.26854  0.05%  64.3 1685s
 4025605 2851542 2366.98415   86  279 2366.19194 2367.26834  0.05%  64.3 1690s
 4039008 2860072 2366.20629   97  114 2366.19194 2367.26820  0.05%  64.3 1696s
 4050388 2868353 2366.20044   90  102 2366.19194 2367.26805  0.05%  64.3 1700s
 4064686 2877411 2367.13358  151   91 2366.19194 2367.26785  0.05%  64.3 1705s
 4078907 2888015 2367.09759   92  325 2366.19194 2367.26768  0.05%  64.3 1710s
 4092952 2897022 2366.42758  112   79 2366.19194 2367.26755  0.05%  64.3 1716s
 4103259 2904877 2366.21300  104   41 2366.19194 2367.26748  0.05%  64.3 1720s
 4118214 2915679 2366.57256   94   64 2366.19194 2367.26735  0.05%  64.3 1725s
 4132588 2926118 2367.18941   94   79 2366.19194 2367.26718  0.05%  64.3 1730s
 4146876 2935627 2366.94466  121  318 2366.19194 2367.26701  0.05%  64.3 1736s
 4156768 2942736 2366.73525  126  355 2366.19194 2367.26687  0.05%  64.3 1740s
 4172167 2953503 2366.70525  159  207 2366.19194 2367.26667  0.05%  64.3 1745s
 4184650 2962308     cutoff  102      2366.19194 2367.26654  0.05%  64.3 1751s
 4196311 2970268 2366.85432  131  181 2366.19194 2367.26639  0.05%  64.3 1755s
 4210664 2979717 2367.01952  114   51 2366.19194 2367.26622  0.05%  64.3 1760s
 4224276 2988552 2367.11435   91  290 2366.19194 2367.26606  0.05%  64.3 1766s
 4236240 2997030 2366.50353   96  138 2366.19194 2367.26588  0.05%  64.3 1770s
 4251102 3007798 2367.09515   79   23 2366.19194 2367.26579  0.05%  64.3 1775s
 4265617 3017660 2366.71296   93   30 2366.19194 2367.26567  0.05%  64.2 1780s
 4278607 3026010 2367.11464   91  106 2366.19194 2367.26551  0.05%  64.3 1785s
 4292925 3034831     cutoff   93      2366.19194 2367.26537  0.05%  64.3 1791s
 4303095 3042277     cutoff   95      2366.19194 2367.26525  0.05%  64.3 1795s
 4318626 3052142 2366.47810  159  123 2366.19194 2367.26508  0.05%  64.3 1800s
 4329074 3060473 2367.13193   81   44 2366.19194 2367.26500  0.05%  64.3 1805s
 4343720 3069634 2366.62825  117  277 2366.19194 2367.26480  0.05%  64.3 1810s
 4357705 3079990 2367.05190  116  305 2366.19194 2367.26459  0.05%  64.3 1815s
 4371045 3089118 2366.93484  154  211 2366.19194 2367.26444  0.05%  64.3 1820s
 4386187 3098871 2366.67619   93  223 2366.19194 2367.26429  0.05%  64.3 1826s
 4396622 3105742 2366.57373  139  119 2366.19194 2367.26415  0.05%  64.3 1830s
 4411265 3116191 2366.61208   95  176 2366.19194 2367.26400  0.05%  64.3 1835s
 4425110 3125542 2366.84031   96   73 2366.19194 2367.26380  0.05%  64.3 1840s
 4435753 3132572 infeasible  110      2366.19194 2367.26370  0.05%  64.3 1845s
 4450191 3142568 2366.97492  155  182 2366.19194 2367.26356  0.05%  64.3 1850s
 4464267 3152560 2367.22602  101  272 2366.19194 2367.26342  0.05%  64.3 1855s
 4479110 3161675 2366.92654  180  130 2366.19194 2367.26318  0.05%  64.3 1861s
 4488968 3168446 2366.98746  119  159 2366.19194 2367.26306  0.05%  64.3 1865s
 4503966 3178688 2366.68043  107  323 2366.19194 2367.26285  0.05%  64.3 1870s
 4518202 3189379 2366.51894  140   98 2366.19194 2367.26272  0.05%  64.3 1876s
 4529706 3197704 2367.01378  154  126 2366.19194 2367.26257  0.05%  64.3 1880s
 4543879 3206880 2366.56339   99   44 2366.19194 2367.26241  0.05%  64.3 1885s
 4557922 3216208 2366.22924  102  210 2366.19194 2367.26226  0.05%  64.3 1890s
 4571527 3225523 2367.08646  118  172 2366.19194 2367.26208  0.05%  64.3 1895s
 4582980 3233466 2366.97716  102  231 2366.19194 2367.26195  0.05%  64.3 1900s
 4597321 3243982 2366.91909   99  181 2366.19194 2367.26177  0.05%  64.3 1905s
 4610992 3253284 2366.68874  119  250 2366.19194 2367.26161  0.05%  64.3 1910s
 4625805 3263768     cutoff   96      2366.19194 2367.26143  0.05%  64.3 1916s
 4636390 3271525 2366.47140   96  151 2366.19194 2367.26130  0.05%  64.3 1920s
 4651124 3281664 2366.63756  111   27 2366.19194 2367.26110  0.05%  64.3 1925s
 4665272 3291422 2366.69848  180   39 2366.19194 2367.26095  0.05%  64.3 1931s
 4678824 3300256 2366.42131  119  175 2366.19194 2367.26081  0.05%  64.3 1936s
 4689815 3309435 2366.72759  119  111 2366.19194 2367.26070  0.05%  64.3 1940s
 4704712 3319646 2366.40141  120  108 2366.19194 2367.26053  0.05%  64.3 1945s
 4718764 3328332 2367.14227   89  369 2366.19194 2367.26041  0.05%  64.3 1951s
 4728645 3335136     cutoff  102      2366.19194 2367.26026  0.05%  64.3 1955s
 4742392 3344230     cutoff   86      2366.19194 2367.26009  0.05%  64.3 1960s
 4753765 3351298 2366.73045   88  150 2366.19194 2367.26001  0.05%  64.3 1965s
 4767817 3359987 2366.50085  172   43 2366.19194 2367.25987  0.05%  64.3 1970s
 4781579 3369540 2366.21393  119  117 2366.19194 2367.25973  0.05%  64.3 1976s
 4793219 3377759 2366.85227  132  234 2366.19194 2367.25958  0.05%  64.3 1980s
 4808445 3388195 2366.74483  133   71 2366.19194 2367.25945  0.05%  64.3 1985s
 4821983 3397840 2366.28491  151   72 2366.19194 2367.25932  0.05%  64.3 1990s
 4835588 3406631 2366.91601  147  196 2366.19194 2367.25920  0.05%  64.3 1996s
 4846923 3414583     cutoff   98      2366.19194 2367.25905  0.05%  64.3 2000s
 4861131 3424415 2366.37145  133  101 2366.19194 2367.25889  0.05%  64.4 2006s
 4871501 3431377 2366.25617  103   26 2366.19194 2367.25878  0.05%  64.4 2010s
 4886449 3440366 2366.70013  133   38 2366.19194 2367.25861  0.05%  64.4 2015s
 4900483 3450136 2366.93167   80  155 2366.19194 2367.25851  0.05%  64.4 2021s
 4910964 3458050 2366.62259   97  126 2366.19194 2367.25837  0.05%  64.4 2025s
 4925954 3467781 2366.76853   91   18 2366.19194 2367.25828  0.05%  64.4 2030s
 4940347 3478345 2366.46434  152   36 2366.19194 2367.25816  0.05%  64.4 2036s
 4954512 3488639 2367.19207   87  156 2366.19194 2367.25808  0.05%  64.4 2041s
 4965608 3496325 2366.97289  139  125 2366.19194 2367.25796  0.05%  64.4 2045s
 4979296 3506130 2366.41320  130  157 2366.19194 2367.25783  0.05%  64.4 2050s
 4993656 3515900 2366.90767  126  222 2366.19194 2367.25766  0.05%  64.4 2055s
 5006654 3524241 2366.98710   95   90 2366.19194 2367.25753  0.05%  64.4 2061s
 5016988 3531366 2366.82325  107  117 2366.19194 2367.25743  0.05%  64.4 2065s
 5032597 3541154 2366.98295  103  261 2366.19194 2367.25723  0.05%  64.4 2071s
 5043781 3548687 2366.88389  106  137 2366.19194 2367.25710  0.05%  64.4 2075s
 5058507 3559509 2366.20905  117  137 2366.19194 2367.25693  0.05%  64.4 2080s
 5072655 3568320 2366.39916  135  110 2366.19194 2367.25682  0.05%  64.4 2085s
 5086639 3577922 2367.15093  122  337 2366.19194 2367.25668  0.04%  64.4 2091s
 5097450 3584894     cutoff  111      2366.19194 2367.25654  0.04%  64.4 2095s
 5111021 3593256 2366.66452   88  232 2366.19194 2367.25643  0.04%  64.4 2100s
 5124160 3601851 2366.58756  105  246 2366.19194 2367.25628  0.04%  64.4 2106s
 5135440 3609206 2366.79774   85  103 2366.19194 2367.25614  0.04%  64.4 2110s
 5151339 3619782 2366.46572  112   24 2366.19194 2367.25595  0.04%  64.4 2115s
 5165065 3629726 2367.06414  107  238 2366.19194 2367.25579  0.04%  64.4 2121s
 5176015 3636789     cutoff  109      2366.19194 2367.25564  0.04%  64.4 2125s
 5190406 3645938 2366.81169  101   95 2366.19194 2367.25549  0.04%  64.4 2130s
 5203147 3655127     cutoff  101      2366.19194 2367.25538  0.04%  64.4 2135s
 5214103 3662097 2366.96279  129  192 2366.19194 2367.25524  0.04%  64.4 2140s
 5228829 3672381 2366.39936  101  162 2366.19194 2367.25509  0.04%  64.4 2145s
 5242976 3681729 2366.39993  112   77 2366.19194 2367.25496  0.04%  64.4 2151s
 5254235 3689476 2367.10909  100   68 2366.19194 2367.25485  0.04%  64.4 2155s
 5268643 3700086 2366.95813  126  357 2366.19194 2367.25469  0.04%  64.4 2160s
 5283363 3710480 2366.54522  131  159 2366.19194 2367.25453  0.04%  64.4 2165s
 5298042 3720005 2366.87293  126  128 2366.19194 2367.25437  0.04%  64.4 2170s
 5311842 3729880 2366.99713   92  120 2366.19194 2367.25420  0.04%  64.4 2176s
 5322303 3736966 2366.91389   82   21 2366.19194 2367.25410  0.04%  64.4 2180s
 5337036 3747446 2366.72039  118  108 2366.19194 2367.25393  0.04%  64.4 2185s
 5350769 3756455 2366.70303   98   70 2366.19194 2367.25379  0.04%  64.4 2190s
 5364238 3765782 2367.10632  104  111 2366.19194 2367.25367  0.04%  64.4 2196s
 5375452 3773501 2367.03490  117  162 2366.19194 2367.25356  0.04%  64.4 2200s
 5390081 3783244 2367.07417   91  184 2366.19194 2367.25338  0.04%  64.4 2205s
 5404654 3792869 2367.22881   95  155 2366.19194 2367.25325  0.04%  64.4 2211s
 5415831 3800693 infeasible  120      2366.19194 2367.25311  0.04%  64.4 2215s
 5429501 3809203 2366.84816  115  285 2366.19194 2367.25296  0.04%  64.4 2220s
 5443778 3817736 2366.43884  132   94 2366.19194 2367.25280  0.04%  64.4 2226s
 5455030 3825031 2366.65979  105   25 2366.19194 2367.25268  0.04%  64.4 2230s
 5469554 3835069 2367.07319  128  214 2366.19194 2367.25251  0.04%  64.4 2235s
 5483858 3844736 2366.76444   95  238 2366.19194 2367.25236  0.04%  64.4 2240s
 5497733 3853973 2366.81233  121   94 2366.19194 2367.25224  0.04%  64.4 2245s
 5507561 3861173 2366.33068  125  116 2366.19194 2367.25215  0.04%  64.4 2250s
 5522443 3871170 2366.76882   90   88 2366.19194 2367.25198  0.04%  64.4 2255s
 5535964 3880230 2366.93805  103  269 2366.19194 2367.25185  0.04%  64.4 2261s
 5547029 3887306 2366.90472  132  308 2366.19194 2367.25174  0.04%  64.4 2265s
 5562366 3898533 2366.37683  114  131 2366.19194 2367.25161  0.04%  64.4 2270s
 5575874 3906621 infeasible  112      2366.19194 2367.25148  0.04%  64.4 2276s
 5587425 3914820 2367.13788  105  331 2366.19194 2367.25133  0.04%  64.4 2280s
 5601642 3925242 2367.03967  147  317 2366.19194 2367.25117  0.04%  64.4 2285s
 5615437 3933907 2366.56669  202   17 2366.19194 2367.25103  0.04%  64.4 2290s
 5629144 3942639 2366.35165   91  201 2366.19194 2367.25092  0.04%  64.4 2296s
 5640366 3949734 2367.17153  104  101 2366.19194 2367.25080  0.04%  64.4 2300s
 5654737 3959428 2366.40125   85  128 2366.19194 2367.25069  0.04%  64.4 2305s
 5668983 3968720 2367.06603  121  106 2366.19194 2367.25052  0.04%  64.4 2311s
 5679648 3976235 2366.29785   89   77 2366.19194 2367.25043  0.04%  64.5 2315s
 5694418 3986260 2366.20985  106   46 2366.19194 2367.25030  0.04%  64.5 2320s
 5707434 3994992 2366.63859   96   62 2366.19194 2367.25019  0.04%  64.5 2326s
 5718497 4001710 2366.55255   94  113 2366.19194 2367.25007  0.04%  64.5 2330s
 5728957 4008662 2366.63912  117  106 2366.19194 2367.24997  0.04%  64.5 2335s
 5743367 4018819 2366.88943  111  357 2366.19194 2367.24983  0.04%  64.5 2340s
 5758268 4027476 2366.36173   92   83 2366.19194 2367.24973  0.04%  64.5 2346s
 5769128 4033675 2366.55355  114   29 2366.19194 2367.24962  0.04%  64.5 2350s
 5783057 4043801 infeasible   82      2366.19194 2367.24947  0.04%  64.6 2356s
 5794949 4051492 2366.61869  116   40 2366.19194 2367.24934  0.04%  64.5 2360s
 5807970 4060100     cutoff  129      2366.19194 2367.24922  0.04%  64.6 2365s
 5822879 4069887 2366.81387  109  126 2366.19194 2367.24908  0.04%  64.6 2370s
 5833876 4077523 2366.82698   99   36 2366.19194 2367.24894  0.04%  64.6 2375s
 5846887 4087055 2367.02557  124  302 2366.19194 2367.24884  0.04%  64.6 2380s
 5862725 4096964 2366.99676   84  126 2366.19194 2367.24865  0.04%  64.6 2385s
 5877527 4106813 2367.14980  118   53 2366.19194 2367.24850  0.04%  64.5 2391s
 5887277 4112949 2366.68515  110  268 2366.19194 2367.24842  0.04%  64.6 2395s
 5901311 4122588 2367.03782   94  118 2366.19194 2367.24827  0.04%  64.6 2400s
 5916384 4131910 2366.72486  104  230 2366.19194 2367.24812  0.04%  64.6 2405s
 5930321 4141319 2367.07375   93  152 2366.19194 2367.24799  0.04%  64.6 2411s
 5941111 4147919 2366.65697  100  182 2366.19194 2367.24789  0.04%  64.6 2415s
 5955564 4158137 2367.05899   96   85 2366.19194 2367.24776  0.04%  64.6 2420s
 5969821 4167988 2367.12238   94   90 2366.19194 2367.24762  0.04%  64.5 2426s
 5979621 4174463 2366.98643   99   89 2366.19194 2367.24755  0.04%  64.6 2430s
 5995051 4184995     cutoff  107      2366.19194 2367.24742  0.04%  64.5 2435s
 6009068 4193800 2366.94105   98   35 2366.19194 2367.24729  0.04%  64.5 2440s
 6023549 4205095 2367.04318  129  143 2366.19194 2367.24716  0.04%  64.5 2446s
 6034344 4212501 2366.58428  168  224 2366.19194 2367.24704  0.04%  64.5 2450s
 6048019 4221244 2366.69294   92  159 2366.19194 2367.24691  0.04%  64.5 2455s
 6062608 4231163 2366.94194  106   96 2366.19194 2367.24679  0.04%  64.5 2460s
 6076645 4240032 2367.06769  108  256 2366.19194 2367.24665  0.04%  64.5 2466s
 6087337 4246663 2366.30986  114   73 2366.19194 2367.24654  0.04%  64.5 2470s
 6101467 4256173 2366.57354  118   85 2366.19194 2367.24641  0.04%  64.5 2475s
 6115285 4265858 2366.76048  121   97 2366.19194 2367.24627  0.04%  64.6 2481s
 6126820 4274287 2367.22462   93   48 2366.19194 2367.24618  0.04%  64.6 2485s
 6141867 4284325 2366.81608   90  132 2366.19194 2367.24607  0.04%  64.5 2490s
 6155612 4292759 2366.56699  121  117 2366.19194 2367.24600  0.04%  64.5 2495s
 6165465 4299688 2367.14453  105   77 2366.19194 2367.24592  0.04%  64.5 2500s
 6180127 4309305 2366.74397  110   28 2366.19194 2367.24581  0.04%  64.6 2505s
 6194507 4317528 2366.66841  134   98 2366.19194 2367.24569  0.04%  64.6 2511s
 6205296 4324185 2367.22792   92   62 2366.19194 2367.24560  0.04%  64.6 2515s
 6219367 4333843 2366.99377  132   44 2366.19194 2367.24550  0.04%  64.6 2520s
 6233397 4342512     cutoff  102      2366.19194 2367.24543  0.04%  64.6 2526s
 6244311 4349205 2366.94137  186   56 2366.19194 2367.24533  0.04%  64.6 2530s
 6257431 4358227 2366.95164  134  349 2366.19194 2367.24519  0.04%  64.6 2536s
 6269508 4366047 2366.56611   98  346 2366.19194 2367.24508  0.04%  64.6 2540s
 6282884 4374658 2366.97432   87   88 2366.19194 2367.24507  0.04%  64.6 2546s
 6293572 4382479 2366.55221   88   27 2366.19194 2367.24501  0.04%  64.7 2550s
 6308424 4392072 2366.76046  114  107 2366.19194 2367.24489  0.04%  64.7 2556s
 6319035 4398146 2367.16817   89   57 2366.19194 2367.24482  0.04%  64.7 2560s
 6333332 4407298 2366.74272  104  212 2366.19194 2367.24470  0.04%  64.7 2566s
 6344834 4414485 2366.89931   93  122 2366.19194 2367.24457  0.04%  64.7 2570s
 6359336 4424805 2366.93217  127  145 2366.19194 2367.24446  0.04%  64.7 2575s
 6373763 4435233 2366.88881  109  197 2366.19194 2367.24433  0.04%  64.7 2581s
 6384103 4442086 2366.80172  116   88 2366.19194 2367.24424  0.04%  64.7 2585s
 6399089 4452459 2366.30689   97  134 2366.19194 2367.24409  0.04%  64.7 2590s
 6412459 4461650 2367.21199  121   34 2366.19194 2367.24397  0.04%  64.7 2595s
 6423119 4467928 2366.74305  137  159 2366.19194 2367.24388  0.04%  64.7 2600s
 6437299 4477544 2366.68161  107  120 2366.19194 2367.24378  0.04%  64.7 2605s
 6448753 4485010 2367.20614   90  199 2366.19194 2367.24370  0.04%  64.7 2610s
 6463134 4495098 2367.13546   86   77 2366.19194 2367.24359  0.04%  64.7 2615s
 6478236 4504589 2366.44863  110  210 2366.19194 2367.24346  0.04%  64.7 2620s
 6491034 4513876     cutoff  148      2366.19194 2367.24338  0.04%  64.7 2626s
 6502415 4520722 2366.46912  103   25 2366.19194 2367.24327  0.04%  64.7 2630s
 6514583 4529557 2367.19676   79   86 2366.19194 2367.24319  0.04%  64.7 2635s
 6526032 4537520 2366.92721  129  179 2366.19194 2367.24316  0.04%  64.7 2640s
 6541455 4547667 2366.60051  117   40 2366.19194 2367.24302  0.04%  64.7 2645s
 6554982 4556128 2366.40110  100  186 2366.19194 2367.24290  0.04%  64.7 2651s
 6565974 4563195 2367.15953  104  229 2366.19194 2367.24282  0.04%  64.8 2655s
 6581579 4573363 2366.96346  103  206 2366.19194 2367.24269  0.04%  64.7 2660s
 6594382 4581159 2366.92450  113   75 2366.19194 2367.24257  0.04%  64.8 2666s
 6605324 4588219 2367.15407   94  160 2366.19194 2367.24249  0.04%  64.8 2670s
 6620639 4599509 2366.95263  166   65 2366.19194 2367.24238  0.04%  64.8 2676s
 6634681 4608691 2366.64068  128  387 2366.19194 2367.24226  0.04%  64.8 2681s
 6645525 4616360 2366.42135  117  165 2366.19194 2367.24218  0.04%  64.7 2685s
 6660091 4625996 2366.41208  103  173 2366.19194 2367.24208  0.04%  64.7 2690s
 6674430 4636236 2366.59244  117  224 2366.19194 2367.24195  0.04%  64.7 2695s
 6688303 4646089 2366.73809   97  178 2366.19194 2367.24182  0.04%  64.7 2701s
