
Gurobi 9.0.2 (linux64) logging started Mon May 25 22:38:22 2020

Changed value of parameter LogFile to gurobi_logs/2020-05-25_22:38:12-rproblem1_mode=optimality_predefined_shifts.log
   Prev:   Default: 
Parameter MIPFocus unchanged
   Value: 0  Min: 0  Max: 3  Default: 0
Parameter SolutionLimit unchanged
   Value: 2000000000  Min: 1  Max: 2000000000  Default: 2000000000
Parameter LogToConsole unchanged
   Value: 1  Min: 0  Max: 1  Default: 1
Changed value of parameter TimeLimit to 18000.0
   Prev: inf  Min: 0.0  Max: inf  Default: inf
Gurobi Optimizer version 9.0.2 build v9.0.2rc0 (linux64)
Optimize a model with 170043 rows, 156005 columns and 14680270 nonzeros
Model fingerprint: 0xcf097098
Variable types: 29 continuous, 155976 integer (146232 binary)
Coefficient statistics:
  Matrix range     [2e-02, 2e+02]
  Objective range  [2e-01, 1e+00]
  Bounds range     [1e+00, 1e+00]
  RHS range        [1e+00, 3e+02]
Presolve removed 36241 rows and 11827 columns (presolve time = 6s) ...
Presolve removed 56482 rows and 32068 columns (presolve time = 10s) ...
Presolve removed 56986 rows and 32068 columns (presolve time = 15s) ...
Presolve removed 59234 rows and 32074 columns (presolve time = 20s) ...
Presolve removed 59234 rows and 32074 columns (presolve time = 25s) ...
Presolve removed 59234 rows and 32074 columns (presolve time = 32s) ...
Presolve removed 67146 rows and 39986 columns (presolve time = 37s) ...
Presolve removed 56066 rows and 28906 columns
Presolve time: 37.10s
Presolved: 113977 rows, 127099 columns, 4542219 nonzeros
Variable types: 1 continuous, 127098 integer (123903 binary)

Deterministic concurrent LP optimizer: primal simplex, dual simplex, and barrier
Showing barrier log only...

Root barrier log...

Elapsed ordering time = 5s
Elapsed ordering time = 10s
Ordering time: 12.42s

Barrier statistics:
 AA' NZ     : 5.414e+07
 Factor NZ  : 7.350e+07 (roughly 700 MBytes of memory)
 Factor Ops : 5.446e+10 (less than 1 second per iteration)
 Threads    : 21

                  Objective                Residual
Iter       Primal          Dual         Primal    Dual     Compl     Time
   0   1.29588832e+07  7.29892456e+05  3.63e+05 1.11e+00  2.34e+03    66s
   1   1.15489154e+07  2.00100593e+06  3.24e+05 5.96e+00  1.89e+03    66s
   2   7.14136547e+06  4.02352475e+06  2.00e+05 1.60e+00  1.15e+03    67s
   3   1.71108953e+06  4.73422231e+06  4.83e+04 2.32e-01  2.86e+02    68s
   4   2.80211492e+05  3.89222709e+06  8.30e+03 3.46e-02  5.54e+01    68s
   5   7.62263850e+04  2.36767306e+06  2.42e+03 5.81e-03  1.83e+01    69s
   6   3.00145128e+04  1.42238171e+06  1.01e+03 9.86e-04  8.42e+00    69s
   7   1.10727481e+04  9.69143167e+05  4.15e+02 1.32e-12  4.41e+00    70s
   8   5.34494899e+03  3.80879904e+05  2.01e+02 1.02e-12  1.77e+00    70s
   9   2.91166866e+03  1.72741533e+05  8.21e+01 1.40e-12  7.39e-01    71s
  10   2.14568323e+03  6.14414852e+04  4.36e+01 1.11e-12  2.83e-01    71s
  11   1.99456081e+03  3.22258318e+04  2.87e+01 7.88e-13  1.50e-01    72s
  12   1.98379804e+03  1.60692686e+04  1.90e+01 9.32e-13  7.18e-02    73s
  13   1.99923348e+03  1.42397493e+04  1.80e+01 1.07e-12  6.33e-02    73s
  14   1.95210931e+03  8.55894300e+03  8.84e+00 9.10e-13  2.97e-02    74s
  15   1.95404933e+03  7.60864931e+03  7.63e+00 1.02e-12  2.48e-02    74s
  16   1.95711954e+03  6.66732432e+03  6.67e+00 1.07e-12  2.05e-02    75s
  17   1.95703785e+03  5.08145179e+03  5.56e+00 9.05e-13  1.41e-02    75s
  18   1.98841998e+03  3.88513793e+03  2.56e+00 9.46e-13  7.47e-03    76s
  19   2.03083966e+03  3.10648370e+03  1.90e+00 1.28e-12  4.37e-03    76s
  20   2.18581530e+03  2.66963403e+03  7.82e-01 9.11e-13  1.88e-03    77s
  21   2.25460214e+03  2.53996910e+03  4.92e-01 8.52e-13  1.13e-03    77s
  22   2.29244926e+03  2.47831968e+03  3.57e-01 1.38e-12  7.57e-04    78s
  23   2.33512762e+03  2.43829119e+03  2.24e-01 1.57e-12  4.32e-04    78s
  24   2.35212411e+03  2.42822911e+03  1.78e-01 1.37e-12  3.24e-04    79s
  25   2.35891951e+03  2.42376528e+03  1.53e-01 7.79e-13  2.78e-04    79s
  26   2.37561365e+03  2.41356668e+03  9.50e-02 1.09e-12  1.65e-04    80s
  27   2.37940283e+03  2.40975589e+03  8.48e-02 8.67e-13  1.37e-04    80s
  28   2.38324095e+03  2.40858161e+03  7.21e-02 8.65e-13  1.15e-04    81s
  29   2.39467366e+03  2.40614894e+03  3.21e-02 1.28e-12  5.15e-05    81s
  30   2.40126185e+03  2.40430814e+03  8.02e-03 8.47e-13  1.34e-05    82s
  31   2.40267008e+03  2.40373107e+03  2.93e-03 9.75e-13  4.74e-06    82s
  32   2.40334522e+03  2.40363678e+03  6.31e-04 1.21e-12  1.20e-06    83s
  33   2.40348382e+03  2.40356145e+03  1.65e-04 1.40e-12  3.18e-07    84s
  34   2.40352030e+03  2.40354202e+03  4.94e-05 9.50e-13  9.09e-08    84s
  35   2.40353356e+03  2.40354034e+03  7.66e-06 1.13e-12  2.37e-08    85s
  36   2.40353483e+03  2.40353896e+03  3.80e-06 9.48e-13  1.39e-08    85s
  37   2.40353589e+03  2.40353617e+03  5.41e-07 1.28e-12  1.14e-09    86s
  38   2.40353607e+03  2.40353607e+03  1.17e-10 3.19e-12  4.89e-13    86s

Barrier solved model in 38 iterations and 86.28 seconds
Optimal objective 2.40353607e+03


Root crossover log...

    4300 DPushes remaining with DInf 0.0000000e+00                87s
    1909 DPushes remaining with DInf 0.0000000e+00                90s
       0 DPushes remaining with DInf 0.0000000e+00                93s

      48 Dual superbasic variables remain

   24239 PPushes remaining with PInf 0.0000000e+00                93s
       0 PPushes remaining with PInf 0.0000000e+00                95s

  Push phase complete: Pinf 0.0000000e+00, Dinf 1.1505152e-11     96s


Root simplex log...

Iteration    Objective       Primal Inf.    Dual Inf.      Time
   28479    2.4035361e+03   0.000000e+00   0.000000e+00     96s
Concurrent spin time: 0.00s

Solved with barrier

Root relaxation: objective 2.403536e+03, 28479 iterations, 54.87 seconds
Total elapsed time = 100.42s
Total elapsed time = 105.91s

    Nodes    |    Current Node    |     Objective Bounds      |     Work
 Expl Unexpl |  Obj  Depth IntInf | Incumbent    BestBd   Gap | It/Node Time

     0     0 2403.53607    0 6466          - 2403.53607      -     -  112s
     0     0 2403.53607    0 6548          - 2403.53607      -     -  149s
     0     0 2105.09055    0 6761          - 2105.09055      -     -  217s
     0     0 2074.61399    0 6991          - 2074.61399      -     -  235s
     0     0 2074.15935    0 6914          - 2074.15935      -     -  239s
     0     0 2074.15525    0 6888          - 2074.15525      -     -  241s
     0     0 2074.14973    0 6844          - 2074.14973      -     -  243s
     0     0 2074.14973    0 6844          - 2074.14973      -     -  244s
     0     0 2074.14973    0 6641          - 2074.14973      -     -  284s
     0     0 1915.42137    0 7325          - 1915.42137      -     -  353s
     0     0 1892.72242    0 7083          - 1892.72242      -     -  375s
     0     0 1892.40161    0 7081          - 1892.40161      -     -  379s
     0     0 1892.38434    0 7084          - 1892.38434      -     -  380s
     0     0 1891.36417    0 7195          - 1891.36417      -     -  421s
     0     0 1720.13143    0 7199          - 1720.13143      -     -  471s
     0     0 1662.74452    0 6964          - 1662.74452      -     -  506s
     0     0 1658.39449    0 7098          - 1658.39449      -     -  521s
     0     0 1656.72074    0 7187          - 1656.72074      -     -  531s
     0     0 1656.70002    0 7120          - 1656.70002      -     -  534s
     0     0 1656.58256    0 7081          - 1656.58256      -     -  566s
     0     0 1534.10026    0 7222          - 1534.10026      -     -  618s
     0     0 1478.77121    0 6994          - 1478.77121      -     -  664s
     0     0 1471.09485    0 7039          - 1471.09485      -     -  679s
     0     0 1470.33616    0 7157          - 1470.33616      -     -  688s
     0     0 1470.30821    0 7214          - 1470.30821      -     -  690s
     0     0 1443.49415    0 7065          - 1443.49415      -     -  750s
     0     0 1403.51455    0 6536          - 1403.51455      -     -  788s
     0     0 1389.04068    0 6566          - 1389.04068      -     -  806s
     0     0 1388.56573    0 6704          - 1388.56573      -     -  813s
     0     0 1388.37066    0 6796          - 1388.37066      -     -  818s
     0     0 1388.34317    0 6733          - 1388.34317      -     -  820s
     0     0 1386.71117    0 6861          - 1386.71117      -     -  844s
     0     0 1349.98001    0 6838          - 1349.98001      -     -  878s
     0     0 1331.78044    0 7007          - 1331.78044      -     -  902s
     0     0 1329.90411    0 6854          - 1329.90411      -     -  915s
     0     0 1329.74361    0 6806          - 1329.74361      -     -  918s
     0     0 1329.74351    0 6878          - 1329.74351      -     -  920s
     0     0 1323.16051    0 6602          - 1323.16051      -     -  947s
     0     0 1312.61438    0 6446          - 1312.61438      -     -  968s
     0     0 1311.17516    0 6295          - 1311.17516      -     -  979s
     0     0 1310.86176    0 6418          - 1310.86176      -     -  983s
     0     0 1310.70577    0 6455          - 1310.70577      -     -  992s
     0     0 1310.69488    0 6495          - 1310.69488      -     - 1010s
     0     0 1309.00878    0 6700          - 1309.00878      -     - 1022s
     0     0 1305.87489    0 6259          - 1305.87489      -     - 1045s
     0     0 1305.76949    0 6017          - 1305.76949      -     - 1052s
     0     0 1305.76949    0 5978          - 1305.76949      -     - 1068s
     0     0 1299.53620    0 5976          - 1299.53620      -     - 1085s
     0     0 1292.36677    0 6205          - 1292.36677      -     - 1111s
     0     0 1291.53410    0 6042          - 1291.53410      -     - 1126s
     0     0 1291.52367    0 6085          - 1291.52367      -     - 1131s
     0     0 1291.50833    0 6045          - 1291.50833      -     - 1150s
     0     0 1286.71319    0 5945          - 1286.71319      -     - 1173s
     0     0 1286.64063    0 6124          - 1286.64063      -     - 1182s
     0     0 1286.59556    0 6030          - 1286.59556      -     - 1203s
     0     0 1285.67963    0 6005          - 1285.67963      -     - 1223s
     0     0 1285.65100    0 5965          - 1285.65100      -     - 1229s
     0     0 1285.62124    0 6190          - 1285.62124      -     - 1253s
     0     0 1285.57732    0 6167          - 1285.57732      -     - 1262s
     0     0 1285.56579    0 6211          - 1285.56579      -     - 1282s
     0     0 1285.56579    0 5649          - 1285.56579      -     - 1308s
     0     2 1285.51273    0 5623          - 1285.51273      -     - 1495s
     1     4 1285.50973    1 5628          - 1285.51273      -  3279 1500s
     3     8 1285.50973    2 5626          - 1285.51273      -  1346 1517s
     7    16 1285.49923    3 5796          - 1285.51273      -  1165 1534s
    15    32 1285.49923    4 5739          - 1285.51273      -  1199 1562s
    31    56 1285.36328    5 6498          - 1285.51273      -  1234 1605s
    55    80 1285.36328    6 6490          - 1285.49923      -  1927 1647s
    79   104 1285.33372    6 6336          - 1285.46080      -  2082 1686s
   103   128 1285.36328    7 6458          - 1285.46080      -  2080 1713s
   127   162 1285.34919    7 6264          - 1285.46080      -  1863 1746s
   161   199 1285.34256    8 6258          - 1285.46080      -  1664 1763s
   198   231 1285.23773   10 6308          - 1285.46080      -  1449 1790s
   230   269 1285.31624   10 6197          - 1285.46080      -  1366 1824s
   268   343 1285.31354   11 6112          - 1285.46080      -  1297 1870s
   342   437 1285.31307   15 6039          - 1285.46080      -  1192 1924s
   436   580 1285.25961   23 6064          - 1285.46080      -  1237 1997s
   579   728 1285.31307   24 5973          - 1285.46080      -  1126 2062s
   727   931 1285.29233   29 6125          - 1285.46080      -  1054 2128s
   930  1142 1285.24160   34 6037          - 1285.46080      -   962 2204s
  1141  1303 1285.22717   38 6218          - 1285.46080      -   897 2278s
  1302  1523 1284.82918   40 6063          - 1285.46080      -   889 2346s
  1522  1705 1284.66894   48 5925          - 1285.46080      -   847 2429s
  1704  1936 1284.65215   57 6066          - 1285.46080      -   837 2508s
  1935  2134 1284.49166   63 5848          - 1285.46080      -   815 2605s
  2133  2339 1284.31805   71 6058          - 1285.46080      -   813 2693s
  2338  2594 1284.19376   74 5882          - 1285.46080      -   811 2782s
  2593  2798 1284.09668   76 5746          - 1285.46080      -   793 2881s
  2797  3030 1283.89523   83 5710          - 1285.46080      -   798 2982s
  3029  3290 1283.71080   91 5733          - 1285.46080      -   795 3075s
  3289  3483 1283.59461  100 5639          - 1285.46080      -   788 3186s
  3482  3771 1283.16999  105 5520          - 1285.46080      -   798 3306s
  3770  4091 1282.79708  118 5407          - 1285.46080      -   791 3425s
  4090  4365 1282.62744  129 4856          - 1285.46080      -   779 3546s
  4364  4619 1281.20885  143 4922          - 1285.46080      -   780 3701s
  4618  4981 1282.27114  146 4700          - 1285.46080      -   788 3839s
  4980  5121 1282.04133  157 4614          - 1285.46080      -   778 4113s
  5120  5537 1282.04133  160 4636          - 1285.46080      -   780 4264s
  5536  5922 1281.30066  178 4836          - 1285.46080      -   769 4419s
  5921  6395 1281.25662  199 4951          - 1285.46080      -   764 4585s
  6394  6846 1280.10849  213 4906          - 1285.46080      -   751 4754s
  6845  7383 1272.11934  222 4566          - 1285.46080      -   744 4931s
  7382  7894 1277.57877  235 4274          - 1285.46080      -   731 5110s
  7893  8475 1277.25734  253 4594          - 1285.46080      -   722 5309s
  8474  9007 1276.53436  272 3976          - 1285.46080      -   710 5504s
  9006  9486 1275.25587  291 3918          - 1285.46080      -   705 5732s
  9485 10125 1275.32747  299 4627          - 1285.46080      -   705 5948s
 10124 10668 1275.08356  310 4623          - 1285.46080      -   696 6161s
 10667 11150 1274.76095  328 4462          - 1285.46080      -   695 6380s
 11149 11689 1273.69089  336 4331          - 1285.46080      -   698 6623s
 11688 12189 1271.23361  351 4174          - 1285.46080      -   700 6860s
 12188 12663 1269.13492  357 4005          - 1285.46080      -   705 7093s
 12663 12664 1281.52683  142 5649          - 1285.46080      -   711 8664s
 12664 12665 1285.10009   65 5649          - 1285.46080      -   711 8667s
 12665 12665 1283.47000  109 4454          - 1285.46080      -   711 8914s
 12666 12666 1284.60282   88 4246          - 1285.46080      -   711 8988s
 12667 12667 1267.97485  333 4850          - 1285.46080      -   711 9063s
 12668 12667 1285.23678   16 4765          - 1285.46080      -   711 9142s
 12669 12668 1279.90528   33 4655          - 1279.90528      -   711 9179s
 12670 12669 1278.00236  122 4727          - 1278.00236      -   711 9205s
 12671 12669 1277.60138  138 4806          - 1277.60138      -   711 9223s
 12672 12670 1277.52571   79 4907          - 1277.52571      -   711 9232s
 12673 12671 1277.51393   65 4796          - 1277.51393      -   711 9237s
 12674 12671 1277.51327  170 4784          - 1277.51327      -   711 9241s
 12675 12672 1277.51327   82 4796          - 1277.51327      -   710 9408s
 12676 12673 1277.20545   49 4764          - 1277.20545      -   710 9478s
 12677 12673 1274.35867  204 5238          - 1274.35867      -   710 9555s
 12678 12674 1273.14232   65 5395          - 1273.14232      -   710 9585s
 12679 12675 1271.95837  128 5533          - 1271.95837      -   710 9610s
 12680 12675 1271.35707  183 5697          - 1271.35707      -   710 9649s
 12681 12676 1270.43961  236 5909          - 1270.43961      -   710 9687s
 12682 12677 1270.06722  183 5753          - 1270.06722      -   710 9717s
 12683 12677 1270.01813  262 5754          - 1270.01813      -   710 9730s
 12684 12678 1270.00955  212 5771          - 1270.00955      -   710 9737s
 12685 12679 1270.00571  131 5746          - 1270.00571      -   710 9743s
 12686 12679 1270.00378  148 5778          - 1270.00378      -   710 9749s
 12687 12680 1270.00304  179 5750          - 1270.00304      -   710 9753s
 12688 12681 1268.17714  283 5758          - 1270.00234      -   710 9757s
 12689 12681 1270.00153   15 5773          - 1270.00153      -   710 9760s
 12690 12682 1270.00123   10 5801          - 1270.00123      -   710 9858s
 12691 12683 1267.80775  231 5364          - 1267.80775      -   710 9987s
 12692 12683 1267.49010  288 5763          - 1267.49010      -   710 10015s
 12693 12684 1266.68504   56 5840          - 1266.68504      -   709 10072s
 12694 12685 1266.35657   28 5994          - 1266.35657      -   709 10108s
 12695 12685 1265.64473   70 5946          - 1265.64473      -   709 10186s
 12696 12686 1264.90867   60 5925          - 1264.90867      -   709 10242s
 12697 12687 1264.69554  230 6026          - 1264.69554      -   709 10276s
 12698 12687 1264.59881  276 5938          - 1264.59881      -   709 10297s
 12699 12688 1264.53061  117 6002          - 1264.53061      -   709 10320s
 12700 12689 1249.02392  378 6129          - 1264.46394      -   709 10341s
 12701 12689 1264.45249   46 6140          - 1264.45249      -   709 10351s
 12702 12690 1264.44963  216 6176          - 1264.44963      -   709 10357s
 12703 12691 1264.44434  234 6160          - 1264.44434      -   709 10363s
 12704 12691 1264.44340  268 6211          - 1264.44340      -   709 10368s
 12705 12692 1264.44245  113 6207          - 1264.44245      -   709 10373s
 12706 12693 1264.44155  100 6203          - 1264.44155      -   709 10378s
 12707 12693 1264.44090  123 6192          - 1264.44090      -   709 10382s
 12708 12694 1264.44068  195 6173          - 1264.44068      -   709 10459s
 12709 12695 1262.24808  218 5850          - 1262.24808      -   709 10618s
 12710 12695 1261.73349  252 6058          - 1261.73349      -   709 10667s
 12711 12696 1261.04930  301 6197          - 1261.04930      -   708 10720s
 12712 12697 1260.84575   49 6144          - 1260.84575      -   708 10753s
 12713 12697 1260.63510  156 6104          - 1260.63510      -   708 10783s
 12714 12698 1260.19398  181 6084          - 1260.19398      -   708 10836s
 12715 12699 1260.06277  119 6152          - 1260.06277      -   708 10869s
 12716 12699 1258.57809  234 6126          - 1258.57809      -   708 10949s
 12717 12700 1258.56067  160 6110          - 1258.56067      -   708 10961s
 12718 12701 1258.31746  243 6191          - 1258.31746      -   708 10990s
 12719 12701 1258.21614   67 6274          - 1258.21614      -   708 11017s
 12720 12702 1257.92765  180 6177          - 1257.92765      -   708 11057s
 12721 12703 1257.81270  250 6318          - 1257.81270      -   708 11084s
 12722 12703 1257.77565   56 6371          - 1257.77565      -   708 11105s
 12723 12704 1257.61582  234 6362          - 1257.61582      -   708 11139s
 12724 12705 1257.53636   50 6300          - 1257.53636      -   708 11162s
 12725 12705 1257.51976  104 6408          - 1257.51976      -   708 11174s
 12726 12706 1257.05183  302 6252          - 1257.28222      -   708 11224s
 12727 12707 1257.25954   29 6369          - 1257.25954      -   708 11242s
 12728 12707 1257.22206  281 6327          - 1257.22206      -   708 11257s
 12729 12708 1257.20780  227 6358          - 1257.20780      -   707 11266s
 12730 12709 1257.20096  136 6436          - 1257.20096      -   707 11274s
 12731 12709 1257.19879  218 6461          - 1257.19879      -   707 11281s
 12732 12710 1257.19760  196 6454          - 1257.19760      -   707 11287s
 12733 12711 1257.19703  150 6466          - 1257.19703      -   707 11292s
 12734 12711 1257.19687   70 6455          - 1257.19687      -   707 11360s
 12735 12712 1255.76761   55 6088          - 1255.76761      -   707 11589s
 12736 12713 1255.54754  203 6121          - 1255.54754      -   707 11630s
 12737 12713 1255.42610  359 6288          - 1255.42610      -   707 11661s
 12738 12714 1255.29816   76 6314          - 1255.29816      -   707 11697s
 12739 12715 1255.06756  231 6176          - 1255.06756      -   707 11740s
 12740 12715 1254.99295  267 6240          - 1254.99295      -   707 11762s
 12741 12716 1254.89738  128 6283          - 1254.89738      -   707 11785s
 12742 12717 1254.85843  214 6244          - 1254.85843      -   707 11799s
 12743 12717 1254.34812   60 6312          - 1254.34812      -   707 11859s
 12744 12718 1254.15591  129 6250          - 1254.15591      -   707 11886s
 12745 12719 1254.06051   34 6409          - 1254.06051      -   707 11918s
 12746 12719 1253.95519   83 6319          - 1253.95519      -   707 11955s
 12747 12720 1253.91045  195 6355          - 1253.91045      -   706 11971s
 12748 12721 1253.82163  150 6353          - 1253.82163      -   706 11992s
 12749 12721 1253.80126  185 6423          - 1253.80126      -   706 12005s
 12750 12722 1253.79015  123 6444          - 1253.79015      -   706 12015s
 12751 12723 1253.78819  265 6498          - 1253.78819      -   706 12023s
 12752 12723 1253.78758  271 6487          - 1253.78758      -   706 12028s
 12753 12724 1253.78673  130 6516          - 1253.78673      -   706 12034s
 12754 12725 1253.78653  251 6554          - 1253.78653      -   706 12101s
 12755 12725 1253.15239  120 6219          - 1253.15239      -   706 12260s
 12756 12726 1253.01792  258 6418          - 1253.01792      -   706 12298s
 12757 12727 1252.53625  307 6307          - 1252.53625      -   706 12391s
 12758 12727 1252.33753   10 6252          - 1252.33753      -   706 12428s
 12759 12728 1252.23845  274 6268          - 1252.23845      -   706 12453s
 12760 12729 1252.19811  117 6318          - 1252.19811      -   706 12476s
 12761 12729 1252.14053   96 6362          - 1252.14053      -   706 12502s
 12762 12730 1252.11649   12 6405          - 1252.11649      -   706 12514s
 12763 12731 1251.82927  142 6360          - 1251.82927      -   706 12584s
 12764 12731 1251.77504   65 6291          - 1251.77504      -   706 12603s
 12765 12732 1251.74304  109 6397          - 1251.74304      -   705 12618s
 12766 12733 1251.72278   88 6469          - 1251.72278      -   705 12638s
 12767 12733 1251.46652  333 6399          - 1251.46652      -   705 12724s
 12768 12734 1251.42631   16 6426          - 1251.42631      -   705 12742s
 12769 12735 1251.41185   33 6470          - 1251.41185      -   705 12753s
 12770 12735 1251.35914  122 6565          - 1251.35914      -   705 12785s
 12771 12736 1251.34876  138 6520          - 1251.34876      -   705 12796s
 12772 12737 1251.34360   79 6495          - 1251.34360      -   705 12804s
 12773 12737 1251.34295   65 6533          - 1251.34295      -   705 12810s
 12775 12739 1251.34204   82 6565          - 1251.34204      -   705 12876s
 12776 12739 1250.42036   49 6230          - 1250.42036      -   705 13056s
 12777 12740 1250.28312  204 6283          - 1250.28312      -   705 13098s
 12778 12741 1250.09793   65 6363          - 1250.09793      -   705 13141s
 12779 12741 1249.95107  128 6269          - 1249.95107      -   705 13179s
 12780 12742 1249.91249  183 6447          - 1249.91249      -   705 13195s
 12781 12743 1249.72655  236 6409          - 1249.72655      -   705 13231s
 12782 12743 1249.63346  183 6403          - 1249.63346      -   705 13259s
 12783 12744 1249.44495  262 6445          - 1249.44495      -   704 13336s
 12784 12745 1249.34369  212 6477          - 1249.34369      -   704 13384s
 12785 12745 1249.31218  131 6572          - 1249.31218      -   704 13412s
 12786 12746 1249.06197  148 6327          - 1249.06197      -   704 13477s
 12787 12747 1249.02562  179 6418          - 1249.02562      -   704 13495s
 12788 12747 1249.01043  283 6401          - 1249.01043      -   704 13507s
 12789 12748 1248.97133   15 6548          - 1248.97133      -   704 13542s
 12790 12749 1248.91568   10 6501          - 1248.91568      -   704 13569s
 12791 12749 1248.87291  231 6584          - 1248.87291      -   704 13613s
 12792 12750 1248.85233  288 6562          - 1248.85233      -   704 13630s
 12793 12751 1248.83977   56 6584          - 1248.83977      -   704 13643s
 12794 12751 1248.82585   28 6584          - 1248.82585      -   704 13653s
 12795 12752 1248.82154   70 6698          - 1248.82154      -   704 13664s
 12796 12753 1248.81672   60 6644          - 1248.81672      -   704 13674s
 12797 12753 1248.81560  230 6684          - 1248.81560      -   704 13683s
 12798 12754 1248.81471  276 6665          - 1248.81471      -   704 13689s
 12799 12755 1248.81451  117 6725          - 1248.81451      -   704 13755s
 12800 12755 1248.10775  378 6390          - 1248.10775      -   704 13938s
 12801 12756 1248.03488   46 6450          - 1248.03488      -   703 13958s
 12802 12757 1247.87697  216 6519          - 1247.87697      -   703 14001s
 12803 12757 1247.82754  234 6482          - 1247.82754      -   703 14023s
 12804 12758 1247.80690  268 6502          - 1247.80690      -   703 14033s
 12805 12759 1247.71573  113 6459          - 1247.71573      -   703 14056s
 12806 12759 1247.68531  100 6507          - 1247.68531      -   703 14072s
 12807 12760 1247.62862  123 6580          - 1247.62862      -   703 14090s
 12808 12761 1247.59688  195 6582          - 1247.59688      -   703 14105s
 12809 12761 1247.42810  218 6481          - 1247.42810      -   703 14144s
 12810 12762 1247.39382  252 6679          - 1247.39382      -   703 14163s
 12811 12763 1247.35929  301 6680          - 1247.35929      -   703 14192s
 12812 12763 1247.27371   49 6705          - 1247.27371      -   703 14233s
 12813 12764 1247.16691  156 6598          - 1247.16691      -   703 14271s
 12814 12765 1247.14952  181 6618          - 1247.14952      -   703 14283s
 12815 12765 1247.13927  119 6676          - 1247.13927      -   703 14292s
 12816 12766 1247.10396  234 6727          - 1247.10396      -   703 14319s
 12817 12767 1246.98868  160 6730          - 1246.98868      -   703 14390s
 12818 12767 1246.96244  243 6765          - 1246.96244      -   703 14406s
 12819 12768 1246.94746   67 6718          - 1246.94746      -   702 14418s
 12820 12769 1246.93795  180 6755          - 1246.93795      -   702 14427s
 12821 12769 1246.93594  250 6787          - 1246.93594      -   702 14434s
 12822 12770 1246.93447   56 6790          - 1246.93447      -   702 14439s
 12823 12771 1246.93325  234 6776          - 1246.93325      -   702 14445s
 12824 12771 1246.93307   50 6816          - 1246.93307      -   702 14517s
 12825 12772 1246.40407  104 6462          - 1246.40407      -   702 14696s
 12826 12773 1246.33401  302 6473          - 1246.33401      -   702 14719s
 12827 12773 1245.91586   29 6515          - 1245.91586      -   702 14764s
 12828 12774 1245.87434  281 6597          - 1245.87434      -   702 14791s
 12829 12775 1245.84621  227 6605          - 1245.84621      -   702 14806s
 12830 12775 1245.70868  136 6513          - 1245.70868      -   702 14853s
 12831 12776 1245.67311  218 6544          - 1245.67311      -   702 14874s
 12832 12777 1245.60634  196 6593          - 1245.60634      -   702 14904s
 12833 12777 1245.59435  150 6622          - 1245.59435      -   702 14914s
 12834 12778 1245.49224   70 6629          - 1245.49224      -   702 14940s
 12835 12779 1245.44650   55 6769          - 1245.44650      -   702 14961s
 12836 12779 1245.40330  203 6723          - 1245.40330      -   702 14981s
 12837 12780 1245.30150  359 6679          - 1245.30150      -   702 15025s
 12838 12781 1245.27372   76 6769          - 1245.27372      -   701 15042s
 12839 12781 1245.25444  231 6810          - 1245.25444      -   701 15055s
 12840 12782 1245.18337  267 6764          - 1245.18337      -   701 15097s
 12841 12783 1245.13549  128 6820          - 1245.13549      -   701 15117s
 12842 12783 1245.12735  214 6805          - 1245.12735      -   701 15127s
 12843 12784 1245.07286   60 6811          - 1245.07286      -   701 15160s
 12844 12785 1245.06796  129 6859          - 1245.06796      -   701 15169s
 12845 12785 1245.04741   34 6864          - 1245.04741      -   701 15185s
 12846 12786 1245.03318   83 6785          - 1245.03318      -   701 15197s
 12847 12787 1245.02951  195 6922          - 1245.02951      -   701 15206s
 12848 12787 1245.02498  150 6972          - 1245.02498      -   701 15216s
 12849 12788 1245.02164  185 6924          - 1245.02164      -   701 15224s
 12850 12789 1245.02079  123 7019          - 1245.02079      -   701 15229s
 12851 12789 1245.02007  265 7011          - 1245.02007      -   701 15235s
 12852 12790 1245.01941  271 7042          - 1245.01941      -   701 15240s
 12853 12791 1245.01919  130 7046          - 1245.01919      -   701 15294s
 12854 12791 1244.17444  251 6584          - 1244.17444      -   701 15646s
 12855 12792 1244.11503  120 6671          - 1244.11503      -   701 15667s
 12856 12793 1244.10841  258 6687          - 1244.10841      -   700 15681s
 12857 12793 1244.02459  307 6681          - 1244.02459      -   700 15730s
 12858 12794 1243.98114   10 6736          - 1243.98114      -   700 15758s
 12859 12795 1243.94284  274 6713          - 1243.94284      -   700 15793s
 12860 12795 1243.88720  117 6753          - 1243.88720      -   700 15838s
 12861 12796 1243.87460   96 6748          - 1243.87460      -   700 15851s
 12862 12797 1243.76478   12 6710          - 1243.76478      -   700 15903s
 12863 12797 1243.74305  142 6800          - 1243.74305      -   700 15923s
 12864 12798 1243.69442   65 6767          - 1243.69442      -   700 15954s
 12865 12799 1243.63664  109 6780          - 1243.63664      -   700 15995s
 12866 12799 1243.51644   88 6826          - 1243.51644      -   700 16080s
 12867 12800 1243.47181  333 6859          - 1243.47181      -   700 16109s
 12868 12801 1243.45398   16 6853          - 1243.45398      -   700 16130s
 12869 12801 1243.37078   33 6834          - 1243.37078      -   700 16191s
 12870 12802 1243.34626  122 6890          - 1243.34626      -   700 16216s
 12871 12803 1243.33108  138 6793          - 1243.33108      -   700 16243s
 12872 12803 1243.32685   79 6861          - 1243.32685      -   700 16255s
 12873 12804 1243.28501   65 6926          - 1243.28501      -   700 16300s
 12874 12805 1243.26774  170 6858          - 1243.26774      -   699 16322s
 12875 12805 1243.25820   82 6969          - 1243.25820      -   699 16340s
 12876 12806 1243.25298   49 6998          - 1243.25298      -   699 16353s
 12877 12807 1243.24774  204 7070          - 1243.24774      -   699 16365s
 12878 12807 1243.24563   65 7061          - 1243.24563      -   699 16373s
 12879 12808 1243.24439  128 7085          - 1243.24439      -   699 16381s
 12880 12809 1243.24354  183 7120          - 1243.24354      -   699 16387s
 12881 12809 1243.24318  236 7113          - 1243.24318      -   699 16448s
 12882 12810 1242.89579  183 6763          - 1242.89579      -   699 16650s
 12883 12811 1242.80438  262 6872          - 1242.80438      -   699 16686s
 12884 12811 1242.70759  212 6864          - 1242.70759      -   699 16759s
 12885 12812 1242.64483  131 6835          - 1242.64483      -   699 16799s
 12886 12813 1242.56688  148 6909          - 1242.56688      -   699 16854s
 12887 12813 1242.52933  179 6974          - 1242.52933      -   699 16880s
 12888 12814 1242.37886  283 6896          - 1242.37886      -   699 16954s
 12889 12815 1242.34756   15 6928          - 1242.34756      -   699 16985s
 12890 12815 1242.33368   10 6941          - 1242.33368      -   699 17000s
 12891 12816 1242.28423  231 6929          - 1242.28423      -   699 17029s
 12892 12817 1242.27011  288 6970          - 1242.27011      -   699 17044s
 12893 12817 1242.21441   56 6943          - 1242.21441      -   698 17085s
 12894 12818 1242.19974   28 6982          - 1242.19974      -   698 17104s
 12895 12819 1242.16842   70 6996          - 1242.16842      -   698 17130s
 12896 12819 1242.16168   60 7077          - 1242.16168      -   698 17144s
 12897 12820 1242.11743  230 7030          - 1242.11743      -   698 17183s
 12898 12821 1242.10602  276 7049          - 1242.10602      -   698 17203s
 12899 12821 1242.09448  117 7037          - 1242.09448      -   698 17223s
 12900 12822 1242.08493  378 7062          - 1242.08493      -   698 17242s
 12901 12823 1242.08283   46 7122          - 1242.08283      -   698 17251s
 12902 12823 1242.07685  216 7117          - 1242.07685      -   698 17261s
 12903 12824 1242.07538  234 7155          - 1242.07538      -   698 17268s
 12904 12825 1242.07423  268 7170          - 1242.07423      -   698 17275s
 12905 12825 1242.07291  113 7176          - 1242.07291      -   698 17281s
 12906 12826 1242.07179  100 7180          - 1242.07179      -   698 17287s
 12907 12827 1242.07119  123 7159          - 1242.07119      -   698 17292s
 12908 12827 1242.07083  195 7190          - 1242.07083      -   698 17348s
 12909 12828 1241.56108  218 6856          - 1241.56108      -   698 17591s
 12910 12829 1241.49787  252 6795          - 1241.49787      -   698 17629s
 12911 12829 1241.41562  301 6862          - 1241.41562      -   697 17678s
 12912 12830 1241.36892   49 6919          - 1241.36892      -   697 17706s
 12913 12831 1241.28383  156 6889          - 1241.28383      -   697 17763s
 12914 12831 1241.22554  181 6919          - 1241.22554      -   697 17804s
 12915 12832 1241.20369  119 6961          - 1241.20369      -   697 17819s
 12916 12833 1241.11861  234 6943          - 1241.11861      -   697 17874s
 12917 12833 1241.09393  160 6983          - 1241.09393      -   697 17901s
 12918 12834 1241.08291  243 7042          - 1241.08291      -   697 17915s
 12919 12835 1241.02254   67 6996          - 1241.02254      -   697 17957s
 12920 12835 1241.00322  180 6996          - 1241.00322      -   697 17979s
 12921 12836 1240.98634  250 7045          - 1240.98634      -   697 17998s

Cutting planes:
  Gomory: 48
  Cover: 290
  Implied bound: 21
  Projected implied bound: 84
  Clique: 627
  MIR: 393
  StrongCG: 18
  Flow cover: 1339
  GUB cover: 39
  Zero half: 1428
  RLT: 8
  Relax-and-lift: 2239

Explored 12921 nodes (10360413 simplex iterations) in 18000.41 seconds
Thread count was 24 (of 48 available processors)

Solution count 0

Time limit reached
Best objective -, best bound 1.240986335510e+03, gap -
