
Gurobi 9.0.2 (linux64) logging started Mon May 25 08:36:09 2020

Changed value of parameter LogFile to gurobi_logs/2020-05-25_08:36:02-rproblem9_mode=optimality_no_sdp.log
   Prev:   Default: 
Parameter MIPFocus unchanged
   Value: 0  Min: 0  Max: 3  Default: 0
Parameter SolutionLimit unchanged
   Value: 2000000000  Min: 1  Max: 2000000000  Default: 2000000000
Parameter LogToConsole unchanged
   Value: 1  Min: 0  Max: 1  Default: 1
Changed value of parameter TimeLimit to 18000.0
   Prev: inf  Min: 0.0  Max: inf  Default: inf
Gurobi Optimizer version 9.0.2 build v9.0.2rc0 (linux64)
Optimize a model with 263556 rows, 176600 columns and 7848576 nonzeros
Model fingerprint: 0x85c520f3
Variable types: 56 continuous, 176544 integer (160920 binary)
Coefficient statistics:
  Matrix range     [2e-02, 2e+02]
  Objective range  [2e-01, 2e+00]
  Bounds range     [1e+00, 1e+00]
  RHS range        [1e+00, 4e+02]
Presolve removed 118673 rows and 30000 columns (presolve time = 5s) ...
Presolve removed 199854 rows and 101311 columns (presolve time = 10s) ...
Presolve removed 199854 rows and 101311 columns (presolve time = 15s) ...
Presolve removed 200063 rows and 101520 columns (presolve time = 20s) ...
Presolve removed 200063 rows and 101520 columns (presolve time = 26s) ...
Presolve removed 200063 rows and 101520 columns (presolve time = 30s) ...
Presolve removed 199847 rows and 101304 columns
Presolve time: 30.33s
Presolved: 63709 rows, 75296 columns, 958749 nonzeros
Variable types: 1 continuous, 75295 integer (75277 binary)

Deterministic concurrent LP optimizer: primal and dual simplex
Showing first log only...


Root simplex log...

Iteration    Objective       Primal Inf.    Dual Inf.      Time
       0    8.0264356e+03   2.346688e+03   6.273428e+09     33s
   16751    7.6926474e+03   7.950064e+01   8.591520e+09     35s
   25138   -4.5810699e+04   0.000000e+00   7.255419e+04     37s
   40349    4.9380897e+03   0.000000e+00   2.412853e+05     40s
   43999    5.9130918e+03   0.000000e+00   1.869385e+07     45s
   46921    6.4575181e+03   0.000000e+00   4.090121e+07     50s
   49337    6.7393971e+03   0.000000e+00   7.381267e+06     55s
   51519    6.9098224e+03   0.000000e+00   1.875976e+05     60s
   53647    7.0446028e+03   0.000000e+00   8.210794e+05     65s
   55473    7.1737099e+03   0.000000e+00   5.622328e+05     70s
   57533    7.3025211e+03   0.000000e+00   7.535551e+05     75s
Concurrent spin time: 7.25s

Solved with dual simplex

Root relaxation: objective 7.933673e+03, 31448 iterations, 44.27 seconds
Total elapsed time = 94.28s
Total elapsed time = 113.08s
Total elapsed time = 127.92s
Total elapsed time = 141.26s

    Nodes    |    Current Node    |     Objective Bounds      |     Work
 Expl Unexpl |  Obj  Depth IntInf | Incumbent    BestBd   Gap | It/Node Time

     0     0 7933.67289    0 3635          - 7933.67289      -     -  154s
     0     0 7933.63679    0 5139          - 7933.63679      -     -  184s
     0     0 7932.37868    0 5775          - 7932.37868      -     -  215s
     0     0 7930.64597    0 6054          - 7930.64597      -     -  269s
     0     0 7929.98580    0 6321          - 7929.98580      -     -  295s
     0     0 7929.88754    0 6250          - 7929.88754      -     -  310s
     0     0 7929.88738    0 6097          - 7929.88738      -     -  312s
     0     0 7928.87471    0 6597          - 7928.87471      -     -  337s
     0     0 7927.37338    0 6810          - 7927.37338      -     -  368s
     0     0 7925.55777    0 6947          - 7925.55777      -     -  399s
     0     0 7924.95298    0 7025          - 7924.95298      -     -  437s
     0     0 7924.76897    0 7054          - 7924.76897      -     -  451s
     0     0 7924.72160    0 6962          - 7924.72160      -     -  471s
     0     0 7924.72053    0 6893          - 7924.72053      -     -  478s
     0     0 7924.37830    0 7132          - 7924.37830      -     -  508s
     0     0 7921.26880    0 7380          - 7921.26880      -     -  562s
     0     0 7919.62321    0 7530          - 7919.62321      -     -  608s
     0     0 7918.49983    0 7489          - 7918.49983      -     -  659s
     0     0 7918.13314    0 7537          - 7918.13314      -     -  698s
     0     0 7918.07054    0 7694          - 7918.07054      -     -  729s
     0     0 7918.06061    0 7561          - 7918.06061      -     -  744s
     0     0 7918.05901    0 7486          - 7918.05901      -     -  757s
     0     0 7917.63827    0 7679          - 7917.63827      -     -  802s
     0     0 7915.88828    0 7755          - 7915.88828      -     -  846s
     0     0 7912.99102    0 7649          - 7912.99102      -     -  905s
     0     0 7912.21642    0 7930          - 7912.21642      -     -  945s
     0     0 7911.87851    0 7846          - 7911.87851      -     -  973s
     0     0 7911.78198    0 7762          - 7911.78198      -     - 1011s
     0     0 7911.76988    0 7774          - 7911.76988      -     - 1029s
     0     0 7911.76929    0 7756          - 7911.76929      -     - 1042s
     0     0 7910.71956    0 8112          - 7910.71956      -     - 1093s
     0     0 7909.54609    0 8127          - 7909.54609      -     - 1136s
     0     0 7909.15146    0 8295          - 7909.15146      -     - 1156s
     0     0 7908.42383    0 8302          - 7908.42383      -     - 1202s
     0     0 7908.22479    0 8411          - 7908.22479      -     - 1237s
     0     0 7908.16003    0 8426          - 7908.16003      -     - 1267s
     0     0 7908.14675    0 8472          - 7908.14675      -     - 1287s
     0     0 7908.14647    0 8484          - 7908.14647      -     - 1299s
     0     0 7907.03707    0 8382          - 7907.03707      -     - 1347s
     0     0 7906.14314    0 8410          - 7906.14314      -     - 1395s
     0     0 7905.58719    0 8564          - 7905.58719      -     - 1438s
     0     0 7905.45014    0 8605          - 7905.45014      -     - 1470s
     0     0 7905.41434    0 8737          - 7905.41434      -     - 1493s
     0     0 7905.40548    0 8624          - 7905.40548      -     - 1511s
     0     0 7905.40209    0 8589          - 7905.40209      -     - 1527s
     0     0 7903.59118    0 8491          - 7903.59118      -     - 1582s
     0     0 7903.31119    0 8624          - 7903.31119      -     - 1614s
     0     0 7902.67578    0 8693          - 7902.67578      -     - 1658s
     0     0 7902.51706    0 8738          - 7902.51706      -     - 1676s
     0     0 7902.49236    0 8613          - 7902.49236      -     - 1700s
     0     0 7902.47424    0 8656          - 7902.47424      -     - 1728s
     0     0 7902.47029    0 8622          - 7902.47029      -     - 1741s
     0     0 7902.33219    0 8629          - 7902.33219      -     - 1769s
     0     0 7901.25833    0 8399          - 7901.25833      -     - 1807s
     0     0 7900.82460    0 8515          - 7900.82460      -     - 1852s
     0     0 7900.66112    0 8590          - 7900.66112      -     - 1889s
     0     0 7900.59827    0 8649          - 7900.59827      -     - 1922s
     0     0 7900.56732    0 8576          - 7900.56732      -     - 1957s
     0     0 7900.55098    0 8587          - 7900.55098      -     - 1973s
     0     0 7900.54690    0 8657          - 7900.54690      -     - 1990s
     0     0 7899.27701    0 8488          - 7899.27701      -     - 2035s
     0     0 7898.93217    0 8819          - 7898.93217      -     - 2059s
     0     0 7898.77736    0 8774          - 7898.77736      -     - 2090s
     0     0 7898.74616    0 8851          - 7898.74616      -     - 2114s
     0     0 7898.72752    0 8857          - 7898.72752      -     - 2136s
     0     0 7898.72622    0 8852          - 7898.72622      -     - 2154s
     0     0 7898.04922    0 8820          - 7898.04922      -     - 2202s
     0     0 7897.51911    0 8923          - 7897.51911      -     - 2239s
     0     0 7897.35664    0 8880          - 7897.35664      -     - 2272s
     0     0 7897.32129    0 8950          - 7897.32129      -     - 2290s
     0     0 7897.29853    0 9085          - 7897.29853      -     - 2304s
     0     0 7897.29378    0 9041          - 7897.29378      -     - 2318s
     0     0 7896.27134    0 8750          - 7896.27134      -     - 2362s
     0     0 7896.12922    0 8912          - 7896.12922      -     - 2387s
     0     0 7895.85158    0 9104          - 7895.85158      -     - 2416s
     0     0 7895.77312    0 9150          - 7895.77312      -     - 2439s
     0     0 7895.73802    0 9135          - 7895.73802      -     - 2461s
     0     0 7895.72429    0 9124          - 7895.72429      -     - 2479s
     0     0 7895.71797    0 9128          - 7895.71797      -     - 2496s
     0     0 7894.83689    0 8925          - 7894.83689      -     - 2536s
     0     0 7894.44431    0 8878          - 7894.44431      -     - 2570s
     0     0 7894.26718    0 8895          - 7894.26718      -     - 2594s
     0     0 7894.17229    0 8954          - 7894.17229      -     - 2611s
     0     0 7894.13519    0 9054          - 7894.13519      -     - 2625s
     0     0 7894.10652    0 9031          - 7894.10652      -     - 2633s
     0     0 7894.09792    0 9050          - 7894.09792      -     - 2644s
     0     0 7893.13953    0 8955          - 7893.13953      -     - 2683s
     0     0 7892.89226    0 9134          - 7892.89226      -     - 2713s
     0     0 7892.82893    0 9152          - 7892.82893      -     - 2730s
     0     0 7892.76156    0 9142          - 7892.76156      -     - 2754s
     0     0 7892.75614    0 9173          - 7892.75614      -     - 2775s
     0     0 7891.91132    0 8995          - 7891.91132      -     - 2806s
     0     0 7891.53638    0 8970          - 7891.53638      -     - 2830s
     0     0 7891.51330    0 8941          - 7891.51330      -     - 2847s
     0     0 7891.48088    0 9131          - 7891.48088      -     - 2866s
     0     0 7891.47196    0 9129          - 7891.47196      -     - 2887s
     0     0 7890.65826    0 8982          - 7890.65826      -     - 2922s
     0     0 7890.46459    0 8942          - 7890.46459      -     - 2948s
     0     0 7890.28475    0 9113          - 7890.28475      -     - 2973s
     0     0 7890.23779    0 9096          - 7890.23779      -     - 2994s
     0     0 7890.22423    0 9181          - 7890.22423      -     - 3018s
     0     0 7890.21179    0 9122          - 7890.21179      -     - 3034s
     0     0 7890.21154    0 9200          - 7890.21154      -     - 3050s
     0     0 7889.66370    0 9013          - 7889.66370      -     - 3085s
     0     0 7889.42212    0 9122          - 7889.42212      -     - 3105s
     0     0 7889.35606    0 9150          - 7889.35606      -     - 3132s
     0     0 7889.31117    0 9147          - 7889.31117      -     - 3146s
     0     0 7889.31002    0 9130          - 7889.31002      -     - 3156s
     0     0 7888.56551    0 9025          - 7888.56551      -     - 3181s
     0     0 7888.45066    0 9084          - 7888.45066      -     - 3207s
     0     0 7888.41422    0 9179          - 7888.41422      -     - 3225s
     0     0 7888.40191    0 9142          - 7888.40191      -     - 3240s
     0     0 7888.39870    0 9226          - 7888.39870      -     - 3256s
     0     0 7887.95536    0 8927          - 7887.95536      -     - 3278s
     0     0 7887.80284    0 9053          - 7887.80284      -     - 3311s
     0     0 7887.73832    0 9028          - 7887.73832      -     - 3330s
     0     0 7887.72953    0 9033          - 7887.72953      -     - 3344s
     0     0 7887.42883    0 8943          - 7887.42883      -     - 3367s
     0     0 7887.32221    0 9038          - 7887.32221      -     - 3384s
     0     0 7887.29507    0 9132          - 7887.29507      -     - 3394s
     0     0 7887.26953    0 9156          - 7887.26953      -     - 3408s
     0     0 7887.26009    0 9134          - 7887.26009      -     - 3418s
     0     0 7887.01719    0 9148          - 7887.01719      -     - 3434s
     0     0 7886.97140    0 9142          - 7886.97140      -     - 3445s
     0     0 7886.94466    0 9144          - 7886.94466      -     - 3458s
     0     0 7886.94214    0 9136          - 7886.94214      -     - 3468s
     0     0 7886.80344    0 9041          - 7886.80344      -     - 3491s
     0     0 7886.67707    0 9075          - 7886.67707      -     - 3510s
     0     0 7886.62691    0 9088          - 7886.62691      -     - 3528s
     0     0 7886.60775    0 9103          - 7886.60775      -     - 3541s
     0     0 7886.58867    0 9138          - 7886.58867      -     - 3551s
     0     0 7886.56906    0 9131          - 7886.56906      -     - 3566s
     0     0 7886.56401    0 9143          - 7886.56401      -     - 3577s
     0     0 7886.42923    0 9037          - 7886.42923      -     - 3602s
     0     0 7886.24990    0 9156          - 7886.24990      -     - 3617s
     0     0 7886.20759    0 9245          - 7886.20759      -     - 3629s
     0     0 7886.16741    0 9255          - 7886.16741      -     - 3640s
     0     0 7886.16348    0 9191          - 7886.16348      -     - 3649s
     0     0 7886.05668    0 9191          - 7886.05668      -     - 3667s
     0     0 7886.00695    0 9228          - 7886.00695      -     - 3679s
     0     0 7886.00512    0 9231          - 7886.00512      -     - 3689s
     0     0 7885.95611    0 9133          - 7885.95611      -     - 3707s
     0     0 7885.90630    0 9218          - 7885.90630      -     - 3724s
     0     0 7885.89444    0 9286          - 7885.89444      -     - 3740s
     0     0 7885.77939    0 9187          - 7885.77939      -     - 3763s
     0     0 7885.73365    0 9183          - 7885.73365      -     - 3785s
     0     0 7885.72851    0 9248          - 7885.72851      -     - 3795s
     0     0 7885.68032    0 9248          - 7885.68032      -     - 3812s
     0     0 7885.65410    0 9280          - 7885.65410      -     - 3824s
     0     0 7885.64427    0 9260          - 7885.64427      -     - 3835s
     0     0 7885.61581    0 9172          - 7885.61581      -     - 3856s
H    0     0                    -48867.74997 7885.61581   116%     - 3856s
     0     0 7885.61581    0 8264 -48867.750 7885.61581   116%     - 3915s
H    0     0                      10.1328525 7885.46152      -     - 4431s
H    0     0                    2320.4205712 7885.46152   240%     - 4532s
H    0     2                    2491.0394596 7885.46152   217%     - 4588s
     0     2 7885.46152    0 7799 2491.03946 7885.46152   217%     - 4588s
     1     4 7885.46152    1 7787 2491.03946 7885.46152   217% 19051 4592s
     3     8 7885.46152    2 8260 2491.03946 7885.46152   217%  8693 4608s
     7    16 7885.45925    3 8613 2491.03946 7885.46152   217%  7769 4650s
    15    32 7885.43575    4 9320 2491.03946 7885.46152   217% 15122 5203s
H   31    56                    2524.5344566 7885.46152   212% 44256 5281s
H   32    56                    2611.8028558 7885.46152   202% 43198 5281s
H   37    56                    2650.2730448 7885.46152   198% 38816 5281s
    55    80 7885.37162    6 9264 2650.27304 7885.46152   198% 29951 5345s
    79   104 7885.22551    6 9264 2650.27304 7885.46152   198% 23367 5387s
H  103   128                    2658.1136608 7885.46152   197% 18837 5446s
H  104   128                    2661.6534751 7885.46152   196% 18689 5446s
H  106   128                    2705.0981957 7885.46152   192% 18509 5446s
   127   157 7885.37162    7 9212 2705.09820 7885.46152   192% 16479 5511s
H  156   183                    2825.1534345 7885.46152   179% 14321 5563s
   182   254 7885.35827    9 9125 2825.15343 7885.46152   179% 12931 5674s
H  253   464                    2839.5215057 7885.46152   178% 10687 5934s
H  293   464                    2854.5671118 7885.46152   176%  9892 5934s
H  338   464                    2890.5692917 7885.46152   173%  9168 5934s
   463   656 7885.35644   18 9144 2890.56929 7885.46152   173%  7998 6779s
H  655  1553                    2906.1984821 7885.46152   171%  7132 7862s
H 1552  2941                    2911.7670595 7885.46152   171%  5918 9645s
H 1552  2941                    2958.8311419 7885.46152   167%  5918 9645s
H 2092  2941                    2977.6129205 7885.46152   165%  5835 9645s
H 2940  4190                    2984.9518943 7885.46152   164%  5619 11460s
H 3383  4190                    3054.7130244 7885.46152   158%  5668 11460s
H 4189  5788                    3060.4247994 7885.46152   158%  5678 13375s
H 4464  5788                    3121.5319134 7885.46152   153%  5729 13375s
H 4786  5788                    3129.7173291 7885.46152   152%  5632 13375s
H 5787  7592                    3146.4218817 7885.46152   151%  5464 15176s
H 6050  7592                    3174.4374119 7885.46152   148%  5530 15177s
H 7117  7592                    3180.3454860 7885.46152   148%  5341 15177s
H 7592  9425                    3328.1958065 7885.46152   137%  5237 16961s
H 8883  9425                    3350.1565413 7885.46152   135%  5166 16961s
H 9425 10808                    3428.0865848 7885.46152   130%  5090 18000s
H 9504 10808                    3468.0754219 7885.46152   127%  5103 18000s
H 9543 10808                    3497.1818179 7885.46152   125%  5120 18000s
H 9561 10808                    3530.3032094 7885.46152   123%  5127 18000s

Cutting planes:
  Gomory: 31
  Cover: 1980
  Implied bound: 42
  Clique: 2472
  MIR: 2456
  StrongCG: 605
  GUB cover: 468
  Zero half: 1043
  RLT: 240

Cleanup yields a better solution

Explored 10808 nodes (54091304 simplex iterations) in 18000.31 seconds
Thread count was 24 (of 48 available processors)

Solution count 10: 3530.3 3497.18 3468.08 ... 3129.72

Time limit reached
Best objective 3.532051343835e+03, best bound 7.885461521786e+03, gap 123.2544%
