
Gurobi 9.0.2 (linux64) logging started Sun May 24 22:10:50 2020

Changed value of parameter LogFile to gurobi_logs/2020-05-24_22:10:45-rproblem7_mode=optimality_sdp_reduce.log
   Prev:   Default: 
Parameter MIPFocus unchanged
   Value: 0  Min: 0  Max: 3  Default: 0
Parameter SolutionLimit unchanged
   Value: 2000000000  Min: 1  Max: 2000000000  Default: 2000000000
Parameter LogToConsole unchanged
   Value: 1  Min: 0  Max: 1  Default: 1
Changed value of parameter TimeLimit to 18000.0
   Prev: inf  Min: 0.0  Max: inf  Default: inf
Gurobi Optimizer version 9.0.2 build v9.0.2rc0 (linux64)
Optimize a model with 15328 rows, 15790 columns and 38878 nonzeros
Model fingerprint: 0x68154e83
Variable types: 178 continuous, 15612 integer (462 binary)
Coefficient statistics:
  Matrix range     [8e-01, 1e+03]
  Objective range  [2e-01, 5e+00]
  Bounds range     [1e+00, 1e+00]
  RHS range        [1e+00, 1e+01]
Presolve removed 15328 rows and 15790 columns
Presolve time: 0.01s
Presolve: All rows and columns removed

Explored 0 nodes (0 simplex iterations) in 0.02 seconds
Thread count was 1 (of 48 available processors)

Solution count 1: 648 

Optimal solution found (tolerance 1.00e-04)
Best objective 6.480000000000e+02, best bound 6.480000000000e+02, gap 0.0000%

Gurobi 9.0.2 (linux64) logging started Sun May 24 22:10:55 2020

Changed value of parameter LogFile to gurobi_logs/2020-05-24_22:10:45-rproblem7_mode=optimality_sdp_reduce.log
   Prev:   Default: 
Parameter MIPFocus unchanged
   Value: 0  Min: 0  Max: 3  Default: 0
Parameter SolutionLimit unchanged
   Value: 2000000000  Min: 1  Max: 2000000000  Default: 2000000000
Parameter LogToConsole unchanged
   Value: 1  Min: 0  Max: 1  Default: 1
Changed value of parameter TimeLimit to 18000.0
   Prev: inf  Min: 0.0  Max: inf  Default: inf
Gurobi Optimizer version 9.0.2 build v9.0.2rc0 (linux64)
Optimize a model with 223002 rows, 139520 columns and 3940001 nonzeros
Model fingerprint: 0x502b6be6
Variable types: 56 continuous, 139464 integer (124776 binary)
Coefficient statistics:
  Matrix range     [2e-02, 2e+02]
  Objective range  [2e-01, 2e+00]
  Bounds range     [1e+00, 1e+00]
  RHS range        [1e+00, 4e+02]
Presolve removed 187656 rows and 100025 columns (presolve time = 5s) ...
Presolve removed 187656 rows and 100025 columns
Presolve time: 6.70s
Presolved: 35346 rows, 39495 columns, 332432 nonzeros
Variable types: 1 continuous, 39494 integer (39474 binary)

Deterministic concurrent LP optimizer: primal and dual simplex
Showing first log only...


Root simplex log...

Iteration    Objective       Primal Inf.    Dual Inf.      Time
       0    7.8474474e+03   1.657750e+03   2.739746e+09      8s
   21660    4.1809027e+03   0.000000e+00   9.370813e+04     10s
   39145    6.4301179e+03   0.000000e+00   1.542933e+05     15s
   52201    7.1996797e+03   0.000000e+00   1.546316e+05     20s
Concurrent spin time: 0.00s

Solved with dual simplex

Root relaxation: objective 7.829297e+03, 29719 iterations, 14.43 seconds

    Nodes    |    Current Node    |     Objective Bounds      |     Work
 Expl Unexpl |  Obj  Depth IntInf | Incumbent    BestBd   Gap | It/Node Time

     0     0 7829.29715    0 3897          - 7829.29715      -     -   24s
     0     0 7819.38726    0 4222          - 7819.38726      -     -   34s
     0     0 7809.74368    0 4727          - 7809.74368      -     -   46s
     0     0 7806.87641    0 4646          - 7806.87641      -     -   52s
     0     0 7805.84176    0 4628          - 7805.84176      -     -   58s
     0     0 7805.76138    0 4709          - 7805.76138      -     -   59s
     0     0 7805.76098    0 4716          - 7805.76098      -     -   59s
     0     0 7793.09161    0 4952          - 7793.09161      -     -   73s
     0     0 7780.82221    0 5121          - 7780.82221      -     -   87s
     0     0 7776.77940    0 5282          - 7776.77940      -     -   96s
     0     0 7775.79902    0 5423          - 7775.79902      -     -  101s
     0     0 7775.71013    0 5436          - 7775.71013      -     -  103s
     0     0 7775.70042    0 5462          - 7775.70042      -     -  104s
     0     0 7775.69705    0 5456          - 7775.69705      -     -  104s
     0     0 7762.11192    0 5754          - 7762.11192      -     -  129s
     0     0 7755.27803    0 5868          - 7755.27803      -     -  145s
     0     0 7749.69962    0 6005          - 7749.69962      -     -  158s
     0     0 7748.03910    0 6117          - 7748.03910      -     -  168s
     0     0 7747.60199    0 6230          - 7747.60199      -     -  173s
     0     0 7747.53687    0 6286          - 7747.53687      -     -  176s
     0     0 7747.50443    0 6246          - 7747.50443      -     -  177s
     0     0 7747.47637    0 6279          - 7747.47637      -     -  179s
     0     0 7747.46877    0 6276          - 7747.46877      -     -  179s
     0     0 7727.93261    0 6067          - 7727.93261      -     -  204s
     0     0 7705.01109    0 5910          - 7705.01109      -     -  222s
     0     0 7691.04022    0 6061          - 7691.04022      -     -  232s
     0     0 7688.68426    0 6299          - 7688.68426      -     -  239s
     0     0 7688.23146    0 6370          - 7688.23146      -     -  245s
     0     0 7688.07464    0 6450          - 7688.07464      -     -  246s
     0     0 7687.97777    0 6380          - 7687.97777      -     -  247s
     0     0 7687.95501    0 6411          - 7687.95501      -     -  248s
     0     0 7605.98309    0 6228          - 7605.98309      -     -  269s
     0     0 7581.98053    0 6541          - 7581.98053      -     -  286s
     0     0 7576.66438    0 6604          - 7576.66438      -     -  297s
     0     0 7574.90415    0 6676          - 7574.90415      -     -  304s
     0     0 7574.56646    0 6790          - 7574.56646      -     -  307s
     0     0 7574.50139    0 6766          - 7574.50139      -     -  308s
     0     0 7468.35267    0 6533          - 7468.35267      -     -  329s
     0     0 7458.19971    0 6896          - 7458.19971      -     -  342s
     0     0 7454.01777    0 6890          - 7454.01777      -     -  352s
     0     0 7453.02698    0 7064          - 7453.02698      -     -  358s
     0     0 7452.84678    0 7137          - 7452.84678      -     -  361s
     0     0 7452.77528    0 7119          - 7452.77528      -     -  362s
     0     0 7409.99120    0 6921          - 7409.99120      -     -  382s
     0     0 7401.04674    0 6980          - 7401.04674      -     -  393s
     0     0 7398.85818    0 7109          - 7398.85818      -     -  404s
     0     0 7398.30488    0 7263          - 7398.30488      -     -  408s
     0     0 7398.05175    0 7259          - 7398.05175      -     -  411s
     0     0 7398.00318    0 7266          - 7398.00318      -     -  412s
     0     0 7361.53696    0 7102          - 7361.53696      -     -  435s
     0     0 7355.41579    0 7257          - 7355.41579      -     -  445s
     0     0 7354.32331    0 7303          - 7354.32331      -     -  452s
     0     0 7353.96991    0 7470          - 7353.96991      -     -  454s
     0     0 7353.86221    0 7424          - 7353.86221      -     -  456s
     0     0 7333.76073    0 7147          - 7333.76073      -     -  476s
     0     0 7330.41584    0 7207          - 7330.41584      -     -  487s
     0     0 7329.83439    0 7436          - 7329.83439      -     -  492s
     0     0 7329.45360    0 7397          - 7329.45360      -     -  496s
     0     0 7329.38592    0 7472          - 7329.38592      -     -  497s
     0     0 7311.85544    0 7221          - 7311.85544      -     -  513s
     0     0 7307.81686    0 7366          - 7307.81686      -     -  523s
     0     0 7306.81453    0 7490          - 7306.81453      -     -  531s
     0     0 7306.49732    0 7512          - 7306.49732      -     -  535s
     0     0 7306.46233    0 7563          - 7306.46233      -     -  536s
     0     0 7292.49443    0 7224          - 7292.49443      -     -  554s
     0     0 7288.66019    0 7385          - 7288.66019      -     -  566s
     0     0 7287.63670    0 7467          - 7287.63670      -     -  574s
     0     0 7287.25742    0 7540          - 7287.25742      -     -  578s
     0     0 7287.20988    0 7627          - 7287.20988      -     -  579s
     0     0 7275.77404    0 7433          - 7275.77404      -     -  598s
     0     0 7272.90753    0 7501          - 7272.90753      -     -  608s
     0     0 7272.62905    0 7656          - 7272.62905      -     -  612s
     0     0 7272.44985    0 7648          - 7272.44985      -     -  614s
     0     0 7263.10418    0 7406          - 7263.10418      -     -  630s
     0     0 7261.43951    0 7629          - 7261.43951      -     -  641s
     0     0 7261.03855    0 7737          - 7261.03855      -     -  647s
     0     0 7260.96521    0 7793          - 7260.96521      -     -  649s
     0     0 7250.48326    0 7513          - 7250.48326      -     -  674s
     0     0 7249.12400    0 7578          - 7249.12400      -     -  683s
     0     0 7248.84684    0 7733          - 7248.84684      -     -  687s
     0     0 7242.91961    0 7522          - 7242.91961      -     -  708s
     0     0 7241.89640    0 7585          - 7241.89640      -     -  717s
     0     0 7241.37695    0 7659          - 7241.37695      -     -  725s
     0     0 7241.26165    0 7696          - 7241.26165      -     -  729s
     0     0 7234.12277    0 7535          - 7234.12277      -     -  744s
     0     0 7233.01194    0 7627          - 7233.01194      -     -  750s
     0     0 7232.86469    0 7710          - 7232.86469      -     -  753s
     0     0 7225.16482    0 7576          - 7225.16482      -     -  767s
     0     0 7223.81048    0 7722          - 7223.81048      -     -  774s
     0     0 7223.41409    0 7776          - 7223.41409      -     -  777s
     0     0 7223.35149    0 7746          - 7223.35149      -     -  779s
     0     0 7219.24486    0 7713          - 7219.24486      -     -  787s
     0     0 7218.18942    0 7822          - 7218.18942      -     -  791s
     0     0 7217.84026    0 7755          - 7217.84026      -     -  794s
     0     0 7217.78764    0 7755          - 7217.78764      -     -  795s
     0     0 7211.59489    0 7547          - 7211.59489      -     -  807s
     0     0 7210.59847    0 7665          - 7210.59847      -     -  813s
     0     0 7210.49103    0 7780          - 7210.49103      -     -  816s
     0     0 7206.81301    0 7608          - 7206.81301      -     -  828s
     0     0 7206.21469    0 7625          - 7206.21469      -     -  832s
     0     0 7206.08458    0 7701          - 7206.08458      -     -  833s
     0     0 7203.17775    0 7561          - 7203.17775      -     -  845s
     0     0 7201.94681    0 7722          - 7201.94681      -     -  852s
     0     0 7201.81793    0 7753          - 7201.81793      -     -  853s
     0     0 7199.13224    0 7725          - 7199.13224      -     -  864s
     0     0 7197.92579    0 7813          - 7197.92579      -     -  870s
     0     0 7197.81288    0 7743          - 7197.81288      -     -  872s
     0     0 7195.11179    0 7596          - 7195.11179      -     -  882s
     0     0 7194.66105    0 7739          - 7194.66105      -     -  886s
     0     0 7194.58446    0 7728          - 7194.58446      -     -  888s
     0     0 7191.95773    0 7665          - 7191.95773      -     -  899s
H    0     0                    -48149.08394 7191.95773   115%     -  899s
     0     0 7191.95773    0 7527 -48149.084 7191.95773   115%     -  911s
H    0     0                    4648.7197070 7190.63797  54.7%     - 1091s
H    0     2                    4781.0318291 7190.63797  50.4%     - 1100s
     0     2 7190.63797    0 7412 4781.03183 7190.63797  50.4%     - 1100s
     1     4 7190.63797    1 7396 4781.03183 7190.63797  50.4%  3004 1108s
     3     8 7190.63797    2 7670 4781.03183 7190.63797  50.4%  3368 1117s
     7    16 7190.63797    3 7884 4781.03183 7190.63797  50.4%  3439 1128s
    15    32 7190.29289    4 7920 4781.03183 7190.63797  50.4%  3562 1156s
H   31    56                    4820.6956096 7190.63797  49.2%  5338 1172s
H   41    56                    4841.2342282 7190.63797  48.5%  4480 1172s
    55    80 7188.80879    6 7867 4841.23423 7190.56710  48.5%  4151 1185s
    79   104 7188.89185    6 7928 4841.23423 7190.56637  48.5%  3584 1197s
H  103   128                    4867.7015187 7190.10197  47.7%  3143 1215s
H  126   128                    4871.2851257 7189.89849  47.6%  3032 1215s
   127   154 7188.65779    8 7813 4871.28513 7189.89849  47.6%  3027 1228s
H  153   178                    4894.5914462 7189.89849  46.9%  2873 1253s
H  162   178                    4902.9651211 7189.89849  46.6%  3057 1253s
   177   209 7188.31075    9 7741 4902.96512 7189.89849  46.6%  3240 1271s
H  208   236                    4917.6129343 7189.89849  46.2%  3035 1283s
H  219   236                    4919.9907271 7189.89849  46.1%  3011 1283s
H  232   236                    4928.9178519 7189.89849  45.9%  2913 1283s
   235   264 7187.15622   10 7699 4928.91785 7189.89849  45.9%  2904 1304s
H  263   292                    4944.7721291 7189.89849  45.4%  2894 1324s
H  267   292                    4962.5349931 7189.89849  44.9%  2886 1324s
   291   324 7186.22273   11 7724 4962.53499 7189.89849  44.9%  2861 1341s
H  323   354                    4970.9544677 7189.89849  44.6%  2790 1357s
H  327   354                    4974.6327139 7189.89849  44.5%  2792 1357s
H  336   354                    4993.1242344 7189.89849  44.0%  2780 1357s
H  337   354                    5002.4066456 7189.89849  43.7%  2776 1357s
   353   389 7186.35506   12 7708 5002.40665 7189.89849  43.7%  2735 1371s
H  388   419                    5018.0570462 7189.89849  43.3%  2671 1391s
H  395   419                    5055.5587144 7189.89849  42.2%  2680 1391s
   418   454 7185.95669   13 7686 5055.55871 7189.89849  42.2%  2659 1407s
H  453   484                    5060.3181484 7189.89849  42.1%  2639 1428s
H  455   484                    5060.8181484 7189.89849  42.1%  2637 1428s
H  462   484                    5074.4494775 7189.89849  41.7%  2646 1428s
H  477   484                    5077.6212236 7189.89849  41.6%  2634 1428s
   483   519 7185.42510   14 7746 5077.62122 7189.89849  41.6%  2635 1448s
H  518   550                    5079.6897271 7189.89849  41.5%  2614 1472s
H  519   550                    5080.0319133 7189.89849  41.5%  2613 1472s
H  520   550                    5082.3806576 7189.89849  41.5%  2614 1472s
H  521   550                    5124.3650751 7189.89849  40.3%  2615 1472s
   549   588 7184.02545   15 7701 5124.36508 7189.89849  40.3%  2607 1491s
   587   623 7184.90684   16 7754 5124.36508 7189.89849  40.3%  2600 1514s
H  589   623                    5129.8654012 7189.89849  40.2%  2599 1514s
H  591   623                    5139.0922203 7189.89849  39.9%  2596 1514s
   622   660 7183.56977   16 7725 5139.09222 7189.89849  39.9%  2560 1536s
H  659   684                    5261.5316844 7189.89849  36.7%  2562 2658s
   683   735 7183.23375   17 7765 5261.53168 7189.89849  36.7%  2569 2682s
   734   791 7182.69933   18 7733 5261.53168 7189.89849  36.7%  2560 2703s
   790   842 7181.83671   19 7758 5261.53168 7189.89849  36.7%  2541 2726s
   841   887 7181.00463   19 7721 5261.53168 7189.89849  36.7%  2537 2749s
   886   939 7179.76002   20 7800 5261.53168 7189.89849  36.7%  2556 2783s
   938   995 7180.35363   20 7789 5261.53168 7189.89849  36.7%  2632 2923s
   994  1058 7175.44140   21 7726 5261.53168 7189.89849  36.7%  2616 2971s
  1057  1130 7178.05658   23 7688 5261.53168 7189.89849  36.7%  2617 3004s
  1129  1202 7177.73885   24 7695 5261.53168 7189.89849  36.7%  2599 3039s
  1201  1272 7176.62118   26 7610 5261.53168 7189.89849  36.7%  2597 3069s
  1271  1351 7176.01096   28 7584 5261.53168 7189.89849  36.7%  2595 3105s
  1350  1437 7175.34106   29 7629 5261.53168 7189.89849  36.7%  2591 3137s
  1436  1515 7173.85364   30 7642 5261.53168 7189.89849  36.7%  2568 3170s
  1514  1594 7174.23674   33 7606 5261.53168 7189.89849  36.7%  2569 3210s
  1593  1682 7171.87724   36 7584 5261.53168 7189.89849  36.7%  2580 3247s
  1681  1780 7171.45761   38 7540 5261.53168 7189.89849  36.7%  2576 3285s
  1779  1868 7169.03049   44 7537 5261.53168 7189.89849  36.7%  2563 3323s
  1867  1993 7167.50205   46 7586 5261.53168 7189.89849  36.7%  2571 3364s
  1992  2077 7165.20945   51 7506 5261.53168 7189.89849  36.7%  2537 3524s
  2076  2177 7161.23909   53 7568 5261.53168 7189.89849  36.7%  2543 3569s
  2176  2296 7159.34508   55 7525 5261.53168 7189.89849  36.7%  2557 3617s
  2295  2421 7156.34686   56 7474 5261.53168 7189.89849  36.7%  2555 3675s
  2420  2546 7153.69525   61 7322 5261.53168 7189.89849  36.7%  2562 3725s
  2545  2675 7151.52791   64 7416 5261.53168 7189.89849  36.7%  2563 3776s
  2674  2816 7148.56423   67 7349 5261.53168 7189.89849  36.7%  2564 3831s
  2815  2982 7145.22994   68 7278 5261.53168 7189.89849  36.7%  2561 3887s
  2981  3154 7138.05620   70 7232 5261.53168 7189.89849  36.7%  2544 3970s
  3153  3338 7133.77778   73 7118 5261.53168 7189.89849  36.7%  2524 4034s
  3337  3535 7133.42630   75 7097 5261.53168 7189.89849  36.7%  2508 4095s
  3534  3764 7131.27982   79 7137 5261.53168 7189.89849  36.7%  2488 4157s
  3763  3969 7129.04233   84 7105 5261.53168 7189.89849  36.7%  2452 4221s
  3968  4202 7121.11938   86 7044 5261.53168 7189.89849  36.7%  2443 4292s
  4201  4436 7122.72578   89 7017 5261.53168 7189.89849  36.7%  2421 4375s
  4435  4710 7118.91587   94 7013 5261.53168 7189.89849  36.7%  2411 4446s
  4709  5005 7115.34185   98 6973 5261.53168 7189.89849  36.7%  2381 4521s
  5004  5167 7107.90746  101 6940 5261.53168 7189.89849  36.7%  2352 4737s
  5166  5482 7102.96463  106 6916 5261.53168 7189.89849  36.7%  2347 4824s
  5481  5829 7093.36806  111 6881 5261.53168 7189.89849  36.7%  2329 4915s
  5828  6220 7090.98440  115 6707 5261.53168 7189.89849  36.7%  2302 5004s
  6219  6645 7082.48965  126 6718 5261.53168 7189.89849  36.7%  2266 5093s
  6644  7093 7067.79724  129 6648 5261.53168 7189.89849  36.7%  2225 5190s
  7092  7558 7072.41207  132 6687 5261.53168 7189.89849  36.7%  2187 5287s
  7557  8101 7066.40878  139 6606 5261.53168 7189.89849  36.7%  2153 5388s
  8100  8757 7060.30241  147 6586 5261.53168 7189.89849  36.7%  2107 5488s
  8756  9411 7053.36221  159 6558 5261.53168 7189.89849  36.7%  2044 5593s
  9412 10075 7041.54084  168 6499 5261.53168 7189.89849  36.7%  1994 5704s
H10076 10569                    5308.0251319 7189.89849  35.5%  1953 5940s
H10082 10569                    5336.1641655 7189.89849  34.7%  1954 5940s
H10093 10569                    5385.9077077 7189.89849  33.5%  1954 5940s
H10099 10569                    5483.0410438 7189.89849  31.1%  1955 5940s
 10570 11281 7020.44157  177 6355 5483.04104 7189.89849  31.1%  1910 6057s
 11285 12078 7005.70665  187 6300 5483.04104 7189.89849  31.1%  1880 6188s
 12092 12888 6984.80414  198 6334 5483.04104 7189.89849  31.1%  1846 6311s
H12904 12877                    5517.3728061 7189.89849  30.3%  1813 7066s
 12905 12878 6959.73482  186 7527 5517.37281 7189.89849  30.3%  1813 7279s
H12906 12235                    5523.2733525 7189.89849  30.2%  1813 7328s
 12907 12235 5938.44517  773 5205 5523.27335 7189.89849  30.2%  1813 7332s
H12907 11623                    5523.4788320 7189.89849  30.2%  1813 7354s
H12908 11042                    5533.9788320 7189.89849  29.9%  1813 7398s
 12910 11043 7140.33584   63 6440 5533.97883 7140.33584  29.0%  1812 7427s
 12911 11044 6972.12905  211 6472 5533.97883 7077.24802  27.9%  1812 7452s
 12912 11045 6684.16961  413 6603 5533.97883 7059.30343  27.6%  1812 7468s
 12913 11045 6531.03313  535 6483 5533.97883 7055.27458  27.5%  1812 7476s
 12916 11047 7055.00021   83 6452 5533.97883 7055.00021  27.5%  1812 7485s
H12916 10495                    5545.7327983 7055.00021  27.2%  1812 7520s
H12916  9970                    5549.4873374 6981.94606  25.8%  1812 7520s
 12918  9972 6953.46814   26 6728 5549.48734 6953.46814  25.3%  1811 7540s
 12919  9972 6941.63468  115 6746 5549.48734 6941.63468  25.1%  1811 7559s
 12920  9973 6930.24561  146 6789 5549.48734 6930.24561  24.9%  1811 7576s
 12921  9974 6928.50655   84 6780 5549.48734 6928.50655  24.8%  1811 7583s
 12922  9974 6928.25876   69 6764 5549.48734 6928.25876  24.8%  1811 7586s
 12924  9976 6474.81629  560 6780 5549.48734 6928.21863  24.8%  1810 7595s
H12924  9477                    5591.3870611 6870.81895  22.9%  1810 7637s
 12926  9478 6840.30305  236 6953 5591.38706 6840.30305  22.3%  1810 7668s
 12927  9479 6744.73365  347 6914 5591.38706 6829.18911  22.1%  1810 7691s
 12928  9479 6820.97167   43 7009 5591.38706 6820.97167  22.0%  1810 7710s
 12929  9480 6546.16872  497 7012 5591.38706 6817.30398  21.9%  1810 7720s
 12930  9481 6560.51191  518 7043 5591.38706 6815.48438  21.9%  1810 7729s
 12931  9481 6815.23162   89 7038 5591.38706 6815.23162  21.9%  1809 7731s
 12935  9484 6815.13309  218 7011 5591.38706 6815.13309  21.9%  1809 7744s
 12936  9485 6779.73552  110 7072 5591.38706 6779.73552  21.3%  1809 7793s
 12937  9485 6736.51581  355 7066 5591.38706 6761.81625  20.9%  1809 7822s
 12938  9486 6755.48081  409 7095 5591.38706 6755.48081  20.8%  1808 7846s
 12939  9487 5884.71619  834 7065 5591.38706 6753.78484  20.8%  1808 7858s
 12940  9487 6745.12575   93 7168 5591.38706 6745.12575  20.6%  1808 7883s
 12941  9488 6741.88342  126 7214 5591.38706 6741.88342  20.6%  1808 7899s
 12942  9489 5795.78602  866 7222 5591.38706 6740.80169  20.6%  1808 7908s
 12943  9489 6604.76922  473 7165 5591.38706 6740.56777  20.6%  1808 7911s
 12945  9491 6740.53331   96 7149 5591.38706 6740.53331  20.6%  1807 7925s
H12945  9016                    5619.5428989 6707.74489  19.4%  1807 7983s
 12947  9017 6691.70393   68 7183 5619.54290 6691.70393  19.1%  1807 8019s
 12948  9018 6573.85705  629 7190 5619.54290 6685.05262  19.0%  1807 8042s
 12949  9018 6442.09458  718 7272 5619.54290 6682.70685  18.9%  1807 8055s
 12950  9019 6681.15995  262 7255 5619.54290 6681.15995  18.9%  1807 8065s
 12951  9020 6677.54152   98 7246 5619.54290 6677.54152  18.8%  1807 8082s
 12952  9020 6414.11832  611 7305 5619.54290 6675.95223  18.8%  1807 8094s
 12953  9021 6565.11755  518 7310 5619.54290 6675.37631  18.8%  1806 8105s
 12955  9022 6675.19919  183 7336 5619.54290 6675.19919  18.8%  1806 8130s
H12955  8570                    5620.2074559 6654.16167  18.4%  1806 8184s
 12957  8572 6647.86954   19 7129 5620.20746 6647.86954  18.3%  1806 8213s
 12958  8572 6551.34726  447 7207 5620.20746 6644.51016  18.2%  1806 8238s
 12959  8573 6643.41269  132 7255 5620.20746 6643.41269  18.2%  1806 8252s
 12960  8574 6640.14854  453 7237 5620.20746 6640.14854  18.1%  1805 8280s
 12961  8574 6639.60190  428 7296 5620.20746 6639.60190  18.1%  1805 8289s
 12962  8575 6597.63749  415 7325 5620.20746 6637.87450  18.1%  1805 8309s
 12963  8576 6637.08374  123 7308 5620.20746 6637.08374  18.1%  1805 8320s
 12965  8577 6636.85156  139 7336 5620.20746 6636.85156  18.1%  1805 8326s
 12968  8579 5881.73319  837 7369 5620.20746 6636.81489  18.1%  1804 8351s
H12968  8149                    5644.1185508 6622.33090  17.3%  1804 8409s
 12970  8150 6618.13879   39 7301 5644.11855 6618.13879  17.3%  1804 8436s
 12971  8151 6615.82347  200 7306 5644.11855 6615.82347  17.2%  1804 8453s
 12972  8152 6615.11465   39 7326 5644.11855 6615.11465  17.2%  1804 8464s
 12973  8152 6611.36880   13 7390 5644.11855 6611.36880  17.1%  1804 8481s
 12974  8153 6339.69325  614 7392 5644.11855 6610.53192  17.1%  1803 8490s
 12975  8154 6609.51928   54 7411 5644.11855 6609.51928  17.1%  1803 8499s
 12976  8154 6271.12496  639 7395 5644.11855 6608.51524  17.1%  1803 8512s
 12977  8155 6608.01003   88 7377 5644.11855 6608.01003  17.1%  1803 8521s
 12979  8156 6607.65782  189 7351 5644.11855 6607.65782  17.1%  1803 8529s
 12980  8157 6607.60749  100 7402 5644.11855 6607.60749  17.1%  1803 8531s
 12983  8159 6607.56821  394 7447 5644.11855 6607.56821  17.1%  1802 8549s
H12983  7749                    5646.8672540 6598.49710  16.9%  1802 8602s
 12985  7750 6595.44495   16 7413 5646.86725 6595.44495  16.8%  1802 8621s
 12986  7751 6594.08881  505 7399 5646.86725 6594.08881  16.8%  1802 8636s
 12987  7752 6593.38463  520 7445 5646.86725 6593.38463  16.8%  1802 8646s
 12988  7752 6592.22183   18 7479 5646.86725 6592.22183  16.7%  1802 8657s
 12989  7753 6591.35394  174 7455 5646.86725 6591.35394  16.7%  1801 8671s
 12990  7754 6590.94248  228 7496 5646.86725 6590.94248  16.7%  1801 8679s
 12991  7754 6590.69058  276 7485 5646.86725 6590.69058  16.7%  1801 8684s
 12992  7755 6452.19460  589 7512 5646.86725 6590.65808  16.7%  1801 8686s
 12993  7756 6160.98572  714 7520 5646.86725 6590.65185  16.7%  1801 8705s
H12993  7367                    5653.3084417 6582.18018  16.4%  1801 8770s
 12995  7368 6579.82450  184 7500 5653.30844 6579.82450  16.4%  1801 8788s
 12996  7369 5912.01964 1041 7476 5653.30844 6579.01094  16.4%  1800 8799s
 12997  7369 6578.00894   48 7503 5653.30844 6578.00894  16.4%  1800 8812s
 12998  7370 6577.65554   43 7569 5653.30844 6577.65554  16.4%  1800 8821s
 12999  7371 6577.25266  511 7542 5653.30844 6577.25266  16.3%  1800 8830s
 13001  7372 6577.04586   83 7583 5653.30844 6577.04586  16.3%  1800 8836s
 13003  7373 6298.16699  619 7606 5653.30844 6576.99339  16.3%  1799 8854s
H13003  7003                    5666.2099467 6574.41507  16.0%  1799 8899s
 13005  7005 6572.41382  186 7519 5666.20995 6572.41382  16.0%  1799 8921s
 13006  7005 6571.96149  163 7500 5666.20995 6571.96149  16.0%  1799 8930s
 13007  7006 5938.44517  773 7598 5666.20995 6570.60350  16.0%  1799 8952s
 13008  7007 6569.92914   63 7605 5666.20995 6569.92914  15.9%  1799 8963s
 13009  7007 6569.78564   30 7644 5666.20995 6569.78564  15.9%  1799 8968s
 13010  7008 6569.54994   63 7635 5666.20995 6569.54994  15.9%  1798 8973s
 13011  7009 6569.50940  211 7604 5666.20995 6569.50940  15.9%  1798 8975s
 13012  7009 6569.50126  413 7619 5666.20995 6569.50126  15.9%  1798 8990s
H13012  6656                    5670.0113932 6564.30693  15.8%  1798 9049s
 13014  6658 6561.87124  126 7583 5670.01139 6561.87124  15.7%  1798 9078s
 13015  6658 6561.39356   43 7553 5670.01139 6561.39356  15.7%  1798 9091s
 13016  6659 6561.08287   83 7555 5670.01139 6561.08287  15.7%  1798 9099s
 13017  6660 6560.28631  189 7526 5670.01139 6560.28631  15.7%  1797 9113s
 13018  6660 6560.13998   26 7566 5670.01139 6560.13998  15.7%  1797 9118s
 13019  6661 6560.02440  115 7540 5670.01139 6560.02440  15.7%  1797 9122s
 13021  6662 6559.99916   84 7499 5670.01139 6559.99916  15.7%  1797 9142s
 13022  6663 6556.03419   69 7572 5670.01139 6556.03419  15.6%  1797 9196s
 13023  6664 6555.41151  470 7537 5670.01139 6555.41151  15.6%  1797 9205s
 13024  6664 6474.81629  560 7626 5670.01139 6554.36760  15.6%  1797 9221s
 13025  6665 6554.11633   93 7606 5670.01139 6554.11633  15.6%  1796 9230s
 13027  6666 6553.96639  347 7604 5670.01139 6553.96639  15.6%  1796 9237s
 13030  6668 6553.93429  518 7601 5670.01139 6553.93429  15.6%  1796 9259s
H13030  6333                    5682.5526425 6551.63421  15.3%  1796 9306s
 13032  6335 6551.21118    7 7569 5682.55264 6551.21118  15.3%  1795 9313s
 13033  6335 6550.73432  177 7602 5682.55264 6550.73432  15.3%  1795 9323s
 13034  6336 6550.64475   60 7581 5682.55264 6550.64475  15.3%  1795 9325s
 13036  6337 6550.62157  110 7580 5682.55264 6550.62157  15.3%  1795 9349s
H13036  6018                    5682.9924573 6549.30490  15.2%  1795 9409s
 13038  6020 6549.05999  409 7590 5682.99246 6549.05999  15.2%  1795 9414s
 13039  6020 5884.71619  834 7579 5682.99246 6548.64752  15.2%  1794 9424s
 13040  6021 6548.54475   93 7573 5682.99246 6548.54475  15.2%  1794 9429s
 13041  6022 6548.47709  126 7597 5682.99246 6548.47709  15.2%  1794 9432s
 13043  6023 6548.46266  473 7640 5682.99246 6548.46266  15.2%  1794 9453s
H13043  5719                    5703.3702599 6546.37953  14.8%  1794 9547s
 13045  5720 6545.99342   96 7533 5703.37026 6545.99342  14.8%  1794 9557s
 13046  5721 6545.33719  403 7583 5703.37026 6545.33719  14.8%  1794 9570s
 13048  5722 6545.13205  629 7610 5703.37026 6545.13205  14.8%  1793 9577s
 13050  5724 6545.11407  262 7610 5703.37026 6545.11407  14.8%  1793 9614s
H13050  5436                    5716.0309479 6539.90263  14.4%  1793 9707s
 13052  5437 6414.11832  611 7485 5716.03095 6538.69595  14.4%  1793 9725s
 13053  5438 6538.31479  518 7434 5716.03095 6538.31479  14.4%  1793 9733s
 13054  5438 6537.12346  337 7406 5716.03095 6537.12346  14.4%  1792 9752s
 13055  5439 6536.63027  183 7467 5716.03095 6536.63027  14.4%  1792 9765s
 13056  5440 6536.41445  346 7482 5716.03095 6536.41445  14.4%  1792 9770s
 13057  5440 6536.29767   19 7463 5716.03095 6536.29767  14.4%  1792 9775s
 13060  5442 6536.23052  453 7491 5716.03095 6536.23052  14.3%  1792 9781s
 13061  5443 6536.22924  428 7496 5716.03095 6536.22924  14.3%  1791 9822s
H13061  5168                    5716.0524379 6533.03243  14.3%  1791 9877s
 13063  5169 6532.30498  123 7541 5716.05244 6532.30498  14.3%  1791 9893s
 13064  5170 6531.97245  137 7539 5716.05244 6531.97245  14.3%  1791 9903s
 13065  5171 6530.98479  139 7453 5716.05244 6530.98479  14.3%  1791 9922s
 13066  5171 6530.50087  259 7515 5716.05244 6530.50087  14.2%  1791 9933s
 13067  5172 6530.21040  390 7543 5716.05244 6530.21040  14.2%  1791 9941s
 13068  5173 5881.73319  837 7575 5716.05244 6530.05414  14.2%  1790 9947s
 13069  5173 6530.00454  351 7552 5716.05244 6530.00454  14.2%  1790 9950s
 13071  5175 6529.98300  200 7564 5716.05244 6529.98300  14.2%  1790 9968s
H13071  4913                    5729.8209500 6528.76774  13.9%  1790 10031s
 13073  4914 6528.55417   13 7362 5729.82095 6528.55417  13.9%  1790 10039s
 13074  4915 6339.69325  614 7317 5729.82095 6528.39802  13.9%  1790 10047s
 13076  4916 6271.12496  639 7346 5729.82095 6528.36446  13.9%  1789 10050s
 13077  4917 6528.35598   88 7369 5729.82095 6528.35598  13.9%  1789 10066s
 13078  4917 6526.52496  390 7518 5729.82095 6526.52496  13.9%  1789 10133s
 13079  4918 6526.27123  189 7553 5729.82095 6526.27123  13.9%  1789 10141s
 13080  4919 6525.99391  100 7415 5729.82095 6525.99391  13.9%  1789 10149s
 13081  4919 6525.89210  486 7448 5729.82095 6525.89210  13.9%  1789 10153s
 13082  4920 6525.87457  463 7441 5729.82095 6525.87457  13.9%  1789 10155s
 13084  4921 6525.86028  167 7413 5729.82095 6525.86028  13.9%  1788 10170s
H13084  4672                    5729.9624595 6524.52864  13.9%  1788 10210s
 13086  4674 6524.21288  505 7660 5729.96246 6524.21288  13.9%  1788 10221s
 13088  4675 6524.12217   18 7408 5729.96246 6524.12217  13.9%  1788 10227s
 13089  4676 6524.11438  174 7395 5729.96246 6524.11438  13.9%  1788 10240s
H13089  4439                    5730.0787385 6523.40970  13.8%  1788 10281s
 13091  4440 6523.14192  276 7425 5730.07874 6523.14192  13.8%  1787 10288s
 13092  4441 6452.19460  589 7523 5730.07874 6523.07200  13.8%  1787 10293s
 13093  4441 6160.98572  714 7507 5730.07874 6523.03843  13.8%  1787 10296s
 13095  4443 6523.02165  184 7545 5730.07874 6523.02165  13.8%  1787 10314s
 13096  4443 5912.01964 1041 7588 5730.07874 6522.31316  13.8%  1787 10349s
 13097  4444 6522.10381   48 7506 5730.07874 6522.10381  13.8%  1787 10356s
 13098  4445 6522.04110   43 7556 5730.07874 6522.04110  13.8%  1786 10360s
 13100  4446 6522.02153   72 7543 5730.07874 6522.02153  13.8%  1786 10380s
 13101  4447 6521.20179   83 7526 5730.07874 6521.20179  13.8%  1786 10429s
 13102  4447 6521.04428  336 7632 5730.07874 6521.04428  13.8%  1786 10434s
 13103  4448 6298.16699  619 7567 5730.07874 6520.99387  13.8%  1786 10438s
 13104  4449 6520.98388  150 7584 5730.07874 6520.98388  13.8%  1786 10455s
 13105  4449 6520.80467  186 7561 5730.07874 6520.80467  13.8%  1785 10485s
 13107  4451 5938.44517  773 7549 5730.07874 6520.71251  13.8%  1785 10490s
 13108  4451 6520.70968   63 7689 5730.07874 6520.70968  13.8%  1785 10507s
 13109  4452 6520.52338   30 7528 5730.07874 6520.52338  13.8%  1785 10543s
 13110  4453 6520.46783   63 7586 5730.07874 6520.46783  13.8%  1785 10548s
 13112  4454 6520.45476  413 7601 5730.07874 6520.45476  13.8%  1784 10566s
 13113  4455 6520.05768  535 7552 5730.07874 6520.05768  13.8%  1784 10598s
 13114  4455 6519.97683  126 7667 5730.07874 6519.97683  13.8%  1784 10604s
 13115  4456 6519.96527   43 7586 5730.07874 6519.96527  13.8%  1784 10606s
 13116  4457 6519.96188   83 7593 5730.07874 6519.96188  13.8%  1784 10625s
 13117  4457 6519.80094  189 7591 5730.07874 6519.80094  13.8%  1784 10655s
 13120  4459 6519.75986  146 7572 5730.07874 6519.75986  13.8%  1783 10675s
 13121  4460 6519.49272   84 7461 5730.07874 6519.49272  13.8%  1783 10719s
 13122  4461 6519.38460   69 7432 5730.07874 6519.38460  13.8%  1783 10723s
 13123  4461 6519.31624  470 7501 5730.07874 6519.31624  13.8%  1783 10726s
 13125  4463 6519.29914   93 7502 5730.07874 6519.29914  13.8%  1783 10741s
H13125  4237                    5740.7802480 6518.62238  13.5%  1783 10777s
 13127  4238 6518.41483  347 7526 5740.78025 6518.41483  13.5%  1782 10784s
 13128  4239 6518.37330   43 7500 5740.78025 6518.37330  13.5%  1782 10787s
 13129  4239 6518.36461  497 7497 5740.78025 6518.36461  13.5%  1782 10806s
 13130  4240 6517.93731  518 7358 5740.78025 6517.93731  13.5%  1782 10914s
 13131  4241 6517.82381   89 7417 5740.78025 6517.82381  13.5%  1782 10919s
 13132  4241 6517.79840    7 7384 5740.78025 6517.79840  13.5%  1782 10921s
 13133  4242 6517.79410  177 7396 5740.78025 6517.79410  13.5%  1782 10937s
 13134  4243 6517.61533   60 7424 5740.78025 6517.61533  13.5%  1781 10985s
 13136  4244 6517.49360  110 7514 5740.78025 6517.49360  13.5%  1781 10991s
 13138  4245 6517.47836  409 7476 5740.78025 6517.47836  13.5%  1781 11006s
H13138  4028                    5741.0595776 6517.01690  13.5%  1781 11041s
 13140  4030 6516.91933   93 7486 5741.05958 6516.91933  13.5%  1781 11047s
 13141  4030 6516.87848  126 7596 5741.05958 6516.87848  13.5%  1781 11050s
 13142  4031 5795.78602  866 7607 5741.05958 6516.87325  13.5%  1780 11066s
 13143  4032 6516.58487  473 7556 5741.05958 6516.58487  13.5%  1780 11103s
 13144  4032 6457.08119  723 7776 5741.05958 6516.49997  13.5%  1780 11108s
 13145  4033 6516.46907   96 7732 5741.05958 6516.46907  13.5%  1780 11111s
 13146  4034 6516.46258  403 7751 5741.05958 6516.46258  13.5%  1780 11125s
 13147  4034 6516.30115   68 7557 5741.05958 6516.30115  13.5%  1780 11158s
 13148  4035 6516.26200  629 7676 5741.05958 6516.26200  13.5%  1780 11161s
 13150  4036 6516.24179  262 7726 5741.05958 6516.24179  13.5%  1779 11181s
 13151  4037 6516.19281   98 7691 5741.05958 6516.19281  13.5%  1779 11249s
 13152  4038 6414.11832  611 7730 5741.05958 6516.16816  13.5%  1779 11251s
 13153  4038 6516.15797  518 7726 5741.05958 6516.15797  13.5%  1779 11265s
 13154  4039 6516.01039  337 7702 5741.05958 6516.01039  13.5%  1779 11301s
 13156  4040 6515.95474  346 7506 5741.05958 6515.95474  13.5%  1779 11306s
 13157  4041 6515.95254   19 7513 5741.05958 6515.95254  13.5%  1778 11322s
 13158  4042 6515.81385  447 7618 5741.05958 6515.81385  13.5%  1778 11427s
 13159  4042 6515.77040  132 7522 5741.05958 6515.77040  13.5%  1778 11430s
 13161  4044 6515.73386  428 7511 5741.05958 6515.73386  13.5%  1778 11447s
 13162  4044 6515.64904  415 7477 5741.05958 6515.64904  13.5%  1778 11475s
 13164  4046 6515.60768  137 7519 5741.05958 6515.60768  13.5%  1777 11495s
H13164  3840                    5747.9466560 6515.57423  13.4%  1777 11546s
 13167  3842 6515.55680  390 7506 5747.94666 6515.55680  13.4%  1777 11566s
H13167  3645                    5752.1566496 6515.37447  13.3%  1777 11614s
 13168  3645 5881.73319  837 7523 5752.15665 6515.37447  13.3%  1777 11615s
 13170  3647 6515.30500   39 7613 5752.15665 6515.30500  13.3%  1777 11622s
 13171  3647 6515.29946  200 7570 5752.15665 6515.29946  13.3%  1776 11634s
H13171  3461                    5752.4792302 6515.23404  13.3%  1776 11688s
 13173  3463 6515.21056   13 7549 5752.47923 6515.21056  13.3%  1776 11691s
 13174  3463 6339.69325  614 7591 5752.47923 6515.20580  13.3%  1776 11708s
 13175  3464 6515.13448   54 7516 5752.47923 6515.13448  13.3%  1776 11745s
 13176  3465 6271.12496  639 7519 5752.47923 6515.12744  13.3%  1776 11761s
 13177  3465 6515.08314   88 7486 5752.47923 6515.08314  13.3%  1776 11781s
 13178  3466 6515.08314  390 7486 5752.47923 6515.08314  13.3%  1776 11799s
 13180  3469 6515.08314  100 7527 5752.47923 6515.08314  13.3%  1877 11805s
 13182  3470 6515.08314  463 5017 5752.47923 6515.08314  13.3%  1877 11849s
H13182  3296                    5752.9393927 6515.08314  13.2%  1877 11870s
 13184  3298 6515.08314  167 5858 5752.93939 6515.08314  13.2%  1877 11910s
 13185  3298 6515.08314   16 6016 5752.93939 6515.08314  13.2%  1877 11946s
H13185  3133                    5754.8896891 6515.08314  13.2%  1877 11986s
 13187  3135 6515.08314  520 6372 5754.88969 6515.08314  13.2%  1876 12021s
 13188  3135 6515.08314   18 6644 5754.88969 6515.08314  13.2%  1876 12060s
H13188  2978                    5778.0643927 6515.08314  12.8%  1876 12094s
 13189  2979 6515.08314  174 6692 5778.06439 6515.08314  12.8%  1876 12095s
 13190  2980 6515.08314  228 6730 5778.06439 6515.08314  12.8%  1876 12123s
 13191  2980 6515.08314  276 6737 5778.06439 6515.08314  12.8%  1876 12165s
 13192  2981 6452.19460  589 6949 5778.06439 6515.08314  12.8%  1876 12207s
 13193  2982 6160.98572  714 7126 5778.06439 6515.08314  12.8%  1876 12246s
 13194  2982 6183.45621  915 7292 5778.06439 6515.08314  12.8%  1875 12279s
 13195  2983 6515.08314  184 7195 5778.06439 6515.08314  12.8%  1875 12300s
 13196  2984 5912.01964 1041 7167 5778.06439 6514.91345  12.8%  1875 12307s
 13197  2984 6514.86371   48 7232 5778.06439 6514.86371  12.8%  1875 12311s
 13198  2985 6514.85981   43 7233 5778.06439 6514.85981  12.8%  1875 12323s
 13199  2986 6513.66731  511 7060 5778.06439 6513.66731  12.7%  1875 12364s
 13200  2986 6513.36877   72 7045 5778.06439 6513.36877  12.7%  1875 12374s
 13201  2987 6513.33231   83 7167 5778.06439 6513.33231  12.7%  1874 12377s
 13203  2988 6298.16699  619 7130 5778.06439 6513.31861  12.7%  1874 12392s
H13203  2838                    5778.0917151 6512.43244  12.7%  1874 12430s
 13205  2840 6512.26100  186 7194 5778.09172 6512.26100  12.7%  1874 12437s
 13207  2841 5938.44517  773 7243 5778.09172 6512.22485  12.7%  1874 12460s
H13207  2699                    5779.0074128 6511.77461  12.7%  1874 12501s
 13210  2701 6511.70063   63 7063 5779.00741 6511.70063  12.7%  1873 12506s
 13211  2702 6511.69454  211 7105 5779.00741 6511.69454  12.7%  1873 12521s
 13212  2702 6511.59458  413 7124 5779.00741 6511.59458  12.7%  1873 12544s
 13213  2703 6511.57649  535 7136 5779.00741 6511.57649  12.7%  1873 12546s
 13214  2704 6511.57357  126 7159 5779.00741 6511.57357  12.7%  1873 12562s
 13215  2704 6511.39156   43 7160 5779.00741 6511.39156  12.7%  1872 12595s
 13216  2705 6511.38392   83 7180 5779.00741 6511.38392  12.7%  1872 12610s
 13217  2706 6511.20179  189 7162 5779.00741 6511.20179  12.7%  1872 12648s
 13218  2706 6511.18294   26 7197 5779.00741 6511.18294  12.7%  1872 12652s
 13219  2707 6511.17338  115 7221 5779.00741 6511.17338  12.7%  1872 12667s
 13220  2708 6510.83750  146 7077 5779.00741 6510.83750  12.7%  1872 12998s
 13221  2708 6510.81821   84 7106 5779.00741 6510.81821  12.7%  1872 13000s
 13222  2709 6510.80933   69 7134 5779.00741 6510.80933  12.7%  1871 13017s
 13223  2710 6510.65014  470 6997 5779.00741 6510.65014  12.7%  1871 13043s
 13224  2710 6474.81629  560 7027 5779.00741 6510.58208  12.7%  1871 13047s
 13225  2711 6510.58088   93 7030 5779.00741 6510.58088  12.7%  1871 13065s
 13226  2712 6510.21169  236 7108 5779.00741 6510.21169  12.7%  1871 13090s
H13226  2575                    5784.8184022 6510.21169  12.5%  1871 13097s
 13229  2577 6510.02505  497 7083 5784.81840 6510.02505  12.5%  1870 13113s
 13230  2577 6509.65042  518 7017 5784.81840 6509.65042  12.5%  1870 13145s
 13231  2578 6509.55885   89 7103 5784.81840 6509.55885  12.5%  1870 13150s
 13233  2579 6509.51579  177 7006 5784.81840 6509.51579  12.5%  1870 13167s
 13234  2580 6509.24624   60 7010 5784.81840 6509.24624  12.5%  1870 13191s
 13235  2581 6509.15807  218 7015 5784.81840 6509.15807  12.5%  1870 13195s
 13237  2582 6509.14281  355 7085 5784.81840 6509.14281  12.5%  1869 13210s
 13238  2583 6509.04146  409 6929 5784.81840 6509.04146  12.5%  1869 13228s
 13239  2583 5884.71619  834 6915 5784.81840 6509.01452  12.5%  1869 13230s
 13240  2584 6509.01183   93 6905 5784.81840 6509.01183  12.5%  1869 13244s
 13241  2585 6508.86467  126 6955 5784.81840 6508.86467  12.5%  1869 13266s
 13243  2586 6508.83910  473 6974 5784.81840 6508.83910  12.5%  1869 13285s
 13244  2587 6457.08119  723 6984 5784.81840 6508.71224  12.5%  1868 13313s
 13245  2587 6508.70251   96 6826 5784.81840 6508.70251  12.5%  1868 13336s
 13246  2588 6507.66415  403 6812 5784.81840 6507.66415  12.5%  1868 13383s
 13247  2589 6507.36642   68 6786 5784.81840 6507.36642  12.5%  1868 13392s
 13248  2589 6507.32833  629 6684 5784.81840 6507.32833  12.5%  1868 13395s
 13249  2590 6442.09458  718 6691 5784.81840 6507.32356  12.5%  1868 13411s
 13250  2591 6506.72619  262 6631 5784.81840 6506.72619  12.5%  1868 13440s
 13251  2591 6506.45155   98 6778 5784.81840 6506.45155  12.5%  1867 13449s
 13252  2592 6414.11832  611 6667 5784.81840 6506.41146  12.5%  1867 13451s
 13253  2593 6506.40491  518 6739 5784.81840 6506.40491  12.5%  1867 13466s
 13254  2593 6505.56602  337 6656 5784.81840 6505.56602  12.5%  1867 13500s
 13255  2594 6505.25017  183 6882 5784.81840 6505.25017  12.5%  1867 13509s
 13256  2595 6505.21680  346 6841 5784.81840 6505.21680  12.5%  1867 13511s
H13257  2464                    5817.5620228 6505.20277  11.8%  1867 13524s
 13259  2466 6505.13335  132 6846 5817.56202 6505.13335  11.8%  1866 13540s
 13261  2467 6505.11670  428 6794 5817.56202 6505.11670  11.8%  1866 13555s
 13262  2468 6505.05239  415 6789 5817.56202 6505.05239  11.8%  1866 13571s
 13264  2469 6505.02390  137 6831 5817.56202 6505.02390  11.8%  1866 13586s
 13265  2470 6504.98698  139 6824 5817.56202 6504.98698  11.8%  1865 13602s
 13266  2470 6504.97101  259 6698 5817.56202 6504.97101  11.8%  1865 13605s
 13267  2471 6504.96787  390 6658 5817.56202 6504.96787  11.8%  1865 13618s
 13268  2472 5881.73319  837 6823 5817.56202 6504.95920  11.8%  1865 13632s
 13269  2472 6504.95717  351 6817 5817.56202 6504.95717  11.8%  1865 13647s
 13270  2473 6504.95253   39 6712 5817.56202 6504.95253  11.8%  1865 13670s
 13271  2474 6504.95253  200 6712 5817.56202 6504.95253  11.8%  1865 13685s
 13272  2474 6504.94865   39 6712 5817.56202 6504.94865  11.8%  1864 13882s
 13273  2478 6504.26384   26 6779 5817.56202 6504.94865  11.8%  1906 13911s
 13275  2481 6504.22575   27 6713 5817.56202 6504.88123  11.8%  1906 13968s
 13279  2488 6503.64560   28 6866 5817.56202 6504.85549  11.8%  1908 14007s
 13287  2501 6503.00519   29 6609 5817.56202 6504.75360  11.8%  1914 14137s
H13303  2395                    5825.2302036 6504.60058  11.7%  1941 14298s
H13304  2276                    5825.2788152 6504.60058  11.7%  1942 14298s
H13306  2162                    5836.7125648 6504.60058  11.4%  1943 14298s
H13325  2048                    5868.4882231 6504.58972  10.8%  1948 14298s
 13327  2071 6501.32043   31 6358 5868.48822 6504.58972  10.8%  1949 14358s
 13351  2087 6499.52406   31 6365 5868.48822 6504.58972  10.8%  1964 14404s
 13375  2103 6501.14354   32 6321 5868.48822 6504.58972  10.8%  1974 14443s
 13399  2124 6501.15509   32 6362 5868.48822 6504.58972  10.8%  1979 14473s
 13428  2144 6501.14390   33 6239 5868.48822 6504.58972  10.8%  1985 14514s
 13458  2159 6498.90553   34 6230 5868.48822 6504.58972  10.8%  1994 14558s
H13483  2073                    5869.1449438 6504.58972  10.8%  2003 14805s
H13486  1975                    5881.0179739 6504.58972  10.6%  2005 14805s
H13496  1880                    5903.4545977 6504.58972  10.2%  2009 14805s
 13507  1907 6500.34926   35 6323 5903.45460 6504.58972  10.2%  2014 14853s
 13538  1926 6499.48394   35 6183 5903.45460 6504.58972  10.2%  2024 14892s
 13567  1951 6500.22448   36 6291 5903.45460 6504.58972  10.2%  2033 14928s
 13602  1968 6499.66129   36 6351 5903.45460 6504.58972  10.2%  2042 14977s
 13631  1998 6499.84720   37 6333 5903.45460 6504.58972  10.2%  2052 15029s
 13670  2021 6499.72631   38 6421 5903.45460 6504.58972  10.2%  2063 15084s
 13706  2055 6499.42553   39 6326 5903.45460 6504.58972  10.2%  2073 15363s
H13707  1967                    5904.2119946 6504.58972  10.2%  2072 15363s
H13709  1884                    5917.6620951 6504.58972  9.92%  2073 15363s
 13752  1917 6499.16129   40 6304 5917.66210 6504.58972  9.92%  2083 15417s
 13800  1953 6498.81751   41 6211 5917.66210 6504.58972  9.92%  2095 15475s
 13852  1990 6498.93769   41 6082 5917.66210 6504.58972  9.92%  2106 15538s
 13906  2033 6498.84056   42 5973 5917.66210 6504.58972  9.92%  2120 15587s
 13967  2078 6498.79639   43 5860 5917.66210 6504.58972  9.92%  2131 15637s
 14033  2115 6498.68831   45 5867 5917.66210 6504.58972  9.92%  2141 15696s
 14092  2172 6498.59009   46 5872 5917.66210 6504.58972  9.92%  2154 15771s
 14169  2225 6498.21057   47 5740 5917.66210 6504.58972  9.92%  2166 15831s
 14248  2260 6498.38864   48 5826 5917.66210 6504.58972  9.92%  2177 15886s
H14273  2173                    5917.8206122 6504.58972  9.92%  2183 15886s
H14303  2088                    5918.2014210 6504.58972  9.91%  2187 15886s
 14309  2175 6498.23735   49 5987 5918.20142 6504.58972  9.91%  2188 15965s
 14398  2169 6498.14475   50 5899 5918.20142 6504.58972  9.91%  2200 17440s
H14399  2097                    5926.8791638 6504.58972  9.75%  2200 17440s
H14416  2024                    5928.3713515 6504.58972  9.72%  2202 17440s
 14422  2109 6497.15797   50 5811 5928.37135 6504.58972  9.72%  2204 17543s
 14509  2163 6497.72499   51 5642 5928.37135 6504.58972  9.72%  2218 17613s
 14592  2236 6497.78346   53 5851 5928.37135 6504.58972  9.72%  2234 17680s
 14693  2306 6497.70396   54 5921 5928.37135 6504.58972  9.72%  2248 17761s
 14796  2370 6494.78371   55 5583 5928.37135 6504.58972  9.72%  2266 17833s
 14895  2458 6497.45514   56 5805 5928.37135 6504.58972  9.72%  2281 17904s
 15016  2547 6496.17972   57 5655 5928.37135 6504.58972  9.72%  2296 17993s
 15145  2514 6498.44806   61 5510 5928.37135 6504.58972  9.72%  2313 18000s

Cutting planes:
  Gomory: 150
  Cover: 1
  MIR: 689
  StrongCG: 4
  Flow cover: 924
  Zero half: 2021
  Mod-K: 1
  RLT: 99

Explored 15155 nodes (35536984 simplex iterations) in 18000.04 seconds
Thread count was 24 (of 48 available processors)

Solution count 10: 5928.37 5926.88 5918.2 ... 5868.49

Time limit reached
Best objective 5.928371351511e+03, best bound 6.504589722855e+03, gap 9.7197%
