
Gurobi 9.0.2 (linux64) logging started Mon May 25 22:36:32 2020

Changed value of parameter LogFile to gurobi_logs/2020-05-25_22:36:32-rproblem3_implicit_mode=implicit_implicit_shifts.log
   Prev:   Default: 
Parameter MIPFocus unchanged
   Value: 0  Min: 0  Max: 3  Default: 0
Parameter SolutionLimit unchanged
   Value: 2000000000  Min: 1  Max: 2000000000  Default: 2000000000
Parameter LogToConsole unchanged
   Value: 1  Min: 0  Max: 1  Default: 1
Changed value of parameter TimeLimit to 18000.0
   Prev: inf  Min: 0.0  Max: inf  Default: inf
Gurobi Optimizer version 9.0.2 build v9.0.2rc0 (linux64)
Optimize a model with 1191456 rows, 4493918 columns and 121142420 nonzeros
Model fingerprint: 0xe1cf90c5
Variable types: 128 continuous, 4493790 integer (4492908 binary)
Coefficient statistics:
  Matrix range     [1e-02, 1e+03]
  Objective range  [2e-01, 4e+00]
  Bounds range     [1e+00, 1e+00]
  RHS range        [2e-01, 1e+03]
Presolve removed 0 rows and 7644 columns (presolve time = 11s) ...
Presolve removed 12677 rows and 17885 columns (presolve time = 20s) ...
Presolve removed 24185 rows and 1338427 columns (presolve time = 29s) ...
Presolve removed 24185 rows and 1338427 columns (presolve time = 31s) ...
Presolve removed 24185 rows and 3213308 columns (presolve time = 67s) ...
Presolve removed 24185 rows and 3213308 columns (presolve time = 70s) ...
Presolve removed 24185 rows and 3213308 columns (presolve time = 75s) ...
Presolve removed 24227 rows and 3213350 columns (presolve time = 95s) ...
Presolve removed 24227 rows and 3213350 columns (presolve time = 95s) ...
Presolve removed 24227 rows and 3213350 columns (presolve time = 100s) ...
Presolve removed 24227 rows and 3213350 columns (presolve time = 105s) ...
Presolve removed 24227 rows and 3213350 columns (presolve time = 110s) ...
Presolve removed 24227 rows and 3213350 columns (presolve time = 115s) ...
Presolve removed 26327 rows and 3215786 columns (presolve time = 125s) ...
Presolve removed 33047 rows and 3222506 columns (presolve time = 127s) ...
Presolve removed 33047 rows and 3222506 columns (presolve time = 131s) ...
Presolve removed 33047 rows and 3222506 columns (presolve time = 162s) ...
Presolve removed 33047 rows and 3222506 columns (presolve time = 165s) ...
Presolve removed 33047 rows and 3222506 columns (presolve time = 183s) ...
Presolve removed 33047 rows and 3222506 columns (presolve time = 185s) ...
Presolve removed 33047 rows and 3222506 columns (presolve time = 194s) ...
Presolve removed 33047 rows and 3222506 columns (presolve time = 195s) ...
Presolve removed 33047 rows and 3222506 columns (presolve time = 200s) ...
Presolve removed 33047 rows and 3222506 columns (presolve time = 537s) ...
Presolve removed 34517 rows and 3223976 columns (presolve time = 548s) ...
Presolve removed 18641 rows and 3208100 columns
Presolve time: 547.96s
Presolved: 1172815 rows, 1285818 columns, 20899838 nonzeros
Variable types: 1 continuous, 1285817 integer (1270836 binary)

Deterministic concurrent LP optimizer: primal simplex, dual simplex, and barrier
Showing barrier log only...

Root barrier log...

Elapsed ordering time = 5s
Elapsed ordering time = 10s
Elapsed ordering time = 15s
Elapsed ordering time = 20s
Elapsed ordering time = 28s
Ordering time: 48.88s
Elapsed ordering time = 52s
Elapsed ordering time = 55s
Elapsed ordering time = 60s
Elapsed ordering time = 65s
Elapsed ordering time = 70s
Elapsed ordering time = 82s
Elapsed ordering time = 88s
Elapsed ordering time = 90s
Elapsed ordering time = 95s
Elapsed ordering time = 100s
Elapsed ordering time = 105s
Elapsed ordering time = 110s
Elapsed ordering time = 115s
Elapsed ordering time = 120s
Elapsed ordering time = 125s
Ordering time: 127.01s

Barrier statistics:
 Dense cols : 9417
 AA' NZ     : 5.111e+08
 Factor NZ  : 6.446e+08 (roughly 6.0 GBytes of memory)
 Factor Ops : 1.504e+12 (roughly 7 seconds per iteration)
 Threads    : 21

                  Objective                Residual
Iter       Primal          Dual         Primal    Dual     Compl     Time
   0   1.12621440e+09  6.08293151e+06  3.40e+06 1.80e+01  5.83e+04   850s
   1   1.12621600e+09  6.09526231e+06  3.40e+06 1.27e+10  5.83e+04   858s
   2   1.12619001e+09  5.96761855e+06  3.40e+06 1.27e+10  5.83e+04   867s
   3   1.12618903e+09  5.96673652e+06  3.40e+06 1.27e+10  5.83e+04   876s
   4   1.12619065e+09  5.95080295e+06  3.40e+06 1.27e+10  5.83e+04   885s
   5   1.12619022e+09  5.95350130e+06  3.40e+06 1.27e+10  5.83e+04   894s
   6   1.12572023e+09  5.96609625e+06  3.40e+06 1.27e+10  5.83e+04   903s
   7   1.12568932e+09  6.02479039e+06  3.40e+06 1.27e+10  5.83e+04   912s
   8   1.12565313e+09  5.98231589e+06  3.40e+06 1.27e+10  5.83e+04   921s
   9   1.12563593e+09  6.06463959e+06  3.40e+06 1.27e+10  5.83e+04   930s
  10   1.12558057e+09  6.27958933e+06  3.40e+06 1.27e+10  5.83e+04   939s
  11   1.12621440e+09  8.06434166e+07  3.40e+06 1.80e+01  7.75e+05   954s
  12   1.14588476e+09  8.22280266e+07  3.46e+06 1.21e+04  4.39e+05   965s
  13   1.20306210e+09  8.85264466e+07  3.63e+06 7.79e+04  3.95e+05   975s
  14   5.80985415e+08  3.24134805e+07  1.75e+06 6.41e+04  6.98e+04   985s
  15   5.12236009e+08  2.50294237e+07  1.55e+06 4.94e+04  4.74e+04   995s
  16   5.13364262e+08  2.50971598e+07  1.55e+06 4.91e+04  4.76e+04  1006s
  17   5.19302856e+08  2.52544088e+07  1.57e+06 1.48e+05  4.85e+04  1016s
  18   5.16303111e+08  2.49956466e+07  1.56e+06 3.54e+10  4.00e+04  1028s
  19   4.84008051e+08  2.27358390e+07  1.46e+06 3.21e+10  2.99e+04  1037s
  20   4.83525430e+08  2.27118710e+07  1.46e+06 3.21e+10  2.99e+04  1047s
  21   5.00765623e+08  2.30536959e+07  1.51e+06 3.26e+10  3.14e+04  1057s
  22   4.84595377e+08  2.22733420e+07  1.46e+06 3.15e+10  2.68e+04  1066s
  23   4.90255642e+08  2.25469079e+07  1.48e+06 3.19e+10  2.57e+04  1076s
  24   4.96552827e+08  2.30787165e+07  1.50e+06 3.26e+10  2.67e+04  1085s
  25   4.96289235e+08  2.30669918e+07  1.50e+06 3.26e+10  2.67e+04  1095s
  26   4.97050241e+08  2.30933909e+07  1.50e+06 3.26e+10  2.56e+04  1105s
  27   4.82681315e+08  2.17104420e+07  1.46e+06 3.06e+10  2.27e+04  1115s
  28   4.91309943e+08  2.22049581e+07  1.48e+06 3.14e+10  2.37e+04  1125s
  29   4.84454555e+08  2.16182226e+07  1.46e+06 3.05e+10  2.27e+04  1135s
  30   4.83157384e+08  2.15557740e+07  1.46e+06 3.04e+10  2.22e+04  1144s
  31   4.84916850e+08  2.16177725e+07  1.46e+06 3.05e+10  2.23e+04  1155s
  32   4.80620330e+08  2.15351308e+07  1.45e+06 3.04e+10  2.20e+04  1164s
  33   4.79896500e+08  2.12681495e+07  1.45e+06 3.00e+10  2.15e+04  1174s
  34   4.79212848e+08  2.11822643e+07  1.45e+06 2.99e+10  2.14e+04  1184s
  35   4.75725029e+08  2.07429314e+07  1.44e+06 2.93e+10  2.08e+04  1194s
  36   4.76040658e+08  2.09358490e+07  1.44e+06 2.96e+10  2.08e+04  1204s
  37   4.76803514e+08  2.11833158e+07  1.44e+06 2.99e+10  2.11e+04  1213s

Barrier performed 37 iterations in 1213.31 seconds
Numerical trouble encountered


Root simplex log...

Iteration    Objective       Primal Inf.    Dual Inf.      Time
       0    9.8677839e+06   1.450007e+06   0.000000e+00   1216s
    4149    1.9458820e+03   6.692679e+04   0.000000e+00   1220s
    6305    1.9458744e+03   6.233412e+04   0.000000e+00   1226s
    7903    1.9458704e+03   4.326971e+04   0.000000e+00   1232s
    8981    1.9458683e+03   6.594999e+04   0.000000e+00   1237s
   10059    1.9458664e+03   4.953669e+04   0.000000e+00   1242s
   10598    1.9458656e+03   4.972230e+04   0.000000e+00   1246s
   11676    1.9458644e+03   3.111163e+04   0.000000e+00   1254s
   12215    1.9458637e+03   3.037666e+04   0.000000e+00   1257s
   12754    1.9458632e+03   2.976255e+04   0.000000e+00   1262s
   13293    1.9458627e+03   2.900766e+04   0.000000e+00   1266s
   14371    1.9458618e+03   2.830843e+04   0.000000e+00   1273s
   14910    1.9458612e+03   2.784706e+04   0.000000e+00   1277s
   15449    1.9458606e+03   2.811453e+04   0.000000e+00   1281s
   15988    1.9458601e+03   2.754016e+04   0.000000e+00   1286s
   17066    1.9458593e+03   2.636581e+04   0.000000e+00   1293s
   17605    1.9458589e+03   2.545608e+04   0.000000e+00   1297s
   18144    1.9458365e+03   2.468729e+04   0.000000e+00   1300s
   19222    1.9458358e+03   2.346918e+04   0.000000e+00   1308s
   19761    1.9458354e+03   2.466694e+04   0.000000e+00   1312s
   20300    1.9458350e+03   2.284553e+04   0.000000e+00   1316s
   20839    1.9458346e+03   2.295317e+04   0.000000e+00   1320s
   21917    1.9458338e+03   3.228170e+04   0.000000e+00   1329s
   22456    1.9458335e+03   2.076343e+04   0.000000e+00   1333s
   22995    1.9458331e+03   2.092912e+04   0.000000e+00   1338s
   23534    1.9458327e+03   1.975252e+04   0.000000e+00   1342s
   24073    1.9458322e+03   1.967196e+04   0.000000e+00   1347s
   24612    1.9458100e+03   2.023583e+04   0.000000e+00   1351s
   25151    1.9458095e+03   1.849119e+04   0.000000e+00   1356s
   25690    1.9458092e+03   1.807997e+04   0.000000e+00   1360s
   26768    1.9458085e+03   1.971854e+04   0.000000e+00   1369s
   27307    1.9458081e+03   1.672089e+04   0.000000e+00   1373s
   27846    1.9458077e+03   2.322511e+04   0.000000e+00   1378s
   28385    1.9458074e+03   1.651166e+04   0.000000e+00   1382s
   28924    1.9458071e+03   1.526649e+04   0.000000e+00   1386s
   30002    1.9457844e+03   1.541281e+04   0.000000e+00   1395s
   31080    1.9457837e+03   1.400367e+04   0.000000e+00   1405s
   31619    1.9457833e+03   1.633527e+04   0.000000e+00   1410s
   32158    1.9457829e+03   1.757105e+04   0.000000e+00   1414s
   32697    1.9457826e+03   1.320104e+04   0.000000e+00   1419s
   33236    1.9457823e+03   1.849803e+04   0.000000e+00   1422s
   33775    1.9457819e+03   1.388263e+04   0.000000e+00   1426s
   34314    1.9457814e+03   1.499342e+04   0.000000e+00   1431s
   34853    1.9457590e+03   1.288947e+04   0.000000e+00   1435s
   35931    1.9457583e+03   1.178454e+04   0.000000e+00   1443s
   36470    1.9457579e+03   1.388503e+04   0.000000e+00   1447s
   37009    1.9457573e+03   2.357058e+04   0.000000e+00   1452s
   37548    1.9457567e+03   1.182321e+04   0.000000e+00   1457s
   38038    1.9457552e+03   1.270561e+04   0.000000e+00   1463s
   38577    1.9457545e+03   1.148586e+04   0.000000e+00   1469s
   39116    1.9457542e+03   1.139672e+04   0.000000e+00   1474s
   39655    1.9457538e+03   1.040945e+04   0.000000e+00   1479s
   40135    1.9457532e+03   2.152618e+04   0.000000e+00   1485s
   40674    1.9457529e+03   1.022869e+04   0.000000e+00   1489s
   41213    1.9457524e+03   9.808738e+03   0.000000e+00   1494s
   41752    1.9457522e+03   9.495732e+03   0.000000e+00   1498s
   42291    1.9457519e+03   1.081394e+04   0.000000e+00   1503s
   42830    1.9457514e+03   8.784720e+03   0.000000e+00   1506s
   43369    1.9367517e+03   8.614250e+03   0.000000e+00   1511s
   43908    1.9367516e+03   8.411006e+03   0.000000e+00   1516s
   44447    1.8997528e+03   8.121768e+03   0.000000e+00   1521s
   44986    1.8957527e+03   1.159842e+04   0.000000e+00   1525s
   45525    1.8957526e+03   6.933833e+03   0.000000e+00   1530s
   46603    1.8957523e+03   6.191524e+03   0.000000e+00   1539s
   47142    1.8957522e+03   6.948976e+03   0.000000e+00   1542s
   47681    1.8957520e+03   6.580220e+03   0.000000e+00   1545s
   48759    1.8957518e+03   5.987946e+03   0.000000e+00   1553s
   49298    1.8957517e+03   5.549310e+03   0.000000e+00   1557s
   49837    1.8957516e+03   5.546429e+03   0.000000e+00   1561s
   50915    1.8787522e+03   5.648042e+03   0.000000e+00   1567s
   51454    1.6948944e+03   4.848913e+03   0.000000e+00   1570s
   52532    1.6290019e+03   4.840737e+03   0.000000e+00   1576s
   53610    1.5730024e+03   5.454006e+03   0.000000e+00   1581s
   54688    1.5730023e+03   6.728490e+03   0.000000e+00   1586s
   55766    1.5730021e+03   7.365244e+03   0.000000e+00   1590s
   56844    1.5730020e+03   5.483789e+03   0.000000e+00   1596s
   57833    1.5730019e+03   4.363693e+03   0.000000e+00   1603s
   58003    1.5730019e+03   2.529580e+04   0.000000e+00   1607s
   58233    1.5730018e+03   4.365958e+03   0.000000e+00   1613s
   58363    1.5730018e+03   1.092442e+04   0.000000e+00   1616s
   58583    1.5730018e+03   2.167349e+05   0.000000e+00   1623s
   58683    1.5730018e+03   2.883509e+05   0.000000e+00   1626s
   58903    1.5730018e+03   1.407981e+04   0.000000e+00   1633s
   59003    1.5730018e+03   4.923558e+03   0.000000e+00   1636s
   59213    1.5730018e+03   4.531401e+04   0.000000e+00   1643s
   59313    1.5730018e+03   1.403275e+04   0.000000e+00   1646s
   59523    1.5730018e+03   3.589200e+04   0.000000e+00   1653s
   59613    1.5730018e+03   3.974004e+04   0.000000e+00   1656s
   59813    1.5730018e+03   9.914844e+03   0.000000e+00   1663s
   59913    1.5730018e+03   1.108277e+05   0.000000e+00   1666s
   60113    1.5730018e+03   3.612646e+03   0.000000e+00   1673s
   60203    1.5730018e+03   1.050625e+04   0.000000e+00   1676s
   60403    1.5730018e+03   6.941241e+05   0.000000e+00   1683s
   60503    1.5730018e+03   2.895736e+04   0.000000e+00   1686s
   60703    1.5730017e+03   3.287343e+04   0.000000e+00   1693s
   60803    1.5730017e+03   4.540436e+03   0.000000e+00   1696s
   60993    1.5730017e+03   6.879087e+03   0.000000e+00   1703s
   61093    1.5730017e+03   2.294691e+04   0.000000e+00   1706s
   61293    1.5730017e+03   2.754453e+04   0.000000e+00   1713s
   61383    1.5730017e+03   2.624263e+04   0.000000e+00   1716s
   61493    1.5730017e+03   1.684653e+04   0.000000e+00   1720s
   61693    1.5730017e+03   7.807570e+03   0.000000e+00   1727s
   61793    1.5730017e+03   1.131559e+06   0.000000e+00   1730s
   61993    1.5730017e+03   1.305169e+05   0.000000e+00   1737s
   62093    1.5730017e+03   4.580954e+04   0.000000e+00   1740s
   62293    1.5730017e+03   4.910630e+04   0.000000e+00   1747s
   62393    1.5730017e+03   2.259020e+05   0.000000e+00   1751s
   62613    1.5730017e+03   1.997995e+04   0.000000e+00   1758s
   62713    1.5730017e+03   4.299634e+04   0.000000e+00   1761s
   62913    1.5730017e+03   3.705482e+04   0.000000e+00   1768s
   63023    1.5730017e+03   2.117041e+05   0.000000e+00   1771s
   63223    1.5730017e+03   7.044584e+03   0.000000e+00   1778s
   63333    1.5730017e+03   3.640837e+04   0.000000e+00   1782s
   63533    1.5730016e+03   2.975935e+05   0.000000e+00   1788s
   63633    1.5730016e+03   7.286621e+03   0.000000e+00   1792s
   63733    1.5730016e+03   1.021751e+05   0.000000e+00   1795s
   63933    1.5730016e+03   9.145175e+04   0.000000e+00   1802s
   64023    1.5730016e+03   8.850112e+04   0.000000e+00   1805s
   64223    1.5730016e+03   7.064170e+04   0.000000e+00   1812s
   64323    1.5730016e+03   1.844774e+04   0.000000e+00   1815s
   64523    1.5730016e+03   1.883740e+05   0.000000e+00   1822s
   64623    1.5730016e+03   8.266858e+04   0.000000e+00   1825s
   64823    1.5730016e+03   9.615210e+03   0.000000e+00   1832s
   64913    1.5730016e+03   2.659260e+05   0.000000e+00   1835s
   65113    1.5730016e+03   2.789672e+05   0.000000e+00   1842s
   65213    1.5730016e+03   6.803885e+04   0.000000e+00   1845s
   65423    1.5730016e+03   3.317724e+05   0.000000e+00   1852s
   65523    1.5730016e+03   4.222921e+05   0.000000e+00   1855s
   65723    1.5730016e+03   1.504589e+05   0.000000e+00   1862s
   65823    1.5730016e+03   2.314577e+05   0.000000e+00   1865s
   66013    1.5730016e+03   2.736031e+04   0.000000e+00   1872s
   66103    1.5730016e+03   3.069789e+05   0.000000e+00   1875s
   66303    1.5730016e+03   3.134134e+06   0.000000e+00   1882s
   66403    1.5730016e+03   5.790347e+03   0.000000e+00   1886s
   66633    1.5730016e+03   2.173853e+04   0.000000e+00   1893s
   66723    1.5730016e+03   1.342336e+04   0.000000e+00   1896s
   66923    1.5730016e+03   8.874721e+04   0.000000e+00   1903s
   67023    1.5730016e+03   5.255382e+04   0.000000e+00   1906s
   67223    1.5730016e+03   1.639033e+06   0.000000e+00   1913s
   67323    1.5730016e+03   5.527514e+03   0.000000e+00   1917s
   67523    1.5730016e+03   8.626437e+03   0.000000e+00   1924s
   67623    1.5730016e+03   3.490286e+04   0.000000e+00   1927s
   67723    1.5730015e+03   1.276665e+04   0.000000e+00   1930s
   67863    1.5730015e+03   1.126186e+05   0.000000e+00   1937s
   67943    1.5730015e+03   5.272367e+04   0.000000e+00   1941s
   68103    1.5730014e+03   3.753328e+03   0.000000e+00   1949s
   68173    1.5730014e+03   3.801237e+03   0.000000e+00   1952s
   68243    1.5730014e+03   5.937608e+04   0.000000e+00   1956s
   68383    1.5730014e+03   2.196563e+04   0.000000e+00   1963s
   68453    1.5730014e+03   1.791281e+04   0.000000e+00   1966s
   68593    1.5730013e+03   3.060166e+03   0.000000e+00   1973s
   68663    1.5730013e+03   7.291915e+04   0.000000e+00   1977s
   68743    1.5730013e+03   1.317722e+04   0.000000e+00   1981s
   68893    1.5730013e+03   8.844440e+04   0.000000e+00   1988s
   68963    1.5730013e+03   1.693362e+04   0.000000e+00   1992s
   69043    1.5730013e+03   1.583085e+04   0.000000e+00   1996s
   69193    1.5730012e+03   6.704924e+03   0.000000e+00   2004s
   69273    1.5730012e+03   1.719595e+05   0.000000e+00   2008s
   69353    1.5730012e+03   5.292909e+03   0.000000e+00   2012s
   69433    1.5730012e+03   1.904411e+05   0.000000e+00   2016s
   69583    1.5730012e+03   1.963413e+04   0.000000e+00   2023s
   69653    1.5730012e+03   2.497805e+05   0.000000e+00   2027s
   69733    1.5730011e+03   3.480702e+03   0.000000e+00   2031s
   69873    1.5730011e+03   3.110197e+04   0.000000e+00   2038s
   69953    1.5730011e+03   1.120022e+04   0.000000e+00   2042s
   70033    1.5730011e+03   4.018591e+03   0.000000e+00   2046s
   70193    1.5730010e+03   1.211440e+04   0.000000e+00   2053s
   70273    1.5730010e+03   1.308231e+05   0.000000e+00   2058s
   70363    1.5730010e+03   6.372274e+04   0.000000e+00   2062s
   70443    1.5730010e+03   6.268046e+03   0.000000e+00   2066s
   70593    1.5730010e+03   1.446358e+04   0.000000e+00   2073s
   70673    1.5730010e+03   3.874506e+03   0.000000e+00   2077s
   70753    1.5730009e+03   5.565192e+03   0.000000e+00   2081s
   70913    1.5730009e+03   6.293022e+03   0.000000e+00   2088s
   70993    1.5730009e+03   1.721114e+04   0.000000e+00   2092s
   71073    1.5730009e+03   2.598179e+04   0.000000e+00   2096s
   71153    1.5730009e+03   5.795552e+04   0.000000e+00   2100s
   71303    1.5730009e+03   8.980228e+04   0.000000e+00   2108s
   71373    1.5730009e+03   4.871347e+03   0.000000e+00   2112s
   71453    1.5730008e+03   2.029181e+04   0.000000e+00   2115s
   71613    1.5730008e+03   1.041191e+04   0.000000e+00   2123s
   71693    1.5730008e+03   4.242558e+03   0.000000e+00   2127s
   71773    1.5730008e+03   3.769483e+03   0.000000e+00   2131s
   71933    1.5730008e+03   1.331264e+04   0.000000e+00   2139s
   72013    1.5730007e+03   2.168340e+04   0.000000e+00   2142s
   72123    1.5730007e+03   6.124341e+03   0.000000e+00   2146s
   72203    1.5730007e+03   8.218882e+04   0.000000e+00   2150s
   72373    1.5730007e+03   3.698837e+03   0.000000e+00   2158s
   72453    1.5730007e+03   2.626222e+04   0.000000e+00   2162s
   72543    1.5730007e+03   9.322509e+03   0.000000e+00   2166s
   72623    1.5730006e+03   5.557518e+03   0.000000e+00   2170s
   72793    1.5730006e+03   3.058147e+03   0.000000e+00   2178s
   72883    1.5730006e+03   7.205969e+04   0.000000e+00   2182s
   72963    1.5730006e+03   5.071563e+03   0.000000e+00   2186s
   73123    1.5730006e+03   3.442202e+05   0.000000e+00   2193s
   73203    1.5730006e+03   7.371645e+03   0.000000e+00   2197s
   73283    1.5730006e+03   8.210182e+03   0.000000e+00   2201s
   73463    1.5730006e+03   1.303296e+06   0.000000e+00   2208s
   73543    1.5730006e+03   2.521357e+03   0.000000e+00   2212s
   73623    1.5730005e+03   4.010774e+03   0.000000e+00   2216s
   73823    1.5730005e+03   4.696184e+03   0.000000e+00   2223s
   73903    1.5730005e+03   2.993163e+04   0.000000e+00   2227s
   74013    1.5730005e+03   2.897261e+05   0.000000e+00   2231s
   74183    1.5730004e+03   2.828993e+04   0.000000e+00   2239s
   74263    1.5730004e+03   1.967271e+04   0.000000e+00   2243s
   74343    1.5730004e+03   1.274137e+05   0.000000e+00   2247s
   74423    1.5730004e+03   2.802828e+03   0.000000e+00   2251s
   74503    1.5730004e+03   9.875751e+03   0.000000e+00   2255s
   74663    1.5730004e+03   2.541084e+04   0.000000e+00   2262s
   74753    1.5730004e+03   3.009585e+05   0.000000e+00   2266s
   74843    1.5730004e+03   8.509822e+05   0.000000e+00   2270s
   75023    1.5730004e+03   2.054559e+05   0.000000e+00   2278s
   75113    1.5730003e+03   9.535581e+03   0.000000e+00   2283s
   75193    1.5730003e+03   2.478799e+04   0.000000e+00   2287s
   75273    1.5730003e+03   6.053658e+03   0.000000e+00   2290s
   75453    1.5730003e+03   3.464323e+03   0.000000e+00   2298s
   75543    1.5730003e+03   2.819196e+05   0.000000e+00   2302s
   75623    1.5730003e+03   2.835502e+04   0.000000e+00   2306s
   75793    1.5730003e+03   3.688232e+04   0.000000e+00   2314s
   75873    1.5730002e+03   4.207232e+04   0.000000e+00   2318s
   75963    1.5730002e+03   2.582400e+03   0.000000e+00   2322s
   76053    1.5730002e+03   7.898449e+03   0.000000e+00   2326s
   76243    1.5730002e+03   8.943324e+03   0.000000e+00   2334s
   76333    1.5730002e+03   2.885564e+04   0.000000e+00   2338s
   76413    1.5730002e+03   1.840219e+04   0.000000e+00   2341s
   76503    1.5730002e+03   8.662242e+03   0.000000e+00   2345s
   76663    1.5730002e+03   2.150526e+04   0.000000e+00   2354s
   76763    1.5730001e+03   8.708499e+03   0.000000e+00   2357s
   76833    1.5730001e+03   3.828772e+03   0.000000e+00   2361s
   76923    1.5730001e+03   6.054733e+03   0.000000e+00   2365s
   77093    1.5730001e+03   8.837577e+03   0.000000e+00   2373s
   77183    1.5730001e+03   6.090173e+04   0.000000e+00   2377s
   77273    1.5730001e+03   1.821597e+04   0.000000e+00   2381s
   77363    1.5730001e+03   8.457941e+04   0.000000e+00   2385s
   77523    1.5730001e+03   4.523726e+03   0.000000e+00   2393s
   77603    1.5730001e+03   7.344625e+03   0.000000e+00   2397s
   77693    1.5730001e+03   2.349847e+05   0.000000e+00   2401s
   77783    1.5730001e+03   2.617854e+04   0.000000e+00   2405s
   77943    1.5730001e+03   3.173826e+03   0.000000e+00   2413s
   78023    1.5730001e+03   6.615798e+03   0.000000e+00   2417s
   78103    1.5730001e+03   2.588969e+03   0.000000e+00   2421s
   78193    1.5730001e+03   1.789377e+03   0.000000e+00   2425s
   78353    1.5730000e+03   1.454115e+04   0.000000e+00   2432s
   78433    1.5730000e+03   5.326245e+04   0.000000e+00   2436s
   78513    1.5730000e+03   1.654034e+05   0.000000e+00   2441s
   78593    1.5730000e+03   1.272763e+04   0.000000e+00   2445s
   78753    1.5730000e+03   1.568849e+06   0.000000e+00   2453s
   78833    1.5730000e+03   7.849404e+03   0.000000e+00   2457s
   78913    1.5730000e+03   2.479898e+03   0.000000e+00   2461s
   79003    1.5730000e+03   1.720096e+04   0.000000e+00   2465s
   79173    1.5730000e+03   3.052302e+03   0.000000e+00   2473s
   79253    1.5730000e+03   2.531936e+03   0.000000e+00   2477s
   79333    1.5730000e+03   9.405335e+03   0.000000e+00   2481s
   79413    1.5730000e+03   1.039824e+03   0.000000e+00   2485s
   79583    1.5730000e+03   7.237308e+03   0.000000e+00   2494s
   79663    1.5730000e+03   5.858147e+03   0.000000e+00   2498s
   79743    1.5730000e+03   4.047141e+04   0.000000e+00   2502s
   79833    1.5730000e+03   1.468988e+04   0.000000e+00   2507s
   79913    1.5730000e+03   2.655621e+03   0.000000e+00   2511s
   79993    1.5730000e+03   1.437157e+03   0.000000e+00   2515s
   80163    1.5730000e+03   2.859829e+05   0.000000e+00   2523s
   80243    1.5730000e+03   2.841183e+03   0.000000e+00   2527s
   80323    1.5730000e+03   2.996031e+03   0.000000e+00   2531s
   80403    1.5730000e+03   3.400283e+03   0.000000e+00   2535s
   80573    1.5729999e+03   1.163235e+05   0.000000e+00   2543s
   80663    1.5729999e+03   2.071502e+03   0.000000e+00   2547s
   80743    1.5729999e+03   1.017716e+04   0.000000e+00   2551s
   80903    1.5729999e+03   5.067964e+03   0.000000e+00   2558s
   80983    1.5729999e+03   5.464920e+03   0.000000e+00   2562s
   81063    1.5729999e+03   7.491222e+03   0.000000e+00   2566s
   81223    1.5729999e+03   1.303106e+03   0.000000e+00   2574s
   81303    1.5729999e+03   5.576147e+03   0.000000e+00   2577s
   81383    1.5729999e+03   5.520216e+03   0.000000e+00   2581s
   81473    1.5729999e+03   1.288215e+03   0.000000e+00   2586s
   81633    1.5729999e+03   3.207612e+03   0.000000e+00   2593s
   81713    1.5729999e+03   4.909564e+03   0.000000e+00   2597s
   81793    1.5729999e+03   2.211125e+03   0.000000e+00   2601s
   81973    1.5729999e+03   4.215762e+04   0.000000e+00   2608s
   82063    1.5729999e+03   9.464757e+03   0.000000e+00   2612s
   82153    1.5729999e+03   1.274652e+05   0.000000e+00   2616s
   82243    1.5729999e+03   1.134865e+06   0.000000e+00   2620s
   82423    1.5729998e+03   2.619658e+04   0.000000e+00   2628s
   82513    1.5729998e+03   6.835502e+03   0.000000e+00   2632s
   82603    1.5729998e+03   1.830921e+03   0.000000e+00   2636s
   82693    1.5729998e+03   7.959326e+04   0.000000e+00   2640s
   82873    1.5729998e+03   2.656433e+06   0.000000e+00   2648s
   82963    1.5729998e+03   4.153886e+03   0.000000e+00   2652s
   83053    1.5729831e+03   1.360623e+06   0.000000e+00   2656s
   83143    1.5729831e+03   3.696175e+03   0.000000e+00   2661s
   83323    1.5729831e+03   8.668989e+03   0.000000e+00   2669s
   83413    1.5729499e+03   1.191740e+05   0.000000e+00   2673s
   83503    1.5727993e+03   1.890026e+04   0.000000e+00   2677s
   83583    1.5726241e+03   1.450523e+03   0.000000e+00   2680s
   83773    1.5722500e+03   7.240075e+04   0.000000e+00   2689s
   83863    1.5722499e+03   7.172459e+03   0.000000e+00   2693s
   83953    1.5722499e+03   1.536115e+04   0.000000e+00   2697s
   84043    1.5722499e+03   2.972806e+04   0.000000e+00   2701s
   84213    1.5722499e+03   3.622385e+05   0.000000e+00   2708s
   84303    1.5722499e+03   9.909343e+04   0.000000e+00   2712s
   84393    1.5722499e+03   4.810916e+05   0.000000e+00   2716s
   84603    1.5062499e+03   1.124841e+04   0.000000e+00   2724s
   84693    1.5062499e+03   7.146696e+03   0.000000e+00   2728s
   84783    1.5062499e+03   6.103272e+03   0.000000e+00   2732s
   84883    1.5062499e+03   1.772612e+03   0.000000e+00   2736s
   84973    1.5062498e+03   1.566223e+03   0.000000e+00   2740s
   85173    1.4982498e+03   1.588671e+03   0.000000e+00   2748s
   85263    1.4982498e+03   1.058465e+03   0.000000e+00   2752s
   85343    1.4982498e+03   1.842171e+04   0.000000e+00   2756s
   85513    1.4982498e+03   1.200324e+03   0.000000e+00   2764s
   85603    1.4962499e+03   1.133307e+05   0.000000e+00   2767s
   85693    1.4962498e+03   1.388388e+03   0.000000e+00   2771s
   85853    1.4962498e+03   2.637564e+03   0.000000e+00   2778s
   85953    1.4962498e+03   7.560222e+03   0.000000e+00   2783s
   86043    1.4962498e+03   1.138643e+05   0.000000e+00   2787s
   86133    1.4962498e+03   2.609892e+03   0.000000e+00   2790s
   86323    1.4962498e+03   5.794571e+03   0.000000e+00   2798s
   86413    1.4962498e+03   2.565425e+04   0.000000e+00   2802s
   86503    1.4962498e+03   2.056842e+04   0.000000e+00   2805s
   86693    1.4882498e+03   2.689303e+03   0.000000e+00   2813s
   86783    1.4882498e+03   2.290996e+03   0.000000e+00   2817s
   86883    1.4882498e+03   6.708685e+02   0.000000e+00   2821s
   87083    1.4882498e+03   1.195908e+03   0.000000e+00   2829s
   87183    1.4882498e+03   8.201298e+03   0.000000e+00   2833s
   87273    1.4882498e+03   5.000585e+04   0.000000e+00   2836s
   87453    1.4842498e+03   1.245230e+04   0.000000e+00   2843s
   87543    1.4842498e+03   1.068589e+03   0.000000e+00   2847s
   87633    1.4842498e+03   7.079973e+02   0.000000e+00   2851s
   87813    1.4762498e+03   1.653905e+05   0.000000e+00   2858s
   87893    1.4762498e+03   9.997377e+03   0.000000e+00   2862s
   87983    1.4762498e+03   1.029256e+05   0.000000e+00   2866s
   88173    1.4762498e+03   8.679389e+04   0.000000e+00   2873s
   88263    1.4762498e+03   1.309753e+03   0.000000e+00   2877s
   88353    1.4762498e+03   6.168906e+03   0.000000e+00   2881s
   88543    1.4762498e+03   1.134724e+03   0.000000e+00   2888s
   88643    1.4762498e+03   8.783594e+02   0.000000e+00   2892s
   88733    1.4762498e+03   7.521582e+02   0.000000e+00   2896s
   88923    1.4762498e+03   1.417423e+05   0.000000e+00   2903s
   89023    1.4762498e+03   6.793004e+02   0.000000e+00   2906s
   89113    1.4762498e+03   9.544321e+04   0.000000e+00   2910s
   89303    1.4762498e+03   9.914523e+02   0.000000e+00   2918s
   89393    1.4762498e+03   1.676975e+04   0.000000e+00   2921s
   89583    1.4762498e+03   1.629759e+03   0.000000e+00   2929s
   89673    1.4762180e+03   3.142414e+07   0.000000e+00   2932s
   89763    1.4756908e+03   1.503179e+03   0.000000e+00   2936s
   89943    1.4754998e+03   9.960973e+04   0.000000e+00   2943s
   90033    1.4754998e+03   7.720416e+05   0.000000e+00   2947s
   90123    1.4754998e+03   6.938715e+03   0.000000e+00   2951s
   90313    1.4754998e+03   9.230361e+02   0.000000e+00   2958s
   90393    1.4754998e+03   2.472546e+03   0.000000e+00   2962s
   90483    1.4754998e+03   4.310207e+03   0.000000e+00   2966s
   90663    1.4754998e+03   1.077159e+03   0.000000e+00   2973s
   90763    1.4754998e+03   1.151447e+03   0.000000e+00   2977s
   90853    1.4754998e+03   1.053699e+04   0.000000e+00   2980s
   91033    1.4754997e+03   9.755682e+03   0.000000e+00   2988s
   91113    1.4754997e+03   5.827405e+04   0.000000e+00   2991s
   91203    1.4754997e+03   4.397049e+04   0.000000e+00   2995s
   91383    1.4754997e+03   2.904484e+05   0.000000e+00   3002s
   91483    1.4754997e+03   3.562717e+02   0.000000e+00   3006s
   91663    1.4754997e+03   3.119709e+02   0.000000e+00   3013s
   91763    1.4754997e+03   1.028942e+04   0.000000e+00   3017s
   91853    1.4754997e+03   1.007673e+03   0.000000e+00   3021s
   92043    1.4754997e+03   3.601893e+02   0.000000e+00   3029s
   92133    1.4754997e+03   4.298352e+02   0.000000e+00   3032s
   92223    1.4754997e+03   1.976281e+03   0.000000e+00   3036s
   92403    1.4754997e+03   1.272715e+05   0.000000e+00   3043s
   92503    1.4754997e+03   3.676533e+02   0.000000e+00   3047s
   92593    1.4754997e+03   5.916316e+02   0.000000e+00   3050s
   92783    1.4754997e+03   1.021613e+04   0.000000e+00   3058s
   92873    1.4754997e+03   1.225460e+03   0.000000e+00   3061s
   92973    1.4754997e+03   5.540803e+02   0.000000e+00   3065s
   93163    1.4754997e+03   1.675843e+03   0.000000e+00   3073s
   93263    1.4754997e+03   1.804521e+03   0.000000e+00   3077s
   93353    1.4754997e+03   9.213030e+02   0.000000e+00   3080s
   93533    1.4754997e+03   2.496884e+04   0.000000e+00   3087s
   93623    1.4754997e+03   4.774943e+03   0.000000e+00   3091s
   93803    1.4754997e+03   3.255105e+02   0.000000e+00   3098s
   93893    1.4754997e+03   2.914324e+02   0.000000e+00   3102s
   93993    1.4754997e+03   6.398819e+03   0.000000e+00   3105s
   94173    1.4754997e+03   3.335039e+02   0.000000e+00   3112s
   94273    1.4754997e+03   3.018733e+02   0.000000e+00   3116s
   94473    1.4754997e+03   1.781125e+02   0.000000e+00   3124s
   94573    1.4754997e+03   3.051602e+02   0.000000e+00   3127s
   94663    1.4754997e+03   3.992777e+03   0.000000e+00   3131s
   94843    1.4754997e+03   4.070762e+02   0.000000e+00   3138s
   94933    1.4754997e+03   6.330558e+03   0.000000e+00   3141s
Concurrent spin time: 609.32s (can be avoided by choosing Method=3)

Solved with primal simplex

Root relaxation: objective 1.475552e+03, 114693 iterations, 2542.02 seconds
Total elapsed time = 4427.64s
Total elapsed time = 5270.37s
Total elapsed time = 5805.20s
Total elapsed time = 6420.90s

    Nodes    |    Current Node    |     Objective Bounds      |     Work
 Expl Unexpl |  Obj  Depth IntInf | Incumbent    BestBd   Gap | It/Node Time

     0     0 1475.55187    0 5926          - 1475.55187      -     - 7089s
     0     0 1475.55187    0 14716          - 1475.55187      -     - 8955s
     0     0 1475.55187    0 14691          - 1475.55187      -     - 9589s
     0     0 1475.55039    0 8366          - 1475.55039      -     - 14759s
