
Gurobi 9.0.2 (linux64) logging started Sun May 24 21:39:57 2020

Changed value of parameter LogFile to gurobi_logs/2020-05-24_21:39:55-rproblem4_mode=optimality_sdp_reduce.log
   Prev:   Default: 
Parameter MIPFocus unchanged
   Value: 0  Min: 0  Max: 3  Default: 0
Parameter SolutionLimit unchanged
   Value: 2000000000  Min: 1  Max: 2000000000  Default: 2000000000
Parameter LogToConsole unchanged
   Value: 1  Min: 0  Max: 1  Default: 1
Changed value of parameter TimeLimit to 18000.0
   Prev: inf  Min: 0.0  Max: inf  Default: inf
Gurobi Optimizer version 9.0.2 build v9.0.2rc0 (linux64)
Optimize a model with 9343 rows, 9514 columns and 20927 nonzeros
Model fingerprint: 0x63baea80
Variable types: 4 continuous, 9510 integer (171 binary)
Coefficient statistics:
  Matrix range     [1e+00, 1e+03]
  Objective range  [2e-01, 5e+00]
  Bounds range     [1e+00, 1e+00]
  RHS range        [1e+00, 5e+00]
Found heuristic solution: objective 168.7500000
Presolve removed 9343 rows and 9514 columns
Presolve time: 0.01s
Presolve: All rows and columns removed

Explored 0 nodes (0 simplex iterations) in 0.01 seconds
Thread count was 1 (of 48 available processors)

Solution count 2: 156.75 

Optimal solution found (tolerance 1.00e-04)
Best objective 1.567500000000e+02, best bound 1.567500000000e+02, gap 0.0000%

Gurobi 9.0.2 (linux64) logging started Sun May 24 21:39:58 2020

Changed value of parameter LogFile to gurobi_logs/2020-05-24_21:39:55-rproblem4_mode=optimality_sdp_reduce.log
   Prev:   Default: 
Parameter MIPFocus unchanged
   Value: 0  Min: 0  Max: 3  Default: 0
Parameter SolutionLimit unchanged
   Value: 2000000000  Min: 1  Max: 2000000000  Default: 2000000000
Parameter LogToConsole unchanged
   Value: 1  Min: 0  Max: 1  Default: 1
Changed value of parameter TimeLimit to 18000.0
   Prev: inf  Min: 0.0  Max: inf  Default: inf
Gurobi Optimizer version 9.0.2 build v9.0.2rc0 (linux64)
Optimize a model with 63288 rows, 38938 columns and 286471 nonzeros
Model fingerprint: 0x38d8248b
Variable types: 26 continuous, 38912 integer (29744 binary)
Coefficient statistics:
  Matrix range     [2e-02, 1e+02]
  Objective range  [2e-01, 1e+00]
  Bounds range     [1e+00, 1e+00]
  RHS range        [1e+00, 4e+02]
Presolve removed 59304 rows and 34343 columns
Presolve time: 0.13s
Presolved: 3984 rows, 4595 columns, 23070 nonzeros
Variable types: 1 continuous, 4594 integer (4586 binary)

Root relaxation: objective 2.329123e+03, 1691 iterations, 0.05 seconds

    Nodes    |    Current Node    |     Objective Bounds      |     Work
 Expl Unexpl |  Obj  Depth IntInf | Incumbent    BestBd   Gap | It/Node Time

     0     0 2329.12324    0  309          - 2329.12324      -     -    0s
H    0     0                    1110.0210943 2329.12324   110%     -    0s
H    0     0                    1472.4576670 2329.12324  58.2%     -    0s
H    0     0                    1744.8584308 2329.12324  33.5%     -    0s
     0     0 2295.41212    0  430 1744.85843 2295.41212  31.6%     -    0s
H    0     0                    1868.3862489 2295.41212  22.9%     -    0s
     0     0 2295.39988    0  430 1868.38625 2295.39988  22.9%     -    0s
     0     0 2262.95443    0  398 1868.38625 2262.95443  21.1%     -    0s
H    0     0                    2016.0446851 2262.95443  12.2%     -    0s
     0     0 2262.37796    0  431 2016.04469 2262.37796  12.2%     -    0s
     0     0 2262.26863    0  445 2016.04469 2262.26863  12.2%     -    0s
     0     0 2262.18220    0  446 2016.04469 2262.18220  12.2%     -    0s
     0     0 2262.16943    0  451 2016.04469 2262.16943  12.2%     -    0s
     0     0 2258.13452    0  445 2016.04469 2258.13452  12.0%     -    1s
H    0     0                    2030.2923156 2258.13452  11.2%     -    1s
     0     0 2258.05673    0  437 2030.29232 2258.05673  11.2%     -    1s
     0     0 2258.05278    0  436 2030.29232 2258.05278  11.2%     -    1s
     0     0 2255.37903    0  479 2030.29232 2255.37903  11.1%     -    1s
     0     0 2253.89882    0  510 2030.29232 2253.89882  11.0%     -    1s
     0     0 2253.84214    0  499 2030.29232 2253.84214  11.0%     -    1s
     0     0 2253.83789    0  500 2030.29232 2253.83789  11.0%     -    1s
     0     0 2246.42744    0  454 2030.29232 2246.42744  10.6%     -    1s
     0     0 2245.11039    0  481 2030.29232 2245.11039  10.6%     -    1s
     0     0 2244.88187    0  540 2030.29232 2244.88187  10.6%     -    2s
     0     0 2244.85816    0  500 2030.29232 2244.85816  10.6%     -    2s
     0     0 2241.52696    0  499 2030.29232 2241.52696  10.4%     -    2s
H    0     0                    2042.8198372 2241.52696  9.73%     -    2s
     0     0 2241.22718    0  536 2042.81984 2241.22718  9.71%     -    2s
     0     0 2240.94390    0  553 2042.81984 2240.94390  9.70%     -    2s
     0     0 2240.89869    0  542 2042.81984 2240.89869  9.70%     -    2s
     0     0 2238.45750    0  543 2042.81984 2238.45750  9.58%     -    2s
     0     0 2238.45750    0  453 2042.81984 2238.45750  9.58%     -    3s
     0     0 2229.87344    0  455 2042.81984 2229.87344  9.16%     -    3s
H    0     0                    2067.3304843 2229.87344  7.86%     -    3s
     0     0 2224.15271    0  458 2067.33048 2224.15271  7.59%     -    3s
     0     0 2224.14205    0  466 2067.33048 2224.14205  7.59%     -    3s
     0     0 2224.14205    0  467 2067.33048 2224.14205  7.59%     -    3s
     0     0 2177.26251    0  396 2067.33048 2177.26251  5.32%     -    3s
H    0     0                    2102.7265849 2177.26251  3.54%     -    3s
     0     0 2176.81671    0  409 2102.72658 2176.81671  3.52%     -    4s
     0     0 2176.79990    0  408 2102.72658 2176.79990  3.52%     -    4s
H    0     0                    2104.3175395 2176.79990  3.44%     -    4s
     0     0 2175.59258    0  462 2104.31754 2175.59258  3.39%     -    4s
     0     0 2175.58876    0  464 2104.31754 2175.58876  3.39%     -    4s
     0     0 2170.35610    0  446 2104.31754 2170.35610  3.14%     -    4s
H    0     0                    2116.7720416 2170.35610  2.53%     -    5s
     0     0 2170.21177    0  411 2116.77204 2170.21177  2.52%     -    5s
     0     0 2165.49529    0  456 2116.77204 2165.49529  2.30%     -    5s
     0     0 2165.30170    0  461 2116.77204 2165.30170  2.29%     -    5s
     0     0 2165.29095    0  493 2116.77204 2165.29095  2.29%     -    5s
     0     0 2165.13503    0  459 2116.77204 2165.13503  2.28%     -    5s
     0     0 2164.99895    0  475 2116.77204 2164.99895  2.28%     -    5s
     0     0 2164.99662    0  477 2116.77204 2164.99662  2.28%     -    5s
     0     0 2164.87626    0  431 2116.77204 2164.87626  2.27%     -    5s
     0     0 2164.87626    0  425 2116.77204 2164.87626  2.27%     -    6s
     0     2 2164.84116    0  425 2116.77204 2164.84116  2.27%     -    6s
H   31    56                    2116.9628206 2164.47343  2.24%   151    8s
H   35    56                    2117.6888569 2164.47176  2.21%   151    8s
H   36    56                    2117.7248557 2164.47176  2.21%   150    8s
H   45    56                    2117.7669060 2164.47176  2.21%   153    8s
   812   869 2159.28009   27  273 2117.76691 2164.45862  2.20%  97.5   10s
H  937   961                    2120.7252810 2164.45862  2.06%  97.0   10s
H  938   961                    2127.7435438 2164.45862  1.73%  96.9   10s
H  942   961                    2135.5342431 2164.45862  1.35%  97.4   10s
  2955  2777 2149.39026   84  200 2135.53424 2164.45862  1.35%  89.6   17s
H 2958  1863                    2153.6481738 2164.45862  0.50%  89.5   17s
H 3084  1743                    2153.6930961 2164.40016  0.50%  88.7   19s
H 3160  1671                    2154.4674163 2164.40016  0.46%  87.2   19s
  3318  1767 2156.60776   30  543 2154.46742 2164.39598  0.46%  87.7   20s
  3360  1796 2158.02681   26  383 2154.46742 2158.02681  0.17%  89.3   25s
  3424  1839 2157.64317   27  355 2154.46742 2157.64317  0.15%  87.6   30s
  3439  1853 2157.59497   24  368 2154.46742 2157.59497  0.15%  89.5   37s
H 3470  1793                    2154.5536885 2157.54881  0.14%  89.9   38s
H 3476  1702                    2154.5851874 2157.54825  0.14%  89.9   38s
H 3550  1665                    2154.7824112 2157.53142  0.13%  90.4   39s
H 3555  1583                    2154.9557207 2157.53142  0.12%  90.3   39s
  3667  1681 2156.69957   31  281 2154.95572 2157.53142  0.12%  91.4   40s
H 4039  1739                    2155.0542274 2157.53142  0.11%  92.2   41s
H 5058  2028                    2155.1732839 2157.53142  0.11%  92.5   42s
  7319  2904 2155.93003   61  150 2155.17328 2157.40550  0.10%  93.7   45s
H 8339  3225                    2155.3316283 2157.33729  0.09%  92.5   45s
 13941  6719     cutoff   57      2155.33163 2157.01017  0.08%  90.8   50s
 19300 10093 2155.62346   46  363 2155.33163 2156.92230  0.07%  89.3   55s
H23031 11066                    2155.3316288 2156.88359  0.07%  89.7   58s
H23279 10834                    2155.4143768 2156.88359  0.07%  89.9   58s
 25859 12797 2156.21480   41  205 2155.41438 2156.85836  0.07%  89.3   61s
 32693 17199 2156.60272   41  146 2155.41438 2156.80405  0.06%  87.7   65s
 40794 21029 2155.71369   56   95 2155.41438 2156.75551  0.06%  86.2   70s
 49606 24474 2155.96522   60   33 2155.41438 2156.71544  0.06%  85.9   75s
 51108 24475 2156.22963   52  543 2155.41438 2156.70819  0.06%  85.8   89s
 51110 24476 2156.03858   51  266 2155.41438 2156.70819  0.06%  85.8   90s
 51128 24491 2156.70819   32  244 2155.41438 2156.70819  0.06%  85.8   95s
 51142 24515 2156.70819   35  172 2155.41438 2156.70819  0.06%  85.8  100s
H51158 23308                    2155.4143774 2156.70819  0.06%  85.8  101s
 51748 23569 2156.27691   46  138 2155.41438 2156.70819  0.06%  85.9  105s
 60397 26171     cutoff   69      2155.41438 2156.70819  0.06%  84.6  110s
 72433 29244 2156.62780   44   95 2155.41438 2156.70819  0.06%  81.8  115s
H75304 28369                    2155.4842662 2156.70232  0.06%  81.3  116s
 84756 29844 2155.84942   66  190 2155.48427 2156.63858  0.05%  79.8  120s
 98820 31603 2156.42564   53   57 2155.48427 2156.57584  0.05%  77.9  125s
 112575 32658 2155.54750   73   62 2155.48427 2156.52818  0.05%  76.5  130s
 127307 36586     cutoff   49      2155.48427 2156.48467  0.05%  75.2  135s
 141353 42051 2156.31067   62  147 2155.48427 2156.45049  0.04%  74.4  140s
 156080 47607     cutoff   58      2155.48427 2156.41966  0.04%  73.5  145s
 170870 52835     cutoff   54      2155.48427 2156.39095  0.04%  72.6  150s
 188753 59043 2155.96272   71  102 2155.48427 2156.36013  0.04%  71.8  156s
 202950 63649 2155.65622   63   60 2155.48427 2156.33825  0.04%  71.3  160s
 217197 68274 2156.12545   57   78 2155.48427 2156.31991  0.04%  70.7  165s
 231745 73005 2155.82317   56  230 2155.48427 2156.30006  0.04%  70.2  170s
 246519 76932 2155.48557   71   55 2155.48427 2156.28195  0.04%  69.7  175s
H247813 76932                    2155.4842671 2156.28080  0.04%  69.7  175s
 264052 82077 2155.67492   62  142 2155.48427 2156.26048  0.04%  69.2  180s
 279213 86139 2155.88948   49  130 2155.48427 2156.24476  0.04%  68.7  185s
 297220 90876 2155.94281   61  172 2155.48427 2156.22606  0.03%  68.2  190s
 311300 94339 2155.78053   62  208 2155.48427 2156.21209  0.03%  67.8  195s
 325451 98389 infeasible   71      2155.48427 2156.19995  0.03%  67.5  200s
 343956 102641 2155.76776   75   35 2155.48427 2156.18406  0.03%  67.0  205s
 361834 107180 2156.05164   49   61 2155.48427 2156.17034  0.03%  66.6  210s
 376245 110376 2155.61976   70  108 2155.48427 2156.15874  0.03%  66.3  215s
 394395 114404     cutoff   55      2155.48427 2156.14536  0.03%  65.9  220s
 411944 118210 2155.90587   67  230 2155.48427 2156.13343  0.03%  65.5  225s
 426875 121307     cutoff   52      2155.48427 2156.12275  0.03%  65.2  230s
 444609 124368     cutoff   70      2155.48427 2156.11122  0.03%  64.8  235s
 462823 127740 2155.63281   68  122 2155.48427 2156.09880  0.03%  64.5  240s
 481078 130861 2155.50807   57  143 2155.48427 2156.08775  0.03%  64.1  245s
 498640 133627 2155.88751   59  100 2155.48427 2156.07625  0.03%  63.8  250s
 515901 136087     cutoff   75      2155.48427 2156.06555  0.03%  63.5  255s
 534710 138878 2155.81105   65  205 2155.48427 2156.05474  0.03%  63.2  260s
 552842 141682     cutoff   68      2155.48427 2156.04419  0.03%  62.9  265s
 570873 143868     cutoff   62      2155.48427 2156.03427  0.03%  62.6  270s
 588859 145843 2155.84411   49  247 2155.48427 2156.02444  0.03%  62.3  275s
 606708 147468 2155.99684   45  147 2155.48427 2156.01468  0.02%  62.1  280s
 624835 149152 2155.53529   57   94 2155.48427 2156.00452  0.02%  61.8  285s
 646407 150627 2155.93968   61   80 2155.48427 2155.99414  0.02%  61.5  290s
 664514 151640     cutoff   72      2155.48427 2155.98528  0.02%  61.2  295s
 682242 152697 2155.70718   61   96 2155.48427 2155.97621  0.02%  61.0  300s
 700437 153573     cutoff   62      2155.48427 2155.96745  0.02%  60.7  305s
 722050 154070     cutoff   59      2155.48427 2155.95679  0.02%  60.4  310s
 740213 154542     cutoff   62      2155.48427 2155.94839  0.02%  60.2  315s
 761778 154869 2155.66950   61   25 2155.48427 2155.93863  0.02%  59.9  320s
 779207 155133 2155.80820   60  195 2155.48427 2155.93047  0.02%  59.7  325s
 801127 154796 2155.73673   58  161 2155.48427 2155.92082  0.02%  59.4  330s
 823204 154367 2155.74803   65   68 2155.48427 2155.91096  0.02%  59.1  335s
 841371 153961 2155.66623   66   48 2155.48427 2155.90327  0.02%  58.8  340s
 862754 152583 2155.69142   66  102 2155.48427 2155.89387  0.02%  58.5  345s
 884855 151487     cutoff   70      2155.48427 2155.88428  0.02%  58.2  350s
 906036 149873     cutoff   65      2155.48427 2155.87533  0.02%  58.0  355s
 928242 147716     cutoff   57      2155.48427 2155.86572  0.02%  57.7  360s
 951627 144967 2155.74840   69  127 2155.48427 2155.85527  0.02%  57.4  365s
 970595 142894     cutoff   58      2155.48427 2155.84748  0.02%  57.1  370s
 994839 139711 2155.76964   57   47 2155.48427 2155.83695  0.02%  56.8  375s
 1019125 136199     cutoff   59      2155.48427 2155.82716  0.02%  56.5  380s
 1039862 132823     cutoff   63      2155.48427 2155.81825  0.02%  56.2  385s
 1064248 128421 2155.62692   62  114 2155.48427 2155.80765  0.02%  55.9  390s
 1088606 123494 2155.57630   67   53 2155.48427 2155.79699  0.01%  55.6  395s
 1115313 117415 2155.51235   73   27 2155.48427 2155.78513  0.01%  55.2  400s
 1137733 112165 2155.63171   72  138 2155.48427 2155.77502  0.01%  54.9  405s
 1160550 106464     cutoff   56      2155.48427 2155.76436  0.01%  54.6  410s
 1189041 98883 2155.51793   50   57 2155.48427 2155.75121  0.01%  54.2  415s
 1217140 90139     cutoff   88      2155.48427 2155.73701  0.01%  53.8  420s
 1245037 80346     cutoff   65      2155.48427 2155.72191  0.01%  53.3  425s
 1272328 70642     cutoff   56      2155.48427 2155.70722  0.01%  52.9  430s

Cutting planes:
  Gomory: 35
  Cover: 6
  Clique: 3
  MIR: 28
  Flow cover: 49
  GUB cover: 2
  Inf proof: 1
  Zero half: 87
  Mod-K: 1
  RLT: 3

Explored 1289157 nodes (67916284 simplex iterations) in 432.36 seconds
Thread count was 24 (of 48 available processors)

Solution count 10: 2155.48 2155.48 2155.41 ... 2154.96

Optimal solution found (tolerance 1.00e-04)
Best objective 2.155484266223e+03, best bound 2.155696639938e+03, gap 0.0099%
