
Gurobi 9.0.2 (linux64) logging started Mon May 25 22:42:13 2020

Changed value of parameter LogFile to gurobi_logs/2020-05-25_22:42:10-rproblem5_mode=optimality_predefined_shifts.log
   Prev:   Default: 
Parameter MIPFocus unchanged
   Value: 0  Min: 0  Max: 3  Default: 0
Parameter SolutionLimit unchanged
   Value: 2000000000  Min: 1  Max: 2000000000  Default: 2000000000
Parameter LogToConsole unchanged
   Value: 1  Min: 0  Max: 1  Default: 1
Changed value of parameter TimeLimit to 18000.0
   Prev: inf  Min: 0.0  Max: inf  Default: inf
Gurobi Optimizer version 9.0.2 build v9.0.2rc0 (linux64)
Optimize a model with 109419 rows, 100106 columns and 4912379 nonzeros
Model fingerprint: 0x4d328017
Variable types: 47 continuous, 100059 integer (96405 binary)
Coefficient statistics:
  Matrix range     [8e-02, 1e+02]
  Objective range  [5e-01, 2e+00]
  Bounds range     [1e+00, 1e+00]
  RHS range        [1e+00, 2e+02]
Presolve removed 30816 rows and 13900 columns (presolve time = 5s) ...
Presolve removed 32118 rows and 13900 columns (presolve time = 10s) ...
Presolve removed 28158 rows and 9940 columns
Presolve time: 13.74s
Presolved: 81261 rows, 90166 columns, 1604856 nonzeros
Variable types: 1 continuous, 90165 integer (86190 binary)

Deterministic concurrent LP optimizer: primal and dual simplex
Showing first log only...


Root simplex log...

Iteration    Objective       Primal Inf.    Dual Inf.      Time
       0    3.2566537e+03   2.358875e+03   8.059548e+09     16s
   15253    3.2498869e+03   1.441125e+02   2.958532e+09     20s
   23738    3.2528752e+03   6.998248e+00   4.965011e+08     25s
   34288    3.2996515e+03   7.065100e-04   9.500881e+06     30s
   39779   -1.8001209e+04   0.000000e+00   4.089598e+04     33s
   46875    1.3914323e+03   0.000000e+00   9.162076e+04     35s
   54704    2.4603633e+03   0.000000e+00   2.612791e+06     40s
   58300    2.7426894e+03   0.000000e+00   5.518940e+06     45s
   61732    2.8553736e+03   0.000000e+00   1.494119e+06     50s
   64817    3.0189723e+03   0.000000e+00   2.869623e+06     55s
   67796    3.0925638e+03   0.000000e+00   6.390368e+05     60s
   70026    3.2294373e+03   0.000000e+00   1.258680e+06     65s
   72686    3.3094615e+03   0.000000e+00   1.199452e+06     70s
   74686    3.3539211e+03   0.000000e+00   4.278660e+05     75s
   77356    3.4231052e+03   0.000000e+00   1.047666e+07     80s
   79656    3.4903268e+03   0.000000e+00   1.548010e+05     85s
   81906    3.5237465e+03   0.000000e+00   8.304459e+05     90s
   84346    3.5852441e+03   0.000000e+00   3.781089e+06     95s
   86746    3.6072876e+03   0.000000e+00   7.035796e+04    100s
   89326    3.6128646e+03   0.000000e+00   8.386344e+03    105s
   92176    3.6202169e+03   0.000000e+00   7.542802e+03    110s
   94866    3.6249720e+03   0.000000e+00   4.395664e+03    115s
   97626    3.6283525e+03   0.000000e+00   1.281817e+05    120s
Concurrent spin time: 22.46s

Solved with dual simplex

Root relaxation: objective 3.645828e+03, 44532 iterations, 106.14 seconds
Total elapsed time = 163.70s
Total elapsed time = 178.25s
Total elapsed time = 196.47s
Total elapsed time = 217.35s

    Nodes    |    Current Node    |     Objective Bounds      |     Work
 Expl Unexpl |  Obj  Depth IntInf | Incumbent    BestBd   Gap | It/Node Time

     0     0 3645.82772    0 3318          - 3645.82772      -     -  236s
     0     0 3645.82772    0 3910          - 3645.82772      -     -  255s
     0     0 3645.82772    0 4243          - 3645.82772      -     -  266s
     0     0 3645.82772    0 3188          - 3645.82772      -     -  411s
     0     0 3644.80508    0 5422          - 3644.80508      -     -  503s
     0     0 3644.60915    0 5852          - 3644.60915      -     -  511s
     0     0 3644.60681    0 5774          - 3644.60681      -     -  512s
     0     0 3644.60595    0 5699          - 3644.60595      -     -  512s
     0     0 3644.60472    0 5682          - 3644.60472      -     -  513s
     0     0 3644.60456    0 5889          - 3644.60456      -     -  513s
     0     0 3644.60456    0 5396          - 3644.60456      -     -  524s
     0     0 3643.86058    0 5878          - 3643.86058      -     -  540s
     0     0 3643.49586    0 5956          - 3643.49586      -     -  552s
     0     0 3643.47105    0 5256          - 3643.47105      -     -  554s
     0     0 3643.46992    0 5829          - 3643.46992      -     -  556s
     0     0 3643.38062    0 6055          - 3643.38062      -     -  558s
     0     0 3643.38062    0 6035          - 3643.38062      -     -  558s
     0     0 3643.36955    0 6272          - 3643.36955      -     -  568s
     0     0 3642.98126    0 6129          - 3642.98126      -     -  577s
     0     0 3642.58303    0 6299          - 3642.58303      -     -  586s
     0     0 3642.41158    0 6374          - 3642.41158      -     -  594s
     0     0 3642.39149    0 6460          - 3642.39149      -     -  598s
     0     0 3642.38670    0 6446          - 3642.38670      -     -  600s
     0     0 3642.38669    0 6464          - 3642.38669      -     -  600s
     0     0 3642.36882    0 6764          - 3642.36882      -     -  607s
     0     0 3642.15344    0 6637          - 3642.15344      -     -  612s
     0     0 3641.98963    0 6696          - 3641.98963      -     -  619s
     0     0 3641.95071    0 7335          - 3641.95071      -     -  622s
     0     0 3641.94067    0 7174          - 3641.94067      -     -  624s
     0     0 3641.94036    0 7236          - 3641.94036      -     -  625s
     0     0 3641.85765    0 6992          - 3641.85765      -     -  632s
     0     0 3641.70303    0 7306          - 3641.70303      -     -  640s
     0     0 3641.64568    0 7170          - 3641.64568      -     -  645s
     0     0 3641.62674    0 7174          - 3641.62674      -     -  648s
     0     0 3641.60633    0 7303          - 3641.60633      -     -  649s
     0     0 3641.60379    0 7387          - 3641.60379      -     -  650s
     0     0 3641.60354    0 7410          - 3641.60354      -     -  650s
     0     0 3641.59810    0 7328          - 3641.59810      -     -  656s
     0     0 3641.43659    0 7679          - 3641.43659      -     -  667s
     0     0 3641.40011    0 7766          - 3641.40011      -     -  672s
     0     0 3641.39844    0 7769          - 3641.39844      -     -  673s
     0     0 3641.39811    0 7939          - 3641.39811      -     -  674s
     0     0 3641.35362    0 7720          - 3641.35362      -     -  683s
     0     0 3641.27999    0 7364          - 3641.27999      -     -  689s
     0     0 3641.27069    0 7478          - 3641.27069      -     -  690s
     0     0 3641.26534    0 7616          - 3641.26534      -     -  692s
     0     0 3641.25757    0 7749          - 3641.25757      -     -  694s
     0     0 3641.25554    0 7959          - 3641.25554      -     -  695s
     0     0 3641.25509    0 7956          - 3641.25509      -     -  696s
     0     0 3641.23631    0 7791          - 3641.23631      -     -  702s
     0     0 3641.19693    0 7710          - 3641.19693      -     -  707s
     0     0 3641.17814    0 8169          - 3641.17814      -     -  710s
     0     0 3641.17393    0 7982          - 3641.17393      -     -  711s
     0     0 3641.16758    0 7997          - 3641.16758      -     -  713s
     0     0 3641.16635    0 8132          - 3641.16635      -     -  713s
     0     0 3641.16576    0 8199          - 3641.16576      -     -  714s
     0     0 3641.10940    0 7845          - 3641.10940      -     -  724s
     0     0 3641.09531    0 8127          - 3641.09531      -     -  727s
     0     0 3641.06647    0 8136          - 3641.06647      -     -  731s
     0     0 3641.05829    0 8174          - 3641.05829      -     -  733s
     0     0 3641.05428    0 8304          - 3641.05428      -     -  734s
     0     0 3641.05272    0 8310          - 3641.05272      -     -  735s
     0     0 3641.05264    0 8314          - 3641.05264      -     -  736s
     0     0 3641.01603    0 8180          - 3641.01603      -     -  743s
     0     0 3641.00395    0 8316          - 3641.00395      -     -  747s
     0     0 3641.00253    0 8377          - 3641.00253      -     -  748s
     0     0 3641.00128    0 8357          - 3641.00128      -     -  750s
     0     0 3640.98944    0 8297          - 3640.98944      -     -  752s
     0     0 3640.98201    0 8537          - 3640.98201      -     -  755s
     0     0 3640.97981    0 8573          - 3640.97981      -     -  758s
     0     0 3640.97860    0 8512          - 3640.97860      -     -  759s
     0     0 3640.97841    0 8536          - 3640.97841      -     -  760s
     0     0 3640.78920    0 8107          - 3640.78920      -     -  771s
     0     0 3640.72473    0 7953          - 3640.72473      -     -  780s
     0     0 3640.69751    0 8250          - 3640.69751      -     -  785s
     0     0 3640.69213    0 8240          - 3640.69213      -     -  786s
     0     0 3640.68125    0 8212          - 3640.68125      -     -  789s
     0     0 3640.67695    0 8397          - 3640.67695      -     -  791s
     0     0 3640.67600    0 8423          - 3640.67600      -     -  792s
     0     0 3640.64085    0 7734          - 3640.64085      -     -  802s
     0     0 3640.62085    0 7865          - 3640.62085      -     -  805s
     0     0 3640.59912    0 8114          - 3640.59912      -     -  808s
     0     0 3640.57997    0 8333          - 3640.57997      -     -  812s
     0     0 3640.57898    0 8315          - 3640.57898      -     -  813s
     0     0 3640.57415    0 8038          - 3640.57415      -     -  819s
     0     0 3640.55439    0 8153          - 3640.55439      -     -  822s
     0     0 3640.53287    0 8217          - 3640.53287      -     -  824s
     0     0 3640.50717    0 8177          - 3640.50717      -     -  827s
     0     0 3640.50222    0 8172          - 3640.50222      -     -  829s
     0     0 3640.49075    0 8288          - 3640.49075      -     -  831s
     0     0 3640.48869    0 8389          - 3640.48869      -     -  833s
     0     0 3640.48803    0 8438          - 3640.48803      -     -  834s
     0     0 3640.47610    0 8318          - 3640.47610      -     -  842s
     0     0 3640.45545    0 8278          - 3640.45545      -     -  846s
     0     0 3640.44904    0 8203          - 3640.44904      -     -  848s
     0     0 3640.44479    0 8366          - 3640.44479      -     -  850s
     0     0 3640.43975    0 8361          - 3640.43975      -     -  852s
     0     0 3640.43681    0 8304          - 3640.43681      -     -  853s
     0     0 3640.42798    0 8289          - 3640.42798      -     -  856s
     0     0 3640.42602    0 8305          - 3640.42602      -     -  857s
     0     0 3640.42431    0 8406          - 3640.42431      -     -  859s
     0     0 3640.42266    0 8457          - 3640.42266      -     -  859s
     0     0 3640.42264    0 8406          - 3640.42264      -     -  860s
     0     0 3640.38808    0 8410          - 3640.38808      -     -  868s
     0     0 3640.38142    0 8446          - 3640.38142      -     -  870s
     0     0 3640.37962    0 8497          - 3640.37962      -     -  871s
     0     0 3640.37549    0 8586          - 3640.37549      -     -  873s
     0     0 3640.37486    0 8538          - 3640.37486      -     -  874s
     0     0 3640.34432    0 8364          - 3640.34432      -     -  882s
     0     0 3640.33096    0 8429          - 3640.33096      -     -  884s
     0     0 3640.32295    0 8412          - 3640.32295      -     -  887s
     0     0 3640.32109    0 8477          - 3640.32109      -     -  888s
     0     0 3640.32082    0 8550          - 3640.32082      -     -  889s
     0     0 3640.30602    0 8522          - 3640.30602      -     -  896s
     0     0 3640.29147    0 8414          - 3640.29147      -     -  899s
     0     0 3640.29124    0 8438          - 3640.29124      -     -  900s
     0     0 3640.26338    0 8466          - 3640.26338      -     -  906s
     0     0 3640.25942    0 8463          - 3640.25942      -     -  909s
     0     0 3640.25457    0 8532          - 3640.25457      -     -  911s
     0     0 3640.25313    0 8546          - 3640.25313      -     -  912s
     0     0 3640.21666    0 8452          - 3640.21666      -     -  919s
     0     0 3640.21402    0 8423          - 3640.21402      -     -  921s
     0     0 3640.21358    0 8557          - 3640.21358      -     -  922s
     0     0 3640.19218    0 8516          - 3640.19218      -     -  929s
     0     0 3640.18891    0 8563          - 3640.18891      -     -  931s
     0     0 3640.18592    0 8610          - 3640.18592      -     -  933s
     0     0 3640.18569    0 8645          - 3640.18569      -     -  934s
     0     0 3640.16877    0 8575          - 3640.16877      -     -  943s
     0     0 3640.16787    0 8581          - 3640.16787      -     -  945s
     0     0 3640.13505    0 8463          - 3640.13505      -     -  952s
     0     0 3640.13357    0 8421          - 3640.13357      -     -  954s
     0     0 3640.08934    0 8018          - 3640.08934      -     -  963s
     0     0 3640.07110    0 8206          - 3640.07110      -     -  967s
     0     0 3640.07081    0 8244          - 3640.07081      -     -  968s
     0     0 3640.07081    0 8304          - 3640.07081      -     -  973s
     0     0 3640.07081    0 7969          - 3640.07081      -     -  985s
     0     2 3640.01440    0 7947          - 3640.01440      -     - 1093s
     1     4 3640.01440    1 7908          - 3640.01440      -   959 1097s
     3     8 3640.01440    2 7908          - 3640.01440      -   675 1103s
     7    16 3640.01440    3 7908          - 3640.01440      -   699 1118s
    15    32 3640.01440    4 7908          - 3640.01440      -   771 1133s
    31    56 3640.01440    5 7908          - 3640.01440      -   928 1142s
    55    80 3640.01440    6 7908          - 3640.01440      -   659 1157s
    79   104 3640.01440    7 7908          - 3640.01440      -   617 1165s
   103   128 3640.01440    7 7774          - 3640.01440      -   556 1194s
   127   163 3640.01440    8 7774          - 3640.01440      -   854 1220s
   162   208 3640.01440    9 7774          - 3640.01440      -   847 1251s
   207   251 3640.01440   10 7774          - 3640.01440      -   833 1273s
   250   300 3640.01025   11 7618          - 3640.01440      -   802 1299s
   299   388 3639.65892   12 7518          - 3640.01440      -   862 1322s
   387   649 3640.01025   12 7630          - 3640.01440      -   778 1355s
   648   968 3640.00716   17 7669          - 3640.01440      -   588 1388s
   967  1229 3639.90603   40 7606          - 3640.01440      -   488 1441s
  1228  1980 3639.86826   43 7579          - 3640.01440      -   490 1508s
  1979  2541 3638.93840   82 7294          - 3640.01440      -   385 1561s
  2540  3101 3639.38972  127 6989          - 3640.01440      -   355 1620s
  3100  3825 3639.00225  156 6923          - 3640.01440      -   345 1676s
  3824  4701 3638.92816  163 7028          - 3640.01440      -   324 1732s
  4700  5632 3638.91053  180 7001          - 3640.01440      -   300 1787s
  5631  6366 3638.77766  249 6972          - 3640.01440      -   281 1847s
  6365  7465 3638.80337  272 6991          - 3640.01440      -   277 1902s
  7464  8174 3638.79985  325 7107          - 3640.01440      -   259 1972s
  8173  8902 3638.79773  332 7051          - 3640.01440      -   260 2035s
  8901  9775 3638.79773  346 7052          - 3640.01440      -   260 2261s
  9774 10961 3638.76602  357 6997          - 3640.01440      -   256 2330s
 10960 12012 3638.54924  512 7039          - 3640.01440      -   247 2403s
 12011 13642 3638.53822  538 7021          - 3640.01440      -   244 2479s
 13642 13643 3638.47945  244 7969          - 3640.01440      -   232 3535s
 13644 13644 3638.45903  367 5508          - 3640.01440      -   232 3812s
 13645 13645 3637.68510  221 8929          - 3640.01440      -   232 3886s
 13646 13646 3638.76204  164 11703          - 3640.01440      -   232 3922s
 13647 13646 3638.83943  130 12650          - 3640.01440      -   232 3959s
 13648 13647 3638.61744  458 12751          - 3639.16203      -   232 3995s
 13649 13648 3638.62479   69 13202          - 3638.62479      -   232 4017s
 13650 13648 3638.10708  209 13064          - 3638.56830      -   232 4027s
 13651 13649 3638.24303  284 13037          - 3638.52995      -   232 4033s
 13652 13650 3638.52646  132 13046          - 3638.52646      -   232 4036s
 13653 13650 3638.52644  178 12991          - 3638.52644      -   232 4047s
 13654 13651 3637.69904  459 12522          - 3637.69904      -   232 4095s
 13655 13652 3637.25077  432 12987          - 3637.25077      -   232 4115s
 13656 13652 3636.82494  274 13454          - 3636.82494      -   232 4128s
 13657 13653 3636.72334   21 13025          - 3636.72334      -   232 4136s
 13658 13654 3636.69632  113 13379          - 3636.69632      -   232 4143s
 13659 13654 3636.69129  413 13294          - 3636.69129      -   232 4145s
 13662 13656 3636.68931  360 13385          - 3636.68931      -   232 4160s
 13663 13657 3636.05753  120 13113          - 3636.05753      -   232 4216s
 13664 13658 3635.78550  413 13094          - 3635.78550      -   232 4231s
 13665 13658 3635.64047   53 12840          - 3635.64047      -   232 4242s
 13666 13659 3635.52754   35 13736          - 3635.52754      -   232 4256s
 13667 13660 3635.47071  516 13776          - 3635.47071      -   232 4270s
 13668 13660 3635.46141  146 13834          - 3635.46141      -   232 4275s
 13671 13662 3635.45967  260 14062          - 3635.45967      -   231 4294s
 13672 13663 3634.99548  177 13531          - 3634.99548      -   231 4351s
 13673 13664 3634.78416  256 13871          - 3634.78416      -   231 4371s
 13674 13664 3634.68238  327 14002          - 3634.68238      -   231 4388s
 13675 13665 3634.57937  103 13997          - 3634.57937      -   231 4398s
 13676 13666 3634.54519   76 14116          - 3634.54519      -   231 4407s
 13677 13666 3634.52979  423 14245          - 3634.52979      -   231 4413s
 13678 13667 3634.51715   50 13894          - 3634.51715      -   231 4416s
 13681 13669 3634.51292  426 14070          - 3634.51292      -   231 4434s
 13682 13670 3634.41039  522 13388          - 3634.41039      -   231 4480s
 13683 13670 3634.32154  125 13581          - 3634.32154      -   231 4491s
 13684 13671 3634.15760  326 13980          - 3634.15760      -   231 4506s
 13686 13672 3634.12229  331 13985          - 3634.12229      -   231 4515s
 13687 13673 3634.10170  158 14296          - 3634.10170      -   231 4522s
 13688 13674 3634.09159  250 14355          - 3634.09159      -   231 4526s
 13689 13674 3634.04714  341 14030          - 3634.04714      -   231 4534s
 13690 13675 3634.03922  337 14189          - 3634.03922      -   231 4539s
 13691 13676 3634.03452  165 14129          - 3634.03452      -   231 4542s
 13693 13677 3634.03224   24 14126          - 3634.03224      -   231 4559s
 13694 13678 3633.78525  366 13924          - 3633.78525      -   231 4614s
 13695 13678 3633.72330  144 14031          - 3633.72330      -   231 4625s
 13696 13679 3633.67363  342 14139          - 3633.67363      -   231 4633s
 13697 13680 3633.66693  534 14206          - 3633.66693      -   231 4635s
 13698 13680 3633.63174  417 14331          - 3633.63174      -   231 4645s
 13699 13681 3633.61557  352 14353          - 3633.61557      -   231 4652s
 13700 13682 3633.59937  297 14465          - 3633.59937      -   231 4657s
 13702 13683 3633.59424  362 14396          - 3633.59424      -   231 4661s
 13704 13684 3633.59334  245 14414          - 3633.59334      -   231 4679s
 13705 13685 3633.41756  207 14175          - 3633.41756      -   231 4732s
 13706 13686 3633.33974  330 14561          - 3633.33974      -   231 4748s
 13707 13686 3633.30328  135 14405          - 3633.30328      -   231 4756s
 13708 13687 3633.28021  253 14548          - 3633.28021      -   231 4765s
 13710 13688 3633.25779  167 14542          - 3633.25779      -   231 4772s
 13712 13690 3633.25433  535 14554          - 3633.25433      -   231 4775s
 13714 13691 3633.25332  287 14615          - 3633.25332      -   231 4790s
 13715 13692 3633.18723  142 14276          - 3633.18723      -   231 4831s
 13716 13692 3633.14532  273 14607          - 3633.14532      -   231 4841s
 13717 13693 3633.10540   86 14482          - 3633.10540      -   231 4850s
 13719 13694 3633.07567  346 14781          - 3633.07567      -   231 4857s
 13720 13695 3633.06959  351 14704          - 3633.06959      -   231 4860s
 13722 13696 3633.05912  342 14768          - 3633.05912      -   231 4867s
 13723 13697 3633.05678  616 14882          - 3633.05678      -   231 4870s
 13724 13698 3633.05648  444 14964          - 3633.05648      -   231 4885s
 13725 13698 3632.93176  125 14300          - 3632.93176      -   231 4930s
 13726 13699 3632.90016   52 14502          - 3632.90016      -   231 4940s
 13727 13700 3632.83251  300 14197          - 3632.83251      -   231 4947s
 13728 13700 3632.82713  218 14530          - 3632.82713      -   231 4950s
 13729 13701 3632.81139  527 14461          - 3632.81139      -   231 4956s
 13731 13702 3632.80721   78 14427          - 3632.80721      -   230 4961s
 13734 13704 3632.80362   78 14493          - 3632.80362      -   230 4979s
 13735 13705 3632.75635  313 14194          - 3632.75635      -   230 5027s
 13736 13706 3632.74757  126 14592          - 3632.74757      -   230 5031s
 13737 13706 3632.71810  325 14409          - 3632.71810      -   230 5038s
 13738 13707 3632.70717  136 14567          - 3632.70717      -   230 5043s
 13739 13708 3632.70233  111 14875          - 3632.70233      -   230 5045s
 13741 13709 3632.69557  262 14997          - 3632.69557      -   230 5050s
 13743 13710 3632.69093  436 15064          - 3632.69093      -   230 5055s
 13746 13712 3632.68904  164 15119          - 3632.68904      -   230 5074s
 13747 13713 3632.64889  130 14730          - 3632.64889      -   230 5120s
 13749 13714 3632.63462   69 14995          - 3632.63462      -   230 5128s
 13750 13715 3632.62589  209 14971          - 3632.62589      -   230 5133s
 13751 13716 3632.62297  284 15051          - 3632.62297      -   230 5135s
 13754 13718 3632.62049  459 15035          - 3632.62049      -   230 5153s
 13755 13718 3632.58843  432 14731          - 3632.58843      -   230 5195s
 13756 13719 3632.57147  274 14919          - 3632.57147      -   230 5200s
 13757 13720 3632.52786   21 14781          - 3632.52786      -   230 5213s
 13758 13720 3632.52209  113 14883          - 3632.52209      -   230 5217s
 13759 13721 3632.51649  413 14910          - 3632.51649      -   230 5221s
 13760 13722 3632.50747    8 14780          - 3632.50747      -   230 5225s
 13762 13723 3632.50046  360 14875          - 3632.50046      -   230 5231s
 13764 13724 3632.49519  413 14999          - 3632.49519      -   230 5237s
 13766 13726 3632.49407   35 15026          - 3632.49407      -   230 5240s
 13767 13726 3632.49394  516 14945          - 3632.49394      -   230 5255s
 13768 13727 3632.46838  146 14873          - 3632.46838      -   230 5306s
 13769 13728 3632.46485  551 14893          - 3632.46485      -   230 5311s
 13770 13728 3632.44349  145 14901          - 3632.44349      -   230 5320s
 13772 13730 3632.42600  177 14740          - 3632.42600      -   230 5329s
 13773 13730 3632.42473  256 14818          - 3632.42473      -   230 5332s
 13774 13731 3632.42247  327 14837          - 3632.42247      -   230 5335s
 13776 13732 3632.41696   76 14914          - 3632.41696      -   230 5342s
 13778 13734 3632.41479   50 14884          - 3632.41479      -   230 5345s
 13779 13734 3632.41475  234 14946          - 3632.41475      -   230 5360s
 13780 13735 3632.37780  298 14674          - 3632.37780      -   230 5412s
 13781 13736 3632.37314  426 15020          - 3632.37314      -   230 5416s
 13782 13736 3632.35599  522 14978          - 3632.35599      -   230 5424s
 13783 13737 3632.35137  125 15154          - 3632.35137      -   230 5428s
 13784 13738 3632.34515  326 15115          - 3632.34515      -   230 5433s
 13785 13738 3632.34080   42 15059          - 3632.34080      -   230 5437s
 13786 13739 3632.33702  331 14907          - 3632.33702      -   230 5440s
 13789 13741 3632.33536  341 15013          - 3632.33536      -   230 5458s
 13790 13742 3632.32778  337 14721          - 3632.32778      -   230 5517s
 13791 13742 3632.32395  165 15038          - 3632.32395      -   229 5523s
 13792 13743 3632.31662   50 15100          - 3632.31662      -   229 5527s
 13794 13744 3632.31391  366 15063          - 3632.31391      -   229 5532s
 13795 13745 3632.31193  144 15253          - 3632.31193      -   229 5535s
 13798 13747 3632.30936  417 15123          - 3632.30936      -   229 5566s
 13799 13748 3632.21405  352 14867          - 3632.21405      -   229 5637s
 13800 13748 3632.19198  297 15276          - 3632.19198      -   229 5646s
 13801 13749 3632.13160   17 15006          - 3632.13160      -   229 5660s
 13802 13750 3632.11585  362 14946          - 3632.11585      -   229 5667s
 13803 13750 3632.09824   26 15210          - 3632.09824      -   229 5675s
 13804 13751 3632.08639  245 15140          - 3632.08639      -   229 5682s
 13805 13752 3632.06824  207 15067          - 3632.06824      -   229 5691s
 13806 13752 3632.06105  330 15169          - 3632.06105      -   229 5697s
 13807 13753 3632.05862  135 15341          - 3632.05862      -   229 5700s
 13810 13755 3632.05559  167 15254          - 3632.05559      -   229 5706s
 13811 13756 3632.05526  301 15318          - 3632.05526      -   229 5729s
 13812 13756 3631.99787  535 14595          - 3631.99787      -   229 5774s
 13813 13757 3631.98223   66 14753          - 3631.98223      -   229 5781s
 13814 13758 3631.94186  287 14624          - 3631.94186      -   229 5793s
 13815 13758 3631.92795  142 14579          - 3631.92795      -   229 5799s
 13816 13759 3631.91461  273 14733          - 3631.91461      -   229 5804s
 13817 13760 3631.90938   86 14585          - 3631.90938      -   229 5808s
 13818 13760 3631.90519  210 14694          - 3631.90519      -   229 5810s
 13820 13762 3631.89694  351 14710          - 3631.89694      -   229 5817s
 13821 13762 3631.89084   17 14649          - 3631.89084      -   229 5821s
 13823 13764 3631.88585  616 14713          - 3631.88585      -   229 5826s
 13825 13765 3631.88355  125 14826          - 3631.88355      -   229 5831s
 13827 13766 3631.88224  300 14842          - 3631.88224      -   229 5844s
 13828 13767 3631.84451  218 14599          - 3631.84451      -   229 5883s
 13829 13768 3631.83287  527 14643          - 3631.83287      -   229 5888s
 13830 13768 3631.82332  205 14656          - 3631.82332      -   229 5893s
 13831 13769 3631.81566   78 14714          - 3631.81566      -   229 5899s
 13832 13770 3631.80781  234 14752          - 3631.80781      -   229 5904s
 13833 13770 3631.80520  127 14799          - 3631.80520      -   229 5907s
 13834 13771 3631.80075   78 14701          - 3631.80075      -   229 5911s
 13836 13772 3631.79754  126 15117          - 3631.79754      -   229 5926s
 13837 13773 3631.70521  325 14374          - 3631.70521      -   229 5972s
 13838 13774 3631.69769  136 14740          - 3631.69769      -   229 5976s
 13839 13774 3631.68673  111 14689          - 3631.68673      -   229 5982s
 13840 13775 3631.68104  342 14690          - 3631.68104      -   229 5987s
 13841 13776 3631.67699  262 14822          - 3631.67699      -   229 5991s
 13843 13777 3631.66999  436 14844          - 3631.66999      -   229 6000s
 13845 13778 3631.66297  221 14970          - 3631.66297      -   229 6006s
 13846 13779 3631.65990  164 15065          - 3631.65990      -   229 6010s
 13848 13780 3631.65574  458 15090          - 3631.65574      -   229 6016s
 13849 13781 3631.65553   69 15133          - 3631.65553      -   229 6028s
 13850 13782 3631.61225  209 14735          - 3631.61225      -   229 6076s
 13851 13782 3631.59390  284 14986          - 3631.59390      -   228 6086s
 13852 13783 3631.58373  132 14831          - 3631.58373      -   228 6094s
 13853 13784 3631.58142  178 14979          - 3631.58142      -   228 6099s
 13854 13784 3631.57924  459 15118          - 3631.57924      -   228 6103s
 13855 13785 3631.57844  432 15174          - 3631.57844      -   228 6105s
 13856 13786 3631.57506  274 15074          - 3631.57506      -   228 6110s
 13858 13787 3631.57060  113 15254          - 3631.57060      -   228 6117s
 13859 13788 3631.56989  413 15228          - 3631.56989      -   228 6121s
 13860 13788 3631.56944    8 15237          - 3631.56944      -   228 6135s
 13861 13789 3631.55920  333 14852          - 3631.55920      -   228 6173s
 13862 13790 3631.55704  360 14974          - 3631.55704      -   228 6180s
 13863 13790 3631.54225  120 14785          - 3631.54225      -   228 6192s
 13864 13791 3631.53593  413 15057          - 3631.53593      -   228 6199s
 13865 13792 3631.53373   53 15107          - 3631.53373      -   228 6202s
 13866 13792 3631.53224   35 15214          - 3631.53224      -   228 6206s
 13868 13794 3631.52856  146 15076          - 3631.52856      -   228 6213s
 13869 13794 3631.52744  551 15182          - 3631.52744      -   228 6216s
 13871 13796 3631.52670  260 15159          - 3631.52670      -   228 6232s
 13872 13796 3631.49754  177 14708          - 3631.49754      -   228 6276s
 13873 13797 3631.49408  256 14973          - 3631.49408      -   228 6285s
 13874 13798 3631.49170  327 15117          - 3631.49170      -   228 6290s
 13875 13798 3631.48576  103 15145          - 3631.48576      -   228 6298s
 13876 13799 3631.48343   76 15151          - 3631.48343      -   228 6302s
 13877 13800 3631.48249  423 15185          - 3631.48249      -   228 6307s
 13878 13800 3631.48236   50 15284          - 3631.48236      -   228 6321s
 13879 13801 3631.45753  234 14869          - 3631.45753      -   228 6371s
 13880 13802 3631.45596  298 14998          - 3631.45596      -   228 6377s
 13881 13802 3631.45013  426 15119          - 3631.45013      -   228 6383s
 13882 13803 3631.44918  522 15203          - 3631.44918      -   228 6386s
 13884 13804 3631.44712  326 15353          - 3631.44712      -   228 6391s
 13886 13806 3631.44560  331 15329          - 3631.44560      -   228 6397s
 13888 13807 3631.44359  250 15329          - 3631.44359      -   228 6401s
 13889 13808 3631.44344  341 15354          - 3631.44344      -   228 6415s
 13890 13808 3631.41383  337 14842          - 3631.41383      -   228 6459s
 13891 13809 3631.41291  165 15103          - 3631.41291      -   228 6464s
 13892 13810 3631.39441   50 15173          - 3631.39441      -   228 6481s
 13893 13810 3631.39152   24 15210          - 3631.39152      -   228 6486s
 13894 13811 3631.38810  366 15202          - 3631.38810      -   228 6491s
 13895 13812 3631.38619  144 15182          - 3631.38619      -   228 6495s
 13897 13813 3631.38260  534 15379          - 3631.38260      -   228 6502s
 13899 13814 3631.38139  352 15323          - 3631.38139      -   228 6507s
 13901 13816 3631.37983   17 15418          - 3631.37983      -   228 6523s
 13902 13816 3631.37078  362 14965          - 3631.37078      -   228 6566s
 13903 13817 3631.36677   26 15128          - 3631.36677      -   228 6572s
 13904 13818 3631.35520  245 15020          - 3631.35520      -   228 6583s
 13905 13818 3631.35260  207 15083          - 3631.35260      -   228 6589s
 13906 13819 3631.35147  330 15238          - 3631.35147      -   228 6591s
 13907 13820 3631.34391  135 15137          - 3631.34391      -   228 6598s
 13908 13820 3631.34050  253 15163          - 3631.34050      -   228 6604s
 13909 13821 3631.33965  205 15197          - 3631.33965      -   228 6608s
 13910 13822 3631.33877  167 15284          - 3631.33877      -   228 6611s
 13912 13823 3631.33699  535 15337          - 3631.33699      -   227 6619s
 13913 13824 3631.33645   66 15329          - 3631.33645      -   227 6622s
 13914 13824 3631.33628  287 15360          - 3631.33628      -   227 6636s
 13915 13825 3631.32908  142 15035          - 3631.32908      -   227 6673s
 13916 13826 3631.32838  273 15149          - 3631.32838      -   227 6678s
 13917 13826 3631.32457   86 15052          - 3631.32457      -   227 6684s
 13918 13827 3631.32057  210 15284          - 3631.32057      -   227 6689s
 13919 13828 3631.31987  346 15243          - 3631.31987      -   227 6692s
 13920 13828 3631.31866  351 15285          - 3631.31866      -   227 6695s
 13921 13829 3631.31821   17 15347          - 3631.31821      -   227 6709s
 13922 13830 3631.29829  342 15036          - 3631.29829      -   227 6754s
 13923 13830 3631.29314  616 15151          - 3631.29314      -   227 6764s
 13924 13831 3631.29038  444 15174          - 3631.29038      -   227 6769s
 13925 13832 3631.28912  125 15236          - 3631.28912      -   227 6772s
 13926 13832 3631.28592   52 15246          - 3631.28592      -   227 6777s
 13928 13834 3631.28450  218 15323          - 3631.28450      -   227 6781s
 13930 13835 3631.28353  205 15357          - 3631.28353      -   227 6799s
 13931 13836 3631.27560   78 15090          - 3631.27560      -   227 6831s
 13932 13836 3631.27528  234 15255          - 3631.27528      -   227 6846s
 13933 13837 3631.25516  127 14950          - 3631.25516      -   227 6888s
 13934 13838 3631.25444   78 15082          - 3631.25444      -   227 6892s
 13935 13838 3631.25320  313 15260          - 3631.25320      -   227 6895s
 13937 13840 3631.24667  325 15352          - 3631.24667      -   227 6906s
 13939 13841 3631.24364  111 15331          - 3631.24364      -   227 6914s
 13940 13842 3631.24283  342 15506          - 3631.24283      -   227 6916s
 13941 13842 3631.24180  262 15434          - 3631.24180      -   227 6920s
 13942 13843 3631.24157  244 15455          - 3631.24157      -   227 6933s
 13943 13844 3631.22996  436 15110          - 3631.22996      -   227 6970s
 13944 13844 3631.22573  367 15240          - 3631.22573      -   227 6976s
 13945 13845 3631.22353  221 15214          - 3631.22353      -   227 6980s
 13947 13846 3631.22130  130 15460          - 3631.22130      -   227 6997s
 13948 13847 3631.21839  458 15122          - 3631.21839      -   227 7033s
 13949 13848 3631.21808   69 15153          - 3631.21808      -   227 7048s
 13950 13848 3631.20688  209 14710          - 3631.20688      -   227 7087s
 13951 13849 3631.19922  284 15161          - 3631.19922      -   227 7096s
 13952 13850 3631.19686  132 15309          - 3631.19686      -   227 7101s
 13953 13850 3631.19508  178 15238          - 3631.19508      -   227 7106s
 13954 13851 3631.19148  459 15269          - 3631.19148      -   227 7110s
 13956 13852 3631.18792  274 15360          - 3631.18792      -   227 7116s
 13958 13854 3631.18653  113 15381          - 3631.18653      -   227 7121s
 13959 13854 3631.18648  413 15404          - 3631.18648      -   227 7133s
 13960 13855 3631.17266    8 15036          - 3631.17266      -   227 7172s
 13961 13856 3631.17154  333 15102          - 3631.17154      -   227 7177s
 13962 13856 3631.17118  360 15233          - 3631.17118      -   227 7190s
 13963 13857 3631.15259  120 14854          - 3631.15259      -   227 7235s
 13964 13858 3631.14942  413 15066          - 3631.14942      -   227 7241s
 13965 13858 3631.14893   53 15099          - 3631.14893      -   227 7245s
 13967 13860 3631.14283  516 15237          - 3631.14283      -   227 7253s
 13968 13860 3631.14099  146 15234          - 3631.14099      -   227 7262s
 13969 13861 3631.13970  551 15235          - 3631.13970      -   227 7265s
 13971 13862 3631.13513  260 15219          - 3631.13513      -   227 7274s
 13972 13863 3631.13494  177 15307          - 3631.13494      -   227 7287s
 13973 13864 3631.11700  256 15150          - 3631.11700      -   226 7337s
 13974 13864 3631.11636  327 15240          - 3631.11636      -   226 7342s
 13975 13865 3631.11534  103 15315          - 3631.11534      -   226 7346s
 13977 13866 3631.11374  423 15337          - 3631.11374      -   226 7351s
 13979 13868 3631.11077  234 15324          - 3631.11077      -   226 7358s
 13980 13868 3631.11031  298 15294          - 3631.11031      -   226 7373s
 13981 13869 3631.10307  426 15057          - 3631.10307      -   226 7416s
 13982 13870 3631.10287  522 15202          - 3631.10287      -   226 7428s
 13983 13870 3631.09710  125 15025          - 3631.09710      -   226 7460s
 13984 13871 3631.09257  326 15179          - 3631.09257      -   226 7465s
 13987 13873 3631.08905  158 15402          - 3631.08905      -   226 7471s
 13988 13874 3631.08632  250 15403          - 3631.08632      -   226 7475s
 13990 13875 3631.08452  337 15550          - 3631.08452      -   226 7480s
 13991 13876 3631.08444  165 15524          - 3631.08444      -   226 7491s
 13992 13876 3631.06446   50 15183          - 3631.06446      -   226 7530s
 13994 13878 3631.06185  366 15250          - 3631.06185      -   226 7535s
 13996 13879 3631.06015  342 15345          - 3631.06015      -   226 7540s
 13997 13880 3631.06010  534 15386          - 3631.06010      -   226 7551s
 13998 13880 3631.05173  417 15176          - 3631.05173      -   226 7586s
 13999 13881 3631.05120  352 15341          - 3631.05120      -   226 7591s
 14001 13882 3631.04651   17 15521          - 3631.04651      -   226 7597s
 14002 13883 3631.04396  362 15536          - 3631.04396      -   226 7601s
 14004 13884 3631.04210  245 15583          - 3631.04210      -   226 7605s
 14005 13885 3631.04175  207 15634          - 3631.04175      -   226 7616s
 14006 13886 3631.02521  330 15130          - 3631.02521      -   226 7654s
 14007 13886 3631.02448  135 15229          - 3631.02448      -   226 7657s
 14009 13888 3631.01843  205 15491          - 3631.01843      -   226 7664s
 14010 13888 3631.01636  167 15442          - 3631.01636      -   226 7667s
 14012 13890 3631.01578  535 15485          - 3631.01578      -   226 7680s
 14013 13890 3631.00413   66 15208          - 3631.00413      -   226 7715s
 14015 13892 3630.99979  142 15397          - 3630.99979      -   226 7722s
 14017 13893 3630.99806   86 15522          - 3630.99806      -   226 7736s
 14018 13894 3630.99385  210 15135          - 3630.99385      -   226 7769s
 14019 13894 3630.99384  346 15294          - 3630.99384      -   226 7781s
 14020 13895 3630.99048  351 15073          - 3630.99048      -   226 7801s
 14021 13896 3630.99015   17 15201          - 3630.99015      -   226 7814s
 14022 13896 3630.98708  342 15104          - 3630.98708      -   226 7832s
 14023 13897 3630.98708  616 15087          - 3630.98708      -   226 7845s
 14025 13900 3630.98708  125 7969          - 3630.98708      -   289 7854s
 14027 13901 3630.98708  300 4542          - 3630.98708      -   289 8162s
 14028 13902 3630.98708  218 8123          - 3630.98708      -   289 8344s
 14029 13903 3630.98708  527 9475          - 3630.98708      -   289 8367s
 14030 13903 3630.98708  205 10378          - 3630.98708      -   289 8418s
 14031 13904 3630.98708   78 11139          - 3630.98708      -   289 8465s
 14032 13905 3630.98708  234 11607          - 3630.98708      -   289 8521s
 14033 13905 3630.98708  127 11471          - 3630.98708      -   289 8566s
 14034 13906 3630.98708   78 12100          - 3630.98708      -   289 8613s
 14035 13907 3630.98708  313 12212          - 3630.98708      -   289 8650s
 14036 13907 3630.98708  126 12560          - 3630.98708      -   289 8679s
 14037 13908 3630.98708  325 12746          - 3630.98708      -   289 8695s
 14038 13909 3630.98708  136 12840          - 3630.98708      -   289 8701s
 14039 13909 3630.98708  111 12917          - 3630.98708      -   289 8707s
 14040 13910 3630.98708  342 12853          - 3630.98708      -   289 8711s
 14043 13912 3630.98708  436 12857          - 3630.98708      -   289 8728s
 14044 13913 3630.94625  367 12549          - 3630.94625      -   289 8774s
 14045 13913 3630.93809  221 12715          - 3630.93809      -   289 8778s
 14047 13915 3630.93646  130 12777          - 3630.93646      -   289 8781s
 14049 13916 3630.93575   69 12773          - 3630.93575      -   289 8794s
 14050 13917 3630.93035  209 12737          - 3630.93035      -   289 8816s
 14051 13917 3630.90822  284 12873          - 3630.90822      -   289 8824s
 14052 13918 3630.90011  132 12910          - 3630.90011      -   289 8829s
 14053 13919 3630.89893  178 12960          - 3630.89893      -   289 8830s
 14054 13919 3630.89881  459 12969          - 3630.89881      -   289 8843s
 14055 13920 3630.88697  432 12683          - 3630.88697      -   289 8879s
 14056 13921 3630.88589  274 12752          - 3630.88589      -   288 8881s
 14057 13921 3630.88545   21 12890          - 3630.88545      -   288 8895s
 14058 13922 3630.87613  113 12568          - 3630.87613      -   288 8931s
 14059 13923 3630.86736  413 13021          - 3630.86736      -   288 8940s
 14061 13924 3630.86437  333 12923          - 3630.86437      -   288 8955s
 14062 13925 3630.85178  360 12663          - 3630.85178      -   288 8990s
 14065 13927 3630.84767   53 12817          - 3630.84767      -   288 9008s
 14066 13927 3630.83320   35 12661          - 3630.83320      -   288 9045s
 14067 13928 3630.82643  516 12770          - 3630.82643      -   288 9050s
 14069 13929 3630.82051  551 12963          - 3630.82051      -   288 9056s
 14070 13930 3630.82022  145 12996          - 3630.82022      -   288 9069s
 14071 13931 3630.80623  260 12773          - 3630.80623      -   288 9105s
 14073 13932 3630.80339  256 13035          - 3630.80339      -   288 9110s
 14075 13933 3630.80255  103 13092          - 3630.80255      -   288 9126s
 14076 13934 3630.77714   76 12684          - 3630.77714      -   288 9166s
 14077 13935 3630.77337  423 13025          - 3630.77337      -   288 9171s
 14079 13936 3630.76939  234 13117          - 3630.76939      -   288 9176s
 14081 13937 3630.76883  426 13133          - 3630.76883      -   288 9191s
 14082 13938 3630.74385  522 12771          - 3630.74385      -   288 9234s
 14083 13939 3630.73994  125 13007          - 3630.73994      -   288 9238s
 14084 13939 3630.73627  326 13011          - 3630.73627      -   288 9240s
 14085 13940 3630.73585   42 13158          - 3630.73585      -   288 9255s
 14086 13941 3630.72376  331 12878          - 3630.72376      -   288 9291s
 14087 13941 3630.71618  158 13122          - 3630.71618      -   288 9297s
 14089 13943 3630.71256  341 13132          - 3630.71256      -   288 9301s
 14091 13944 3630.71202  165 13192          - 3630.71202      -   288 9315s
 14092 13945 3630.70215   50 12917          - 3630.70215      -   288 9337s
 14093 13945 3630.69763   24 13107          - 3630.69763      -   288 9342s
 14095 13947 3630.69549  144 13188          - 3630.69549      -   288 9345s
 14096 13947 3630.69534  342 13172          - 3630.69534      -   288 9359s
 14097 13948 3630.68390  534 12748          - 3630.68390      -   288 9395s
 14099 13949 3630.67755  352 13051          - 3630.67755      -   288 9400s
 14101 13951 3630.67638   17 13226          - 3630.67638      -   288 9417s
 14102 13951 3630.66458  362 12904          - 3630.66458      -   288 9454s
 14103 13952 3630.66205   26 13127          - 3630.66205      -   288 9458s
 14104 13953 3630.65685  245 13134          - 3630.65685      -   288 9463s
 14105 13953 3630.65517  207 13263          - 3630.65517      -   287 9465s
 14107 13955 3630.65366  135 13338          - 3630.65366      -   287 9481s
 14108 13955 3630.63397  253 13103          - 3630.63397      -   287 9543s
 14109 13956 3630.63321  205 13221          - 3630.63321      -   287 9547s
 14110 13957 3630.62964  167 13088          - 3630.62964      -   287 9551s
 14112 13958 3630.62844  535 13248          - 3630.62844      -   287 9577s
 14113 13959 3630.57199   66 12885          - 3630.57199      -   287 9637s
 14114 13959 3630.54002  287 12988          - 3630.54002      -   287 9646s
 14115 13960 3630.52920  142 13068          - 3630.52920      -   287 9652s
 14116 13961 3630.51189  273 12974          - 3630.51189      -   287 9658s
 14117 13961 3630.50437   86 12966          - 3630.50437      -   287 9662s
 14118 13962 3630.49875  210 13101          - 3630.49875      -   287 9665s
 14121 13964 3630.49600   17 13182          - 3630.49600      -   287 9691s
 14122 13965 3630.47337  342 12938          - 3630.47337      -   287 9714s
 14123 13965 3630.46406  616 13084          - 3630.46406      -   287 9721s
 14124 13966 3630.43992  444 13101          - 3630.43992      -   287 9730s
 14125 13967 3630.43343  125 13176          - 3630.43343      -   287 9735s
 14126 13967 3630.42583   52 13103          - 3630.42583      -   287 9741s
 14128 13969 3630.42013  218 13254          - 3630.42013      -   287 9748s
 14129 13969 3630.41935  527 13218          - 3630.41935      -   287 9750s
 14131 13971 3630.41867   78 13170          - 3630.41867      -   287 9763s
 14132 13971 3630.41148  234 12883          - 3630.41148      -   287 9793s
 14133 13972 3630.41081  127 13002          - 3630.41081      -   287 9796s
 14135 13973 3630.40986  313 13211          - 3630.40986      -   287 9808s
 14136 13974 3630.40442  126 12838          - 3630.40442      -   287 9836s
 14138 13975 3630.40300  136 13173          - 3630.40300      -   287 9850s
 14139 13976 3630.40166  111 12925          - 3630.40166      -   287 9867s
 14140 13977 3630.39810  342 12969          - 3630.39810      -   287 9870s
 14142 13978 3630.39519  244 13035          - 3630.39519      -   287 9876s
 14143 13979 3630.39517  436 13112          - 3630.39517      -   287 9886s
 14144 13979 3630.39184  367 12827          - 3630.39184      -   287 9913s
 14145 13980 3630.39155  221 13048          - 3630.39155      -   287 9924s
 14146 13981 3630.38914  164 12874          - 3630.38914      -   287 9950s
 14149 13983 3630.38556   69 13040          - 3630.38556      -   287 9957s
 14151 13984 3630.38470  284 13114          - 3630.38470      -   287 9971s
 14152 13985 3630.37651  132 12861          - 3630.37651      -   287 10002s
 14153 13985 3630.37585  178 13062          - 3630.37585      -   287 10005s
 14154 13986 3630.37574  459 13116          - 3630.37574      -   286 10017s
 14155 13987 3630.37046  432 12771          - 3630.37046      -   286 10035s
 14157 13988 3630.36874   21 13155          - 3630.36874      -   286 10041s
 14159 13989 3630.36562  413 13072          - 3630.36562      -   286 10046s
 14161 13991 3630.36365  333 13111          - 3630.36365      -   286 10051s
 14163 13992 3630.36256  120 13227          - 3630.36256      -   286 10063s
 14164 13993 3630.35986  413 12930          - 3630.35986      -   286 10093s
 14165 13993 3630.35782   53 12964          - 3630.35782      -   286 10097s
 14166 13994 3630.35454   35 12983          - 3630.35454      -   286 10101s
 14167 13995 3630.35435  516 13037          - 3630.35435      -   286 10111s
 14168 13995 3630.35322  146 12933          - 3630.35322      -   286 10128s
 14169 13996 3630.35248  551 13116          - 3630.35248      -   286 10131s
 14170 13997 3630.35204  145 13119          - 3630.35204      -   286 10143s
 14171 13997 3630.35144  260 12960          - 3630.35144      -   286 10174s
 14172 13998 3630.35141  177 13056          - 3630.35141      -   286 10185s
 14173 13999 3630.34933  256 13043          - 3630.34933      -   286 10215s
 14175 14000 3630.34775  103 13236          - 3630.34775      -   286 10221s
 14177 14001 3630.34662  423 13324          - 3630.34662      -   286 10234s
 14178 14002 3630.34226   50 12989          - 3630.34226      -   286 10251s
 14179 14003 3630.34226  234 12969          - 3630.34226      -   286 10263s
 14181 14005 3630.34226  426 7969          - 3630.34226      -   324 10269s
 14183 14006 3630.34226  125 4489          - 3630.34226      -   323 10633s
 14184 14007 3630.34226  326 8041          - 3630.34226      -   323 10731s
 14185 14008 3630.34226   42 9333          - 3630.34226      -   323 10762s
 14186 14008 3630.34226  331 10091          - 3630.34226      -   323 10815s
 14187 14009 3630.34226  158 11059          - 3630.34226      -   323 10863s
 14188 14010 3630.34226  250 11976          - 3630.34226      -   323 10914s
 14189 14010 3630.34226  341 12246          - 3630.34226      -   323 10963s
 14190 14011 3630.34226  337 12406          - 3630.34226      -   323 11004s
 14191 14012 3630.34226  165 12105          - 3630.34226      -   323 11046s
 14192 14012 3630.34226   50 12382          - 3630.34226      -   323 11076s
 14193 14013 3630.34226   24 12698          - 3630.34226      -   323 11110s
 14194 14014 3630.34226  366 12844          - 3630.34226      -   323 11130s
 14195 14014 3630.34226  144 12839          - 3630.34226      -   323 11136s
 14196 14015 3630.34226  342 12807          - 3630.34226      -   323 11142s
 14197 14016 3630.34226  534 12950          - 3630.34226      -   323 11147s
 14198 14016 3630.34226  417 12923          - 3630.34226      -   323 11163s
 14199 14017 3630.33234  352 12747          - 3630.33234      -   323 11198s
 14200 14018 3630.33154  297 12943          - 3630.33154      -   323 11200s
 14202 14019 3630.33108  362 12976          - 3630.33108      -   323 11213s
 14203 14020 3630.32806   26 12884          - 3630.32806      -   323 11230s
 14205 14021 3630.32314  207 12958          - 3630.32314      -   323 11235s
 14206 14022 3630.32311  330 13019          - 3630.32311      -   323 11247s
 14207 14022 3630.32153  135 12823          - 3630.32153      -   323 11280s
 14208 14023 3630.32113  253 12959          - 3630.32113      -   323 11295s
 14209 14024 3630.31948  205 12860          - 3630.31948      -   323 11328s
 14210 14024 3630.31767  167 12960          - 3630.31767      -   323 11330s
 14212 14026 3630.31686  535 13135          - 3630.31686      -   323 11345s
 14213 14026 3630.31449   66 12894          - 3630.31449      -   323 11379s
 14214 14027 3630.31415  287 13020          - 3630.31415      -   323 11393s
 14215 14028 3630.30841  142 12986          - 3630.30841      -   323 11415s
 14217 14029 3630.30757   86 13102          - 3630.30757      -   323 11431s
 14218 14030 3630.30682  210 12691          - 3630.30682      -   323 11463s
 14219 14030 3630.30672  346 12904          - 3630.30672      -   323 11477s
 14220 14031 3630.30620  351 12689          - 3630.30620      -   323 11510s
 14221 14032 3630.30604   17 12918          - 3630.30604      -   323 11525s
 14222 14032 3630.30358  342 12831          - 3630.30358      -   323 11584s
 14223 14033 3630.30358  616 12816          - 3630.30358      -   323 11600s
 14224 14034 3630.30330  444 12816          - 3630.30330      -   323 11775s
 14225 14037 3630.25888   43 12750          - 3630.29775      -   124 11810s
 14227 14041 3630.25789   44 12728          - 3630.27239      -   124 11857s
 14231 14047 3630.24537   45 12563          - 3630.25982      -   125 11931s
 14239 14061 3630.24013   46 12707          - 3630.24603      -   127 11970s
 14255 14079 3630.20970   47 12722          - 3630.24238      -   130 12020s
 14279 14095 3630.03228   48 12417          - 3630.24238      -   134 12074s
 14303 14110 3630.16757   48 12530          - 3630.23579      -   144 12120s
 14327 14125 3630.15827   49 12402          - 3630.23579      -   149 12171s
 14351 14144 3628.51374   49 12127          - 3630.23579      -   154 12273s
 14378 14163 3630.13746   50 12479          - 3630.23579      -   162 12349s
 14408 14181 3629.78278   50 12125          - 3630.23579      -   170 12389s
 14436 14202 3629.97635   51 12590          - 3630.23579      -   175 12437s
 14466 14225 3630.10548   51 12372          - 3630.23579      -   180 12475s
 14501 14249 3630.06451   52 12292          - 3630.23579      -   185 12512s
 14537 14277 3629.99728   52 12149          - 3630.23579      -   190 12607s
 14577 14306 3630.05525   53 12073          - 3630.23579      -   195 12652s
 14621 14364 3629.99038   54 12034          - 3630.23579      -   200 12715s
 14698 14453 3629.89841   55 11953          - 3630.23579      -   210 12825s
 14814 14530 3629.58268   57 11363          - 3630.23579      -   222 13002s
 14937 14618 3629.60195   59 12364          - 3630.23579      -   243 13177s
 15082 14720 3629.72722   63 11638          - 3630.23579      -   268 13422s
 15238 14835 3629.66979   68 11469          - 3630.23579      -   294 13582s
 15417 14942 3629.56629   71 11580          - 3630.23579      -   318 13762s
 15594 15099 3629.31182   74 11076          - 3630.23579      -   345 13964s
 15835 15216 3628.99199   79 11206          - 3630.23579      -   372 14179s
 16060 15402 3628.93941   84 11014          - 3630.23579      -   398 14489s
 16332 15524 3627.63424   90 11463          - 3630.23579      -   427 14692s
 16558 15657 3628.62873   93 10810          - 3630.23579      -   455 14885s
 16779 15849 3628.48451   96 11101          - 3630.23579      -   482 15100s
 17049 15992 3628.19422   98 11030          - 3630.23579      -   507 15280s
 17288 16153 3628.16878  100 10749          - 3630.23579      -   536 15470s
 17542 16359 3628.03236  102 10482          - 3630.23579      -   566 15695s
 17842 16577 3625.69052  110 10626          - 3630.23579      -   595 15882s
 18167 16822 3624.91875  116 10620          - 3630.23579      -   621 16080s
 18527 17016 3623.22286  126 10164          - 3630.23579      -   647 16302s
 18855 17266 3623.04461  138 9377          - 3630.23579      -   676 16526s
 19220 17537 3622.84414  151 9414          - 3630.23579      -   704 16742s
 19647 17851 3622.54988  164 9049          - 3630.23579      -   730 17046s
 20115 18147 3621.46317  180 8979          - 3630.23579      -   756 17289s
 20610 18604 3621.23056  197 8667          - 3630.23579      -   780 17552s
 21263 18996 3620.95369  209 8631          - 3630.23579      -   797 17831s
 21910 19185 3620.29401  227 8423          - 3630.23579      -   814 18000s

Cutting planes:
  Gomory: 49
  Cover: 149
  Implied bound: 22
  Clique: 113
  MIR: 181
  StrongCG: 9
  Flow cover: 515
  GUB cover: 17
  Zero half: 698
  Mod-K: 3
  Relax-and-lift: 151

Explored 22334 nodes (21965249 simplex iterations) in 18000.09 seconds
Thread count was 24 (of 48 available processors)

Solution count 0

Time limit reached
Best objective -, best bound 3.630235794270e+03, gap -
