
Gurobi 9.0.2 (linux64) logging started Mon May 25 22:41:23 2020

Changed value of parameter LogFile to gurobi_logs/2020-05-25_22:41:19-rproblem2_mode=optimality_predefined_shifts.log
   Prev:   Default: 
Parameter MIPFocus unchanged
   Value: 0  Min: 0  Max: 3  Default: 0
Parameter SolutionLimit unchanged
   Value: 2000000000  Min: 1  Max: 2000000000  Default: 2000000000
Parameter LogToConsole unchanged
   Value: 1  Min: 0  Max: 1  Default: 1
Changed value of parameter TimeLimit to 18000.0
   Prev: inf  Min: 0.0  Max: inf  Default: inf
Gurobi Optimizer version 9.0.2 build v9.0.2rc0 (linux64)
Optimize a model with 53160 rows, 51260 columns and 1380416 nonzeros
Model fingerprint: 0x603b3b12
Variable types: 20 continuous, 51240 integer (47730 binary)
Coefficient statistics:
  Matrix range     [9e-02, 6e+01]
  Objective range  [5e-01, 1e+00]
  Bounds range     [1e+00, 1e+00]
  RHS range        [1e+00, 4e+02]
Presolve removed 14076 rows and 9487 columns
Presolve time: 4.17s
Presolved: 39084 rows, 41773 columns, 713171 nonzeros
Variable types: 1 continuous, 41772 integer (41766 binary)

Deterministic concurrent LP optimizer: primal and dual simplex
Showing first log only...


Root simplex log...

Iteration    Objective       Primal Inf.    Dual Inf.      Time
       0    2.2005661e+03   1.436125e+03   3.219044e+09      5s
Concurrent spin time: 0.16s

Solved with dual simplex

Root relaxation: objective 2.109476e+03, 9823 iterations, 2.68 seconds

    Nodes    |    Current Node    |     Objective Bounds      |     Work
 Expl Unexpl |  Obj  Depth IntInf | Incumbent    BestBd   Gap | It/Node Time

     0     0 2109.47565    0 1390          - 2109.47565      -     -    9s
     0     0 2109.47565    0 1396          - 2109.47565      -     -   22s
     0     0 2108.70183    0 1465          - 2108.70183      -     -   23s
     0     0 2106.23148    0 1742          - 2106.23148      -     -   24s
     0     0 2103.24701    0 1957          - 2103.24701      -     -   26s
     0     0 2100.28617    0 2103          - 2100.28617      -     -   28s
     0     0 2098.87912    0 2134          - 2098.87912      -     -   28s
     0     0 2097.72300    0 2192          - 2097.72300      -     -   29s
     0     0 2096.08762    0 2201          - 2096.08762      -     -   31s
     0     0 2095.73142    0 2163          - 2095.73142      -     -   31s
     0     0 2095.71145    0 2114          - 2095.71145      -     -   31s
     0     0 2095.70978    0 2142          - 2095.70978      -     -   32s
     0     0 2095.70978    0 2143          - 2095.70978      -     -   32s
     0     0 2093.69470    0 2294          - 2093.69470      -     -   46s
     0     0 2090.84034    0 2495          - 2090.84034      -     -   48s
     0     0 2088.88288    0 2578          - 2088.88288      -     -   50s
     0     0 2087.88972    0 2650          - 2087.88972      -     -   52s
     0     0 2084.72679    0 2661          - 2084.72679      -     -   56s
     0     0 2083.35967    0 2637          - 2083.35967      -     -   58s
     0     0 2082.31259    0 2658          - 2082.31259      -     -   59s
     0     0 2081.32711    0 2708          - 2081.32711      -     -   62s
     0     0 2081.04715    0 2850          - 2081.04715      -     -   63s
     0     0 2080.96378    0 2760          - 2080.96378      -     -   63s
     0     0 2080.94612    0 2752          - 2080.94612      -     -   64s
     0     0 2080.94476    0 2785          - 2080.94476      -     -   64s
     0     0 2077.68983    0 3024          - 2077.68983      -     -   79s
     0     0 2075.18796    0 3040          - 2075.18796      -     -   83s
     0     0 2068.77017    0 3145          - 2068.77017      -     -   89s
     0     0 2064.19998    0 3158          - 2064.19998      -     -   93s
     0     0 2059.16730    0 3267          - 2059.16730      -     -   97s
     0     0 2057.20182    0 3195          - 2057.20182      -     -  100s
     0     0 2056.97028    0 3305          - 2056.97028      -     -  100s
     0     0 2056.53491    0 3318          - 2056.53491      -     -  101s
     0     0 2056.47014    0 3331          - 2056.47014      -     -  102s
     0     0 2056.44530    0 3340          - 2056.44530      -     -  103s
     0     0 2056.44390    0 3355          - 2056.44390      -     -  103s
     0     0 2048.04292    0 3344          - 2048.04292      -     -  115s
     0     0 2042.03651    0 3313          - 2042.03651      -     -  118s
     0     0 2039.31526    0 3379          - 2039.31526      -     -  121s
     0     0 2038.61233    0 3344          - 2038.61233      -     -  123s
     0     0 2037.83015    0 3364          - 2037.83015      -     -  125s
     0     0 2037.65665    0 3299          - 2037.65665      -     -  125s
     0     0 2037.48231    0 3167          - 2037.48231      -     -  126s
     0     0 2037.35873    0 3434          - 2037.35873      -     -  127s
     0     0 2037.29817    0 3473          - 2037.29817      -     -  127s
     0     0 2037.28691    0 3301          - 2037.28691      -     -  128s
     0     0 2029.94957    0 3453          - 2029.94957      -     -  135s
H    0     0                    1253.5976112 2029.94957  61.9%     -  136s
H    0     0                    1320.5692154 2029.94957  53.7%     -  136s
     0     0 2027.90951    0 3253 1320.56922 2027.90951  53.6%     -  138s
     0     0 2027.24820    0 3309 1320.56922 2027.24820  53.5%     -  140s
     0     0 2027.07720    0 3379 1320.56922 2027.07720  53.5%     -  140s
     0     0 2027.06875    0 3417 1320.56922 2027.06875  53.5%     -  141s
     0     0 2023.65120    0 3491 1320.56922 2023.65120  53.2%     -  147s
H    0     0                    1450.4167155 2023.65120  39.5%     -  147s
H    0     0                    1484.8705491 2023.65120  36.3%     -  148s
     0     0 2023.18266    0 3518 1484.87055 2023.18266  36.3%     -  149s
     0     0 2023.08283    0 3703 1484.87055 2023.08283  36.2%     -  150s
     0     0 2023.06439    0 3755 1484.87055 2023.06439  36.2%     -  150s
     0     0 2022.36070    0 3664 1484.87055 2022.36070  36.2%     -  155s
H    0     0                    1591.0071922 2022.36070  27.1%     -  156s
     0     0 2022.24848    0 3713 1591.00719 2022.24848  27.1%     -  157s
     0     0 2022.23571    0 3719 1591.00719 2022.23571  27.1%     -  158s
     0     0 2021.99174    0 3759 1591.00719 2021.99174  27.1%     -  161s
H    0     0                    1592.1542570 2021.99174  27.0%     -  162s
     0     0 2021.97642    0 3774 1592.15426 2021.97642  27.0%     -  163s
     0     0 2021.73682    0 3702 1592.15426 2021.73682  27.0%     -  166s
     0     0 2021.73682    0 3655 1592.15426 2021.73682  27.0%     -  169s
H    0     0                    1605.4933863 2021.73682  25.9%     -  178s
H    0     2                    1605.5816216 2021.67134  25.9%     -  182s
     0     2 2021.67134    0 3655 1605.58162 2021.67134  25.9%     -  182s
     3     8 2021.67134    2 3691 1605.58162 2021.67134  25.9%   279  185s
    15    32 2021.59932    4 3755 1605.58162 2021.59932  25.9%   471  192s
H   31    56                    1674.8581413 2021.59932  20.7%   671  198s
H   32    56                    1715.5784837 2021.59821  17.8%   652  199s
H   36    56                    1717.6125300 2021.59821  17.7%   598  199s
H   52    56                    1761.5268853 2021.58899  14.8%   580  199s
    55    80 2021.56663    6 3760 1761.52689 2021.58899  14.8%   581  201s
H  103   128                    1762.1135236 2021.58899  14.7%   410  209s
H  104   128                    1762.1627346 2021.58899  14.7%   409  209s
H  106   128                    1762.1821511 2021.58899  14.7%   423  209s
H  108   128                    1762.2507785 2021.58899  14.7%   443  209s
H  111   128                    1772.4701260 2021.58899  14.1%   441  210s
H  116   128                    1837.7996991 2021.58899  10.0%   434  210s
H  163   188                    1838.1565619 2021.58899  10.0%   383  219s
H  168   188                    1848.6873981 2021.58899  9.35%   381  220s
H  181   188                    1849.1905718 2021.58899  9.32%   369  220s
   187   222 2021.35835   11 3775 1849.19057 2021.58899  9.32%   363  233s
   221   246 2020.93021   12 3786 1849.19057 2021.58899  9.32%   365  240s
H  222   246                    1865.6326902 2021.58899  8.36%   363  240s
H  286   311                    1905.3220728 2021.58899  6.10%   334  421s
H  288   311                    1950.9519451 2021.58899  3.62%   333  421s
H  307   311                    1977.1859683 2021.58899  2.25%   335  422s
   310   359 2020.00630   17 3399 1977.18597 2021.58899  2.25%   342  425s
   402   447 2019.28111   19 3374 1977.18597 2021.58899  2.25%   340  434s
   448   483 2016.71247   20 3307 1977.18597 2021.58899  2.25%   347  438s
   486   534 2018.89287   20 3367 1977.18597 2021.58899  2.25%   352  442s
   543   584 2016.89623   21 3320 1977.18597 2021.58899  2.25%   353  446s
   599   634 2015.80546   21 3349 1977.18597 2021.58899  2.25%   359  451s
   649   689 2016.55967   22 3336 1977.18597 2021.58899  2.25%   372  455s
   771   823 2015.84405   26 3237 1977.18597 2021.58899  2.25%   374  463s
   838   899 2015.71705   27 3236 1977.18597 2021.58899  2.25%   374  466s
   914   992 2014.83503   28 3273 1977.18597 2021.58899  2.25%   369  471s
  1007  1091 2013.04966   30 3250 1977.18597 2021.58899  2.25%   363  475s
  1106  1185 2013.10602   31 3235 1977.18597 2021.58899  2.25%   356  480s
  1207  1269 2012.05148   32 3216 1977.18597 2021.58899  2.25%   354  485s
  1293  1364 2011.85475   33 3179 1977.18597 2021.58899  2.25%   353  490s
  1400  1469 2011.76012   34 3153 1977.18597 2021.58899  2.25%   350  495s
  1527  1565 2008.21354   37 3137 1977.18597 2021.58899  2.25%   341  502s
  1648  1659 2004.63935   38 3025 1977.18597 2021.58899  2.25%   338  508s
  1748  1755 2003.48871   40 3024 1977.18597 2021.58899  2.25%   340  513s
  1853  1859 2002.72474   41 3052 1977.18597 2021.58899  2.25%   340  518s
  1967  1961 2002.63158   43 3002 1977.18597 2021.58899  2.25%   338  524s
H 1999  1960                    1978.3023000 2021.58899  2.19%   339  525s
  2077  2042 1999.97379   44 2878 1978.30230 2021.58899  2.19%   341  530s
  2180  2123 1998.52143   45 2732 1978.30230 2021.58899  2.19%   344  537s
  2267  2242 1996.48771   49 2566 1978.30230 2021.58899  2.19%   351  542s
  2398  2339 1995.31657   51 2502 1978.30230 2021.58899  2.19%   351  548s
  2507  2451 1993.62360   57 2522 1978.30230 2021.58899  2.19%   355  556s
  2629  2565 1992.00060   60 2339 1978.30230 2021.58899  2.19%   357  562s
  2755  2709     cutoff   64      1978.30230 2021.56663  2.19%   361  569s
  2927  2829 2018.21352    7 3526 1978.30230 2021.56663  2.19%   360  577s
  3087  2999 2017.64378    8 3525 1978.30230 2021.56663  2.19%   360  585s
  3274  3000 1986.44794   46 3655 1978.30230 2021.56663  2.19%   357  643s
  3276  3001 2011.95196   27 2911 1978.30230 2021.56663  2.19%   357  650s
H 3276  2850                    1978.5055521 2020.90561  2.14%   357  653s
  3278  2852 2007.29353   15 2959 1978.50555 2017.07732  1.95%   356  656s
  3282  2854 1998.13533   52 3257 1978.50555 2015.50705  1.87%   356  663s
  3285  2856 1995.33188   44 3365 1978.50555 2014.47916  1.82%   356  666s
  3286  2857 1999.31431   23 3269 1978.50555 2013.43215  1.77%   356  670s
H 3288  2715                    1978.6428071 2012.95102  1.73%   355  675s
H 3289  2580                    1978.7114344 2012.95102  1.73%   355  679s
  3291  2581 1984.32834   33 3217 1978.71143 2011.55241  1.66%   355  680s
  3294  2583 2011.19258   12 3261 1978.71143 2011.19258  1.64%   355  687s
H 3294  2454                    1978.8731250 2011.19258  1.63%   355  688s
  3299  2458 1986.62002  139 3371 1978.87312 2010.86636  1.62%   354  692s
H 3299  2334                    1980.7697485 2009.81168  1.47%   354  699s
  3305  2338 2007.96440   18 3349 1980.76975 2009.76178  1.46%   353  702s
H 3305  2221                    1981.5109250 2009.10435  1.39%   353  706s
H 3310  2112                    1981.7117412 2008.81279  1.37%   353  712s
  3313  2114 2008.77119    6 3574 1981.71174 2008.77119  1.37%   353  715s
  3317  2117 1997.90885   61 3474 1981.71174 2008.39974  1.35%   352  720s
H 3318  2010                    1981.7807785 2007.91013  1.32%   352  727s
  3322  2013 1983.56739   31 3438 1981.78078 2007.86458  1.32%   352  730s
H 3322  1912                    1982.1117412 2007.51817  1.28%   352  734s
  3324  1913 1995.98017   71 3649 1982.11174 2007.48718  1.28%   351  735s
  3327  1915 2002.71744   28 3554 1982.11174 2007.27983  1.27%   351  742s
  3332  1919 1989.13546  102 3530 1982.11174 2007.19524  1.27%   351  745s
  3333  1919 1984.23271   57 3582 1982.11174 2006.39234  1.22%   351  751s
  3337  1922 1986.30780   62 3532 1982.11174 2006.20141  1.22%   350  759s
  3340  1924 1982.11174   56 3517 1982.11174 2006.19112  1.21%   350  762s
  3341  1925 1995.30558   53 3544 1982.11174 2006.07974  1.21%   350  770s
  3345  1927 1985.24054  117 3539 1982.11174 2006.06673  1.21%   349  780s
  3350  1931 2005.97348   33 3602 1982.11174 2005.97348  1.20%   349  785s
  3353  1933 1992.43443   33 3545 1982.11174 2005.93365  1.20%   348  790s
  3358  1936 2005.93029   28 3635 1982.11174 2005.93029  1.20%   348  796s
  3359  1937 1998.96358   31 3611 1982.11174 2005.92018  1.20%   348  803s
  3360  1937 2005.91975   38 3609 1982.11174 2005.91975  1.20%   348  805s
H 3360  1839                    1985.6425876 2005.91975  1.02%   348  809s
  3362  1841 1986.35973  102 3578 1985.64259 2005.88818  1.02%   347  811s
  3365  1843 2005.87173   10 3624 1985.64259 2005.87173  1.02%   347  815s
  3369  1845 2005.86055   14 3634 1985.64259 2005.86055  1.02%   347  821s
H 3370  1752                    1988.4440710 2005.80869  0.87%   347  825s
  3374  1755 1988.44407   46 3587 1988.44407 2005.78796  0.87%   346  831s
  3377  1757 2005.74564   21 3579 1988.44407 2005.74564  0.87%   346  836s
  3380  1759 1988.44407   80 3588 1988.44407 2005.73839  0.87%   346  841s
  3382  1760 1998.13533   52 3546 1988.44407 2005.70866  0.87%   345  845s
H 3384  1671                    1988.5617602 2005.68353  0.86%   345  851s
  3388  1674 1991.55812   58 3580 1988.56176 2005.68069  0.86%   345  857s
  3390  1675 2005.66921   18 3543 1988.56176 2005.66921  0.86%   345  861s
  3395  1679 1990.99560   35 3562 1988.56176 2005.53241  0.85%   344  865s
  3398  1681 2005.30010   10 3493 1988.56176 2005.30010  0.84%   344  870s
  3402  1683 1994.44355   80 3512 1988.56176 2005.13971  0.83%   343  878s
  3404  1685 2005.10270   22 3477 1988.56176 2005.10270  0.83%   343  880s
  3407  1687 2005.03343   22 3507 1988.56176 2005.03343  0.83%   343  886s
  3410  1689 1988.56176   78 3499 1988.56176 2005.02048  0.83%   343  891s
  3412  1690 1990.08641   66 3509 1988.56176 2005.01596  0.83%   342  895s
  3415  1692 1991.04631   60 3479 1988.56176 2004.98447  0.83%   342  907s
  3417  1693 1997.90885   61 3485 1988.56176 2004.98422  0.83%   342  910s
  3420  1695 2004.98415   17 3494 1988.56176 2004.98415  0.83%   342  916s
  3424  1699 1995.98017   71 2814 1988.56176 2004.98415  0.83%   357  925s
  3426  1701 1993.45051   51 3066 1988.56176 2004.98415  0.83%   357  933s
  3427  1701 2002.71744   28 3054 1988.56176 2004.98415  0.83%   357  936s
  3433  1705 1988.56176   57 3370 1988.56176 2004.98415  0.83%   356  942s
  3434  1706 1988.56176   85 3403 1988.56176 2004.84387  0.82%   356  945s
  3438  1709 1988.56176   62 3321 1988.56176 2004.58042  0.81%   356  951s
  3441  1711 1995.30558   53 3446 1988.56176 2004.43499  0.80%   355  957s
  3443  1712 1989.47419   98 3466 1988.56176 2004.40492  0.80%   355  961s
  3447  1715 1988.56176  120 3444 1988.56176 2004.35588  0.79%   355  967s
  3448  1715 2004.28127   21 3401 1988.56176 2004.28127  0.79%   355  972s
  3451  1717 1988.56176   60 3456 1988.56176 2004.25158  0.79%   354  975s
  3454  1719 1989.57569   99 3521 1988.56176 2004.18738  0.79%   354  982s
  3455  1720 2004.18640   20 3511 1988.56176 2004.18640  0.79%   354  988s
  3456  1721 1988.56176   46 3485 1988.56176 2004.18626  0.79%   354  990s
  3460  1723 2004.08046   38 3555 1988.56176 2004.08046  0.78%   353  996s
  3463  1725 2004.07019   25 3554 1988.56176 2004.07019  0.78%   353 1000s
  3465  1727 2004.03727   10 3546 1988.56176 2004.03727  0.78%   353 1008s
  3467  1728 1988.56176   63 3564 1988.56176 2004.03617  0.78%   353 1011s
  3469  1729 2004.03214   14 3530 1988.56176 2004.03214  0.78%   353 1015s
  3471  1731 2001.31010   51 3510 1988.56176 2004.02809  0.78%   352 1020s
  3474  1733 1988.56176   46 3585 1988.56176 2004.02550  0.78%   352 1025s
H 3475  1645                    1988.6311824 2004.02044  0.77%   352 1032s
H 3476  1563                    1988.6773632 2003.95595  0.77%   352 1037s
  3479  1565 2003.94760   26 3515 1988.67736 2003.94760  0.77%   352 1041s
H 3479  1486                    1988.6825267 2003.94760  0.77%   352 1042s
  3482  1488 1998.13533   52 3547 1988.68253 2003.90589  0.77%   351 1045s
H 3486  1415                    1988.6883669 2003.84883  0.76%   351 1055s
H 3487  1343                    1988.7511541 2003.84883  0.76%   351 1055s
  3493  1347 2003.84233   38 3559 1988.75115 2003.84233  0.76%   350 1061s
  3497  1350 1988.75115   80 3561 1988.75115 2003.82974  0.76%   350 1066s
  3499  1351 1988.75115  139 3555 1988.75115 2003.82974  0.76%   350 1070s
  3503  1355 1988.75115   50 2802 1988.75115 2003.82974  0.76%   360 1078s
  3504  1356 2003.82974   22 2677 1988.75115 2003.82974  0.76%   360 1082s
  3506  1357 2003.82974   21 3124 1988.75115 2003.82974  0.76%   360 1088s
  3508  1359 1989.31463   84 3488 1988.75115 2003.82974  0.76%   359 1091s
H 3511  1292                    1988.7511548 2003.82974  0.76%   359 1092s
  3513  1293 2003.82974    6 3557 1988.75115 2003.82974  0.76%   359 1095s
  3515  1294 1991.04631   60 3547 1988.75115 2003.78694  0.76%   359 1101s
  3516  1295 1988.75115   82 3546 1988.75115 2003.78694  0.76%   359 1106s
  3519  1297 1988.75115   87 3444 1988.75115 2003.38980  0.74%   358 1112s
  3520  1298 2003.20212   17 3448 1988.75115 2003.20212  0.73%   358 1115s
  3524  1300 1995.98017   71 3446 1988.75115 2002.91400  0.71%   358 1122s
  3527  1302 2002.70965   28 3321 1988.75115 2002.70965  0.70%   357 1128s
  3531  1305 2002.68063   11 3413 1988.75115 2002.68063  0.70%   357 1131s
  3532  1306 1989.13546  102 3408 1988.75115 2002.59632  0.70%   357 1135s
  3535  1308 1991.41017  101 3305 1988.75115 2002.42344  0.69%   357 1144s
  3536  1308 1995.37901   44 3319 1988.75115 2002.41972  0.69%   357 1145s
  3543  1313 1989.47419   98 3392 1988.75115 2002.16575  0.67%   356 1151s
  3548  1316 2002.10609   21 3427 1988.75115 2002.10609  0.67%   355 1158s
  3551  1318 1988.75115   60 3453 1988.75115 2002.09573  0.67%   355 1161s
  3553  1320 1992.43443   33 3463 1988.75115 2002.08942  0.67%   355 1167s
  3554  1320 1989.57569   99 3441 1988.75115 2002.07335  0.67%   355 1174s
  3555  1321 2002.07138   20 3437 1988.75115 2002.07138  0.67%   355 1175s
  3558  1323 2002.07040   28 3470 1988.75115 2002.07040  0.67%   354 1181s
  3560  1324 2002.07039   38 3467 1988.75115 2002.07039  0.67%   354 1187s
  3561  1325 1999.06524   26 3468 1988.75115 2002.07039  0.67%   354 1191s
  3562  1326 1988.75115  102 3483 1988.75115 2002.04791  0.67%   354 1196s
  3565  1328 2002.04423   10 3473 1988.75115 2002.04423  0.67%   354 1200s
  3569  1330 2002.02909   14 3463 1988.75115 2002.02909  0.67%   353 1205s
  3573  1333 2002.01903   15 3581 1988.75115 2002.01903  0.67%   353 1212s
  3575  1334 2002.01894   10 3583 1988.75115 2002.01894  0.67%   353 1217s
  3577  1336 2002.01148   21 3584 1988.75115 2002.01148  0.67%   352 1221s
  3579  1337 2002.00903   26 3608 1988.75115 2002.00903  0.67%   352 1226s
  3582  1339 1998.13533   52 3605 1988.75115 2002.00369  0.67%   352 1231s
  3586  1343 1999.31431   23 2818 1988.75115 2002.00369  0.67%   362 1238s
  3587  1344 2002.00369    7 2511 1988.75115 2002.00369  0.67%   362 1241s
  3589  1345 2002.00369   23 3120 1988.75115 2002.00369  0.67%   362 1247s
  3591  1347 1988.75115   33 3050 1988.75115 2002.00369  0.67%   362 1251s
  3601  1353 2002.00304   27 3594 1988.75115 2002.00304  0.67%   361 1258s
  3602  1354 1994.44355   80 3606 1988.75115 2001.98322  0.67%   360 1261s
  3604  1355 2001.97045   22 3577 1988.75115 2001.97045  0.66%   360 1267s
  3606  1357 2001.96685   21 3593 1988.75115 2001.96685  0.66%   360 1270s
  3609  1359 2001.95691   10 3506 1988.75115 2001.95691  0.66%   360 1276s
  3612  1361 1990.08641   66 3588 1988.75115 2001.94344  0.66%   359 1281s
  3614  1362 1998.78818   29 3591 1988.75115 2001.94342  0.66%   359 1287s
  3615  1363 1991.04631   60 3527 1988.75115 2001.93683  0.66%   359 1290s
  3617  1364 1997.90885   61 3656 1988.75115 2001.92392  0.66%   359 1297s
  3620  1366 2001.91368   17 3491 1988.75115 2001.91368  0.66%   359 1303s
  3621  1367 2001.91368   38 3495 1988.75115 2001.91368  0.66%   359 1305s
  3622  1367 1988.75115   31 3627 1988.75115 2001.91334  0.66%   358 1314s
  3623  1368 2001.91334   33 3633 1988.75115 2001.91334  0.66%   358 1316s
  3625  1369 2001.91334   23 3634 1988.75115 2001.91334  0.66%   358 1321s
  3626  1370 1993.45051   51 3637 1988.75115 2001.91334  0.66%   358 1328s
  3627  1371 2001.91334   28 3631 1988.75115 2001.91334  0.66%   358 1331s
  3628  1371 2001.91160   27 3631 1988.75115 2001.91160  0.66%   358 1342s
  3629  1375 2001.89059   52 3440 1988.75115 2001.91160  0.66%   366 1345s
  3635  1385 2001.66653   54 3395 1988.75115 2001.76905  0.65%   366 1351s
  3659  1417 1999.38617   56 3467 1988.75115 2001.75641  0.65%   370 1361s
  3707  1449 1996.35245   57 3362 1988.75115 2001.53681  0.64%   375 1365s
  3787  1509 1998.73499   59 3356 1988.75115 2001.50843  0.64%   378 1370s
  3885  1572 1998.66263   61 3217 1988.75115 2001.50843  0.64%   378 1375s
  4012  1658 1998.44204   63 3212 1988.75115 2001.50843  0.64%   378 1380s
  4219  1768 1997.98940   66 2970 1988.75115 2001.50843  0.64%   375 1386s
  4381  1825 1997.61613   68 3034 1988.75115 2001.50843  0.64%   376 1391s
  4487  1838 1995.85867   69 3009 1988.75115 2001.50843  0.64%   377 1490s
H 4488  1768                    1992.4051099 2001.50843  0.46%   377 1490s
H 4489  1701                    1994.6964474 2001.50843  0.34%   377 1490s
  4582  1728 1995.20639   70 2950 1994.69645 2001.50843  0.34%   379 1495s
  4716  1526 1997.10028   72 3655 1994.69645 2001.50843  0.34%   380 1512s
  4718  1527 1997.70058   63 2292 1994.69645 2001.50843  0.34%   380 1519s
  4719  1528 1997.01835   80 2658 1994.69645 2001.50843  0.34%   380 1524s
  4720  1529 1996.66454   65 2967 1994.69645 2001.50843  0.34%   380 1526s
  4724  1531 1998.48647   60 3356 1994.69645 2001.50843  0.34%   379 1530s
  4727  1533 1998.77604   67 3176 1994.69645 2000.94296  0.31%   379 1536s
  4731  1536 1995.33824   68 3213 1994.69645 2000.77895  0.30%   379 1542s
  4733  1537 2000.76534   59 3336 1994.69645 2000.76534  0.30%   379 1545s
  4736  1539 1995.25081   89 3328 1994.69645 2000.39092  0.29%   378 1550s
  4738  1541 1995.34062   62 3321 1994.69645 1999.79074  0.26%   378 1557s
  4742  1543 1995.59480   59 3371 1994.69645 1999.46947  0.24%   378 1561s
  4743  1544 1996.18160   72 3274 1994.69645 1998.96969  0.21%   378 1565s
  4747  1547 1998.59018   58 3048 1994.69645 1998.59018  0.20%   377 1570s
  4751  1549 1998.16298   59 3198 1994.69645 1998.46219  0.19%   377 1575s
  4755  1552 1998.43903   69 3355 1994.69645 1998.43903  0.19%   377 1580s
  4757  1553 1997.21498   71 3390 1994.69645 1998.43618  0.19%   377 1585s
  4760  1555 1998.41415   62 2969 1994.69645 1998.41415  0.19%   376 1591s
  4763  1557 1996.83018   62 3197 1994.69645 1998.21867  0.18%   376 1597s
  4766  1559 1996.89146   62 3116 1994.69645 1998.18195  0.17%   376 1601s
  4769  1561 1994.96035   64 3548 1994.69645 1998.13346  0.17%   376 1606s
  4772  1563 1997.47029   64 3558 1994.69645 1998.12802  0.17%   375 1613s
  4775  1565 1996.46659   59 3588 1994.69645 1998.12473  0.17%   375 1617s
  4776  1566 1996.52095   65 3554 1994.69645 1998.07345  0.17%   375 1622s
  4779  1568 1995.96168   66 3574 1994.69645 1998.05489  0.17%   375 1626s
  4785  1572 1996.10927   67 3476 1994.69645 1997.97794  0.16%   374 1631s
  4789  1575 1995.76404   59 3489 1994.69645 1997.97302  0.16%   374 1637s
  4791  1576 1997.09648   68 3489 1994.69645 1997.97302  0.16%   374 1640s
  4794  1578 1997.20052   77 3479 1994.69645 1997.86304  0.16%   374 1645s
  4801  1584 1997.07388   73 2022 1994.69645 1997.78592  0.15%   382 1654s
  4802  1585 1995.23313   65 2479 1994.69645 1997.78592  0.15%   382 1659s
  4803  1586 1997.07522   61 2827 1994.69645 1997.78592  0.15%   382 1661s
  4809  1590 1995.77500   79 2892 1994.69645 1997.58270  0.14%   381 1666s
  4812  1592 1996.69450   59 2641 1994.69645 1997.17181  0.12%   381 1671s
  4817  1595 1995.12008   63 2782 1994.69645 1996.97708  0.11%   380 1676s
  4819  1596 1996.94737   80 2806 1994.69645 1996.94737  0.11%   380 1680s
  4825  1600 1994.85552   82 3038 1994.69645 1996.84785  0.11%   380 1686s
  4828  1602 1996.69589   75 3012 1994.69645 1996.69589  0.10%   380 1690s
  4832  1605 1995.80128   59 2972 1994.69645 1996.60748  0.10%   379 1696s
  4838  1609 1995.34062   62 3019 1994.69645 1996.59640  0.10%   379 1701s
  4841  1611 1996.59240   67 3056 1994.69645 1996.59240  0.10%   379 1706s
  4844  1613 1996.55712   71 3063 1994.69645 1996.58653  0.09%   378 1711s
  4846  1614 1996.54252   65 2955 1994.69645 1996.54252  0.09%   378 1715s
  4848  1616 1996.52979   66 2820 1994.69645 1996.52979  0.09%   378 1722s
  4849  1616 1995.17403   71 2831 1994.69645 1996.52924  0.09%   378 1725s
  4852  1618 1996.41379   71 2541 1994.69645 1996.48398  0.09%   378 1730s
  4858  1622 1996.38619   57 2755 1994.69645 1996.38619  0.08%   377 1735s
  4862  1625 1996.35321   66 2768 1994.69645 1996.35321  0.08%   377 1741s
  4865  1627 1996.35321   70 2772 1994.69645 1996.35321  0.08%   377 1745s
  4869  1630 1994.96035   64 2552 1994.69645 1996.28596  0.08%   376 1750s
  4875  1635 1996.28484   59 1624 1994.69645 1996.28484  0.08%   383 1756s
  4877  1637 1996.28484   58 1755 1994.69645 1996.28484  0.08%   383 1760s
  4882  1640 1995.71351   62  963 1994.69645 1995.98125  0.06%   382 1765s
  4889  1645 1995.76404   59  984 1994.69645 1995.78884  0.05%   382 1770s
  4895  1649 1995.71517   69 1809 1994.69645 1995.71517  0.05%   381 1775s
  4900  1652 1995.67777   58  948 1994.69645 1995.67777  0.05%   381 1781s
H 4900  1568                    1994.6964523 1995.67777  0.05%   381 1781s
  4905  1571 1995.67207   69 2203 1994.69645 1995.67207  0.05%   381 1785s
  4908  1573 1995.62475   63  945 1994.69645 1995.62475  0.05%   380 1790s
  4914  1577 1994.91685   82 2117 1994.69645 1995.61770  0.05%   380 1795s
  4919  1581 1995.59552   80 2030 1994.69645 1995.59552  0.05%   379 1800s
  4926  1585 1995.57818   66 2137 1994.69645 1995.57818  0.04%   379 1805s
  4933  1590 1995.57038   59 2151 1994.69645 1995.57038  0.04%   378 1810s
  4943  1598 1995.52326   72  664 1994.69645 1995.52326  0.04%   383 1815s
  4958  1608 1995.44306   57  770 1994.69645 1995.44306  0.04%   382 1820s
  4974  1620 1995.37473   62 1007 1994.69645 1995.37473  0.03%   383 1825s

Cutting planes:
  Gomory: 15
  Implied bound: 2
  Clique: 40
  MIR: 2
  Flow cover: 24
  Zero half: 105
  Mod-K: 1
  RLT: 4

Explored 4980 nodes (1976796 simplex iterations) in 1827.82 seconds
Thread count was 24 (of 48 available processors)

Solution count 10: 1994.7 1994.7 1994.7 ... 1988.63

Optimal solution found (tolerance 1.00e-04)
Warning: max constraint violation (6.1249e-06) exceeds tolerance
Best objective 1.994696452296e+03, best bound 1.994875222344e+03, gap 0.0090%
