
Gurobi 9.0.2 (linux64) logging started Mon May 25 09:33:41 2020

Changed value of parameter LogFile to gurobi_logs/2020-05-25_09:33:41-rproblem3_implicit_mode=optimality_no_sdp.log
   Prev:   Default: 
Parameter MIPFocus unchanged
   Value: 0  Min: 0  Max: 3  Default: 0
Parameter SolutionLimit unchanged
   Value: 2000000000  Min: 1  Max: 2000000000  Default: 2000000000
Parameter LogToConsole unchanged
   Value: 1  Min: 0  Max: 1  Default: 1
Changed value of parameter TimeLimit to 18000.0
   Prev: inf  Min: 0.0  Max: inf  Default: inf
Gurobi Optimizer version 9.0.2 build v9.0.2rc0 (linux64)
Optimize a model with 34902 rows, 27050 columns and 937580 nonzeros
Model fingerprint: 0x48af362a
Variable types: 128 continuous, 26922 integer (26040 binary)
Coefficient statistics:
  Matrix range     [1e-02, 1e+02]
  Objective range  [2e-01, 4e+00]
  Bounds range     [1e+00, 1e+00]
  RHS range        [1e+00, 1e+02]
Presolve removed 23621 rows and 11660 columns
Presolve time: 1.21s
Presolved: 11281 rows, 15390 columns, 213474 nonzeros
Variable types: 1 continuous, 15389 integer (15238 binary)

Deterministic concurrent LP optimizer: primal and dual simplex
Showing first log only...

Concurrent spin time: 0.00s

Solved with dual simplex

Root relaxation: objective 1.473954e+03, 5932 iterations, 0.88 seconds

    Nodes    |    Current Node    |     Objective Bounds      |     Work
 Expl Unexpl |  Obj  Depth IntInf | Incumbent    BestBd   Gap | It/Node Time

     0     0 1473.95433    0  677          - 1473.95433      -     -    3s
     0     0 1473.25763    0  933          - 1473.25763      -     -    4s
     0     0 1471.47704    0  979          - 1471.47704      -     -    5s
     0     0 1470.75974    0  996          - 1470.75974      -     -    5s
     0     0 1470.33579    0 1006          - 1470.33579      -     -    6s
     0     0 1470.10448    0 1094          - 1470.10448      -     -    6s
     0     0 1470.08105    0 1124          - 1470.08105      -     -    7s
     0     0 1470.08105    0 1114          - 1470.08105      -     -    7s
     0     0 1467.78261    0 1154          - 1467.78261      -     -    8s
     0     0 1463.92988    0 1175          - 1463.92988      -     -    9s
     0     0 1462.39050    0 1027          - 1462.39050      -     -    9s
     0     0 1461.88991    0 1202          - 1461.88991      -     -    9s
     0     0 1461.21356    0 1272          - 1461.21356      -     -    9s
     0     0 1461.21090    0 1251          - 1461.21090      -     -    9s
     0     0 1461.21090    0 1245          - 1461.21090      -     -    9s
     0     0 1456.38171    0 1246          - 1456.38171      -     -   11s
     0     0 1450.96551    0 1288          - 1450.96551      -     -   12s
     0     0 1448.43262    0 1285          - 1448.43262      -     -   12s
     0     0 1447.45023    0 1292          - 1447.45023      -     -   12s
     0     0 1447.02868    0 1396          - 1447.02868      -     -   13s
     0     0 1447.00495    0 1347          - 1447.00495      -     -   13s
     0     0 1446.98930    0 1334          - 1446.98930      -     -   13s
     0     0 1446.98646    0 1328          - 1446.98646      -     -   13s
     0     0 1439.73932    0 1546          - 1439.73932      -     -   15s
     0     0 1433.69557    0 1759          - 1433.69557      -     -   15s
     0     0 1431.44530    0 1750          - 1431.44530      -     -   16s
     0     0 1430.80871    0 1797          - 1430.80871      -     -   16s
     0     0 1430.73932    0 1777          - 1430.73932      -     -   16s
     0     0 1430.72727    0 1784          - 1430.72727      -     -   16s
     0     0 1421.53987    0 1791          - 1421.53987      -     -   18s
     0     0 1420.74403    0 1832          - 1420.74403      -     -   18s
     0     0 1420.54377    0 1901          - 1420.54377      -     -   18s
     0     0 1419.81977    0 1917          - 1419.81977      -     -   19s
     0     0 1419.81359    0 1950          - 1419.81359      -     -   19s
     0     0 1417.19893    0 1760          - 1417.19893      -     -   20s
     0     0 1416.37546    0 1772          - 1416.37546      -     -   21s
     0     0 1416.28748    0 1797          - 1416.28748      -     -   21s
     0     0 1415.94181    0 1911          - 1415.94181      -     -   21s
     0     0 1415.89279    0 1876          - 1415.89279      -     -   21s
     0     0 1415.87662    0 1838          - 1415.87662      -     -   21s
     0     0 1414.66647    0 1900          - 1414.66647      -     -   23s
     0     0 1414.43930    0 1943          - 1414.43930      -     -   23s
     0     0 1414.42266    0 1927          - 1414.42266      -     -   24s
     0     0 1413.92184    0 1893          - 1413.92184      -     -   25s
     0     0 1413.84954    0 1931          - 1413.84954      -     -   25s
     0     0 1413.82929    0 1940          - 1413.82929      -     -   25s
     0     0 1413.64749    0 1943          - 1413.64749      -     -   26s
     0     0 1413.64749    0 1919          - 1413.64749      -     -   27s
     0     2 1413.60324    0 1918          - 1413.60324      -     -   32s
   103   128 1413.55165    8 1906          - 1413.58288      -   205   35s
   317   361 1413.16944   14 1853          - 1413.58288      -   217   40s
   745   834 1412.12419   37 1722          - 1413.58288      -   207   45s
  1091  1164 1410.09406   55 1696          - 1413.58288      -   211   50s
  1394  1491 1408.31135   64 1380          - 1413.58288      -   230   55s
  2267  2418 1405.22137  124 1103          - 1413.58288      -   198   60s
  2989  3059 1404.09441  164 1209          - 1413.58288      -   188   66s
  3891  4237 1402.21563  201 1264          - 1413.58288      -   172   71s
  5264  5670 1397.72369  281 1181          - 1413.58288      -   153   75s
  6850  7266 1395.00834  344 1035          - 1413.58288      -   141   80s
  9011  9582 1391.34258  414  921          - 1413.58288      -   127   86s
 10722 11329 1385.40431  509  854          - 1413.58288      -   120   90s
 12740 12741 1392.05255  370 1919          - 1413.58288      -   115  109s
 12742 12742 1409.81614   30 1229          - 1413.58288      -   115  114s
 12743 12743 1394.02978  316 1479          - 1412.78722      -   115  116s
 12748 12746 1400.26271  215 1640          - 1410.71330      -   115  121s
 12754 12750 1398.80456  299 1728          - 1409.98967      -   115  125s
 12762 12756 1397.74670  230 1896          - 1409.47861      -   115  130s
 12769 12760 1391.59660  320 1819          - 1408.50131      -   114  135s
 12776 12765 1407.98259    8 1847          - 1407.98259      -   114  140s
 12786 12772 1387.01349  509 1874          - 1407.69496      -   114  145s
 12794 12777 1395.61985  335 1987          - 1407.41698      -   114  151s
 12798 12780 1404.97453   97 1968          - 1407.25386      -   114  155s
 12803 12783 1402.65909  125 1974          - 1407.03776      -   114  160s
 12814 12790 1406.96399   82 1992          - 1406.96399      -   114  165s
 12821 12795 1397.74670  230 1998          - 1406.78228      -   114  170s
 12824 12797 1388.18449  490 1994          - 1406.62603      -   114  175s
 12833 12803 1400.78247  231 1986          - 1406.38204      -   114  181s
 12841 12808 1401.15290  133 2015          - 1406.30632      -   114  185s
 12847 12812 1399.24929  270 1979          - 1406.15183      -   114  190s
 12853 12816 1402.05798  145 1993          - 1406.07359      -   114  195s
 12861 12822 1390.62368  373 1985          - 1406.02849      -   114  201s
 12866 12825 1387.56442  450 1901          - 1405.91034      -   114  208s
 12872 12829 1401.56330  157 2006          - 1405.82352      -   114  210s
 12878 12833 1393.61947  260 1945          - 1405.62959      -   114  217s
 12882 12836 1401.01691  222 2042          - 1405.46093      -   113  220s
 12890 12841 1392.39408  266 2069          - 1405.42233      -   113  225s
 12895 12844 1405.14332   54 2066          - 1405.14332      -   113  230s
 12901 12848 1400.70634  116 2063          - 1405.06492      -   113  235s
H12901 12202                    1341.6897325 1405.06492  4.72%   113  235s
H12901 11590                    1342.7160483 1405.06492  4.64%   113  235s
 12911 11597 1405.01154   63 2073 1342.71605 1405.01154  4.64%   113  241s
H12915 11017                    1342.9705126 1404.98188  4.62%   113  245s
H12926 10469                    1347.5704986 1404.95252  4.26%   113  252s
H12928  9944                    1348.4435910 1404.94691  4.19%   113  255s
 12937  9950 1399.90234  252 2113 1348.44359 1404.89476  4.19%   113  260s
 12941  9953 1401.15290  133 2131 1348.44359 1404.85343  4.18%   113  265s
 12945  9956 1404.01140  150 2099 1348.44359 1404.78872  4.18%   113  270s
 12951  9960 1390.62740  438 2082 1348.44359 1404.76138  4.18%   113  276s
 12959  9965 1404.68877  119 2091 1348.44359 1404.68877  4.17%   113  285s
 12967  9970 1404.61189   41 2141 1348.44359 1404.61189  4.17%   113  298s
 12969  9972 1391.59660  320 2182 1348.44359 1404.60984  4.17%   113  300s
 12970  9972 1398.49159  240 2062 1348.44359 1404.56599  4.16%   113  305s
 12975  9976 1391.75782  312 2106 1348.44359 1404.54409  4.16%   113  310s
 12981  9980 1400.02532  211 2124 1348.44359 1404.51439  4.16%   113  315s
 12983  9981 1404.38707   74 2117 1348.44359 1404.49481  4.16%   113  323s
 12987  9984 1404.48785   49 2152 1348.44359 1404.48785  4.16%   113  325s
H12988  9480                    1359.4481675 1404.48783  3.31%   113  329s
H12988  9002                    1359.4660246 1404.48783  3.31%   113  329s
 12990  9004 1392.39408  266 2173 1359.46602 1404.47836  3.31%   113  330s
H12992  8551                    1365.6660246 1404.47187  2.84%   113  331s
 12997  8554 1404.46572   48 2255 1365.66602 1404.46572  2.84%   112  335s
H12998  8123                    1365.6660254 1404.46164  2.84%   112  342s
 13004  8127 1365.66603   68 2208 1365.66603 1404.45396  2.84%   112  345s
H13011  7720                    1366.1660246 1404.42957  2.80%   112  350s
H13012  7330                    1366.6660246 1404.42957  2.76%   112  351s
 13015  7332 1396.66679  203 2251 1366.66602 1404.42757  2.76%   112  355s
 13020  7337 1387.91927  451 1919 1366.66602 1404.42600  2.76%   129  361s
 13022  7338 1397.28219  237 1253 1366.66602 1404.42600  2.76%   129  365s
 13024  7340 1388.18449  490 1671 1366.66602 1404.42600  2.76%   129  372s
 13026  7341 1396.60459  187 1920 1366.66602 1404.42600  2.76%   129  377s
 13027  7342 1394.93787  250 1964 1366.66602 1404.42600  2.76%   129  382s
 13028  7342 1395.55238  235 2072 1366.66602 1404.42600  2.76%   129  386s
 13032  7345 1387.01520  422 2213 1366.66602 1404.42600  2.76%   129  390s
H13035  6979                    1366.6660258 1404.42600  2.76%   129  394s
H13035  6630                    1366.7604691 1404.39201  2.75%   129  396s
 13039  6633 1404.35113   91 2093 1366.76047 1404.35113  2.75%   129  402s
H13041  6302                    1366.7921146 1404.32102  2.75%   129  406s
 13046  6305 1369.81339   27 2106 1366.79211 1404.31259  2.75%   129  411s
H13046  5989                    1366.8214190 1404.31259  2.74%   129  411s
 13050  5992 1404.30487   48 2077 1366.82142 1404.30487  2.74%   129  415s
H13054  5695                    1366.9158629 1404.28889  2.73%   129  421s
 13062  5700 1397.74670  230 2067 1366.91586 1404.25193  2.73%   129  428s
 13066  5703 1387.56442  450 2086 1366.91586 1404.24579  2.73%   129  431s
 13068  5704 1404.24330   74 2075 1366.91586 1404.24330  2.73%   128  435s
 13073  5707 1395.93569  264 2094 1366.91586 1404.24224  2.73%   128  440s
 13074  5708 1404.24224   19 2092 1366.91586 1404.24224  2.73%   128  449s
 13075  5709 1391.75782  312 2093 1366.91586 1404.24224  2.73%   128  450s
 13078  5711 1393.61947  260 2082 1366.91586 1404.24224  2.73%   128  466s
 13079  5711 1401.06846  142 2081 1366.91586 1404.24224  2.73%   128  470s
 13080  5712 1404.18945    9 2081 1366.91586 1404.18945  2.73%   128  481s
H13081  5429                    1366.9158631 1404.18945  2.73%   133  671s
 13083  5432 1403.98690   24 2036 1366.91586 1404.14416  2.72%   134  681s
 13087  5439 1403.94667   25 2033 1366.91586 1404.09470  2.72%   134  695s
H13111  5199                    1366.9475085 1404.03982  2.71%   136  706s
H13125  4935                    1366.9475089 1404.03862  2.71%   138  706s
H13127  4688                    1367.4482706 1404.03862  2.68%   138  706s
 13135  4710 1403.49337   28 2009 1367.44827 1404.03862  2.68%   140  710s
 13159  4726 1403.04985   28 2007 1367.44827 1404.03862  2.68%   144  715s
H13183  4509                    1368.0427968 1404.03862  2.63%   148  757s
H13184  4286                    1368.9365638 1404.03862  2.56%   148  757s
 13207  4304 1403.08519   29 1966 1368.93656 1404.03862  2.56%   151  766s
 13236  4329 1403.30177   30 1887 1368.93656 1404.03862  2.56%   157  771s
 13275  4352 1402.52892   31 1932 1368.93656 1404.03862  2.56%   162  775s
 13311  4364 1402.62384   31 1800 1368.93656 1404.03862  2.56%   167  792s
 13335  4410 1402.43934   32 1814 1368.93656 1404.03862  2.56%   170  797s
 13389  4448 1399.53924   33 1598 1368.93656 1404.03862  2.56%   176  803s
 13445  4488 1401.54678   33 1858 1368.93656 1404.03862  2.56%   182  806s
 13571  4593 1379.73279   35 1368 1368.93656 1404.03862  2.56%   192  812s
 13750  4726 1398.64927   37 1504 1368.93656 1404.03862  2.56%   198  818s
 13854  4795 1398.40164   39 1496 1368.93656 1404.03862  2.56%   201  820s
 14089  4914 1397.92224   42 1372 1368.93656 1404.03862  2.56%   207  827s
 14215  4899 1397.36004   44 1245 1368.93656 1404.03862  2.56%   212  832s
 14260  4957 1396.73469   46 1268 1368.93656 1404.03862  2.56%   214  836s
 14469  5030 1395.69607   51 1221 1368.93656 1404.03862  2.56%   223  843s
 14542  5088 1395.48046   52 1111 1368.93656 1404.03862  2.56%   227  847s
 14633  5152 1395.12306   54 1030 1368.93656 1404.03862  2.56%   231  851s
 14756  5183 1394.67484   58 1018 1368.93656 1404.03862  2.56%   235  855s
 14995  5302 1394.07195   62  974 1368.93656 1404.03862  2.56%   244  864s
 15120  5353 1394.38272   64 1000 1368.93656 1404.03862  2.56%   249  867s
 15222  5410 1393.97208   66  960 1368.93656 1404.03862  2.56%   255  872s
 15342  5481 1393.93527   68 1039 1368.93656 1404.03862  2.56%   261  876s
 15467  5565 1393.41564   70  927 1368.93656 1404.03862  2.56%   267  880s
 15761  5765 1391.03978   76  829 1368.93656 1404.03862  2.56%   279  889s
 15946  5854 1390.23021   81  827 1368.93656 1404.03862  2.56%   284  894s
 16117  6009 1389.44000   84  808 1368.93656 1404.03862  2.56%   289  898s
 16350  6146 1388.90596   95  716 1368.93656 1404.03862  2.56%   294  902s
 16607  6323 1388.41997   99  732 1368.93656 1404.03862  2.56%   299  905s
 16921  6504 1388.23530  105  698 1368.93656 1404.03862  2.56%   304  911s
 17234  6670 1388.14415  112  693 1368.93656 1404.03862  2.56%   308  916s
 17593  6880 1376.94695  118  663 1368.93656 1404.03862  2.56%   312  922s
 17985  7084 1387.66758  128  696 1368.93656 1404.03862  2.56%   315  927s
H18382  6761                    1368.9986824 1404.03862  2.56%   318  971s
H18385  6532                    1369.2475250 1404.03862  2.54%   318  971s
H18397  6295                    1369.5355608 1404.03862  2.52%   318  971s
H18405  6039                    1370.0396210 1404.03862  2.48%   319  971s
H18408  5642                    1371.6383717 1404.03862  2.36%   319  971s
 18411  5939 1384.74182  138  698 1371.63837 1404.03862  2.36%   319  976s
 18812  5816 1386.15615  155  524 1371.63837 1404.03862  2.36%   323 1005s
 18839  6024 1383.29170  155  515 1371.63837 1404.03862  2.36%   324 1010s
 19148  6156 1382.71684  162  660 1371.63837 1404.03862  2.36%   330 1016s
 19559  6282 1379.71014  180  797 1371.63837 1404.03862  2.36%   335 1021s
 20007  6399     cutoff  209      1371.63837 1404.03862  2.36%   340 1028s
 20455  6573     cutoff  251      1371.63837 1403.92007  2.35%   345 1035s
 20989  6725 1403.46426   29 2013 1371.63837 1403.92007  2.35%   348 1042s
 21438  6944 1402.35311   33 1925 1371.63837 1403.92007  2.35%   354 1050s
 21953  7166 1401.59780   38 1799 1371.63837 1403.92007  2.35%   358 1056s
 22497  7342 1399.79388   43 1518 1371.63837 1403.92007  2.35%   361 1063s
 22943  7704 1397.81881   53 1266 1371.63837 1403.92007  2.35%   367 1070s
 23535  7950 1394.37993   61 1181 1371.63837 1403.92007  2.35%   371 1077s
 23923  8420 1390.81619   72  941 1371.63837 1403.92007  2.35%   372 1089s
 24479  8656 1387.61351  109  749 1371.63837 1403.92007  2.35%   375 1113s
H24530  8609                    1371.8597601 1403.92007  2.34%   375 1113s
H24631  8608                    1371.8825499 1403.92007  2.34%   375 1113s
H24754  8605                    1371.9030514 1403.92007  2.33%   375 1113s
 24836  8921 1383.57416  160  659 1371.90305 1403.86890  2.33%   376 1122s
 25233  9298 1403.00582   29 1966 1371.90305 1403.86890  2.33%   382 1136s
 25668  9754 1401.37051   34 1770 1371.90305 1403.86890  2.33%   388 1146s
 26170 10569 1393.67703   43 1352 1371.90305 1403.86890  2.33%   395 1155s
 27073 11261 1383.23262   64  825 1371.90305 1403.80344  2.33%   397 1165s
 27971 11627 1403.08160   29 1985 1371.90305 1403.80064  2.33%   401 1177s
 28495 11949 1402.00711   32 1968 1371.90305 1403.80064  2.33%   408 1331s
H28524 11858                    1372.1777031 1403.80064  2.30%   409 1331s
 28822 12365 1400.75340   40 1692 1372.17770 1403.80064  2.30%   417 1342s
 29545 13069 1395.31554   50 1358 1372.17770 1403.80064  2.30%   424 1353s
 30422 13085 1386.12887   78  784 1372.17770 1403.80064  2.30%   429 1482s
 30446 13963 1386.08407   79  872 1372.17770 1403.80064  2.30%   429 1495s
 31590 14622 1381.20027  154  659 1372.17770 1403.48321  2.28%   431 1507s
 32441 15466 1402.41371   32 1980 1372.17770 1403.48223  2.28%   437 1521s
 33403 16322 1400.81489   40 1838 1372.17770 1403.48223  2.28%   441 1535s
 34330 17259 1397.21350   53 1381 1372.17770 1403.48223  2.28%   447 1550s
 35454 18077 1384.90248   92  668 1372.17770 1403.48223  2.28%   451 1565s
 36588 18914 1373.67906  180  592 1372.17770 1403.15851  2.26%   456 1580s
 37549 19584 1401.09745   34 1791 1372.17770 1403.15851  2.26%   461 1595s
 38275 20554 1401.67616   35 1871 1372.17770 1403.15851  2.26%   470 1610s
 39381 21865 1397.18787   42 1573 1372.17770 1403.15851  2.26%   476 1626s
 40930 22752 1394.70085   53 1354 1372.17770 1403.15851  2.26%   478 1643s
 42043 23173 1383.62011   96  750 1372.17770 1403.15851  2.26%   484 1663s
H42092 23173                    1372.1777069 1403.15851  2.26%   484 1663s
 42513 24438 1382.27516  106  716 1372.17771 1402.87360  2.24%   488 1686s
 44066 25314 infeasible   31      1372.17771 1402.73806  2.23%   487 1705s
 45218 26248 1391.13988   60  978 1372.17771 1402.71533  2.23%   494 1724s
 46387 27428 1400.51411   32 1632 1372.17771 1402.70829  2.22%   501 1744s
 47904 29005 1397.97209   45 1440 1372.17771 1402.61444  2.22%   505 1765s
 49656 30364 1381.13373  136  718 1372.17771 1402.60341  2.22%   507 1787s
 51251 30365 1395.57502   56 1919 1372.17771 1402.58740  2.22%   512 2116s
 51253 30366 1378.18711  155 1276 1372.17771 1402.58740  2.22%   512 2120s
 51255 30368 1374.21060  114 1498 1372.17771 1402.58740  2.22%   512 2125s
 51258 30370 1380.39953  189 1880 1372.17771 1402.58740  2.22%   512 2132s
 51259 30370 1383.72693  117 1826 1372.17771 1402.58740  2.22%   512 2135s
 51260 30371 1387.04622  137 1927 1372.17771 1402.58740  2.22%   512 2140s
 51262 30372 1382.48232  105 2067 1372.17771 1402.58740  2.22%   512 2147s
 51263 30373 1387.85971   99 2090 1372.17771 1402.58740  2.22%   512 2151s
 51265 30374 1382.85975  108 2140 1372.17771 1402.58740  2.22%   511 2156s
 51267 30376 1376.96976   33 2222 1372.17771 1402.58740  2.22%   511 2160s
 51272 30379 1400.90838   38 2186 1372.17771 1402.58740  2.22%   511 2179s
 51274 30380 1389.80863   70 2190 1372.17771 1402.58740  2.22%   511 2180s
 51276 30382 1383.59050  165 2200 1372.17771 1402.58740  2.22%   511 2186s
 51277 30382 1385.78367  134 2157 1372.17771 1402.58740  2.22%   511 2204s
 51278 30383 1398.93537   50 2177 1372.17771 1402.58740  2.22%   511 2205s
 51283 30386 1395.11922   50 2180 1372.17771 1402.58740  2.22%   511 2212s
 51284 30387 1374.34749  180 2162 1372.17771 1402.58740  2.22%   511 2222s
 51288 30390 1385.76528   92 2226 1372.17771 1402.58740  2.22%   511 2225s
 51292 30392 1388.84621  102 2273 1372.17771 1402.58740  2.22%   511 2232s
 51293 30393 1389.37050   86 2208 1372.17771 1402.58740  2.22%   511 2242s
 51299 30397 1384.97919  124 2266 1372.17771 1402.58740  2.22%   511 2250s
 51300 30398 1384.76999  146 2221 1372.17771 1402.58740  2.22%   511 2260s
 51304 30400 1375.63044  109 2309 1372.17771 1402.58740  2.22%   511 2268s
 51305 30401 1385.18989  155 2266 1372.17771 1402.58740  2.22%   511 2286s
 51310 30404 1377.29996   96 2280 1372.17771 1402.58740  2.22%   511 2293s
 51311 30405 1381.84582  143 2243 1372.17771 1402.58740  2.22%   511 2302s
 51317 30409 1390.90134   69 2264 1372.17771 1402.58740  2.22%   511 2310s
 51318 30410 1374.46895  219 2277 1372.17771 1402.58740  2.22%   511 2322s
 51324 30414 1382.46687  107 2287 1372.17771 1402.58740  2.22%   511 2330s
 51325 30414 1378.60498  151 2260 1372.17771 1402.58740  2.22%   511 2338s
 51329 30417 1392.05659   79 2300 1372.17771 1402.58740  2.22%   511 2345s
 51330 30418 1385.54673  116 2253 1372.17771 1402.58740  2.22%   511 2358s
 51333 30420 1396.59185   56 2287 1372.17771 1402.58740  2.22%   511 2360s
 51335 30421 1379.81846  192 2311 1372.17771 1402.58740  2.22%   511 2367s
H51335 28898                    1372.2119499 1402.58740  2.21%   511 2376s
H51339 27455                    1372.2119501 1402.58740  2.21%   511 2377s
 51340 27455 1393.90971   47 2281 1372.21195 1402.58740  2.21%   511 2384s
 51341 27456 1388.51312  113 2241 1372.21195 1402.58740  2.21%   511 2398s
 51345 27459 1401.35586   36 2268 1372.21195 1402.58485  2.21%   511 2400s
 51347 27460 1388.42446   88 2301 1372.21195 1402.58394  2.21%   511 2407s
 51348 27461 1395.57502   56 2257 1372.21195 1402.53090  2.21%   511 2415s
 51352 27463 1398.84643   36 2303 1372.21195 1402.52287  2.21%   511 2422s
 51353 27464 1378.18711  155 2272 1372.21195 1402.46525  2.20%   511 2432s
H51356 26090                    1372.2119536 1402.45206  2.20%   511 2443s
 51358 26091 1380.39953  189 2263 1372.21195 1402.30898  2.19%   511 2455s
 51366 26097 1382.51274  172 2319 1372.21195 1402.17726  2.18%   510 2460s
 51370 26099 1386.36679  125 2338 1372.21195 1402.17420  2.18%   510 2471s
 51371 26100 1374.66957  113 2286 1372.21195 1402.03686  2.17%   510 2480s
 51378 26105 1398.93537   50 2324 1372.21195 1401.97511  2.17%   510 2490s
 51379 26105 1384.84384   90 2354 1372.21195 1401.96463  2.17%   510 2498s
 51383 26108 1395.11922   50 2358 1372.21195 1401.94119  2.17%   510 2505s
 51384 26109 1374.34749  180 2365 1372.21195 1401.92779  2.17%   510 2513s
 51387 26111 1384.97852  100 2402 1372.21195 1401.92423  2.17%   510 2520s
 51388 26111 1385.76528   92 2359 1372.21195 1401.91571  2.16%   510 2530s
H51388 24804                    1372.4559033 1401.91554  2.15%   510 2536s
H51389 23562                    1372.4559035 1401.91470  2.15%   510 2544s
 51391 23563 1379.33777   37 2395 1372.45590 1401.91180  2.15%   510 2545s
 51396 23567 1373.37812  123 2393 1372.45590 1401.90663  2.15%   510 2552s
 51397 23567 1382.51886  145 2343 1372.45590 1401.90417  2.15%   510 2566s
 51399 23569 1384.97919  124 2348 1372.45590 1401.90363  2.15%   510 2573s
 51400 23569 1384.76999  146 2368 1372.45590 1401.89964  2.15%   510 2580s
 51403 23571 1389.25720   69 2398 1372.45590 1401.89518  2.15%   510 2587s
 51404 23572 1375.63044  109 2367 1372.45590 1401.86687  2.14%   510 2595s
 51408 23575 1384.98100  125 2468 1372.45590 1401.85851  2.14%   510 2603s
 51409 23575 1383.08790  156 2434 1372.45590 1401.84318  2.14%   510 2611s
 51413 23578 1375.38157  205 2479 1372.45590 1401.83987  2.14%   510 2619s
 51414 23579 1392.59018   59 2410 1372.45590 1401.83874  2.14%   510 2639s
 51416 23580 1385.65374  105 2479 1372.45590 1401.83739  2.14%   510 2646s
 51417 23581 1390.90134   69 2419 1372.45590 1401.79163  2.14%   510 2655s
 51423 23585 1401.76276   33 2355 1372.45590 1401.76276  2.14%   510 2663s
 51424 23585 1382.46687  107 2325 1372.45590 1401.75591  2.13%   510 2671s
 51426 23587 1390.88807   74 2350 1372.45590 1401.74733  2.13%   510 2677s
 51427 23587 1383.59215  111 2326 1372.45590 1401.73716  2.13%   510 2685s
 51431 23590 1395.91290   55 2378 1372.45590 1401.73342  2.13%   510 2692s
 51432 23591 1387.91365   89 2371 1372.45590 1401.72051  2.13%   510 2699s
 51433 23591 1396.59185   56 2386 1372.45590 1401.71596  2.13%   510 2700s
 51436 23593 1382.45493  106 2380 1372.45590 1401.71344  2.13%   510 2707s
 51437 23594 1391.31617   65 2377 1372.45590 1401.70722  2.13%   510 2714s
 51438 23595 1384.55198  139 2365 1372.45590 1401.70683  2.13%   510 2715s
 51439 23595 1393.26432   72 2389 1372.45590 1401.70679  2.13%   510 2721s
 51440 23596 1393.90971   47 2385 1372.45590 1401.70340  2.13%   510 2729s
 51443 23598 1381.20585  124 2389 1372.45590 1401.70078  2.13%   510 2736s
 51444 23599 1390.85853   61 2355 1372.45590 1401.69943  2.13%   510 2743s
 51445 23599 1401.35586   36 2386 1372.45590 1401.69933  2.13%   510 2749s
 51446 23600 1384.36760  118 2366 1372.45590 1401.69843  2.13%   510 2756s
 51447 23601 1388.42446   88 2368 1372.45590 1401.69828  2.13%   510 2762s
 51448 23601 1395.57502   56 2351 1372.45590 1401.69803  2.13%   510 2769s
 51449 23602 1379.22770  180 2370 1372.45590 1401.69775  2.13%   510 2775s
 51450 23603 1401.07080   33 2331 1372.45590 1401.69632  2.13%   510 2784s
 51451 23603 1395.57502   56 2353 1372.45590 1401.69574  2.13%   510 2785s
 51454 23605 1391.15806   72 2393 1372.45590 1401.69430  2.13%   510 2791s
 51455 23606 1374.21060  114 2350 1372.45590 1401.69239  2.13%   510 2798s
 51456 23607 1376.37345  170 2404 1372.45590 1401.69211  2.13%   510 2805s
 51457 23607 1377.94674  152 2399 1372.45590 1401.68462  2.13%   510 2815s
 51463 23611 1387.85971   99 2464 1372.45590 1401.67699  2.13%   510 2823s
 51464 23612 1400.01869   43 2469 1372.45590 1401.67688  2.13%   510 2832s
 51465 23613 1382.85975  108 2459 1372.45590 1401.67661  2.13%   509 2839s
 51466 23613 1382.51274  172 2437 1372.45590 1401.67652  2.13%   509 2847s
 51467 23614 1376.96976   33 2449 1372.45590 1401.67644  2.13%   509 2854s
 51468 23615 1381.20561  126 2426 1372.45590 1401.67005  2.13%   509 2862s
 51470 23616 1386.36679  125 2453 1372.45590 1401.66948  2.13%   509 2868s
 51471 23617 1374.66957  113 2418 1372.45590 1401.64514  2.13%   509 2878s
 51474 23619 1389.80863   70 2422 1372.45590 1401.64259  2.13%   509 2886s
 51475 23619 1376.55983   89 2367 1372.45590 1401.63371  2.13%   509 2903s
 51478 23621 1398.93537   50 2450 1372.45590 1401.63079  2.13%   509 2910s
 51479 23622 1384.84384   90 2413 1372.45590 1401.62258  2.13%   509 2917s
 51480 23623 1397.07314   65 2417 1372.45590 1401.62225  2.13%   509 2923s
 51481 23623 1381.27091   44 2371 1372.45590 1401.61437  2.12%   509 2930s
 51483 23625 1395.11922   50 2340 1372.45590 1401.61151  2.12%   509 2937s
 51484 23625 1374.34749  180 2393 1372.45590 1401.59018  2.12%   509 2945s
 51487 23627 1384.97852  100 2415 1372.45590 1401.58626  2.12%   509 2952s
 51488 23628 1385.76528   92 2435 1372.45590 1401.58242  2.12%   509 2959s
H51488 22443                    1372.4559038 1401.58212  2.12%   509 2966s
 51490 22444 1391.61202   75 2439 1372.45590 1401.58187  2.12%   509 2973s
 51491 22445 1379.33777   37 2436 1372.45590 1401.58164  2.12%   509 2980s
 51492 22446 1388.84621  102 2366 1372.45590 1401.57383  2.12%   509 2987s
 51494 22447 1395.44569   47 2406 1372.45590 1401.57078  2.12%   509 2994s
 51495 22448 1383.59275  144 2413 1372.45590 1401.54693  2.12%   509 3002s
 51497 22449 1382.51886  145 2428 1372.45590 1401.54510  2.12%   509 3009s
 51498 22450 1378.89075  167 2412 1372.45590 1401.54146  2.12%   509 3021s
 51500 22451 1384.76999  146 2406 1372.45590 1401.54069  2.12%   509 3027s
 51501 22452 1395.88037   60 2397 1372.45590 1401.53900  2.12%   509 3034s
 51503 22453 1389.25720   69 2404 1372.45590 1401.53827  2.12%   509 3041s
 51504 22454 1375.63044  109 2395 1372.45590 1401.53576  2.12%   509 3048s
 51507 22456 1374.41340  209 2421 1372.45590 1401.53404  2.12%   509 3055s
 51508 22456 1384.98100  125 2410 1372.45590 1401.53367  2.12%   509 3067s
 51509 22457 1383.08790  156 2417 1372.45590 1401.53361  2.12%   509 3073s
 51510 22458 1377.29996   96 2415 1372.45590 1401.53334  2.12%   509 3080s
 51511 22458 1381.84582  143 2426 1372.45590 1401.53330  2.12%   509 3086s
 51512 22459 1387.17962  122 2414 1372.45590 1401.53301  2.12%   509 3093s
 51513 22460 1375.38157  205 2431 1372.45590 1401.53282  2.12%   509 3100s
 51514 22460 1392.59018   59 2420 1372.45590 1401.53145  2.12%   509 3107s
 51516 22462 1385.65374  105 2442 1372.45590 1401.53086  2.12%   509 3114s
 51517 22462 1390.90134   69 2413 1372.45590 1401.52969  2.12%   509 3125s
 51520 22464 1401.12752   36 2448 1372.45590 1401.52858  2.12%   509 3132s
 51521 22465 1396.69819   51 2448 1372.45590 1401.52858  2.12%   509 3139s
 51522 22466 1400.60354   44 2441 1372.45590 1401.52851  2.12%   509 3145s
 51523 22466 1401.52345   33 2423 1372.45590 1401.52345  2.12%   509 3152s
 51525 22468 1378.60498  151 2448 1372.45590 1401.52189  2.12%   509 3159s
 51526 22468 1390.88807   74 2427 1372.45590 1401.52057  2.12%   509 3174s
 51527 22469 1383.59215  111 2421 1372.45590 1401.52052  2.12%   509 3181s
 51528 22470 1376.59714  106 2415 1372.45590 1401.52032  2.12%   509 3187s
 51529 22470 1392.05659   79 2468 1372.45590 1401.52005  2.12%   509 3194s
 51530 22471 1385.54673  116 2467 1372.45590 1401.51976  2.12%   509 3200s
 51531 22472 1395.91290   55 2417 1372.45590 1401.51965  2.12%   509 3207s
 51532 22472 1387.91365   89 2422 1372.45590 1401.51909  2.12%   509 3214s
 51533 22473 1396.59185   56 2422 1372.45590 1401.51904  2.12%   509 3221s
 51534 22474 1386.32304   80 2431 1372.45590 1401.51901  2.12%   509 3228s
 51535 22474 1379.81846  192 2432 1372.45590 1401.51897  2.12%   509 3235s
 51536 22475 1382.45493  106 2456 1372.45590 1401.51663  2.12%   509 3242s
 51537 22476 1391.31617   65 2426 1372.45590 1401.51646  2.12%   509 3249s
 51538 22476 1384.55198  139 2445 1372.45590 1401.49530  2.12%   509 3255s
 51539 22477 1393.26432   72 2456 1372.45590 1401.49498  2.12%   509 3262s
 51540 22478 1393.90971   47 2445 1372.45590 1401.49468  2.12%   509 3274s
 51541 22478 1388.51312  113 2424 1372.45590 1401.49450  2.12%   509 3280s
 51542 22479 1387.20350  104 2443 1372.45590 1401.49438  2.12%   509 3287s
 51543 22480 1381.20585  124 2465 1372.45590 1401.49438  2.12%   509 3293s
 51544 22480 1390.85853   61 2415 1372.45590 1401.48106  2.11%   509 3301s
 51548 22483 1395.57502   56 2432 1372.45590 1401.47896  2.11%   509 3308s
 51549 22484 1379.22770  180 2454 1372.45590 1401.47189  2.11%   509 3320s
 51551 22485 1395.57502   56 2452 1372.45590 1401.47071  2.11%   509 3327s
 51552 22486 1398.84643   36 2458 1372.45590 1401.47036  2.11%   509 3333s
 51554 22487 1391.15806   72 2475 1372.45590 1401.46953  2.11%   509 3340s
H51554 21357                    1372.9231282 1401.46953  2.08%   509 3347s
 51555 21358 1374.21060  114 2454 1372.92313 1401.46792  2.08%   509 3354s
 51556 21358 1376.37345  170 2465 1372.92313 1401.46789  2.08%   509 3361s
 51557 21359 1377.94674  152 2443 1372.92313 1401.46720  2.08%   509 3368s
 51559 21360 1383.72693  117 2493 1372.92313 1401.46626  2.08%   509 3375s
 51560 21361 1387.04622  137 2479 1372.92313 1401.46588  2.08%   509 3385s
 51561 21362 1389.43741   82 2485 1372.92313 1401.46585  2.08%   509 3392s
 51562 21362 1382.48232  105 2423 1372.92313 1401.46421  2.08%   509 3399s
 51563 21363 1387.85971   99 2466 1372.92313 1401.46260  2.08%   509 3400s
 51565 21364 1382.85975  108 2481 1372.92313 1401.46201  2.08%   509 3406s
 51566 21365 1382.51274  172 2472 1372.92313 1401.45993  2.08%   508 3414s
 51567 21366 1376.96976   33 2472 1372.92313 1401.45975  2.08%   508 3420s
 51568 21366 1381.20561  126 2473 1372.92313 1401.45785  2.08%   508 3438s
 51570 21368 1386.36679  125 2472 1372.92313 1401.45684  2.08%   508 3445s
 51571 21368 1374.66957  113 2457 1372.92313 1401.45487  2.08%   508 3452s
 51573 21370 1399.33683   49 2470 1372.92313 1401.45322  2.08%   508 3459s
 51574 21370 1389.80863   70 2445 1372.92313 1401.45255  2.08%   508 3466s
 51575 21371 1376.55983   89 2489 1372.92313 1401.45219  2.08%   508 3472s
 51576 21372 1383.59050  165 2483 1372.92313 1401.45217  2.08%   508 3479s
 51577 21372 1385.78367  134 2482 1372.92313 1401.45216  2.08%   508 3486s
 51578 21373 1398.93537   50 2470 1372.92313 1401.45121  2.08%   508 3493s
 51579 21374 1384.84384   90 2485 1372.92313 1401.45103  2.08%   508 3499s
 51580 21374 1397.07314   65 2464 1372.92313 1401.43831  2.08%   508 3507s
 51582 21376 1387.02021  106 2462 1372.92313 1401.43749  2.08%   508 3513s
H51582 20302                    1372.9231301 1401.43749  2.08%   508 3521s
 51585 20304 1386.17689  134 2498 1372.92313 1401.43325  2.08%   508 3528s
 51586 20304 1396.58181   46 2491 1372.92313 1401.43324  2.08%   508 3535s
 51587 20305 1384.97852  100 2496 1372.92313 1401.43323  2.08%   508 3542s
 51588 20306 1385.76528   92 2499 1372.92313 1401.43248  2.08%   508 3549s
 51589 20306 1388.04424   81 2494 1372.92313 1401.43220  2.08%   508 3556s
 51590 20307 1391.61202   75 2497 1372.92313 1401.43150  2.08%   508 3566s
 51591 20308 1379.33777   37 2538 1372.92313 1401.43136  2.08%   508 3573s
 51592 20308 1388.84621  102 2539 1372.92313 1401.43134  2.08%   508 3580s
 51593 20309 1389.37050   86 2503 1372.92313 1401.43133  2.08%   508 3587s
 51594 20310 1395.44569   47 2486 1372.92313 1401.43114  2.08%   508 3594s
 51595 20310 1383.59275  144 2503 1372.92313 1401.43114  2.08%   508 3601s
 51596 20311 1373.37812  123 2488 1372.92313 1401.43114  2.08%   508 3610s
 51597 20312 1382.51886  145 2499 1372.92313 1401.43114  2.08%   508 3616s
 51598 20312 1378.89075  167 2544 1372.92313 1401.43052  2.08%   508 3624s
 51599 20313 1384.97919  124 2549 1372.92313 1401.43050  2.08%   508 3630s
 51600 20314 1384.76999  146 2505 1372.92313 1401.43049  2.08%   508 3661s
 51601 20314 1395.88037   60 2503 1372.92313 1401.43049  2.08%   508 3668s
 51602 20315 1386.25544  127 2503 1372.92313 1401.40853  2.07%   508 3732s
 51603 20319 1401.26191   32 2578 1372.92313 1401.40853  2.07%   513 3979s
 51605 20322 1401.22020   33 2519 1372.92313 1401.22020  2.06%   513 4190s
 51609 20329 1401.08025   34 2531 1372.92313 1401.16651  2.06%   513 4404s
 51617 20340 1397.83172   35 2412 1372.92313 1401.05519  2.05%   513 4430s
 51633 20359 1397.60022   36 2352 1372.92313 1401.04011  2.05%   514 4453s
 51657 20375 1397.45703   37 2310 1372.92313 1400.81672  2.03%   515 4466s
 51681 20391 1395.59849   37 2060 1372.92313 1400.81672  2.03%   517 4478s
 51705 20407 1397.42675   38 2329 1372.92313 1400.81672  2.03%   518 4486s
 51729 20426 1396.20119   38 2271 1372.92313 1400.81672  2.03%   518 4497s
H51756 19419                    1372.9642115 1400.81672  2.03%   519 4702s
H51757 18448                    1373.2797473 1400.81672  2.01%   519 4702s
H51759 17526                    1373.5201753 1400.81672  1.99%   519 4702s
H51773 16645                    1374.0201753 1400.81672  1.95%   520 4702s
 51780 16681 1396.53315   39 2380 1374.02018 1400.81672  1.95%   520 4709s
 51818 16712 1397.27101   40 2252 1374.02018 1400.81672  1.95%   521 4720s
 51862 16745 1396.63635   41 2184 1374.02018 1400.81672  1.95%   522 4732s
 51910 16785 1397.14822   41 2252 1374.02018 1400.81672  1.95%   524 4741s
 51967 16810 1375.08541   42 1739 1374.02018 1400.81672  1.95%   525 4750s
 52024 16846 1396.76386   43 2144 1374.02018 1400.81672  1.95%   527 4761s
 52090 16875 1396.33311   44 2165 1374.02018 1400.81672  1.95%   528 4772s
 52153 16926 1396.14298   45 2107 1374.02018 1400.81672  1.95%   530 4782s
 52232 16975 1392.11722   46 1688 1374.02018 1400.81672  1.95%   531 4791s
 52314 17044 1395.30419   47 2124 1374.02018 1400.81672  1.95%   532 4800s
 52414 17102 1395.46087   48 1957 1374.02018 1400.81672  1.95%   533 4808s
 52514 17166 1395.21461   50 1977 1374.02018 1400.81672  1.95%   534 4817s
 52614 17256 1395.15271   51 1949 1374.02018 1400.81672  1.95%   536 4828s
 52744 17339 1395.15271   52 1949 1374.02018 1400.81672  1.95%   537 4839s
 52888 17419 1395.02279   53 1993 1374.02018 1400.81672  1.95%   538 4853s
 53030 17504 1394.94895   54 1931 1374.02018 1400.81672  1.95%   539 4860s
 53173 17605 1394.58687   56 1902 1374.02018 1400.81672  1.95%   539 4870s
 53336 17700 1394.48338   57 1842 1374.02018 1400.81672  1.95%   540 4880s
 53495 17829 1393.65014   59 1618 1374.02018 1400.81672  1.95%   540 4887s
 53715 17937 1393.63018   60 1564 1374.02018 1400.81672  1.95%   540 4898s
 53923 18082 1393.14881   61 1671 1374.02018 1400.81672  1.95%   541 4908s
 54162 18264 1393.32914   63 1582 1374.02018 1400.81672  1.95%   541 4916s
 54447 18460 1392.80748   66 1673 1374.02018 1400.81672  1.95%   541 4925s
 54758 18650 1392.46860   68 1562 1374.02018 1400.81672  1.95%   540 4935s
 55093 18835 1392.30291   70 1561 1374.02018 1400.81672  1.95%   540 4944s
 55429 19015 1391.13194   74 1477 1374.02018 1400.81672  1.95%   539 4955s
 55750 19270 1390.79818   76 1474 1374.02018 1400.81672  1.95%   539 4964s
 56136 19463 1390.58560   78 1405 1374.02018 1400.81672  1.95%   538 4973s
 56530 19643 1389.91668   81 1348 1374.02018 1400.81672  1.95%   537 4986s
 56884 19815 1388.55610   85 1285 1374.02018 1400.81672  1.95%   537 4997s
 57242 19941 1388.67259   88 1269 1374.02018 1400.81672  1.95%   538 5006s
 57549 20106     cutoff   92      1374.02018 1400.81672  1.95%   538 5019s
 57901 20305 1387.63168   95 1101 1374.02018 1400.81672  1.95%   539 5027s
 58371 20514 1386.08975  102 1030 1374.02018 1400.81672  1.95%   539 5043s
 58930 20627 1385.44565  109  942 1374.02018 1400.81672  1.95%   537 5056s
 59492 20700 1385.19417  119  916 1374.02018 1400.81672  1.95%   537 5067s
 59972 20559 1384.88966  133  895 1374.02018 1400.81672  1.95%   536 5179s
 60037 20738 1384.32153  133  936 1374.02018 1400.81672  1.95%   537 5199s
 60339 20880 1384.29376  151  783 1374.02018 1400.81672  1.95%   539 5213s
 60634 21112 1384.07790  160  865 1374.02018 1400.81672  1.95%   541 5226s
 61028 21242     cutoff  176      1374.02018 1400.81672  1.95%   542 5241s
 61396 21503 1377.66951  202  651 1374.02018 1400.65955  1.94%   544 5255s
 61853 21769 1400.44229   39 2260 1374.02018 1400.65931  1.94%   545 5273s
 62329 22003 1399.20666   43 2178 1374.02018 1400.65931  1.94%   546 5288s
 62830 22186 1397.92450   51 1983 1374.02018 1400.65931  1.94%   547 5306s
 63259 22402 1395.18394   62 1613 1374.02018 1400.65931  1.94%   549 5324s
 63699 22740 1391.65850   75 1173 1374.02018 1400.65931  1.94%   551 5340s
 64327 22909 1389.59061  110 1067 1374.02018 1400.65931  1.94%   552 5364s
H64882 21914                    1374.0333332 1400.65931  1.94%   555 5434s
H64900 21117                    1374.0333336 1400.65931  1.94%   555 5434s
 64916 21436 1374.46937  193  545 1374.03333 1400.48498  1.93%   555 5454s
 65472 21602 1399.78051   43 2296 1374.03333 1400.48482  1.93%   558 5473s
 66102 21730 1397.21377   48 1776 1374.03333 1400.48482  1.93%   559 5495s
 66663 21742 1394.08080   64 1462 1374.03333 1400.48482  1.93%   562 5515s
 66990 22389 1391.46631   78 1119 1374.03333 1400.48482  1.93%   564 5536s
 67850 22884 1377.88492  197  655 1374.03333 1400.31463  1.91%   565 5555s
 68818 23129 1398.36009   46 2058 1374.03333 1400.31463  1.91%   565 5580s
 69793 23401 1392.23998   54 1552 1374.03333 1400.31463  1.91%   565 5604s
 70956 23501 1382.93033  119  871 1374.03333 1400.25080  1.91%   564 5629s
 71997 23533 1399.62018   42 2105 1374.03333 1400.21067  1.91%   565 5652s
 72847 23688 1397.76094   51 1792 1374.03333 1400.21067  1.91%   567 5679s
 73530 24158 1396.86787   56 1715 1374.03333 1400.21067  1.91%   569 5703s
 74677 24524 1391.94410   65 1527 1374.03333 1400.21067  1.91%   570 5731s
 75803 25108 1391.30331   79 1392 1374.03333 1400.21067  1.91%   570 5767s
 77005 24709 1387.92675  112 1919 1374.03333 1400.21067  1.91%   571 5880s
 77008 24711 1384.83838  151 1601 1374.03333 1400.21067  1.91%   571 5888s
 77009 24712 1379.94317  257 1694 1374.03333 1400.21067  1.91%   571 5890s
 77012 24714 1388.70862  108 2028 1374.03333 1400.21067  1.91%   571 5897s
 77013 24714 1399.37425   45 2024 1374.03333 1400.21067  1.91%   571 5900s
 77016 24716 1379.22718  135 2178 1374.03333 1400.21067  1.91%   571 5908s
 77017 24717 1386.60148  156 2217 1374.03333 1400.21067  1.91%   571 5912s
 77018 24718 1392.49554   72 2195 1374.03333 1400.21067  1.91%   571 5915s
 77020 24719 1396.87828   56 2309 1374.03333 1400.21067  1.91%   570 5922s
 77022 24720 1386.94292   82 2457 1374.03333 1400.21067  1.91%   570 5926s
 77023 24721 1387.89888  111 2525 1374.03333 1400.21067  1.91%   570 5930s
 77026 24723 1382.22353  150 2466 1374.03333 1400.21067  1.91%   570 5935s
 77031 24726 1392.56252   52 2565 1374.03333 1400.21067  1.91%   570 5940s
 77032 24727 1387.22572   91 2466 1374.03333 1400.21067  1.91%   570 5948s
 77036 24730 1390.65870   87 2462 1374.03333 1400.21067  1.91%   570 5956s
 77037 24730 1386.68257  168 2494 1374.03333 1400.21067  1.91%   570 5965s
 77040 24732 1374.41855   60 2517 1374.03333 1400.21067  1.91%   570 5973s
 77041 24733 1395.14424   51 2497 1374.03333 1400.21067  1.91%   570 5981s
 77043 24734 1388.11964  149 2520 1374.03333 1400.21067  1.91%   570 5989s
 77044 24735 1389.66392  144 2490 1374.03333 1400.21067  1.91%   570 5999s
 77045 24736 1391.39696   58 2489 1374.03333 1400.21067  1.91%   570 6000s
 77048 24738 1379.37132  189 2501 1374.03333 1400.21067  1.91%   570 6007s
 77049 24738 1392.03931   67 2487 1374.03333 1400.21067  1.91%   570 6016s
 77050 24739 1381.65769  325 2554 1374.03333 1400.21067  1.91%   570 6023s
 77051 24740 1390.67490   84 2539 1374.03333 1400.21067  1.91%   570 6048s
 77053 24741 1378.59451  219 2513 1374.03333 1400.21067  1.91%   570 6055s
 77054 24742 1384.23253  171 2491 1374.03333 1400.21067  1.91%   570 6063s
 77056 24743 1394.31231   62 2509 1374.03333 1400.21067  1.91%   570 6071s
 77057 24744 1376.82059  265 2491 1374.03333 1400.21067  1.91%   570 6079s
 77060 24746 1376.71836   44 2527 1374.03333 1400.21067  1.91%   570 6087s
 77061 24746 1381.94340  173 2516 1374.03333 1400.21067  1.91%   570 6095s
 77062 24747 1377.14556  199 2513 1374.03333 1400.21067  1.91%   570 6102s
 77063 24748 1390.46614   77 2490 1374.03333 1400.21067  1.91%   570 6110s
 77064 24748 1375.76313  247 2507 1374.03333 1400.21067  1.91%   570 6118s
 77065 24749 1377.35580  209 2460 1374.03333 1400.21067  1.91%   570 6126s
 77066 24750 1378.64144  175 2463 1374.03333 1400.21067  1.91%   570 6134s
 77067 24750 1390.87275   85 2435 1374.03333 1400.21067  1.91%   570 6142s
 77069 24752 1395.42476   58 2520 1374.03333 1400.21067  1.91%   570 6150s
 77070 24752 1379.59148   98 2479 1374.03333 1400.21067  1.91%   570 6158s
 77071 24753 1378.42718  133 2489 1374.03333 1400.21067  1.91%   570 6179s
 77072 24754 1381.94030  232 2486 1374.03333 1400.21067  1.91%   570 6191s
 77073 24754 1390.15704  112 2486 1374.03333 1400.21067  1.91%   570 6207s
 77074 24758 1400.21067   42 2450 1374.03333 1400.21067  1.91%   571 6437s
 77076 24761 1400.21067   43 2393 1374.03333 1400.21067  1.91%   571 6629s
 77080 24768 1400.21067   44 2424 1374.03333 1400.21067  1.91%   571 6849s
 77088 24781 1397.80793   45 2302 1374.03333 1400.21067  1.91%   571 6888s
 77104 24799 1397.23445   46 2266 1374.03333 1400.21067  1.91%   572 6928s
 77128 24813 1397.16772   47 2255 1374.03333 1400.21067  1.91%   573 6942s
 77152 24827 1396.21563   47 2182 1374.03333 1400.21067  1.91%   573 6952s
 77176 24841 1396.95826   48 2209 1374.03333 1400.21067  1.91%   574 6962s
 77200 24866 1383.77986   48 1775 1374.03333 1400.21067  1.91%   574 6972s
 77235 24878 1396.93294   49 2207 1374.03333 1400.21067  1.91%   575 7108s
H77237 23639                    1374.0333363 1400.21067  1.91%   575 7109s
H77244 22459                    1374.0333446 1400.21067  1.91%   575 7109s
H77258 21337                    1374.0854165 1400.21067  1.90%   576 7109s
 77259 21375 1396.17288   49 2155 1374.08542 1400.21067  1.90%   576 7123s
 77302 21403 1396.85006   50 2268 1374.08542 1400.21067  1.90%   577 7133s
 77347 21442 1396.74071   51 2226 1374.08542 1400.21067  1.90%   578 7143s
 77403 21472 1396.55849   52 2200 1374.08542 1400.21067  1.90%   578 7158s
 77456 21509 1396.30188   53 2185 1374.08542 1400.21067  1.90%   579 7168s
 77517 21550 1396.41575   53 2188 1374.08542 1400.21067  1.90%   580 7179s
 77586 21589 1395.82582   54 2127 1374.08542 1400.21067  1.90%   581 7189s
 77667 21640 1392.25712   56 1901 1374.08542 1400.21067  1.90%   581 7197s
 77749 21690 1395.67532   56 2089 1374.08542 1400.21067  1.90%   582 7208s
 77832 21756 1395.48003   58 2097 1374.08542 1400.21067  1.90%   583 7222s
 77937 21816 1395.47953   59 2089 1374.08542 1400.21067  1.90%   584 7232s
 78035 21889 1395.46609   61 2085 1374.08542 1400.21067  1.90%   584 7243s
 78148 21954 1395.43066   62 2102 1374.08542 1400.21067  1.90%   585 7252s
 78263 22041 1394.76287   63 1996 1374.08542 1400.21067  1.90%   586 7262s
 78406 22125 1395.29188   64 2020 1374.08542 1400.21067  1.90%   586 7270s
 78556 22199 1394.84304   66 1833 1374.08542 1400.21067  1.90%   587 7278s
 78706 22264 1394.82643   67 1811 1374.08542 1400.21067  1.90%   587 7289s
 78852 22354 1394.80701   68 1833 1374.08542 1400.21067  1.90%   588 7300s
 79003 22470 1394.71732   70 1786 1374.08542 1400.21067  1.90%   588 7309s
 79176 22568 1394.58841   71 1789 1374.08542 1400.21067  1.90%   589 7322s
 79354 22695 1394.37693   73 1672 1374.08542 1400.21067  1.90%   589 7331s
 79578 22790 1393.27539   74 1536 1374.08542 1400.21067  1.90%   589 7342s
 79800 22918 1394.08268   77 1609 1374.08542 1400.21067  1.90%   589 7351s
 80025 23022 1393.29394   79 1586 1374.08542 1400.21067  1.90%   589 7361s
 80260 23146 1388.71859   80 1632 1374.08542 1400.21067  1.90%   590 7370s
 80521 23273 1392.58382   82 1423 1374.08542 1400.21067  1.90%   590 7381s
 80786 23441 1392.19906   86 1254 1374.08542 1400.21067  1.90%   590 7390s
 81064 23614 1391.31845   93 1305 1374.08542 1400.21067  1.90%   591 7399s
 81379 23792 1374.59595   98  930 1374.08542 1400.21067  1.90%   591 7412s
 81680 23994 1391.01090  101 1061 1374.08542 1400.21067  1.90%   591 7426s
 82033 24265 1390.59509  106  930 1374.08542 1400.21067  1.90%   591 7439s
 82487 24411 1389.30866  116  905 1374.08542 1400.21067  1.90%   591 7455s
 82850 24622 1388.85440  122  938 1374.08542 1400.21067  1.90%   592 7469s
 83200 24912 1388.61965  126  995 1374.08542 1400.21067  1.90%   593 7480s
 83711 25130 1387.69349  135  991 1374.08542 1400.21067  1.90%   592 7492s
 84177 25304 1386.17173  143  859 1374.08542 1400.21067  1.90%   592 7508s
 84597 25583 1385.78020  150  903 1374.08542 1400.21067  1.90%   593 7520s
 85091 25803 1385.19523  159  884 1374.08542 1400.21067  1.90%   593 7533s
 85677 26015 1383.13984  182  837 1374.08542 1400.21067  1.90%   593 7546s
 86309 26301 1382.20614  213  901 1374.08542 1400.21067  1.90%   593 7558s
 86974 26371 1381.47197  232  817 1374.08542 1400.21067  1.90%   592 7573s
 87503 26415     cutoff  252      1374.08542 1400.21067  1.90%   593 7588s
 87962 26527 1400.13920   48 2309 1374.08542 1400.21067  1.90%   594 7605s
 88319 26851 1399.01788   55 2115 1374.08542 1400.21067  1.90%   595 7625s
 88935 27120 1397.43857   60 1824 1374.08542 1400.21067  1.90%   596 7642s
 89559 27201 1395.82191   69 1631 1374.08542 1400.21067  1.90%   596 7660s
 90068 27346 1394.51136   72 1455 1374.08542 1400.21067  1.90%   598 7682s
 90462 27697 1392.83845   82 1297 1374.08542 1400.21067  1.90%   600 7700s
H90543 26608                    1374.0854170 1400.21067  1.90%   601 7700s
H90595 25581                    1374.0854179 1400.21067  1.90%   601 7700s
H90755 24570                    1374.0854197 1400.21067  1.90%   601 7700s
 91004 24508 1392.36933   89 1294 1374.08542 1400.21067  1.90%   601 7851s
 91031 25277 1392.35140   90 1294 1374.08542 1400.21067  1.90%   602 7871s
 91954 25935 1378.42436  124  852 1374.08542 1400.21067  1.90%   601 7891s
 93208 25955 1378.90908  144  777 1374.08542 1400.21067  1.90%   599 7911s
 93908 26296 1400.13878   48 2215 1374.08542 1400.21067  1.90%   600 7935s
 94532 26821 1398.36777   56 1872 1374.08542 1400.21067  1.90%   601 7956s
 95305 27545 1395.24666   70 1548 1374.08542 1400.21067  1.90%   601 8098s
 96346 28209 1388.81306  112 1070 1374.08542 1400.21067  1.90%   600 8130s
 97633 28300 1399.42927   52 2134 1374.08542 1400.17723  1.90%   599 8158s
 98195 29017 1375.40722   62 1340 1374.08542 1400.13533  1.90%   602 8190s
 99221 29431 1397.89361   57 1826 1374.08542 1400.13533  1.90%   603 8222s
 100199 29289 1393.08214   74 1298 1374.08542 1400.13533  1.90%   605 8283s
 100475 30019 1388.36447  102 1146 1374.08542 1400.13533  1.90%   606 8319s
 101368 30324 1375.54177  298  564 1374.08542 1399.88986  1.88%   608 8354s
 102209 30541 1397.57124   60 1845 1374.08542 1399.88986  1.88%   611 8398s
 102771 31623 1391.37015   88 1107 1374.08542 1399.88986  1.88%   616 8435s
 104159 32394 1375.85572  303  528 1374.08542 1399.82478  1.87%   617 8470s
 105760 32776 1394.29641   72 1432 1374.08542 1399.82478  1.87%   617 8511s
 107104 33680 1376.95003  176  747 1374.08542 1399.81239  1.87%   619 8547s
 109222 33523 1397.57744   62 1849 1374.08542 1399.79851  1.87%   618 8598s
 110289 33985 1393.54092   78 1468 1374.08542 1399.79851  1.87%   622 8639s
 111766 34854 1388.68891  110  942 1374.08542 1399.79851  1.87%   623 8685s
 113394 35377 1377.84923  236  771 1374.08542 1399.79116  1.87%   624 8727s
 114841 35962 1376.29012   73 1129 1374.08542 1399.76821  1.87%   626 8780s
 116172 36338 1399.27211   58 2111 1374.08542 1399.73510  1.87%   629 8829s
 117113 37843 1393.10912   80 1472 1374.08542 1399.70957  1.86%   631 8883s
 119224 37853 1397.36288   55 1842 1374.08542 1399.67576  1.86%   632 8938s
 120212 38349 1393.59826   57 2053 1374.08542 1399.66123  1.86%   638 8996s
 121328 40234 1396.67135   63 1940 1374.08542 1399.66123  1.86%   643 9058s
 123872 40225 1378.74623  167  970 1374.08542 1399.61560  1.86%   642 9121s
 124914 40837 1374.12379   70 1290 1374.08542 1399.59156  1.86%   649 9189s
 126067 41421 1390.78411   61 1923 1374.08542 1399.59156  1.86%   656 9258s
 127475 42287 1384.34103   76 1568 1374.08542 1399.58398  1.86%   664 9335s
 130289 42206 1398.53225   61 1993 1374.08542 1399.56854  1.85%   668 9414s
 132195 42864 1398.87511   60 2056 1374.08542 1399.53360  1.85%   671 9500s
 133873 44814 1398.73925   57 2082 1374.08542 1399.49800  1.85%   678 9588s
 136396 47179 1391.17039   92 1224 1374.08542 1399.48555  1.85%   682 9677s
 139347 49841 1394.89648   68 1677 1374.08542 1399.44743  1.85%   685 9932s
 142448 51880 1396.96543   66 1849 1374.08542 1399.42313  1.84%   686 10212s
 144604 54593 1379.05304  163  875 1374.08542 1399.41608  1.84%   687 10322s
 147847 57139 1398.83551   57 2194 1374.08542 1399.41134  1.84%   689 10429s
 151005 60277 1396.85992   66 1902 1374.08542 1399.37298  1.84%   692 10523s
 154528 62209 1398.19607   66 1899 1374.08542 1399.37147  1.84%   694 10620s
 156812 64650 1387.27612  132  934 1374.08542 1399.37088  1.84%   697 10717s
 159627 67071 1390.84420  102 1040 1374.08542 1399.34102  1.84%   700 10814s
 162562 69587 1396.05491   58 1985 1374.08542 1399.31728  1.84%   702 10909s
 165543 71697 1398.77475   58 2109 1374.08542 1399.30883  1.84%   704 10998s
 167857 74450 1391.69242   80 1385 1374.08542 1399.28481  1.83%   704 11091s
 170929 77060 1393.64055   80 1580 1374.08542 1399.26874  1.83%   705 11186s
 173917 78521 1394.80590   70 1575 1374.08542 1399.25404  1.83%   707 11290s
 175881 80085 1392.96364   62 1982 1374.08542 1399.24010  1.83%   713 11386s
 178007 81114 1396.49752   70 1860 1374.08542 1399.23670  1.83%   718 11488s
 179471 82779 1398.31167   52 2193 1374.08542 1399.23252  1.83%   723 11601s
 181733 84409 1383.73158   61 1466 1374.08542 1399.20871  1.83%   730 11721s
 184053 87721 1396.99958   59 1863 1374.08542 1399.18733  1.83%   736 11834s
 187739 90210 1397.29477   62 1937 1374.08542 1399.16933  1.83%   737 11940s
 190547 92605 1376.73290  156  916 1374.08542 1399.16639  1.83%   738 12051s
 193350 95746 1380.57766  127 1063 1374.08542 1399.15690  1.82%   742 12156s
 197026 98416 1386.94155  116 1035 1374.08542 1399.13442  1.82%   743 12259s
 200256 99912 1388.48477   95 1069 1374.08542 1399.12227  1.82%   744 12355s
 202205 102418 1392.03192   86 1221 1374.08542 1399.11871  1.82%   747 12466s
 205291 104768 1396.45877   68 1907 1374.08542 1399.10458  1.82%   749 12571s
 208500 106519 1379.59630   58 1640 1374.08542 1399.08905  1.82%   752 12684s
 210803 108037 1393.08192   68 1998 1374.08542 1399.08820  1.82%   756 12788s
 212891 110376 1383.40917  122 1153 1374.08542 1399.08781  1.82%   758 12908s
 215718 113021 1396.73104   62 1972 1374.08542 1399.06937  1.82%   761 13027s
 218672 116009 1391.15573   97 1290 1374.08542 1399.06137  1.82%   765 13142s
 222246 119142 1395.37994   79 1705 1374.08542 1399.05035  1.82%   766 13251s
 225896 120862 1397.85327   57 2145 1374.08542 1399.04911  1.82%   767 13347s
 228033 123672 1391.83077   58 2003 1374.08542 1399.04363  1.82%   769 13456s
 231293 126790 1390.41166   85 1305 1374.08542 1399.02976  1.82%   770 13561s
 234797 129430 1376.54186   62 1553 1374.08542 1399.02044  1.81%   770 13670s
 237830 130939 1387.82152  102 1092 1374.08542 1399.01580  1.81%   772 13767s
 239728 133401 1397.95712   62 2087 1374.08542 1399.01558  1.81%   774 13876s
 242837 136105 1375.62108   61 1454 1374.08542 1398.99780  1.81%   776 13988s
 246185 138316 1388.59407   63 1769 1374.08542 1398.99229  1.81%   777 14104s
 248904 140553 1393.78100   68 1643 1374.08542 1398.98715  1.81%   780 14219s
 251527 143109 1395.10199   69 1689 1374.08542 1398.97589  1.81%   782 14534s
 254395 146927 1383.92409  130  749 1374.08542 1398.97483  1.81%   782 14671s
 258864 150185     cutoff   56      1374.08542 1398.96426  1.81%   783 14797s
 262670 152558 1398.04309   60 2174 1374.08542 1398.95512  1.81%   784 14911s
 265394 155589 1388.97049   87 1450 1374.08542 1398.95300  1.81%   784 15031s
 268910 158927 1392.21186   83 1393 1374.08542 1398.93675  1.81%   785 15146s
 272839 160818 1391.82428   83 1545 1374.08542 1398.92859  1.81%   785 15251s
 275129 163944 1389.97658  103 1028 1374.08542 1398.91992  1.81%   786 15372s
 278669 166672     cutoff  178      1374.08542 1398.91301  1.81%   787 15487s
 281912 169200 1396.87724   66 1955 1374.08542 1398.90462  1.81%   788 15599s
 285020 171242 1374.18613   59 1498 1374.08542 1398.89453  1.81%   790 15704s
 287569 174286 1391.04192   77 1548 1374.08542 1398.89235  1.81%   791 15820s
 291111 177404 1387.76953  112 1186 1374.08542 1398.88556  1.80%   791 15935s
 294618 179656 1383.54383  143  925 1374.08542 1398.87950  1.80%   792 16046s
 297442 182108 1396.91573   69 1877 1374.08542 1398.87838  1.80%   794 16158s
 300356 184528 1396.75614   55 1981 1374.08542 1398.87838  1.80%   796 16278s
 303140 187072 1388.23983   83 1589 1374.08542 1398.86381  1.80%   797 16394s
 305313 187072 1397.83918   63 2129 1374.08542 1398.86225  1.80%   798 16395s
 306151 188979 1377.30191  154  927 1374.08542 1398.85804  1.80%   798 16509s
 309251 190060     cutoff   74      1374.08542 1398.85198  1.80%   801 16620s
H309606 190034                    1374.1052578 1398.84662  1.80%   801 16620s
 311087 192433 1387.53643  116 1010 1374.10526 1398.84263  1.80%   804 16752s
 314201 195349 1397.37676   56 1989 1374.10526 1398.83514  1.80%   806 16887s
 317808 196772 1398.02885   60 2062 1374.10526 1398.83447  1.80%   808 17010s
H318286 196772                    1374.1052621 1398.83447  1.80%   809 17010s
 319585 198294 1396.91984   70 1922 1374.10526 1398.83447  1.80%   811 17148s
 322114 199892 1391.63770  108 1230 1374.10526 1398.82634  1.80%   817 17286s
 325830 202129 1393.00009   56 1953 1374.10526 1398.81920  1.80%   820 17425s
 329494 204675 1391.09258   84 1604 1374.10526 1398.81876  1.80%   822 17557s
 333523 206724 1393.30129   56 2054 1374.10526 1398.81450  1.80%   824 17674s
 336259 209746 1393.16210   72 1712 1374.10526 1398.81021  1.80%   824 17807s
 339839 213161 1389.61158  126 1236 1374.10526 1398.79366  1.80%   825 17938s
 343855 213959 1376.35764   64 1522 1374.10526 1398.78711  1.80%   825 18000s

Cutting planes:
  Learned: 1
  Gomory: 212
  Cover: 77
  MIR: 353
  StrongCG: 11
  Flow cover: 168
  GUB cover: 9
  Inf proof: 5
  Zero half: 573
  Mod-K: 24
  RLT: 29
  Relax-and-lift: 81

Explored 345012 nodes (285154798 simplex iterations) in 18000.12 seconds
Thread count was 24 (of 48 available processors)

Solution count 10: 1374.11 1374.11 1374.09 ... 1373.52

Time limit reached
Warning: max constraint violation (1.3603e-06) exceeds tolerance
Best objective 1.374105264927e+03, best bound 1.398787112283e+03, gap 1.7962%
