
Gurobi 9.0.2 (linux64) logging started Sun May 24 21:07:50 2020

Changed value of parameter LogFile to gurobi_logs/2020-05-24_21:07:48-rproblem1_mode=optimality_sdp_reduce.log
   Prev:   Default: 
Parameter MIPFocus unchanged
   Value: 0  Min: 0  Max: 3  Default: 0
Parameter SolutionLimit unchanged
   Value: 2000000000  Min: 1  Max: 2000000000  Default: 2000000000
Parameter LogToConsole unchanged
   Value: 1  Min: 0  Max: 1  Default: 1
Changed value of parameter TimeLimit to 18000.0
   Prev: inf  Min: 0.0  Max: inf  Default: inf
Gurobi Optimizer version 9.0.2 build v9.0.2rc0 (linux64)
Optimize a model with 10008 rows, 10268 columns and 24498 nonzeros
Model fingerprint: 0x87e402ba
Variable types: 4 continuous, 10264 integer (260 binary)
Coefficient statistics:
  Matrix range     [8e-01, 1e+03]
  Objective range  [2e-01, 5e+00]
  Bounds range     [1e+00, 1e+00]
  RHS range        [1e+00, 5e+00]
Presolve removed 10008 rows and 10268 columns
Presolve time: 0.01s
Presolve: All rows and columns removed

Explored 0 nodes (0 simplex iterations) in 0.01 seconds
Thread count was 1 (of 48 available processors)

Solution count 1: 236 

Optimal solution found (tolerance 1.00e-04)
Best objective 2.360000000000e+02, best bound 2.360000000000e+02, gap 0.0000%

Gurobi 9.0.2 (linux64) logging started Sun May 24 21:07:51 2020

Changed value of parameter LogFile to gurobi_logs/2020-05-24_21:07:48-rproblem1_mode=optimality_sdp_reduce.log
   Prev:   Default: 
Parameter MIPFocus unchanged
   Value: 0  Min: 0  Max: 3  Default: 0
Parameter SolutionLimit unchanged
   Value: 2000000000  Min: 1  Max: 2000000000  Default: 2000000000
Parameter LogToConsole unchanged
   Value: 1  Min: 0  Max: 1  Default: 1
Changed value of parameter TimeLimit to 18000.0
   Prev: inf  Min: 0.0  Max: inf  Default: inf
Gurobi Optimizer version 9.0.2 build v9.0.2rc0 (linux64)
Optimize a model with 77883 rows, 50237 columns and 1214254 nonzeros
Model fingerprint: 0xe691965a
Variable types: 29 continuous, 50208 integer (40464 binary)
Coefficient statistics:
  Matrix range     [2e-02, 2e+02]
  Objective range  [2e-01, 1e+00]
  Bounds range     [1e+00, 1e+00]
  RHS range        [1e+00, 3e+02]
Presolve removed 67456 rows and 38066 columns
Presolve time: 1.20s
Presolved: 10427 rows, 12171 columns, 126787 nonzeros
Variable types: 1 continuous, 12170 integer (12159 binary)

Deterministic concurrent LP optimizer: primal and dual simplex
Showing first log only...

Concurrent spin time: 0.00s

Solved with dual simplex

Root relaxation: objective 2.720824e+03, 4780 iterations, 0.41 seconds

    Nodes    |    Current Node    |     Objective Bounds      |     Work
 Expl Unexpl |  Obj  Depth IntInf | Incumbent    BestBd   Gap | It/Node Time

     0     0 2720.82400    0  836          - 2720.82400      -     -    2s
     0     0 2719.46816    0  973          - 2719.46816      -     -    2s
     0     0 2715.80292    0 1087          - 2715.80292      -     -    3s
     0     0 2714.64988    0 1142          - 2714.64988      -     -    4s
     0     0 2714.04815    0 1140          - 2714.04815      -     -    4s
     0     0 2714.01900    0 1159          - 2714.01900      -     -    4s
     0     0 2714.01710    0 1173          - 2714.01710      -     -    4s
     0     0 2710.61651    0 1185          - 2710.61651      -     -    6s
     0     0 2705.98869    0 1345          - 2705.98869      -     -    7s
     0     0 2703.25577    0 1421          - 2703.25577      -     -    8s
     0     0 2702.69093    0 1387          - 2702.69093      -     -    9s
     0     0 2702.55256    0 1436          - 2702.55256      -     -    9s
     0     0 2702.54689    0 1472          - 2702.54689      -     -    9s
     0     0 2702.54130    0 1484          - 2702.54130      -     -    9s
     0     0 2702.54130    0 1486          - 2702.54130      -     -    9s
     0     0 2683.22601    0 1525          - 2683.22601      -     -   13s
     0     0 2659.67031    0 1478          - 2659.67031      -     -   14s
     0     0 2654.14756    0 1530          - 2654.14756      -     -   15s
     0     0 2653.91102    0 1500          - 2653.91102      -     -   15s
     0     0 2653.86178    0 1529          - 2653.86178      -     -   15s
     0     0 2653.85540    0 1495          - 2653.85540      -     -   15s
     0     0 2622.02203    0 1505          - 2622.02203      -     -   18s
     0     0 2619.45505    0 1558          - 2619.45505      -     -   18s
     0     0 2619.04607    0 1571          - 2619.04607      -     -   19s
     0     0 2618.97718    0 1597          - 2618.97718      -     -   19s
     0     0 2618.96252    0 1607          - 2618.96252      -     -   19s
     0     0 2613.76245    0 1490          - 2613.76245      -     -   21s
     0     0 2612.98451    0 1579          - 2612.98451      -     -   22s
     0     0 2612.67274    0 1585          - 2612.67274      -     -   22s
     0     0 2612.57826    0 1621          - 2612.57826      -     -   23s
     0     0 2612.54650    0 1606          - 2612.54650      -     -   23s
     0     0 2611.27807    0 1632          - 2611.27807      -     -   24s
     0     0 2611.10831    0 1626          - 2611.10831      -     -   25s
     0     0 2611.07367    0 1665          - 2611.07367      -     -   25s
     0     0 2610.53131    0 1698          - 2610.53131      -     -   26s
     0     0 2610.48121    0 1697          - 2610.48121      -     -   26s
     0     0 2610.47931    0 1679          - 2610.47931      -     -   26s
     0     0 2610.37165    0 1674          - 2610.37165      -     -   27s
     0     0 2610.29421    0 1712          - 2610.29421      -     -   28s
     0     0 2610.27660    0 1723          - 2610.27660      -     -   28s
     0     0 2610.02718    0 1640          - 2610.02718      -     -   29s
H    0     0                    -15886.18458 2610.02718   116%     -   29s
     0     0 2610.02718    0 1614 -15886.185 2610.02718   116%     -   29s
H    0     0                    2111.8686113 2609.61617  23.6%     -   36s
H    0     2                    2125.8186113 2609.61617  22.8%     -   37s
     0     2 2609.61617    0 1614 2125.81861 2609.61617  22.8%     -   37s
    15    32 2609.61617    4 1725 2125.81861 2609.61617  22.8%   763   41s
H   31    56                    2136.2964216 2609.61617  22.2%   925   44s
H   35    56                    2175.2968179 2609.61617  20.0%   864   44s
H   38    56                    2179.9156742 2609.61617  19.7%   803   44s
    55    80 2609.61617    6 1781 2179.91567 2609.61617  19.7%   890   46s
H  103   128                    2181.5062929 2609.61617  19.6%   916   51s
H  116   128                    2186.2077637 2609.61617  19.4%   865   51s
H  170   196                    2186.8634233 2609.61617  19.3%   727   57s
H  173   196                    2187.0490680 2609.61617  19.3%   714   57s
H  175   196                    2214.6808789 2609.61617  17.8%   711   57s
H  176   196                    2214.9045373 2609.61617  17.8%   727   57s
H  178   196                    2217.6537244 2609.61617  17.7%   722   57s
H  184   196                    2243.3185720 2609.61617  16.3%   713   57s
   195   235 2609.61617   11 1784 2243.31857 2609.61617  16.3%   698   60s
H  234   259                    2243.5618153 2609.61617  16.3%   653   62s
H  237   259                    2243.7854737 2609.61617  16.3%   648   62s
H  240   259                    2250.0616837 2609.61617  16.0%   641   62s
H  254   259                    2250.2200749 2609.61617  16.0%   623   62s
   258   305 2609.61617   12 1738 2250.22007 2609.61617  16.0%   627   65s
H  304   329                    2251.2322175 2609.61617  15.9%   603   67s
H  312   329                    2252.8087240 2609.61617  15.8%   611   67s
H  321   329                    2262.6575189 2609.61617  15.3%   601   67s
   328   380 2609.61617   13 1772 2262.65752 2609.61617  15.3%   613   70s
H  379   404                    2324.9976451 2609.61617  12.2%   590  126s
H  383   404                    2326.4068405 2609.61617  12.2%   586  126s
H  387   404                    2403.1122840 2609.61617  8.59%   583  126s
   403   443 2609.61617   14 1680 2403.11228 2609.61617  8.59%   578  130s
   575   648 2609.29641   20 1679 2403.11228 2609.61617  8.59%   514  136s
   739   825 2609.21279   22 1701 2403.11228 2609.61617  8.59%   455  140s
  1007  1102 2607.90476   33 1669 2403.11228 2609.61617  8.59%   398  145s
  1209  1308 2607.47431   36 1720 2403.11228 2609.61617  8.59%   372  150s
  1510  1604 2606.54898   44 1709 2403.11228 2609.61617  8.59%   359  155s
  1735  1845 2606.14169   48 1546 2403.11228 2609.61617  8.59%   348  160s
  1997  2056 2605.58734   52 1558 2403.11228 2609.61617  8.59%   337  165s
  2375  2582 2603.59212   61 1456 2403.11228 2609.61617  8.59%   325  171s
  3049  3217 2603.08238   71 1349 2403.11228 2609.61617  8.59%   293  176s
  3757  4002 2599.17222   80 1282 2403.11228 2609.61617  8.59%   278  181s
  4355  4623 2598.77512   87 1105 2403.11228 2609.61617  8.59%   263  185s
  5342  5523 2592.77984  102 1075 2403.11228 2609.61617  8.59%   247  192s
  5937  6192 2585.16351  123  931 2403.11228 2609.61617  8.59%   244  197s
  6618  6756 2575.14408  140  812 2403.11228 2609.61617  8.59%   240  202s
  6901  7060 2580.97530  150  822 2403.11228 2609.61617  8.59%   241  205s
  7507  7689 2570.17147  188  844 2403.11228 2609.61617  8.59%   242  210s
  7843  8026 2566.07345  203  848 2403.11228 2609.61617  8.59%   242  263s
H 7873  7639                    2430.3883197 2609.61617  7.37%   242  263s
  8180  8131 2561.71995  229  759 2430.38832 2609.61617  7.37%   243  266s
  9241  9157 2538.41306  264  738 2430.38832 2609.61617  7.37%   237  272s
  9739  9622 2526.43230  290  717 2430.38832 2609.61617  7.37%   236  275s
 10676 10595 2609.57846   10 1721 2430.38832 2609.61617  7.37%   238  283s
 11278 11111 2609.01460   13 1598 2430.38832 2609.61617  7.37%   237  287s
H11806 11021                    2434.1511478 2609.61617  7.21%   237  289s
 11807 11022 2600.96266   47 1614 2434.15115 2609.61617  7.21%   237  301s
H11808 10471                    2434.5101523 2609.61617  7.19%   237  316s
 11809 10471 2587.27110   87 1621 2434.51015 2609.61617  7.19%   237  324s
H11809  9948                    2436.2007124 2609.61617  7.12%   237  333s
H11809  9450                    2436.2202972 2609.61617  7.12%   237  333s
 11811  9452 2591.78259   73 1541 2436.22030 2609.61617  7.12%   237  340s
H11811  8980                    2438.1362633 2609.61617  7.03%   237  344s
 11812  8980 2438.13626  323 1388 2438.13626 2608.92401  7.00%   237  345s
H11813  8531                    2438.1950177 2605.39832  6.86%   237  348s
H11816  8107                    2438.3779644 2604.72163  6.82%   237  351s
 11817  8108 2552.02024  136 1311 2438.37796 2604.72163  6.82%   237  356s
H11817  7702                    2438.4365134 2604.72163  6.82%   237  360s
H11817  7317                    2448.0419188 2604.72163  6.40%   237  361s
H11817  6951                    2448.4185934 2602.51308  6.29%   237  365s
H11821  6605                    2468.5928019 2602.20595  5.41%   237  373s
H11821  6274                    2468.8237702 2599.78259  5.30%   237  376s
 11828  6279 2553.72960  221 1308 2468.82377 2599.12559  5.28%   237  382s
H11828  5965                    2469.0295914 2597.35744  5.20%   237  387s
 11833  5968 2526.93570  192 1335 2469.02959 2596.47000  5.16%   237  392s
H11833  5669                    2469.1661753 2595.89469  5.13%   237  397s
 11837  5672 2469.16618  332 1324 2469.16618 2595.82524  5.13%   236  400s
H11837  5388                    2469.3719965 2595.59583  5.11%   236  404s
 11839  5389 2525.65069  395 1302 2469.37200 2595.57186  5.11%   236  405s
H11841  5121                    2469.6230496 2595.37754  5.09%   236  413s
 11844  5123 2595.34409   55 1381 2469.62305 2595.34409  5.09%   236  416s
H11844  4866                    2469.8015907 2595.25698  5.08%   236  421s
 11848  4868 2595.19372   41 1350 2469.80159 2595.19372  5.08%   236  429s
 11849  4869 2493.82469  232 1327 2469.80159 2595.15909  5.08%   236  430s
 11851  4870 2526.04557  172 1284 2469.80159 2595.09901  5.07%   236  441s
 11854  4872 2595.00510   19 1237 2469.80159 2595.00510  5.07%   236  447s
 11856  4874 2531.86969  352 1229 2469.80159 2594.99964  5.07%   236  450s
 11859  4876 2550.47488  241 1295 2469.80159 2594.96366  5.07%   236  456s
H11859  4631                    2472.1374937 2594.96366  4.97%   236  459s
 11860  4631 2583.53673   85 1232 2472.13749 2594.91920  4.97%   236  462s
 11862  4633 2594.90475   36 1269 2472.13749 2594.90475  4.97%   236  465s
 11864  4634 2557.92078  113 1219 2472.13749 2594.88426  4.97%   236  471s
H11864  4402                    2472.8197595 2594.77808  4.93%   236  486s
 11868  4405 2572.14169   62 1393 2472.81976 2594.68358  4.93%   236  493s
 11870  4406 2558.38237  111 1383 2472.81976 2594.67496  4.93%   236  497s
 11871  4407 2594.67005   70 1385 2472.81976 2594.67005  4.93%   236  500s
 11874  4409 2594.61154   37 1359 2472.81976 2594.61154  4.93%   236  506s
 11877  4411 2498.33511   67 1351 2472.81976 2594.60766  4.93%   236  512s
H11877  4189                    2481.1093272 2594.60764  4.57%   236  515s
 11879  4190 2540.88042  268 1354 2481.10933 2594.60764  4.57%   236  520s
 11882  4193 2540.89723  329 1614 2481.10933 2594.60764  4.57%   242  530s
H11883  3984                    2481.3246531 2594.60764  4.57%   242  541s
 11884  3984 2528.95303  378 1615 2481.32465 2594.60764  4.57%   242  546s
H11884  3785                    2481.4190820 2594.60764  4.56%   242  555s
H11884  3595                    2481.4760888 2594.60764  4.56%   242  556s
 11886  3597 2575.43680   48 1463 2481.47609 2594.60764  4.56%   242  562s
 11887  3597 2517.88811  127 1392 2481.47609 2594.60764  4.56%   242  565s
 11890  3599 2565.31527  156 1358 2481.47609 2594.60764  4.56%   242  570s
 11893  3601 2528.05726  198 1344 2481.47609 2594.60764  4.56%   242  575s
H11893  3421                    2481.7416528 2594.60764  4.55%   242  577s
H11895  3252                    2481.7594901 2594.52207  4.54%   242  578s
 11896  3252 2486.26278  144 1406 2481.75949 2594.52207  4.54%   242  580s
 11898  3254 2592.99625   76 1411 2481.75949 2594.51508  4.54%   242  585s
H11898  3091                    2481.7687582 2594.51508  4.54%   242  587s
 11901  3093 2594.46990   24 1430 2481.76876 2594.46990  4.54%   241  591s
 11902  3093 2481.76876  224 1393 2481.76876 2594.46001  4.54%   241  598s
 11904  3095 2594.45685   12 1413 2481.76876 2594.45685  4.54%   241  600s
 11906  3096 2481.76876  157 1416 2481.76876 2594.39579  4.54%   241  605s
 11909  3098 2587.27110   87 1390 2481.76876 2594.35653  4.54%   241  610s
 11911  3099 2591.78259   73 1360 2481.76876 2594.33779  4.54%   241  615s
 11914  3101 2590.90397   80 1398 2481.76876 2594.31262  4.53%   241  622s
H11916  2947                    2481.8147493 2594.30898  4.53%   241  627s
 11919  2949 2561.09574  223 1465 2481.81475 2594.26572  4.53%   241  630s
 11921  2950 2512.99829  245 1392 2481.81475 2594.25577  4.53%   241  636s
 11922  2951 2586.71459   89 1363 2481.81475 2594.22320  4.53%   241  640s
 11924  2952 2545.27379  313 1357 2481.81475 2594.17387  4.53%   241  645s
H11925  2805                    2520.5352256 2594.15702  2.92%   241  648s
 11927  2806 2594.01061   70 1283 2520.53523 2594.01061  2.92%   241  651s
 11930  2808 2520.53523  247 1317 2520.53523 2593.93027  2.91%   241  656s
H11934  2669                    2529.1921516 2593.80289  2.55%   241  665s
 11938  2671 2576.10596  104 1307 2529.19215 2593.72286  2.55%   241  671s
 11942  2674 2593.65205   20 1334 2529.19215 2593.65205  2.55%   241  676s
 11945  2676 2531.42299  131 1284 2529.19215 2593.64590  2.55%   241  681s
 11947  2677 2529.19215   83 1367 2529.19215 2593.62453  2.55%   241  685s
H11949  2544                    2529.7909042 2593.59504  2.52%   240  691s
 11952  2546 2529.79090  263 1312 2529.79090 2593.59442  2.52%   240  696s
 11954  2547 2593.58023   19 1345 2529.79090 2593.58023  2.52%   240  700s
H11955  2419                    2531.5388794 2593.57208  2.45%   240  703s
H11956  2297                    2533.5513992 2593.57208  2.37%   240  705s
H11958  2183                    2540.2324738 2593.57173  2.10%   240  712s
 11959  2183 2550.47488  241 1355 2540.23247 2593.57173  2.10%   240  722s
H11960  2073                    2541.6937955 2593.51302  2.04%   240  732s
H11960  1968                    2542.0530112 2593.51302  2.02%   240  784s
 11962  1972 2593.51302   23 1243 2542.05301 2593.51302  2.02%   246  887s
 11964  1976 2593.51302   24 1252 2542.05301 2593.51302  2.02%   246 1015s
 11968  1982 2593.51302   25 1264 2542.05301 2593.51302  2.02%   247 1022s
 11976  1996 2593.43526   26 1241 2542.05301 2593.51302  2.02%   248 1027s
 11992  2014 2593.43526   27 1242 2542.05301 2593.43526  2.02%   249 1031s
H11994  1915                    2542.2789211 2593.43401  2.01%   249 1031s
 12040  1947 2593.18078   28 1139 2542.27892 2593.41609  2.01%   253 1035s
H12064  1868                    2585.3641636 2593.41609  0.31%   254 1182s
H12067  1777                    2586.0218631 2593.41609  0.29%   254 1182s
H12081  1687                    2587.4648480 2593.41609  0.23%   254 1182s
 12131  1751 2592.45090   30 1133 2587.46485 2593.41609  0.23%   257 1186s
H12171  1657                    2587.4662840 2593.41609  0.23%   259 1198s
 12172  1658 2592.45048   31 1614 2587.46628 2593.41609  0.23%   259 1221s
 12174  1659 2590.56027   34 1548 2587.46628 2593.41609  0.23%   259 1234s
 12175  1660 2591.30977   29 1342 2587.46628 2593.41609  0.23%   259 1242s
 12176  1661 2589.43138   32 1239 2587.46628 2593.41609  0.23%   259 1246s
 12178  1662 2590.40025   34 1356 2587.46628 2593.41609  0.23%   259 1250s
 12183  1665 2590.53465   31 1138 2587.46628 2593.39281  0.23%   259 1255s
 12187  1668 2591.47411   30 1068 2587.46628 2593.38074  0.23%   259 1260s
 12190  1670 2589.70890   33 1167 2587.46628 2593.36961  0.23%   259 1265s
 12193  1672 2593.30168   28 1176 2587.46628 2593.36961  0.23%   259 1270s
 12196  1674 2590.78921   27 1089 2587.46628 2593.33264  0.23%   259 1276s
 12199  1676 2590.80888   28 1082 2587.46628 2593.30135  0.23%   259 1280s
H12200  1592                    2587.4970861 2593.29665  0.22%   259 1281s
 12203  1594 2591.47968   29 1008 2587.49709 2593.25955  0.22%   259 1285s
 12206  1596 2590.59333   32 1156 2587.49709 2593.18167  0.22%   259 1291s
 12209  1598 2589.43138   32  996 2587.49709 2593.13706  0.22%   258 1296s
 12211  1599 2589.76087   34 1127 2587.49709 2593.13067  0.22%   258 1300s
H12211  1519                    2587.5608588 2593.13067  0.22%   258 1300s
H12212  1443                    2587.5946726 2593.09640  0.21%   258 1305s
 12217  1446 2592.45048   31 1024 2587.59467 2593.02409  0.21%   258 1311s
 12221  1449 2592.45048   31 1005 2587.59467 2592.83376  0.20%   258 1316s
 12224  1451 2591.58499   30  982 2587.59467 2592.75993  0.20%   258 1321s
 12227  1453 2591.76479   31  988 2587.59467 2592.68740  0.20%   258 1325s
 12230  1455 2590.78743   29  967 2587.59467 2592.64738  0.20%   258 1330s
 12236  1459 2590.61075   29 1059 2587.59467 2592.57285  0.19%   258 1335s
 12240  1461 2587.67965   31 1056 2587.59467 2592.56853  0.19%   258 1341s
 12244  1464 2590.33484   31 1064 2587.59467 2592.46110  0.19%   258 1346s
 12247  1466 2590.33484   31 1043 2587.59467 2592.44338  0.19%   258 1350s
 12253  1470 2592.19055   29 1052 2587.59467 2592.19055  0.18%   258 1355s
 12255  1471 2591.77358   31 1143 2587.59467 2592.18333  0.18%   257 1360s
 12258  1473 2590.58014   31 1144 2587.59467 2592.18333  0.18%   257 1366s
 12260  1475 2589.18311   34 1146 2587.59467 2592.18333  0.18%   257 1374s
 12261  1475 2587.67381   31 1141 2587.59467 2592.18333  0.18%   257 1376s
 12262  1476 2590.83725   29 1141 2587.59467 2592.08051  0.17%   257 1382s
 12263  1480 2592.07624   33 1141 2587.59467 2592.08051  0.17%   263 1458s
 12265  1483 2592.01631   34 1205 2587.59467 2592.05057  0.17%   263 1528s
 12269  1490 2591.82835   35 1186 2587.59467 2591.94764  0.17%   263 1541s
 12277  1503 2591.64978   36 1314 2587.59467 2591.82759  0.16%   264 1549s
 12293  1522 2590.99208   37 1075 2587.59467 2591.51633  0.15%   266 1553s
H12306  1442                    2587.6182866 2591.46260  0.15%   268 1553s
 12317  1463 2590.95833   38 1043 2587.61829 2591.32659  0.14%   269 1555s
 12365  1493 2590.92445   39 1021 2587.61829 2591.32659  0.14%   273 1600s
 12515  1603 2590.61277   42 1143 2587.61829 2591.32659  0.14%   281 1606s
 12652  1641 2590.30536   44 1131 2587.61829 2591.32659  0.14%   288 1611s
 12817  1647 2589.36371   47  271 2587.61829 2591.32659  0.14%   296 1616s
 13009  1669 2588.48960   50  620 2587.61829 2591.32659  0.14%   306 1620s
 13249  1755 2588.03322   52  519 2587.61829 2591.32659  0.14%   317 1625s
 13599  1848 2589.63048   39 1210 2587.61829 2591.27445  0.14%   322 1630s
 13972  2009 2589.36213   42 1180 2587.61829 2591.27445  0.14%   329 1635s
H13976  1936                    2588.6541931 2591.27445  0.10%   329 1635s
H13979  1867                    2588.7213918 2591.27445  0.10%   329 1635s
H14031  1784                    2588.7966435 2591.27445  0.10%   329 1635s
H14438  1127                    2588.8882990 2591.27445  0.09%   335 1644s
 14439  1105 2588.94171   75 1614 2588.88830 2591.27445  0.09%   335 1661s
 14441  1106 2589.21075   47 1550 2588.88830 2591.27445  0.09%   335 1673s
 14442  1107 2588.94626   68 1408 2588.88830 2591.27445  0.09%   335 1681s
 14443  1108 2589.10608   39 1248 2588.88830 2591.27445  0.09%   335 1685s
 14448  1111 2589.54881   43 1142 2588.88830 2591.27445  0.09%   335 1690s
 14451  1113 2588.94078   42 1136 2588.88830 2591.27445  0.09%   335 1695s
 14454  1115 2589.50587   40 1131 2588.88830 2591.27445  0.09%   335 1700s
 14458  1118 2589.35608   44 1135 2588.88830 2591.27445  0.09%   335 1706s
 14459  1118 2588.92545   90 1137 2588.88830 2591.27445  0.09%   335 1712s
 14461  1120 2588.93417   44 1137 2588.88830 2591.27445  0.09%   335 1717s
 14462  1123 2591.27445   45 1103 2588.88830 2591.27445  0.09%   337 1786s
 14464  1127 2591.21581   46 1116 2588.88830 2591.27445  0.09%   337 1861s
 14468  1131 2591.17069   47 1113 2588.88830 2591.27445  0.09%   337 1880s
 14476  1131 2591.03892   48 1108 2588.88830 2591.22308  0.09%   338 1887s
 14490  1132 2590.62849   49 1064 2588.88830 2591.16668  0.09%   339 1892s
 14528  1143 2590.18313   51 1047 2588.88830 2591.04164  0.08%   342 1896s
 14576  1146 2589.29834   52 1163 2588.88830 2590.85203  0.08%   345 1901s
 14630  1155     cutoff   54      2588.88830 2590.85203  0.08%   347 1916s
 14738  1145 2589.30264   59 1077 2588.88830 2590.85203  0.08%   349 1921s
 14963  1085 2590.42530   53 1105 2588.88830 2590.60031  0.07%   352 1926s
 15144  1031     cutoff   55      2588.88830 2590.60031  0.07%   355 1930s
 15435   971 infeasible   57      2588.88830 2590.51329  0.06%   357 1937s
 15605  1033 2589.35206   55 1250 2588.88830 2590.51329  0.06%   357 1940s
 16004   938 2589.03084   60 1034 2588.88830 2590.10803  0.05%   355 1945s
 16296   850 2589.34412   57 1016 2588.88830 2590.10803  0.05%   357 1950s
 16800   705 2589.40122   62 1053 2588.88830 2589.96086  0.04%   358 1955s
 17841   810 2588.89691  143   11 2588.88830 2589.41542  0.02%   345 1960s
 21109  2808 2588.88919  135   17 2588.88830 2589.14154  0.01%   296 1965s

Cutting planes:
  Gomory: 19
  Cover: 232
  Implied bound: 1
  Clique: 118
  MIR: 263
  StrongCG: 123
  Flow cover: 255
  GUB cover: 20
  Zero half: 210
  Mod-K: 1
  RLT: 5

Explored 22437 nodes (6307505 simplex iterations) in 1965.42 seconds
Thread count was 24 (of 48 available processors)

Solution count 10: 2588.89 2588.89 2588.8 ... 2587.47

Optimal solution found (tolerance 1.00e-04)
Best objective 2.588888298968e+03, best bound 2.588957494546e+03, gap 0.0027%
