
Gurobi 9.0.2 (linux64) logging started Tue May 26 09:54:58 2020

Changed value of parameter LogFile to gurobi_logs/2020-05-26_09:54:58-rproblem8_mode=optimality_predefined_shifts.log
   Prev:   Default: 
Parameter MIPFocus unchanged
   Value: 0  Min: 0  Max: 3  Default: 0
Parameter SolutionLimit unchanged
   Value: 2000000000  Min: 1  Max: 2000000000  Default: 2000000000
Parameter LogToConsole unchanged
   Value: 1  Min: 0  Max: 1  Default: 1
Changed value of parameter TimeLimit to 18000.0
   Prev: inf  Min: 0.0  Max: inf  Default: inf
Gurobi Optimizer version 9.0.2 build v9.0.2rc0 (linux64)
Optimize a model with 25851 rows, 23123 columns and 991591 nonzeros
Model fingerprint: 0xf5a18d2a
Variable types: 41 continuous, 23082 integer (22074 binary)
Coefficient statistics:
  Matrix range     [3e-01, 9e+01]
  Objective range  [1e+00, 1e+00]
  Bounds range     [1e+00, 1e+00]
  RHS range        [1e+00, 9e+01]
Presolve removed 8292 rows and 4001 columns
Presolve time: 1.56s
Presolved: 17559 rows, 19122 columns, 397224 nonzeros
Variable types: 1 continuous, 19121 integer (19069 binary)

Deterministic concurrent LP optimizer: primal and dual simplex
Showing first log only...

Concurrent spin time: 0.03s

Solved with dual simplex

Root relaxation: objective 1.059796e+03, 5507 iterations, 1.28 seconds

    Nodes    |    Current Node    |     Objective Bounds      |     Work
 Expl Unexpl |  Obj  Depth IntInf | Incumbent    BestBd   Gap | It/Node Time

     0     0 1059.79572    0  449          - 1059.79572      -     -    5s
     0     0 1059.76673    0  585          - 1059.76673      -     -   13s
     0     0 1059.73775    0  689          - 1059.73775      -     -   14s
     0     0 1059.12905    0  592          - 1059.12905      -     -   14s
     0     0 1059.12905    0  540          - 1059.12905      -     -   14s
     0     0 1058.86979    0  665          - 1058.86979      -     -   24s
     0     0 1058.86979    0  730          - 1058.86979      -     -   24s
     0     0 1058.86979    0  725          - 1058.86979      -     -   32s
     0     0 1058.57350    0  720          - 1058.57350      -     -   33s
     0     0 1058.57350    0  738          - 1058.57350      -     -   34s
     0     0 1058.54572    0  400          - 1058.54572      -     -   41s
     0     0 1058.54572    0  600          - 1058.54572      -     -   42s
     0     0 1058.54572    0  663          - 1058.54572      -     -   51s
     0     0 1058.38831    0  779          - 1058.38831      -     -   52s
     0     0 1058.38831    0  756          - 1058.38831      -     -   53s
     0     0 1058.38831    0  343          - 1058.38831      -     -   59s
     0     0 1058.38831    0  772          - 1058.38831      -     -   60s
     0     0 1058.38831    0  800          - 1058.38831      -     -   64s
     0     0 1058.38831    0  805          - 1058.38831      -     -   66s
     0     0 1058.38831    0  479          - 1058.38831      -     -   79s
     0     0 1058.38831    0  476          - 1058.38831      -     -   81s
     0     2 1058.36951    0  439          - 1058.36951      -     -   95s
     1     4 1058.36951    1  485          - 1058.36951      -  2536  102s
     3     8 1058.36951    2  757          - 1058.36951      -  1797  111s
     7    16 1058.36951    3  675          - 1058.36951      -  2232  115s
    31    56 1058.36951    5  783          - 1058.36951      -  1678  124s
    55    80 1058.36951    6  775          - 1058.36951      -  1542  127s
   103   128 1058.36951    7  876          - 1058.36951      -  1172  132s
   127   166 1058.36951    8  778          - 1058.36951      -   996  135s
   250   307 1058.36951   11  797          - 1058.36951      -   757  142s
   306   362 1058.36951   12  771          - 1058.36951      -   662  145s
   424   477 1058.36951   13  824          - 1058.36951      -   578  151s
   476   553 1058.36951   14  808          - 1058.36951      -   568  155s
   679   910 1058.36951   15  836          - 1058.36951      -   499  162s
   909  1096 1058.36951   16  835          - 1058.36951      -   425  166s
  1095  1343 1058.36951   20  768          - 1058.36951      -   410  171s
  1342  1624 1058.36951   21  773          - 1058.36951      -   387  175s
  1623  1965 1058.36951   22  814          - 1058.36951      -   356  180s
  1964  2223 1058.36951   23  797          - 1058.36951      -   336  185s
  2222  2568 1058.36951   24  783          - 1058.36951      -   331  190s
  2864  3325 1058.36951   26  814          - 1058.36951      -   316  199s
  3324  3806 1058.36951   27  806          - 1058.36951      -   294  203s
  3805  4377 1058.36951   30  839          - 1058.36951      -   280  207s
  4376  4928 1058.36951   31  846          - 1058.36951      -   265  212s
  4927  5625 1058.36951   31  898          - 1058.36951      -   255  220s
  5624  6261 1058.36951   32  839          - 1058.36951      -   237  225s
  6260  6790 1058.36951   32  898          - 1058.36951      -   228  230s
  6789  7545 1058.36951   33  811          - 1058.36951      -   225  235s
  7544  8358 1058.36951   33  868          - 1058.36951      -   215  240s
  8357  9179 1058.36951   34  866          - 1058.36951      -   206  246s
  9178  9936 1058.36951   35  836          - 1058.36951      -   199  251s
  9935 10536 1058.36951   36  841          - 1058.36951      -   196  258s
 10535 11561 1058.36951   37  955          - 1058.36951      -   192  265s
 11560 12915 1058.36951   37  883          - 1058.36951      -   185  271s
 12915 12916 1054.30801  102  476          - 1058.36951      -   175  296s
 12918 12918 1040.18917   62  665          - 1040.18917      -   175  300s
 12924 12922 1031.55716   29  717          - 1031.55716      -   175  306s
 12932 12927 1030.44003  300  657          - 1030.44003      -   175  310s
 12942 12934 1029.95879  365  722          - 1029.95879      -   174  315s
 12948 12938 1029.63681   13  718          - 1029.63681      -   174  320s
 12955 12943 1029.46114  249  736          - 1029.46114      -   174  325s
H12960 12297                     930.1126091 1029.37591  10.7%   174  328s
H12961 11683                     941.6247505 1029.37591  9.32%   174  329s
 12962 11683 1029.31347  706  696  941.62475 1029.31347  9.31%   174  334s
H12962 11098                    1000.7048587 1029.31347  2.86%   174  334s
 12965 11100 1029.30447  233  715 1000.70486 1029.30447  2.86%   174  335s
H12968 10546                    1001.5818062 1029.30406  2.77%   174  339s
 12970 10548 1029.29977  390  757 1001.58181 1029.29977  2.77%   174  340s
 12976 10552 1029.28291  450  770 1001.58181 1029.28291  2.77%   174  345s
H12977 10023                    1002.9163366 1029.28291  2.63%   174  347s
H12980  9523                    1004.5033299 1029.27868  2.47%   174  350s
 12985  9527 1029.27831  580  778 1004.50333 1029.27831  2.47%   174  355s
 12990  9531 1029.27831  276  692 1004.50333 1029.27831  2.47%   177  360s
 12998  9536 1029.27788  268  758 1004.50333 1029.27788  2.47%   177  365s
 13000  9538 1029.27788  224  760 1004.50333 1029.27788  2.47%   177  370s
 13008  9543 1029.20792  152  580 1004.50333 1029.20792  2.46%   177  375s
 13021  9552 1029.17271  364  630 1004.50333 1029.17271  2.46%   177  380s
H13026  9076                    1004.9947865 1029.17271  2.41%   177  383s
 13029  9078 1029.17271  712  612 1004.99479 1029.17271  2.41%   177  385s
 13034  9083 1029.17271  118  670 1004.99479 1029.17271  2.41%   179  390s
 13043  9089 1029.11813  805  636 1004.99479 1029.11813  2.40%   179  395s
 13050  9094 1029.11189  614  665 1004.99479 1029.11189  2.40%   179  404s
H13050  8639                    1005.0565626 1029.11189  2.39%   179  404s
 13052  8640 1029.10745  627  678 1005.05656 1029.10745  2.39%   179  405s
 13060  8645 1029.09609  164  637 1005.05656 1029.09609  2.39%   179  410s
H13063  8214                    1014.3159211 1029.09590  1.46%   178  411s
H13067  7805                    1016.4780340 1029.09471  1.24%   178  414s
 13069  7806 1029.09471  211  685 1016.47803 1029.09471  1.24%   178  415s
 13080  7814 1029.08435  217  703 1016.47803 1029.08435  1.24%   178  421s
H13081  7423                    1018.5878521 1029.08435  1.03%   178  424s
 13083  7426 1029.02733  461  476 1018.58785 1029.02733  1.02%   180  425s
H13085  7055                    1018.5878530 1029.02733  1.02%   180  428s
H13086  6703                    1018.6284214 1029.02733  1.02%   180  429s
 13088  6704 1029.02733  321  625 1018.62842 1029.02733  1.02%   180  430s
H13094  6373                    1020.6071571 1029.02733  0.83%   180  433s
 13098  6376 1029.02733  268  697 1020.60716 1029.02733  0.83%   180  435s
 13103  6379 1029.01449  624  692 1020.60716 1029.01449  0.82%   180  440s
H13106  6062                    1020.7307092 1029.01449  0.81%   182  443s
 13109  6064 1029.01449  759  643 1020.73071 1029.01449  0.81%   182  445s
H13116  5766                    1020.7307098 1029.01449  0.81%   182  447s
 13120  5769 1029.01449  560  681 1020.73071 1029.01449  0.81%   182  450s
 13124  5772 1028.97415   66  657 1020.73071 1028.97415  0.81%   183  472s
 13126  5774 1028.90129   67  661 1020.73071 1028.90129  0.80%   183  489s
 13128  5777 1028.86872   68  586 1020.73071 1028.86872  0.80%   183  507s
 13132  5784 1028.83435   69  613 1020.73071 1028.83435  0.79%   184  510s
H13159  5523                    1022.0895254 1028.67937  0.64%   186  513s
 13204  5531 1027.91690   72  660 1022.08953 1028.64861  0.64%   188  515s
H13228  5266                    1022.2130775 1028.64861  0.63%   188  516s
H13240  5002                    1022.8191381 1028.64846  0.57%   189  516s
 13448  5076 1027.64704   77  518 1022.81914 1028.58118  0.56%   193  520s
 14299  5305 1025.94246   85  514 1022.81914 1028.58118  0.56%   202  525s
*15286  5353             140    1022.9071825 1028.58118  0.55%   209  529s
 15403  5317 1023.20240  114   50 1022.90718 1028.58118  0.55%   210  531s
H15404  5040                    1023.1186402 1028.58118  0.53%   210  531s
H15417  4800                    1023.2525097 1028.58118  0.52%   210  531s
H15426  4585                    1023.6935648 1028.58118  0.48%   211  531s
 16261  4802 1024.75022   95  465 1023.69356 1028.44220  0.46%   217  535s
 16686  4780 1026.13112   85  476 1023.69356 1027.97910  0.42%   219  540s
H16689  4542                    1023.7447375 1027.97910  0.41%   219  542s
 16695  4546 1024.43688   83  611 1023.74474 1027.97910  0.41%   219  545s
 16702  4551 1024.48269  101  665 1023.74474 1027.97910  0.41%   219  550s
 16703  4554 1027.97910   76  660 1023.74474 1027.97910  0.41%   220  570s
 16705  4556 1027.97910   77  611 1023.74474 1027.97910  0.41%   220  586s
 16709  4558 1027.97910   78  571 1023.74474 1027.97910  0.41%   221  599s
 16715  4565 1027.97910   79  673 1023.74474 1027.97910  0.41%   221  602s
H16749  4360                    1023.7959102 1027.97910  0.41%   222  604s
H16759  4140                    1023.8470829 1027.97910  0.40%   222  604s
 16768  4155 1027.97910   82  580 1023.84708 1027.97910  0.40%   223  605s
H16836  3968                    1023.8470834 1027.97910  0.40%   224  608s
 16955  4050 1026.82302   85  575 1023.84708 1027.97910  0.40%   226  610s
 17689  4191     cutoff   93      1023.84708 1027.97910  0.40%   229  615s
 18838  4465 1025.26622  100  509 1023.84708 1027.97910  0.40%   232  620s
 20108  4766 1025.28065  113  421 1023.84708 1027.97910  0.40%   233  625s
H20290  4523                    1023.8470839 1027.97910  0.40%   234  627s
H20293  4337                    1023.8470841 1027.97910  0.40%   234  627s
H20324  4149                    1023.8470857 1027.97910  0.40%   234  627s
 20951  4451 1026.49087   90  301 1023.84709 1027.38080  0.35%   236  630s
H22248  4498                    1024.1366171 1027.13646  0.29%   237  634s
 22495  4588 1025.73988   95  631 1024.13662 1027.13646  0.29%   236  635s
H23692  4445                    1024.1931208 1027.10500  0.28%   236  637s
 24451  4561 1025.63675   96  312 1024.19312 1026.94963  0.27%   238  640s
*24557  4237             115    1024.2971897 1026.94963  0.26%   238  640s
 26138  4722 1024.99413  100  436 1024.29719 1026.66926  0.23%   239  645s
 28147  5533 1024.46769   97  568 1024.29719 1026.52961  0.22%   239  650s
H28589  5214                    1024.4741012 1026.47168  0.19%   239  650s
 29479  5494 1025.07935   90  547 1024.47410 1026.43701  0.19%   239  663s
H29487  4800                    1024.7598154 1026.43701  0.16%   239  663s
 29898  4805     cutoff   99      1024.75982 1026.43229  0.16%   239  665s
 31754  5234 1024.88586  101  486 1024.75982 1026.28876  0.15%   240  670s
 33613  5436 1025.09281   91  344 1024.75982 1026.17029  0.14%   240  675s
*34846  5014             122    1024.9225987 1026.11050  0.12%   240  677s
 36859  4868     cutoff   94      1024.92260 1025.98521  0.10%   240  682s
*37101  4534             132    1025.0009099 1025.97727  0.10%   240  682s
H37620  2993                    1025.3316656 1025.96720  0.06%   240  682s
 38057  1974 1025.53793  100  362 1025.33167 1025.91047  0.06%   239  685s
*41094   264             122    1025.4330564 1025.71846  0.03%   233  687s

Cutting planes:
  Gomory: 17
  Cover: 1
  Clique: 36
  MIR: 12
  Flow cover: 35
  Zero half: 153
  RLT: 2

Explored 41606 nodes (9709022 simplex iterations) in 687.59 seconds
Thread count was 24 (of 48 available processors)

Solution count 10: 1025.43 1025.33 1025 ... 1023.85

Optimal solution found (tolerance 1.00e-04)
Best objective 1.025433056379e+03, best bound 1.025508520574e+03, gap 0.0074%
