
Gurobi 9.0.2 (linux64) logging started Sun May 24 22:04:00 2020

Changed value of parameter LogFile to gurobi_logs/2020-05-24_22:03:54-rproblem7_mode=optimality_no_sdp.log
   Prev:   Default: 
Parameter MIPFocus unchanged
   Value: 0  Min: 0  Max: 3  Default: 0
Parameter SolutionLimit unchanged
   Value: 2000000000  Min: 1  Max: 2000000000  Default: 2000000000
Parameter LogToConsole unchanged
   Value: 1  Min: 0  Max: 1  Default: 1
Changed value of parameter TimeLimit to 18000.0
   Prev: inf  Min: 0.0  Max: inf  Default: inf
Gurobi Optimizer version 9.0.2 build v9.0.2rc0 (linux64)
Optimize a model with 227790 rows, 146612 columns and 4682717 nonzeros
Model fingerprint: 0x96cdcde8
Variable types: 56 continuous, 146556 integer (131868 binary)
Coefficient statistics:
  Matrix range     [2e-02, 2e+02]
  Objective range  [2e-01, 2e+00]
  Bounds range     [1e+00, 1e+00]
  RHS range        [1e+00, 4e+02]
Presolve removed 186502 rows and 97793 columns (presolve time = 5s) ...
Presolve removed 186502 rows and 97793 columns
Presolve time: 6.68s
Presolved: 41288 rows, 48819 columns, 440256 nonzeros
Variable types: 1 continuous, 48818 integer (48798 binary)

Deterministic concurrent LP optimizer: primal and dual simplex
Showing first log only...


Root simplex log...

Iteration    Objective       Primal Inf.    Dual Inf.      Time
       0    7.8824072e+03   1.885062e+03   3.200995e+09      8s
   19712    5.6425953e+03   0.000000e+00   3.726556e+05     10s
   29902    7.8324416e+03   0.000000e+00   2.035095e+06     15s
Concurrent spin time: 0.84s

Solved with dual simplex

Root relaxation: objective 8.601128e+03, 18892 iterations, 10.30 seconds
Total elapsed time = 23.42s
Total elapsed time = 26.41s
Total elapsed time = 30.03s
Total elapsed time = 36.04s

    Nodes    |    Current Node    |     Objective Bounds      |     Work
 Expl Unexpl |  Obj  Depth IntInf | Incumbent    BestBd   Gap | It/Node Time

     0     0 8601.12780    0 2964          - 8601.12780      -     -   37s
     0     0 8599.24287    0 3454          - 8599.24287      -     -   45s
     0     0 8597.85065    0 3655          - 8597.85065      -     -   53s
     0     0 8596.38273    0 3942          - 8596.38273      -     -   64s
     0     0 8593.21567    0 4097          - 8593.21567      -     -   74s
     0     0 8589.98124    0 4230          - 8589.98124      -     -   88s
     0     0 8589.31080    0 4279          - 8589.31080      -     -   96s
     0     0 8588.81412    0 4287          - 8588.81412      -     -  101s
     0     0 8588.26334    0 4461          - 8588.26334      -     -  108s
     0     0 8588.09723    0 4490          - 8588.09723      -     -  112s
     0     0 8588.03765    0 4430          - 8588.03765      -     -  116s
     0     0 8588.03111    0 4510          - 8588.03111      -     -  116s
     0     0 8588.03095    0 4554          - 8588.03095      -     -  117s
     0     0 8579.93034    0 4699          - 8579.93034      -     -  131s
     0     0 8575.20635    0 4874          - 8575.20635      -     -  143s
     0     0 8571.72659    0 5205          - 8571.72659      -     -  157s
     0     0 8565.11103    0 5351          - 8565.11103      -     -  175s
     0     0 8562.75594    0 5499          - 8562.75594      -     -  185s
     0     0 8560.92009    0 5791          - 8560.92009      -     -  199s
     0     0 8559.88808    0 5960          - 8559.88808      -     -  208s
     0     0 8558.97942    0 5906          - 8558.97942      -     -  220s
     0     0 8558.66806    0 6042          - 8558.66806      -     -  229s
     0     0 8558.41301    0 6050          - 8558.41301      -     -  237s
     0     0 8558.26283    0 6042          - 8558.26283      -     -  242s
     0     0 8558.22371    0 6051          - 8558.22371      -     -  245s
     0     0 8558.21053    0 6119          - 8558.21053      -     -  248s
     0     0 8558.20549    0 6124          - 8558.20549      -     -  251s
     0     0 8548.84390    0 6049          - 8548.84390      -     -  281s
     0     0 8529.40818    0 6029          - 8529.40818      -     -  304s
     0     0 8512.08756    0 6274          - 8512.08756      -     -  330s
     0     0 8509.51547    0 6252          - 8509.51547      -     -  350s
     0     0 8504.50381    0 6546          - 8504.50381      -     -  371s
     0     0 8501.49141    0 6594          - 8501.49141      -     -  391s
     0     0 8500.13993    0 6585          - 8500.13993      -     -  406s
     0     0 8499.07319    0 6646          - 8499.07319      -     -  430s
     0     0 8498.59797    0 6768          - 8498.59797      -     -  443s
     0     0 8497.98598    0 6850          - 8497.98598      -     -  454s
     0     0 8497.80328    0 6907          - 8497.80328      -     -  467s
     0     0 8497.56924    0 6891          - 8497.56924      -     -  477s
     0     0 8497.42938    0 6886          - 8497.42938      -     -  486s
     0     0 8497.38755    0 6916          - 8497.38755      -     -  493s
     0     0 8497.25941    0 6903          - 8497.25941      -     -  502s
     0     0 8497.23440    0 6944          - 8497.23440      -     -  506s
     0     0 8497.21945    0 6919          - 8497.21945      -     -  510s
     0     0 8474.22867    0 6793          - 8474.22867      -     -  576s
     0     0 8466.19009    0 6746          - 8466.19009      -     -  602s
     0     0 8456.07590    0 6769          - 8456.07590      -     -  638s
     0     0 8449.00042    0 6761          - 8449.00042      -     -  668s
     0     0 8444.96399    0 6825          - 8444.96399      -     -  681s
     0     0 8442.47368    0 6902          - 8442.47368      -     -  690s
     0     0 8441.07305    0 6927          - 8441.07305      -     -  699s
     0     0 8440.34064    0 7056          - 8440.34064      -     -  705s
     0     0 8440.01196    0 7055          - 8440.01196      -     -  708s
     0     0 8439.89443    0 7103          - 8439.89443      -     -  711s
     0     0 8439.87831    0 7126          - 8439.87831      -     -  713s
     0     0 8341.35798    0 6916          - 8341.35798      -     -  743s
     0     0 8330.09234    0 6992          - 8330.09234      -     -  759s
     0     0 8319.40278    0 7033          - 8319.40278      -     -  775s
     0     0 8315.36276    0 7211          - 8315.36276      -     -  781s
     0     0 8310.33945    0 7374          - 8310.33945      -     -  792s
     0     0 8307.23863    0 7360          - 8307.23863      -     -  804s
     0     0 8305.94012    0 7344          - 8305.94012      -     -  813s
     0     0 8304.84257    0 7397          - 8304.84257      -     -  817s
     0     0 8304.61284    0 7401          - 8304.61284      -     -  822s
     0     0 8304.54989    0 7460          - 8304.54989      -     -  824s
     0     0 8223.11694    0 6977          - 8223.11694      -     -  850s
     0     0 8206.14150    0 7153          - 8206.14150      -     -  867s
     0     0 8200.13923    0 7261          - 8200.13923      -     -  878s
     0     0 8192.27722    0 7290          - 8192.27722      -     -  894s
     0     0 8190.53937    0 7406          - 8190.53937      -     -  904s
     0     0 8189.01515    0 7615          - 8189.01515      -     -  914s
     0     0 8188.08294    0 7531          - 8188.08294      -     -  924s
     0     0 8187.77264    0 7717          - 8187.77264      -     -  930s
     0     0 8187.55490    0 7772          - 8187.55490      -     -  934s
     0     0 8187.51291    0 7830          - 8187.51291      -     -  937s
     0     0 8139.04296    0 7189          - 8139.04296      -     -  966s
     0     0 8130.96789    0 7271          - 8130.96789      -     -  986s
     0     0 8127.85674    0 7403          - 8127.85674      -     -  998s
     0     0 8124.46007    0 7602          - 8124.46007      -     - 1012s
     0     0 8123.15217    0 7757          - 8123.15217      -     - 1022s
     0     0 8122.83952    0 7806          - 8122.83952      -     - 1028s
     0     0 8122.58804    0 7768          - 8122.58804      -     - 1036s
     0     0 8122.50157    0 7856          - 8122.50157      -     - 1041s
     0     0 8093.76649    0 7447          - 8093.76649      -     - 1066s
     0     0 8087.12510    0 7737          - 8087.12510      -     - 1082s
     0     0 8084.23351    0 7679          - 8084.23351      -     - 1102s
     0     0 8083.01564    0 7831          - 8083.01564      -     - 1112s
     0     0 8082.20039    0 7924          - 8082.20039      -     - 1124s
     0     0 8081.77405    0 7908          - 8081.77405      -     - 1132s
     0     0 8081.66473    0 8004          - 8081.66473      -     - 1135s
     0     0 8060.56464    0 7679          - 8060.56464      -     - 1164s
     0     0 8055.89738    0 7658          - 8055.89738      -     - 1174s
     0     0 8053.85433    0 7842          - 8053.85433      -     - 1180s
     0     0 8052.90698    0 7968          - 8052.90698      -     - 1186s
     0     0 8052.48356    0 7950          - 8052.48356      -     - 1190s
     0     0 8052.24806    0 7997          - 8052.24806      -     - 1193s
     0     0 8043.56902    0 7968          - 8043.56902      -     - 1207s
     0     0 8042.06728    0 7861          - 8042.06728      -     - 1215s
     0     0 8041.45447    0 8099          - 8041.45447      -     - 1220s
     0     0 8041.34162    0 8158          - 8041.34162      -     - 1223s
     0     0 8034.74150    0 7878          - 8034.74150      -     - 1235s
     0     0 8033.79592    0 7993          - 8033.79592      -     - 1241s
     0     0 8033.15552    0 7912          - 8033.15552      -     - 1247s
     0     0 8032.94051    0 8058          - 8032.94051      -     - 1250s
     0     0 8026.17750    0 7886          - 8026.17750      -     - 1261s
     0     0 8024.86265    0 8043          - 8024.86265      -     - 1266s
     0     0 8024.11104    0 8097          - 8024.11104      -     - 1271s
     0     0 8023.95665    0 8078          - 8023.95665      -     - 1274s
     0     0 8020.15639    0 8041          - 8020.15639      -     - 1284s
     0     0 8019.18406    0 8083          - 8019.18406      -     - 1288s
     0     0 8018.78888    0 8147          - 8018.78888      -     - 1291s
     0     0 8018.66115    0 8208          - 8018.66115      -     - 1294s
     0     0 8015.76793    0 8033          - 8015.76793      -     - 1303s
     0     0 8014.83943    0 8119          - 8014.83943      -     - 1309s
     0     0 8014.62324    0 8149          - 8014.62324      -     - 1313s
     0     0 8008.73769    0 8076          - 8008.73769      -     - 1322s
     0     0 8008.02908    0 8021          - 8008.02908      -     - 1329s
     0     0 8007.81266    0 8128          - 8007.81266      -     - 1332s
     0     0 8004.33759    0 7908          - 8004.33759      -     - 1343s
     0     0 8003.80421    0 8039          - 8003.80421      -     - 1347s
     0     0 8003.32037    0 8095          - 8003.32037      -     - 1350s
     0     0 8003.22092    0 8194          - 8003.22092      -     - 1353s
     0     0 8001.53886    0 8058          - 8001.53886      -     - 1361s
H    0     0                    -47969.81447 8001.53886   117%     - 1362s
     0     0 8001.53886    0 7890 -47969.814 8001.53886   117%     - 1376s
H    0     0                    4343.5004612 7999.33506  84.2%     - 1568s
H    0     2                    4434.1215019 7999.33506  80.4%     - 1578s
     0     2 7999.33506    0 7759 4434.12150 7999.33506  80.4%     - 1578s
     1     4 7999.33506    1 7686 4434.12150 7999.33506  80.4%  7091 1584s
     3     8 7999.01109    2 7891 4434.12150 7999.33506  80.4%  4223 1597s
     7    16 7991.45994    3 8034 4434.12150 7999.33506  80.4%  5980 1624s
    15    32 7985.73144    4 8252 4434.12150 7998.68085  80.4%  8095 1672s
H   31    56                    4479.5254098 7996.08826  78.5% 11785 1707s
H   33    56                    4522.6675438 7996.08826  76.8% 11692 1707s
    55    80 7973.07908    6 8170 4522.66754 7996.08175  76.8%  9347 1733s
    79   104 7978.34754    6 8206 4522.66754 7996.08175  76.8%  8060 1761s
H  103   128                    4543.5269188 7996.08175  76.0%  7279 1787s
   127   153 7977.60769    7 8205 4543.52692 7996.08175  76.0%  6918 1812s
   152   179 7977.33971    8 8202 4543.52692 7996.08175  76.0%  6491 1845s
H  162   179                    4555.8507891 7996.08175  75.5%  6534 1846s
   178   205 7977.08356    9 8169 4555.85079 7996.08175  75.5%  6633 1868s
H  204   230                    4561.2258189 7996.08175  75.3%  6274 1898s
H  212   230                    4583.7561408 7996.08175  74.4%  6236 1898s
   229   256 7973.86127   10 8216 4583.75614 7996.08175  74.4%  6120 1919s
H  255   280                    4668.2310821 7996.08175  71.3%  5897 1959s
H  275   280                    4693.9542485 7996.08175  70.3%  5767 1959s
   279   309 7971.74752   11 8205 4693.95425 7996.08175  70.3%  5762 1981s
H  308   333                    4704.9442861 7996.08175  70.0%  5575 2020s
H  310   333                    4719.6372246 7996.08175  69.4%  5566 2020s
   332   367 7973.26209   12 8153 4719.63722 7996.08175  69.4%  5460 2048s
   366   391 7971.53434   13 8210 4719.63722 7996.08175  69.4%  5315 2099s
H  367   391                    4722.4691261 7996.08175  69.3%  5300 2099s
H  369   391                    4730.3755885 7996.08175  69.0%  5302 2099s
H  370   391                    4758.8188297 7996.08175  68.0%  5295 2099s
   390   430 7971.28194   13 8225 4758.81883 7996.08175  68.0%  5265 2130s
H  429   454                    4832.9200200 7996.08175  65.5%  5067 2274s
   453   498 7969.02824   14 8161 4832.92002 7996.08175  65.5%  5088 2305s
   497   554 7967.59515   15 8147 4832.92002 7996.08175  65.5%  4930 2337s
   553   603 7967.17136   16 8176 4832.92002 7996.08175  65.5%  4726 2367s
H  602   627                    4854.0107085 7996.08175  64.7%  4585 2510s
H  614   627                    4879.6109057 7996.08175  63.9%  4595 2510s
   626   688 7962.86226   17 8154 4879.61091 7996.08175  63.9%  4582 2542s
   687   752 7963.55791   18 8192 4879.61091 7996.08175  63.9%  4441 2574s
H  688   752                    4904.9660648 7996.08175  63.0%  4434 2574s
   751   801 7962.87154   19 8182 4904.96606 7996.08175  63.0%  4290 2654s
   800   866 7959.80348   20 8168 4904.96606 7996.08175  63.0%  4251 2691s
   865   940 7958.70271   21 8152 4904.96606 7996.08175  63.0%  4160 2735s
   939   990 7954.53123   22 8100 4904.96606 7996.08175  63.0%  4062 2891s
   989  1069 7954.52036   23 8115 4904.96606 7996.08175  63.0%  4049 2953s
H 1018  1069                    4910.3560374 7996.08175  62.8%  4054 2953s
  1068  1161 7952.48201   24 8093 4910.35604 7996.08175  62.8%  3962 3004s
H 1160  1185                    4943.9131635 7996.08175  61.7%  3853 3131s
  1184  1293 7948.88630   26 8110 4943.91316 7996.08175  61.7%  3855 3183s
  1292  1423 7946.90248   27 8087 4943.91316 7996.08175  61.7%  3743 3239s
  1422  1550 7944.88860   28 8111 4943.91316 7996.08175  61.7%  3584 3289s
  1549  1677 7943.83811   29 8051 4943.91316 7996.08175  61.7%  3461 3333s
  1676  1826 7940.97665   31 7982 4943.91316 7996.08175  61.7%  3344 3393s
  1825  1992 7939.05635   32 8027 4943.91316 7996.08175  61.7%  3229 3463s
  1991  2149 7938.91415   33 8008 4943.91316 7996.08175  61.7%  3122 3518s
H 2148  2173                    4946.6267711 7996.08175  61.6%  3035 3694s
H 2150  2173                    4985.9087492 7996.08175  60.4%  3037 3694s
  2172  2356 7932.42766   35 7963 4985.90875 7996.08175  60.4%  3033 3748s
  2355  2551 7932.42364   37 7925 4985.90875 7996.08175  60.4%  2937 3806s
  2550  2731 7932.03740   40 8016 4985.90875 7996.08175  60.4%  2846 3871s
  2730  2941 7928.74546   41 7962 4985.90875 7996.08175  60.4%  2803 3934s
  2940  3159 7925.81264   42 8007 4985.90875 7996.08175  60.4%  2730 4009s
  3158  3467 7924.64438   45 7963 4985.90875 7996.08175  60.4%  2668 4085s
H 3197  3467                    4990.3389331 7996.08175  60.2%  2650 4085s
H 3223  3467                    5004.5311949 7996.08175  59.8%  2648 4085s
H 3290  3467                    5014.6768160 7996.08175  59.5%  2621 4085s
  3466  3810 7910.35355   67 7881 5014.67682 7996.08175  59.5%  2536 4154s
  3809  4115 7921.39612   73 7976 5014.67682 7996.08175  59.5%  2409 4224s
H 4114  4139                    5016.9297822 7996.08175  59.4%  2332 4362s
H 4116  4139                    5030.0976210 7996.08175  59.0%  2334 4362s
H 4122  4139                    5104.8218842 7996.08175  56.6%  2333 4362s
  4138  4456 7919.66325   76 7941 5104.82188 7996.08175  56.6%  2332 4439s
  4455  4712 7917.25175   87 8001 5104.82188 7996.08175  56.6%  2273 4526s
H 4521  4712                    5139.3303845 7996.08175  55.6%  2262 4526s
  4711  5076 7917.25175   93 8001 5139.33038 7996.08175  55.6%  2231 4608s
  5075  5378 7916.91297  104 7966 5139.33038 7996.08175  55.6%  2167 4687s
  5377  5654 7916.81521  115 7947 5139.33038 7996.08175  55.6%  2139 4768s
  5653  5714 7916.36196  129 7934 5139.33038 7996.08175  55.6%  2127 4912s
H 5655  5714                    5148.2283971 7996.08175  55.3%  2128 4912s
H 5665  5714                    5152.0373139 7996.08175  55.2%  2130 4912s
H 5689  5714                    5176.6071835 7996.08175  54.5%  2128 4912s
  5713  6091 7916.36196  130 7931 5176.60718 7996.08175  54.5%  2124 5006s
H 6090  6456                    5180.0217304 7996.08175  54.4%  2087 5098s
H 6341  6456                    5197.8415910 7996.08175  53.8%  2050 5098s
H 6348  6456                    5208.4052539 7996.08175  53.5%  2052 5098s
  6455  6864 7915.71809  144 7951 5208.40525 7996.08175  53.5%  2046 5194s
  6863  7240 7915.34661  148 7949 5208.40525 7996.08175  53.5%  2012 5288s
H 6997  7240                    5216.6584371 7996.08175  53.3%  2015 5288s
H 7239  7304                    5218.1584371 7996.08175  53.2%  1989 5468s
H 7243  7304                    5218.4711997 7996.08175  53.2%  1989 5468s
H 7246  7304                    5222.9590938 7996.08175  53.1%  1988 5468s
H 7248  7304                    5236.3230527 7996.08175  52.7%  1988 5468s
H 7265  7304                    5243.1152119 7996.08175  52.5%  1987 5468s
H 7286  7304                    5247.9226866 7996.08175  52.4%  1985 5468s
H 7297  7304                    5268.5703897 7996.08175  51.8%  1988 5468s
  7303  7737 7914.82877  157 7887 5268.57039 7996.08175  51.8%  1988 5572s
  7736  8086 7913.82744  173 7942 5268.57039 7996.08175  51.8%  1962 5686s
H 7752  8086                    5268.7336625 7996.08175  51.8%  1963 5686s
H 7810  8086                    5299.9372630 7996.08175  50.9%  1960 5687s
  8085  8454 7906.42386  182 7907 5299.93726 7996.08175  50.9%  1954 5788s
  8453  8861 7910.93997  191 7941 5299.93726 7996.08175  50.9%  1949 5895s
H 8862  9079                    5300.5405673 7996.08175  50.9%  1941 6034s
H 8865  9079                    5303.1496158 7996.08175  50.8%  1942 6034s
H 8931  9079                    5325.5371906 7996.08175  50.1%  1937 6034s
H 8953  9079                    5330.3482414 7996.08175  50.0%  1937 6034s
H 9080  9562                    5330.5115142 7996.08175  50.0%  1930 6158s
H 9118  9562                    5330.6028711 7996.08175  50.0%  1932 6158s
H 9193  9562                    5331.8485563 7996.08175  50.0%  1930 6159s
H 9225  9562                    5332.3168550 7996.08175  50.0%  1927 6159s
H 9418  9562                    5333.0199698 7996.08175  49.9%  1923 6159s
H 9511  9562                    5346.0641892 7996.08175  49.6%  1913 6159s
  9565 10207 7886.20645  215 7906 5346.06419 7996.08175  49.6%  1911 6287s
H10210 10560                    5348.9345596 7996.08175  49.5%  1873 6433s
H10309 10560                    5368.3832666 7996.08175  48.9%  1869 6433s
H10444 10560                    5372.2527518 7996.08175  48.8%  1861 6433s
 10563 11186 7902.69590  229 7937 5372.25275 7996.08175  48.8%  1854 6560s
 11189 11917 7875.90124  250 7930 5372.25275 7996.08175  48.8%  1831 6701s
H11922 12314                    5372.5025810 7996.08175  48.8%  1795 6888s
H11942 12314                    5376.6838613 7996.08175  48.7%  1796 6888s
H11985 12314                    5377.4626447 7996.08175  48.7%  1795 6888s
H12000 12314                    5408.0343313 7996.08175  47.9%  1794 6888s
 12319 13047 7895.12277  264 7955 5408.03433 7996.08175  47.9%  1776 7033s
 13055 13048 7888.69178  262 7890 5408.03433 7996.08175  47.9%  1752 7305s
H13056 12396                    5437.0324354 7631.16598  40.4%  1751 7370s
 13057 12396 7545.73474  636 5846 5437.03244 7631.16598  40.4%  1751 7376s
H13057 11776                    5438.9504682 7613.79724  40.0%  1751 7404s
 13059 11778 7136.33354  423 7007 5438.95047 7523.43743  38.3%  1751 7444s
 13060 11778 7291.91297  598 6950 5438.95047 7291.91297  34.1%  1751 7478s
 13061 11779 7213.43061  399 7088 5438.95047 7213.43061  32.6%  1751 7508s
 13062 11780 6917.73673  546 7171 5438.95047 7181.47444  32.0%  1751 7529s
 13063 11780 7177.21732  221 7276 5438.95047 7177.21732  32.0%  1750 7540s
 13064 11781 7175.93295  327 7330 5438.95047 7175.93295  31.9%  1750 7545s
 13066 11782 7175.89654  389 7306 5438.95047 7175.89654  31.9%  1750 7552s
 13067 11783 7134.76753  639 7287 5438.95047 7134.76753  31.2%  1750 7583s
 13068 11784 7108.52068  210 7410 5438.95047 7108.52068  30.7%  1750 7602s
 13069 11784 7097.75175  184 7480 5438.95047 7097.75175  30.5%  1750 7622s
 13070 11785 7093.29402  212 7480 5438.95047 7093.29402  30.4%  1750 7633s
 13071 11786 7083.41831  219 7525 5438.95047 7083.41831  30.2%  1749 7646s
 13072 11786 7080.80304   14 7611 5438.95047 7080.80304  30.2%  1749 7656s
 13075 11788 7080.54246  530 7555 5438.95047 7080.54246  30.2%  1749 7668s
H13075 11198                    5457.1659453 7080.54246  29.7%  1749 7700s
H13075 10638                    5460.0860334 7041.62299  29.0%  1749 7701s
 13077 10640 7021.01044  328 7532 5460.08603 7021.01044  28.6%  1749 7720s
 13078 10640 7012.72355  545 7575 5460.08603 7012.72355  28.4%  1748 7735s
 13079 10641 7006.54686  189 7620 5460.08603 7006.54686  28.3%  1748 7754s
 13080 10642 7004.47291  880 7653 5460.08603 7004.47291  28.3%  1748 7768s
 13081 10642 6991.84425  355 7611 5460.08603 6991.84425  28.1%  1748 7786s
 13082 10643 6986.54409  264 7685 5460.08603 6986.54409  28.0%  1748 7799s
 13083 10644 6984.99626   46 7715 5460.08603 6984.99626  27.9%  1748 7811s
 13084 10644 6984.54878  293 7753 5460.08603 6984.54878  27.9%  1748 7815s
 13087 10646 6984.31281  662 7790 5460.08603 6984.31281  27.9%  1747 7828s
H13087 10113                    5461.4255441 6945.11744  27.2%  1747 7881s
 13089 10115 6930.50963  305 7757 5461.42554 6930.50963  26.9%  1747 7906s
 13090 10115 6923.43643  117 7690 5461.42554 6923.43643  26.8%  1747 7926s
 13091 10116 6920.31023  168 7775 5461.42554 6920.31023  26.7%  1747 7942s
 13092 10117 6919.37199  173 7725 5461.42554 6919.37199  26.7%  1747 7950s
 13093 10117 6693.76242  553 7686 5461.42554 6915.55638  26.6%  1746 7965s
 13094 10118 6915.05852  107 7759 5461.42554 6915.05852  26.6%  1746 7971s
 13095 10119 6910.34357  437 7857 5461.42554 6910.34357  26.5%  1746 7989s
 13096 10119 6908.91593  173 7833 5461.42554 6908.91593  26.5%  1746 7999s
 13097 10120 6908.22158  757 7909 5461.42554 6908.22158  26.5%  1746 8007s
 13098 10121 6907.64138   28 7884 5461.42554 6907.64138  26.5%  1746 8014s
 13099 10121 6907.44061  360 7911 5461.42554 6907.44061  26.5%  1746 8017s
 13101 10123 6907.37825  349 7899 5461.42554 6907.37825  26.5%  1745 8034s
H13101  9616                    5462.9351927 6882.56871  26.0%  1745 8084s
 13103  9617 6869.25057  584 7735 5462.93519 6869.25057  25.7%  1745 8112s
 13104  9618 6863.81351   91 7820 5462.93519 6863.81351  25.6%  1745 8135s
 13105  9618 6862.30567  123 7871 5462.93519 6862.30567  25.6%  1745 8150s
 13106  9619 6861.69726  205 7865 5462.93519 6861.69726  25.6%  1745 8159s
 13107  9620 6858.20632  535 7902 5462.93519 6858.20632  25.5%  1745 8172s
 13108  9620 6857.88466  417 7938 5462.93519 6857.88466  25.5%  1744 8178s
 13109  9621 6856.58061  202 7922 5462.93519 6856.58061  25.5%  1744 8191s
 13110  9622 6855.96182  244 8040 5462.93519 6855.96182  25.5%  1744 8199s
 13111  9622 6855.49113  318 8077 5462.93519 6855.49113  25.5%  1744 8207s
 13112  9623 6855.04321   90 7998 5462.93519 6855.04321  25.5%  1744 8214s
 13113  9624 6854.90327  426 7998 5462.93519 6854.90327  25.5%  1744 8218s
 13114  9624 6854.88152   40 8024 5462.93519 6854.88152  25.5%  1744 8232s
 13115  9625 6836.18267  538 7900 5462.93519 6836.18267  25.1%  1744 8289s
 13116  9626 6829.07064  176 8020 5462.93519 6829.07064  25.0%  1743 8315s
 13117  9626 6826.24632  673 7977 5462.93519 6826.24632  25.0%  1743 8340s
 13118  9627 6824.99291  720 8002 5462.93519 6824.99291  24.9%  1743 8352s
 13119  9628 6823.09150  394 8027 5462.93519 6823.09150  24.9%  1743 8368s
 13120  9628 6821.14161  803 7982 5462.93519 6821.14161  24.9%  1743 8382s
 13121  9629 6820.48510  568 8107 5462.93519 6820.48510  24.9%  1743 8391s
 13122  9630 6819.71257  479 8101 5462.93519 6819.71257  24.8%  1743 8401s
 13123  9630 6819.48995   91 8120 5462.93519 6819.48995  24.8%  1742 8407s
 13124  9631 6819.24015   13 8161 5462.93519 6819.24015  24.8%  1742 8413s
 13125  9632 6819.14534   80 8121 5462.93519 6819.14534  24.8%  1742 8417s
 13126  9632 6819.11836  415 8122 5462.93519 6819.11836  24.8%  1742 8431s
 13127  9633 6806.44552  185 7846 5462.93519 6806.44552  24.6%  1742 8480s
 13128  9634 6799.73357  272 7900 5462.93519 6799.73357  24.5%  1742 8511s
H13128  9151                    5481.1723827 6799.73357  24.1%  1742 8536s
 13130  9152 6486.27261  664 7943 5481.17238 6795.11603  24.0%  1742 8551s
 13131  9153 6793.89977  318 7998 5481.17238 6793.89977  23.9%  1741 8563s
 13132  9153 6792.85313  242 8015 5481.17238 6792.85313  23.9%  1741 8576s
 13133  9154 6791.84418  234 8173 5481.17238 6791.84418  23.9%  1741 8587s
 13134  9155 6791.29472  718 8100 5481.17238 6791.29472  23.9%  1741 8595s
 13135  9155 6791.01632  123 8071 5481.17238 6791.01632  23.9%  1741 8602s
 13136  9156 6790.72764  446 8097 5481.17238 6790.72764  23.9%  1741 8611s
 13137  9157 6790.67179  217 8221 5481.17238 6790.67179  23.9%  1741 8616s
 13138  9157 6790.65682  154 8170 5481.17238 6790.65682  23.9%  1740 8638s
 13139  9158 6777.63455   38 8007 5481.17238 6777.63455  23.7%  1740 8694s
H13139  8699                    5504.8567866 6777.63455  23.1%  1740 8725s
 13141  8700 6767.47623  104 8034 5504.85679 6767.47623  22.9%  1740 8748s
 13142  8701 6766.35990  208 8068 5504.85679 6766.35990  22.9%  1740 8763s
 13143  8702 6765.96502  317 8073 5504.85679 6765.96502  22.9%  1740 8774s
 13144  8702 6765.80453  546 8116 5504.85679 6765.80453  22.9%  1740 8779s
 13145  8703 6763.41207  418 8117 5504.85679 6763.41207  22.9%  1740 8794s
 13146  8704 6762.79690   18 8125 5504.85679 6762.79690  22.9%  1739 8805s
 13147  8704 6762.49719  113 8177 5504.85679 6762.49719  22.8%  1739 8813s
 13148  8705 6762.07986  770 8227 5504.85679 6762.07986  22.8%  1739 8822s
 13149  8706 6761.97588   92 8207 5504.85679 6761.97588  22.8%  1739 8827s
 13150  8706 6761.64023  460 8300 5504.85679 6761.64023  22.8%  1739 8837s
 13151  8707 6761.11352  709 8315 5504.85679 6761.11352  22.8%  1739 8847s
 13152  8708 6760.98363  152 8290 5504.85679 6760.98363  22.8%  1739 8853s
 13153  8708 6760.95679   21 8266 5504.85679 6760.95679  22.8%  1739 8875s
 13154  8709 6750.40858  220 8083 5504.85679 6750.40858  22.6%  1738 8942s
 13155  8710 6745.85194  262 8090 5504.85679 6745.85194  22.5%  1738 8970s
 13156  8710 6743.55323  234 8178 5504.85679 6743.55323  22.5%  1738 8991s
 13157  8711 6742.66142  636 8274 5504.85679 6742.66142  22.5%  1738 9005s
 13158  8712 6742.26727  246 8258 5504.85679 6742.26727  22.5%  1738 9014s
 13159  8712 6741.06900  423 8269 5504.85679 6741.06900  22.5%  1738 9030s
 13160  8713 6739.44757  598 8194 5504.85679 6739.44757  22.4%  1738 9051s
 13161  8714 6739.12538  399 8180 5504.85679 6739.12538  22.4%  1737 9059s
 13162  8714 6739.00229  546 8285 5504.85679 6739.00229  22.4%  1737 9065s
 13163  8715 6738.80996  221 8213 5504.85679 6738.80996  22.4%  1737 9072s
 13164  8716 6738.70551  327 8238 5504.85679 6738.70551  22.4%  1737 9076s
 13165  8716 6738.59968  495 8261 5504.85679 6738.59968  22.4%  1737 9082s
 13166  8717 6738.32564  389 8335 5504.85679 6738.32564  22.4%  1737 9091s
 13167  8718 6738.17267  639 8355 5504.85679 6738.17267  22.4%  1737 9098s
 13168  8718 6738.12650  210 8329 5504.85679 6738.12650  22.4%  1737 9102s
 13169  8719 6738.11422  184 8342 5504.85679 6738.11422  22.4%  1736 9118s
 13170  8720 6728.58417  212 8037 5504.85679 6728.58417  22.2%  1736 9190s
 13171  8720 6726.53027  219 8161 5504.85679 6726.53027  22.2%  1736 9213s
 13172  8721 6725.44314   14 8102 5504.85679 6725.44314  22.2%  1736 9231s
 13173  8722 6725.15362  548 8190 5504.85679 6725.15362  22.2%  1736 9240s
 13174  8722 6724.89933  124 8174 5504.85679 6724.89933  22.2%  1736 9248s
 13175  8723 6724.45768  530 8199 5504.85679 6724.45768  22.2%  1736 9257s
 13176  8724 6724.36517  208 8254 5504.85679 6724.36517  22.2%  1735 9262s
 13177  8724 6723.10222  328 8190 5504.85679 6723.10222  22.1%  1735 9276s
 13178  8725 6722.75987  545 8251 5504.85679 6722.75987  22.1%  1735 9283s
 13179  8726 6722.62940  189 8254 5504.85679 6722.62940  22.1%  1735 9288s
 13180  8726 6722.04100  880 8268 5504.85679 6722.04100  22.1%  1735 9297s
 13181  8727 6721.97477  355 8332 5504.85679 6721.97477  22.1%  1735 9302s
 13182  8728 6721.75507  264 8322 5504.85679 6721.75507  22.1%  1735 9310s
 13185  8730 6481.57834  666 8322 5504.85679 6721.64690  22.1%  1734 9338s
H13185  8291                    5522.0131026 6716.25325  21.6%  1734 9433s
 13187  8292 6715.03656  662 8209 5522.01310 6715.03656  21.6%  1734 9453s
 13188  8293 6714.43052  193 8217 5522.01310 6714.43052  21.6%  1734 9469s
 13189  8293 6714.07399  305 8334 5522.01310 6714.07399  21.6%  1734 9477s
 13190  8294 6713.00489  117 8305 5522.01310 6713.00489  21.6%  1734 9496s
 13191  8295 6712.68908  168 8350 5522.01310 6712.68908  21.6%  1734 9505s
 13192  8295 6712.26637  173 8377 5522.01310 6712.26637  21.6%  1733 9514s
 13193  8296 6693.76242  553 8414 5522.01310 6712.12905  21.6%  1733 9521s
 13195  8297 6712.04014  437 8370 5522.01310 6712.04014  21.6%  1733 9528s
 13196  8298 6712.02307  173 8373 5522.01310 6712.02307  21.6%  1733 9550s
H13196  7881                    5522.2866660 6704.26642  21.4%  1733 9621s
 13198  7882 6703.11332   28 8145 5522.28667 6703.11332  21.4%  1733 9645s
 13199  7883 6702.40935  360 8182 5522.28667 6702.40935  21.4%  1732 9658s
 13200  7884 6702.03784   57 8188 5522.28667 6702.03784  21.4%  1732 9666s
 13201  7884 6701.80585  349 8222 5522.28667 6701.80585  21.4%  1732 9673s
 13202  7885 6701.69234  145 8351 5522.28667 6701.69234  21.4%  1732 9680s
 13203  7886 6699.96199  584 8254 5522.28667 6699.96199  21.3%  1732 9697s
 13204  7886 6699.86454   91 8290 5522.28667 6699.86454  21.3%  1732 9702s
 13205  7887 6699.77352  123 8368 5522.28667 6699.77352  21.3%  1732 9708s
 13206  7888 6699.43050  205 8290 5522.28667 6699.43050  21.3%  1732 9714s
 13207  7888 6699.39210  535 8355 5522.28667 6699.39210  21.3%  1731 9717s
 13208  7889 6699.27833  417 8353 5522.28667 6699.27833  21.3%  1731 9721s
 13210  7890 6699.16177  244 8344 5522.28667 6699.16177  21.3%  1731 9728s
 13211  7891 6699.11897  318 8430 5522.28667 6699.11897  21.3%  1731 9732s
 13213  7892 6699.07203  426 8375 5522.28667 6699.07203  21.3%  1731 9753s
H13213  7495                    5533.2962747 6695.21598  21.0%  1731 9809s
 13215  7497 6693.26179  538 8284 5533.29627 6693.26179  21.0%  1730 9830s
 13216  7497 6692.61484  176 8330 5533.29627 6692.61484  21.0%  1730 9845s
 13217  7498 6692.28163  673 8419 5533.29627 6692.28163  20.9%  1730 9857s
 13218  7499 6691.88050  720 8339 5533.29627 6691.88050  20.9%  1730 9866s
H13218  7121                    5546.3265699 6691.88050  20.7%  1730 9878s
 13220  7122 6691.32746  803 8346 5546.32657 6691.32746  20.6%  1730 9882s
 13221  7123 6691.05605  568 8356 5546.32657 6691.05605  20.6%  1730 9889s
 13222  7123 6690.88486  479 8450 5546.32657 6690.88486  20.6%  1729 9896s
 13223  7124 6690.75509   91 8479 5546.32657 6690.75509  20.6%  1729 9901s
 13224  7125 6690.50372   13 8411 5546.32657 6690.50372  20.6%  1729 9910s
 13225  7125 6690.47720   80 8493 5546.32657 6690.47720  20.6%  1729 9931s
H13225  6766                    5570.7964479 6687.19368  20.0%  1729 9996s
 13227  6768 6686.63844  185 8307 5570.79645 6686.63844  20.0%  1729 10009s
 13228  6768 6686.28317  272 8422 5570.79645 6686.28317  20.0%  1729 10019s
 13229  6769 6685.87800  260 8422 5570.79645 6685.87800  20.0%  1729 10030s
 13231  6770 6685.51336  318 8463 5570.79645 6685.51336  20.0%  1728 10043s
 13232  6771 6685.36156  242 8487 5570.79645 6685.36156  20.0%  1728 10051s
 13233  6772 6685.29564  234 8556 5570.79645 6685.29564  20.0%  1728 10056s
 13234  6772 6685.04588  718 8413 5570.79645 6685.04588  20.0%  1728 10067s
 13235  6773 6685.01954  123 8519 5570.79645 6685.01954  20.0%  1728 10100s
H13235  6431                    5600.3978387 6681.30740  19.3%  1728 10222s
 13237  6432 6680.75429  217 8318 5600.39784 6680.75429  19.3%  1727 10235s
 13238  6433 6680.25879  154 8318 5600.39784 6680.25879  19.3%  1727 10245s
 13239  6434 6679.84616   38 8447 5600.39784 6679.84616  19.3%  1727 10255s
 13240  6434 6679.48167   72 8419 5600.39784 6679.48167  19.3%  1727 10267s
 13241  6435 6679.37784  104 8403 5600.39784 6679.37784  19.3%  1727 10274s
 13242  6436 6679.30687  208 8440 5600.39784 6679.30687  19.3%  1727 10280s
 13244  6437 6679.13445  546 8569 5600.39784 6679.13445  19.3%  1727 10292s
 13245  6438 6679.10613  418 8570 5600.39784 6679.10613  19.3%  1726 10295s
 13246  6438 6678.95444   18 8603 5600.39784 6678.95444  19.3%  1726 10301s
 13247  6439 6678.94286  113 8639 5600.39784 6678.94286  19.3%  1726 10361s
H13247  6114                    5612.8890664 6672.32403  18.9%  1726 10486s
 13249  6115 6670.95107   92 8346 5612.88907 6670.95107  18.9%  1726 10504s
 13250  6116 6669.79023  460 8334 5612.88907 6669.79023  18.8%  1726 10529s
 13251  6117 6669.26604  709 8393 5612.88907 6669.26604  18.8%  1726 10542s
 13252  6117 6668.80568  152 8375 5612.88907 6668.80568  18.8%  1726 10555s
 13253  6118 6668.74634   21 8358 5612.88907 6668.74634  18.8%  1725 10560s
 13254  6119 6667.78351  220 8431 5612.88907 6667.78351  18.8%  1725 10577s
 13255  6119 6666.20842  262 8528 5612.88907 6666.20842  18.8%  1725 10594s
 13256  6120 6666.06680  234 8480 5612.88907 6666.06680  18.8%  1725 10605s
 13257  6121 6665.98080  636 8522 5612.88907 6665.98080  18.8%  1725 10612s
 13258  6121 6665.83552  246 8483 5612.88907 6665.83552  18.8%  1725 10621s
 13259  6122 6665.80908  423 8544 5612.88907 6665.80908  18.8%  1725 10677s
 13260  6123 6662.03319  598 8297 5612.88907 6662.03319  18.7%  1724 10746s
 13261  6123 6661.11351  399 8335 5612.88907 6661.11351  18.7%  1724 10768s
 13262  6124 6660.67606  546 8382 5612.88907 6660.67606  18.7%  1724 10780s
 13263  6125 6660.39827  221 8341 5612.88907 6660.39827  18.7%  1724 10793s
 13264  6125 6659.96322  327 8481 5612.88907 6659.96322  18.7%  1724 10803s
 13265  6126 6659.83355  495 8426 5612.88907 6659.83355  18.7%  1724 10810s
 13266  6127 6659.72944  389 8430 5612.88907 6659.72944  18.7%  1724 10815s
 13267  6127 6659.43990  639 8449 5612.88907 6659.43990  18.6%  1724 10825s
 13268  6128 6659.28942  210 8459 5612.88907 6659.28942  18.6%  1723 10830s
 13269  6129 6658.77600  184 8467 5612.88907 6658.77600  18.6%  1723 10841s
 13270  6129 6658.65452  212 8534 5612.88907 6658.65452  18.6%  1723 10846s
 13271  6130 6658.00947  219 8393 5612.88907 6658.00947  18.6%  1723 10866s
 13272  6131 6657.92933   14 8455 5612.88907 6657.92933  18.6%  1723 10870s
 13274  6132 6657.66935  124 8403 5612.88907 6657.66935  18.6%  1723 10884s
 13275  6133 6657.63996  530 8477 5612.88907 6657.63996  18.6%  1723 10887s
 13276  6133 6657.40986  208 8557 5612.88907 6657.40986  18.6%  1722 10899s
 13277  6134 6657.37333  328 8522 5612.88907 6657.37333  18.6%  1722 10902s
 13278  6135 6657.36585  545 8530 5612.88907 6657.36585  18.6%  1722 10923s
 13279  6135 6655.23189  189 8384 5612.88907 6655.23189  18.6%  1722 10996s
 13280  6136 6654.71403  880 8413 5612.88907 6654.71403  18.6%  1722 11006s
 13281  6137 6654.49012  355 8455 5612.88907 6654.49012  18.6%  1722 11013s
 13282  6137 6654.39016  264 8592 5612.88907 6654.39016  18.6%  1722 11024s
 13283  6138 6654.36185   46 8601 5612.88907 6654.36185  18.6%  1721 11028s
 13284  6139 6654.19324  293 8506 5612.88907 6654.19324  18.6%  1721 11038s
 13285  6139 6481.57834  666 8568 5612.88907 6654.13210  18.6%  1721 11042s
 13286  6140 6654.00371   55 8521 5612.88907 6654.00371  18.5%  1721 11049s
 13287  6141 6653.97581  662 8550 5612.88907 6653.97581  18.5%  1721 11052s
 13288  6141 6653.77518  193 8640 5612.88907 6653.77518  18.5%  1721 11059s
 13289  6142 6653.65218  305 8662 5612.88907 6653.65218  18.5%  1721 11067s
 13290  6143 6653.61886  117 8605 5612.88907 6653.61886  18.5%  1721 11070s
 13291  6143 6653.55878  168 8583 5612.88907 6653.55878  18.5%  1720 11075s
 13293  6145 6653.51718  553 8617 5612.88907 6653.51718  18.5%  1720 11095s
H13293  5834                    5632.9518763 6652.16146  18.1%  1720 11561s
 13295  5835 6652.03441  437 8558 5632.95188 6652.03441  18.1%  1720 11569s
 13296  5836 6651.96173  173 8531 5632.95188 6651.96173  18.1%  1720 11575s
 13297  5836 6651.90769  757 8512 5632.95188 6651.90769  18.1%  1720 11581s
 13298  5837 6651.78839   28 8478 5632.95188 6651.78839  18.1%  1720 11587s
 13299  5838 6651.77844  360 8522 5632.95188 6651.77844  18.1%  1719 11605s
 13300  5838 6649.95168   57 8339 5632.95188 6649.95168  18.1%  1719 11664s
 13301  5839 6649.57892  349 8464 5632.95188 6649.57892  18.0%  1719 11674s
 13302  5840 6649.38946  145 8408 5632.95188 6649.38946  18.0%  1719 11681s
 13303  5840 6649.19676  584 8368 5632.95188 6649.19676  18.0%  1719 11691s
 13304  5841 6649.14875   91 8417 5632.95188 6649.14875  18.0%  1719 11695s
 13305  5842 6648.49878  123 8436 5632.95188 6648.49878  18.0%  1719 11703s
 13306  5842 6648.40230  205 8470 5632.95188 6648.40230  18.0%  1719 11706s
 13307  5843 6648.31431  535 8487 5632.95188 6648.31431  18.0%  1718 11712s
 13308  5844 6648.06469  417 8466 5632.95188 6648.06469  18.0%  1718 11720s
 13309  5844 6648.05347  202 8508 5632.95188 6648.05347  18.0%  1718 11744s
 13310  5845 6645.83676  244 8329 5632.95188 6645.83676  18.0%  1718 11803s
 13311  5846 6645.48569  318 8344 5632.95188 6645.48569  18.0%  1718 11814s
 13312  5846 6645.04769   90 8416 5632.95188 6645.04769  18.0%  1718 11825s
 13313  5847 6644.86127  426 8429 5632.95188 6644.86127  18.0%  1718 11833s
 13314  5848 6644.04887   40 8420 5632.95188 6644.04887  17.9%  1717 11847s
 13315  5848 6643.86845  538 8490 5632.95188 6643.86845  17.9%  1717 11854s
 13316  5849 6643.80247  176 8472 5632.95188 6643.80247  17.9%  1717 11859s
 13317  5850 6643.76618  673 8481 5632.95188 6643.76618  17.9%  1717 11862s
 13318  5850 6643.73708  720 8539 5632.95188 6643.73708  17.9%  1717 11865s
 13319  5851 6643.58189  394 8553 5632.95188 6643.58189  17.9%  1717 11873s
 13320  5852 6643.49750  803 8546 5632.95188 6643.49750  17.9%  1717 11877s
 13321  5852 6643.46223  568 8561 5632.95188 6643.46223  17.9%  1717 11882s
 13322  5853 6643.45337  479 8560 5632.95188 6643.45337  17.9%  1716 11907s
 13323  5854 6641.42265   91 8333 5632.95188 6641.42265  17.9%  1716 11966s
 13324  5854 6641.27946   13 8389 5632.95188 6641.27946  17.9%  1716 11973s
 13325  5855 6641.10691   80 8466 5632.95188 6641.10691  17.9%  1716 11981s
 13326  5856 6640.93698  415 8478 5632.95188 6640.93698  17.9%  1716 11992s
 13327  5856 6640.91582  185 8506 5632.95188 6640.91582  17.9%  1716 12020s
 13328  5857 6639.96210  272 8388 5632.95188 6639.96210  17.9%  1716 12067s
 13329  5858 6639.80002  260 8460 5632.95188 6639.80002  17.9%  1716 12077s
 13330  5858 6486.27261  664 8506 5632.95188 6639.73510  17.9%  1715 12082s
 13331  5859 6639.41828  318 8471 5632.95188 6639.41828  17.9%  1715 12097s
 13332  5860 6639.38134  242 8478 5632.95188 6639.38134  17.9%  1715 12100s
 13333  5860 6639.21897  234 8494 5632.95188 6639.21897  17.9%  1715 12107s
 13334  5861 6639.18289  718 8548 5632.95188 6639.18289  17.9%  1715 12113s
 13335  5862 6639.14519  123 8607 5632.95188 6639.14519  17.9%  1715 12118s
 13336  5862 6639.07600  446 8580 5632.95188 6639.07600  17.9%  1715 12123s
 13337  5863 6639.03504  217 8616 5632.95188 6639.03504  17.9%  1715 12128s
 13338  5864 6639.00876  154 8620 5632.95188 6639.00876  17.9%  1714 12160s
H13338  5566                    5681.9527326 6639.00876  16.8%  1714 12217s
 13340  5567 6637.23099   72 8545 5681.95273 6637.23099  16.8%  1714 12225s
 13341  5568 6637.06928  104 8536 5681.95273 6637.06928  16.8%  1714 12235s
 13342  5568 6636.95138  208 8508 5681.95273 6636.95138  16.8%  1714 12247s
 13343  5569 6636.84165  317 8503 5681.95273 6636.84165  16.8%  1714 12254s
 13344  5570 6636.75433  546 8578 5681.95273 6636.75433  16.8%  1714 12260s
 13345  5570 6636.75004  418 8603 5681.95273 6636.75004  16.8%  1714 12288s
 13346  5571 6635.48518   18 8398 5681.95273 6635.48518  16.8%  1713 12344s
 13347  5572 6635.24230  113 8502 5681.95273 6635.24230  16.8%  1713 12352s
 13348  5572 6635.15973  770 8543 5681.95273 6635.15973  16.8%  1713 12358s
 13349  5573 6635.10840   92 8474 5681.95273 6635.10840  16.8%  1713 12363s
 13350  5574 6635.10012  460 8513 5681.95273 6635.10012  16.8%  1713 12389s
H13350  5290                    5740.2134944 6634.36128  15.6%  1713 12493s
 13352  5291 6634.13789  152 8450 5740.21349 6634.13789  15.6%  1713 12503s
 13353  5292 6633.97660   21 8368 5740.21349 6633.97660  15.6%  1712 12514s
 13354  5292 6633.91426  220 8463 5740.21349 6633.91426  15.6%  1712 12520s
 13355  5293 6633.84294  262 8433 5740.21349 6633.84294  15.6%  1712 12525s
 13356  5294 6633.65718  234 8415 5740.21349 6633.65718  15.6%  1712 12533s
 13357  5294 6633.63505  636 8463 5740.21349 6633.63505  15.6%  1712 12554s
 13358  5295 6632.22781  246 8116 5740.21349 6632.22781  15.5%  1712 12600s
 13359  5296 6632.02467  423 8455 5740.21349 6632.02467  15.5%  1712 12610s
 13360  5296 6631.80901  598 8414 5740.21349 6631.80901  15.5%  1712 12623s
 13361  5297 6631.73172  399 8532 5740.21349 6631.73172  15.5%  1711 12629s
 13362  5298 6631.68807  546 8457 5740.21349 6631.68807  15.5%  1711 12635s
 13363  5298 6631.67058  221 8492 5740.21349 6631.67058  15.5%  1711 12656s
 13364  5299 6630.26591  327 8320 5740.21349 6630.26591  15.5%  1711 12708s
 13365  5300 6630.06808  495 8413 5740.21349 6630.06808  15.5%  1711 12717s
 13366  5300 6629.95405  389 8446 5740.21349 6629.95405  15.5%  1711 12725s
 13367  5301 6629.87245  639 8454 5740.21349 6629.87245  15.5%  1711 12731s
 13368  5302 6629.78137  210 8495 5740.21349 6629.78137  15.5%  1711 12737s
 13369  5302 6629.58138  184 8559 5740.21349 6629.58138  15.5%  1710 12747s
 13370  5303 6629.54578  212 8551 5740.21349 6629.54578  15.5%  1710 12753s
 13371  5304 6629.53798  219 8540 5740.21349 6629.53798  15.5%  1710 12786s
 13372  5304 6627.66522   14 8351 5740.21349 6627.66522  15.5%  1710 12849s
 13373  5305 6627.27392  548 8486 5740.21349 6627.27392  15.5%  1710 12860s
 13374  5306 6627.10899  124 8623 5740.21349 6627.10899  15.5%  1710 12870s
 13375  5306 6627.02622  530 8548 5740.21349 6627.02622  15.4%  1710 12875s
 13376  5307 6626.93379  208 8529 5740.21349 6626.93379  15.4%  1710 12882s
 13377  5308 6626.90268  328 8519 5740.21349 6626.90268  15.4%  1709 12885s
 13378  5308 6626.78680  545 8649 5740.21349 6626.78680  15.4%  1709 12892s
 13379  5309 6626.61156  189 8629 5740.21349 6626.61156  15.4%  1709 12900s
 13380  5310 6626.55393  880 8635 5740.21349 6626.55393  15.4%  1709 12905s
 13381  5310 6626.49480  355 8645 5740.21349 6626.49480  15.4%  1709 12910s
 13382  5311 6626.47497  264 8637 5740.21349 6626.47497  15.4%  1709 12928s
H13382  5040                    5749.8202025 6625.04596  15.2%  1709 13006s
 13384  5041 6624.80730  293 8541 5749.82020 6624.80730  15.2%  1709 13020s
 13386  5043 6624.71809   55 8600 5749.82020 6624.71809  15.2%  1708 13028s
 13387  5043 6624.69687  662 8597 5749.82020 6624.69687  15.2%  1708 13049s
 13388  5044 6624.23410  193 8472 5749.82020 6624.23410  15.2%  1708 13088s
 13389  5045 6624.15573  305 8534 5749.82020 6624.15573  15.2%  1708 13093s
 13390  5045 6623.99930  117 8632 5749.82020 6623.99930  15.2%  1708 13100s
 13391  5046 6623.90933  168 8637 5749.82020 6623.90933  15.2%  1708 13107s
 13392  5047 6623.84792  173 8624 5749.82020 6623.84792  15.2%  1707 13113s
 13393  5047 6623.80989  553 8683 5749.82020 6623.80989  15.2%  1707 13118s
 13394  5048 6623.76418  107 8626 5749.82020 6623.76418  15.2%  1707 13127s
 13395  5049 6623.74619  437 8636 5749.82020 6623.74619  15.2%  1707 13149s
 13396  5049 6623.21909  173 8518 5749.82020 6623.21909  15.2%  1707 13199s
 13397  5050 6623.15484  757 8667 5749.82020 6623.15484  15.2%  1707 13204s
 13398  5051 6623.13676   28 8632 5749.82020 6623.13676  15.2%  1707 13228s
H13398  4793                    5750.6089966 6622.57368  15.2%  1707 13308s
 13400  4794 6622.51673   57 8597 5750.60900 6622.51673  15.2%  1706 13314s
 13401  4795 6622.44846  349 8645 5750.60900 6622.44846  15.2%  1706 13320s
 13402  4795 6622.42617  145 8657 5750.60900 6622.42617  15.2%  1706 13352s
 13403  4796 6621.32909  584 8477 5750.60900 6621.32909  15.1%  1706 13416s
 13404  4797 6621.16300   91 8514 5750.60900 6621.16300  15.1%  1706 13424s
 13405  4797 6620.98316  123 8638 5750.60900 6620.98316  15.1%  1706 13433s
 13406  4798 6620.90478  205 8519 5750.60900 6620.90478  15.1%  1706 13438s
 13407  4799 6620.82234  535 8521 5750.60900 6620.82234  15.1%  1706 13444s
 13408  4799 6620.77858  417 8634 5750.60900 6620.77858  15.1%  1705 13451s
 13409  4800 6620.67741  202 8668 5750.60900 6620.67741  15.1%  1705 13457s
 13410  4801 6620.67094  244 8664 5750.60900 6620.67094  15.1%  1705 13478s
H13410  4555                    5759.2303307 6619.92799  14.9%  1705 13608s
 13412  4556 6619.85557   90 8542 5759.23033 6619.85557  14.9%  1705 13612s
 13413  4557 6619.73755  426 8628 5759.23033 6619.73755  14.9%  1705 13623s
 13414  4557 6619.65427   40 8700 5759.23033 6619.65427  14.9%  1705 13629s
 13415  4558 6619.63970  538 8698 5759.23033 6619.63970  14.9%  1705 13649s
 13416  4559 6619.11057  176 8595 5759.23033 6619.11057  14.9%  1704 13687s
 13417  4559 6619.05383  673 8645 5759.23033 6619.05383  14.9%  1704 13694s
 13418  4560 6619.01418  720 8573 5759.23033 6619.01418  14.9%  1704 13698s
 13419  4561 6618.99957  394 8635 5759.23033 6618.99957  14.9%  1704 13720s
 13420  4561 6618.50125  803 8519 5759.23033 6618.50125  14.9%  1704 13758s
 13421  4562 6618.32139  568 8569 5759.23033 6618.32139  14.9%  1704 13768s
 13422  4563 6618.30312  479 8622 5759.23033 6618.30312  14.9%  1704 13787s
 13423  4563 6617.57294   91 8579 5759.23033 6617.57294  14.9%  1704 13835s
 13424  4564 6617.41663   13 8695 5759.23033 6617.41663  14.9%  1703 13842s
 13425  4565 6617.25157   80 8633 5759.23033 6617.25157  14.9%  1703 13855s
 13426  4565 6617.20057  415 8605 5759.23033 6617.20057  14.9%  1703 13861s
 13427  4566 6617.13894  185 8604 5759.23033 6617.13894  14.9%  1703 13869s
 13428  4567 6617.13745  272 8631 5759.23033 6617.13745  14.9%  1703 13889s
 13429  4567 6616.74101  260 8512 5759.23033 6616.74101  14.9%  1703 13926s
 13430  4568 6486.27261  664 8638 5759.23033 6616.70870  14.9%  1703 13930s
 13431  4569 6616.62360  318 8654 5759.23033 6616.62360  14.9%  1703 13938s
 13432  4569 6616.60024  242 8700 5759.23033 6616.60024  14.9%  1702 13963s
 13433  4570 6616.08525  234 8624 5759.23033 6616.08525  14.9%  1702 14000s
 13434  4571 6616.06152  718 8718 5759.23033 6616.06152  14.9%  1702 14020s
 13435  4571 6615.90933  123 8559 5759.23033 6615.90933  14.9%  1702 14051s
 13436  4572 6615.71530  446 8689 5759.23033 6615.71530  14.9%  1702 14063s
 13437  4573 6615.54230  217 8653 5759.23033 6615.54230  14.9%  1702 14074s
 13438  4573 6615.51355  154 8630 5759.23033 6615.51355  14.9%  1702 14078s
 13439  4574 6615.43084   38 8683 5759.23033 6615.43084  14.9%  1702 14084s
 13440  4575 6615.38424   72 8669 5759.23033 6615.38424  14.9%  1701 14090s
 13441  4575 6615.36333  104 8700 5759.23033 6615.36333  14.9%  1701 14112s
H13441  4340                    5762.0123937 6615.08844  14.8%  1701 14196s
 13443  4342 6615.06000  317 8682 5762.01239 6615.06000  14.8%  1701 14200s
 13444  4342 6615.01392  546 8737 5762.01239 6615.01392  14.8%  1701 14207s
 13445  4343 6614.97790  418 8706 5762.01239 6614.97790  14.8%  1701 14212s
 13446  4344 6614.91256   18 8737 5762.01239 6614.91256  14.8%  1701 14219s
 13447  4344 6614.81033  113 8647 5762.01239 6614.81033  14.8%  1701 14226s
 13448  4345 6614.79560  770 8642 5762.01239 6614.79560  14.8%  1700 14246s
 13449  4346 6614.09189   92 8497 5762.01239 6614.09189  14.8%  1700 14292s
 13450  4346 6613.98573  460 8546 5762.01239 6613.98573  14.8%  1700 14298s
 13451  4347 6613.89764  709 8515 5762.01239 6613.89764  14.8%  1700 14303s
 13452  4348 6613.84972  152 8497 5762.01239 6613.84972  14.8%  1700 14308s
 13453  4348 6613.79883   21 8628 5762.01239 6613.79883  14.8%  1700 14313s
 13454  4349 6613.72824  220 8627 5762.01239 6613.72824  14.8%  1700 14318s
 13455  4350 6613.71155  262 8632 5762.01239 6613.71155  14.8%  1699 14339s
 13456  4350 6613.65054  234 8544 5762.01239 6613.65054  14.8%  1699 14369s
 13457  4351 6613.64682  636 8601 5762.01239 6613.64682  14.8%  1699 14392s
 13458  4352 6613.42895  246 8567 5762.01239 6613.42895  14.8%  1699 14436s
 13459  4352 6613.39515  423 8731 5762.01239 6613.39515  14.8%  1699 14443s
 13460  4353 6613.33449  598 8675 5762.01239 6613.33449  14.8%  1699 14450s
 13461  4354 6613.31990  399 8602 5762.01239 6613.31990  14.8%  1699 14472s
 13462  4354 6613.15531  546 8535 5762.01239 6613.15531  14.8%  1699 14506s
 13463  4355 6613.05962  221 8621 5762.01239 6613.05962  14.8%  1698 14516s
 13464  4356 6613.04154  327 8694 5762.01239 6613.04154  14.8%  1698 14541s
H13464  4131                    5766.3417017 6612.77031  14.7%  1698 14614s
 13466  4132 6612.71572  389 8640 5766.34170 6612.71572  14.7%  1698 14620s
 13467  4133 6612.69591  639 8674 5766.34170 6612.69591  14.7%  1698 14652s
 13468  4133 6612.44549  210 8511 5766.34170 6612.44549  14.7%  1698 14685s
 13469  4134 6612.36980  184 8533 5766.34170 6612.36980  14.7%  1698 14691s
 13470  4135 6612.35061  212 8506 5766.34170 6612.35061  14.7%  1698 14711s
 13471  4135 6611.64594  219 8480 5766.34170 6611.64594  14.7%  1697 14752s
 13472  4136 6611.52359   14 8551 5766.34170 6611.52359  14.7%  1697 14762s
 13473  4137 6611.47804  548 8628 5766.34170 6611.47804  14.7%  1697 14768s
 13474  4137 6611.41944  124 8602 5766.34170 6611.41944  14.7%  1697 14774s
 13475  4138 6611.35815  530 8597 5766.34170 6611.35815  14.7%  1697 14780s
 13476  4139 6611.20265  208 8531 5766.34170 6611.20265  14.7%  1697 14792s
 13477  4139 6611.16103  328 8524 5766.34170 6611.16103  14.7%  1697 14798s
 13478  4140 6611.15609  545 8563 5766.34170 6611.15609  14.7%  1697 14814s
H13478  3926                    5780.3417017 6610.80273  14.4%  1697 14912s
 13480  3927 6610.77828  880 8600 5780.34170 6610.77828  14.4%  1696 14940s
 13481  3928 6610.63189  355 8595 5780.34170 6610.63189  14.4%  1696 14968s
 13482  3929 6610.61442  264 8589 5780.34170 6610.61442  14.4%  1696 14989s
 13483  3929 6610.40181   46 8416 5780.34170 6610.40181  14.4%  1696 15029s
 13484  3930 6610.40181  293 8416 5780.34170 6610.40181  14.4%  1696 15054s
 13486  3933 6610.40181   55 7890 5780.34170 6610.40181  14.4%  1864 15060s
 13488  3934 6610.40181  193 5895 5780.34170 6610.40181  14.4%  1864 15137s
 13489  3935 6610.40181  305 6515 5780.34170 6610.40181  14.4%  1864 15176s
 13490  3936 6610.40181  117 6776 5780.34170 6610.40181  14.4%  1864 15238s
 13491  3936 6610.40181  168 7019 5780.34170 6610.40181  14.4%  1864 15292s
 13492  3937 6610.40181  173 7247 5780.34170 6610.40181  14.4%  1864 15343s
 13493  3938 6610.40181  553 7239 5780.34170 6610.40181  14.4%  1864 15390s
 13494  3938 6610.40181  107 7421 5780.34170 6610.40181  14.4%  1863 15431s
 13495  3939 6610.40181  437 7582 5780.34170 6610.40181  14.4%  1863 15476s
H13495  3741                    5781.5857107 6610.40181  14.3%  1863 15515s
 13497  3742 6610.40181  757 7622 5781.58571 6610.40181  14.3%  1863 15542s
 13498  3743 6610.40181   28 7675 5781.58571 6610.40181  14.3%  1863 15597s
 13499  3744 6610.40181  360 7881 5781.58571 6610.40181  14.3%  1863 15638s
 13500  3744 6610.40181   57 8233 5781.58571 6610.40181  14.3%  1863 15690s
H13500  3557                    5781.9295502 6610.40181  14.3%  1863 15740s
 13502  3559 6610.40181  145 8313 5781.92955 6610.40181  14.3%  1862 15790s
 13503  3559 6610.40181  584 8395 5781.92955 6610.40181  14.3%  1862 15821s
 13504  3560 6610.34793   91 8413 5781.92955 6610.34793  14.3%  1862 15836s
 13505  3561 6610.31802  123 8409 5781.92955 6610.31802  14.3%  1862 15843s
 13506  3561 6610.31469  205 8443 5781.92955 6610.31469  14.3%  1862 15857s
H13506  3382                    5788.1999711 6608.39946  14.2%  1862 15912s
 13508  3384 6608.05025  417 8263 5788.19997 6608.05025  14.2%  1861 15926s
 13509  3384 6607.65956  202 8283 5788.19997 6607.65956  14.2%  1861 15942s
 13510  3385 6607.57289  244 8299 5788.19997 6607.57289  14.2%  1861 15952s
 13511  3386 6607.55410  318 8288 5788.19997 6607.55410  14.2%  1861 15972s
 13512  3386 6606.92690   90 8078 5788.19997 6606.92690  14.1%  1861 16011s
 13513  3387 6606.65178  426 8200 5788.19997 6606.65178  14.1%  1861 16022s
 13514  3388 6605.99187   40 8159 5788.19997 6605.99187  14.1%  1861 16042s
 13515  3388 6605.89079  538 8126 5788.19997 6605.89079  14.1%  1860 16048s
 13516  3389 6605.85996  176 8127 5788.19997 6605.85996  14.1%  1860 16052s
 13517  3390 6605.85328  673 8162 5788.19997 6605.85328  14.1%  1860 16067s
 13518  3390 6605.11521  720 8165 5788.19997 6605.11521  14.1%  1860 16112s
 13519  3391 6605.00291  394 8235 5788.19997 6605.00291  14.1%  1860 16118s
 13520  3392 6604.83912  803 8309 5788.19997 6604.83912  14.1%  1860 16127s
 13521  3392 6604.81173  568 8216 5788.19997 6604.81173  14.1%  1860 16130s
 13522  3393 6604.81025  479 8251 5788.19997 6604.81025  14.1%  1860 16148s
 13523  3394 6604.20635   91 8255 5788.19997 6604.20635  14.1%  1859 16193s
 13524  3394 6604.11071   13 8386 5788.19997 6604.11071  14.1%  1859 16200s
 13526  3396 6604.06034  415 8347 5788.19997 6604.06034  14.1%  1859 16226s
 13527  3396 6603.70837  185 8236 5788.19997 6603.70837  14.1%  1859 16262s
 13528  3397 6603.65458  272 8323 5788.19997 6603.65458  14.1%  1859 16267s
 13529  3398 6603.61932  260 8292 5788.19997 6603.61932  14.1%  1859 16276s
 13530  3398 6486.27261  664 8310 5788.19997 6603.61630  14.1%  1858 16295s
H13530  3228                    5788.2279033 6603.25836  14.1%  1858 16335s
 13532  3230 6603.01527  242 8239 5788.22790 6603.01527  14.1%  1858 16348s
 13533  3230 6602.79717  234 8226 5788.22790 6602.79717  14.1%  1858 16360s
 13535  3232 6602.69899  123 8266 5788.22790 6602.69899  14.1%  1858 16366s
 13536  3232 6602.69175  446 8290 5788.22790 6602.69175  14.1%  1858 16383s
H13536  3069                    5790.7279033 6602.27411  14.0%  1858 16427s
 13538  3071 6602.24449  154 8346 5790.72790 6602.24449  14.0%  1857 16431s
 13539  3071 6602.20044   38 8359 5790.72790 6602.20044  14.0%  1857 16436s
 13540  3072 6602.19178   72 8347 5790.72790 6602.19178  14.0%  1857 16453s
 13541  3073 6601.90567  104 8258 5790.72790 6601.90567  14.0%  1857 16494s
 13542  3073 6601.89938  208 8312 5790.72790 6601.89938  14.0%  1857 16515s
 13543  3074 6601.68361  317 8271 5790.72790 6601.68361  14.0%  1857 16561s
 13544  3075 6601.55590  546 8267 5790.72790 6601.55590  14.0%  1857 16572s
 13545  3075 6601.53477  418 8301 5790.72790 6601.53477  14.0%  1856 16592s
H13545  2921                    5794.4231909 6601.45054  13.9%  1856 16697s
 13547  2923 6601.43020  113 8302 5794.42319 6601.43020  13.9%  1856 16717s
H13547  2775                    5807.6585862 6600.61612  13.7%  1856 16935s
 13549  2776 6600.58894   92 8154 5807.65859 6600.58894  13.7%  1856 16953s
 13550  2777 6599.62716  460 8176 5807.65859 6599.62716  13.6%  1856 16989s
 13551  2777 6599.43053  709 8253 5807.65859 6599.43053  13.6%  1856 16999s
 13552  2778 6599.31007  152 8204 5807.65859 6599.31007  13.6%  1855 17005s
 13553  2779 6598.95256   21 8217 5807.65859 6598.95256  13.6%  1855 17020s
 13554  2779 6598.64791  220 8326 5807.65859 6598.64791  13.6%  1855 17028s
 13555  2780 6598.57930  262 8406 5807.65859 6598.57930  13.6%  1855 17036s
 13556  2781 6598.53859  234 8361 5807.65859 6598.53859  13.6%  1855 17040s
 13557  2781 6598.53618  636 8410 5807.65859 6598.53618  13.6%  1855 17058s
 13558  2782 6597.81510  246 8311 5807.65859 6597.81510  13.6%  1855 17101s
 13559  2783 6597.79027  423 8348 5807.65859 6597.79027  13.6%  1854 17122s
H13559  2643                    5848.4400005 6597.79027  12.8%  1854 17187s
 13561  2644 6597.42217  399 8333 5848.44000 6597.42217  12.8%  1854 17193s
 13562  2645 6597.37869  546 8352 5848.44000 6597.37869  12.8%  1854 17198s
 13563  2645 6597.31469  221 8342 5848.44000 6597.31469  12.8%  1854 17204s
 13564  2646 6597.25160  327 8433 5848.44000 6597.25160  12.8%  1854 17211s
 13565  2647 6597.20574  495 8339 5848.44000 6597.20574  12.8%  1854 17216s
 13566  2647 6597.20047  389 8369 5848.44000 6597.20047  12.8%  1854 17269s
 13567  2648 6594.60782  639 8143 5848.44000 6594.60782  12.8%  1853 17354s
 13568  2649 6594.48844  210 8198 5848.44000 6594.48844  12.8%  1853 17363s
 13569  2649 6594.17927  184 8224 5848.44000 6594.17927  12.8%  1853 17377s
 13570  2650 6593.97332  212 8247 5848.44000 6593.97332  12.7%  1853 17387s
 13571  2651 6593.61769  219 8285 5848.44000 6593.61769  12.7%  1853 17398s
 13572  2651 6593.21003   14 8316 5848.44000 6593.21003  12.7%  1853 17414s
 13573  2652 6593.15947  548 8291 5848.44000 6593.15947  12.7%  1853 17419s
 13574  2653 6593.07800  124 8330 5848.44000 6593.07800  12.7%  1852 17427s
 13575  2653 6593.06129  530 8356 5848.44000 6593.06129  12.7%  1852 17466s
 13576  2654 6592.07889  208 8176 5848.44000 6592.07889  12.7%  1852 17511s
 13577  2655 6591.97161  328 8180 5848.44000 6591.97161  12.7%  1852 17518s
 13578  2655 6591.63942  545 8215 5848.44000 6591.63942  12.7%  1852 17531s
 13579  2656 6591.59456  189 8288 5848.44000 6591.59456  12.7%  1852 17536s
 13580  2657 6591.43584  880 8210 5848.44000 6591.43584  12.7%  1852 17546s
 13581  2657 6591.41028  355 8226 5848.44000 6591.41028  12.7%  1851 17561s
 13582  2658 6591.06025  264 8244 5848.44000 6591.06025  12.7%  1851 17595s
 13583  2659 6590.88545   46 8293 5848.44000 6590.88545  12.7%  1851 17606s
 13584  2659 6590.81265  293 8291 5848.44000 6590.81265  12.7%  1851 17611s
 13585  2660 6481.57834  666 8304 5848.44000 6590.78636  12.7%  1851 17627s
 13586  2661 6590.43254   55 8154 5848.44000 6590.43254  12.7%  1851 17657s
 13587  2661 6590.40263  662 8179 5848.44000 6590.40263  12.7%  1851 17660s
 13588  2662 6590.28340  193 8229 5848.44000 6590.28340  12.7%  1850 17669s
 13589  2663 6590.26937  305 8235 5848.44000 6590.26937  12.7%  1850 17693s
 13590  2663 6589.90846  117 8199 5848.44000 6589.90846  12.7%  1850 17726s
 13591  2664 6589.87693  168 8239 5848.44000 6589.87693  12.7%  1850 17730s
 13593  2665 6589.78345  553 8173 5848.44000 6589.78345  12.7%  1850 17742s
 13594  2666 6589.70199  107 8189 5848.44000 6589.70199  12.7%  1850 17748s
 13595  2667 6589.69861  437 8200 5848.44000 6589.69861  12.7%  1850 17765s
 13596  2667 6589.29917  173 8158 5848.44000 6589.29917  12.7%  1849 17806s
 13597  2668 6589.21484  757 8239 5848.44000 6589.21484  12.7%  1849 17813s
 13598  2669 6589.17032   28 8275 5848.44000 6589.17032  12.7%  1849 17819s
 13599  2669 6589.16280  360 8230 5848.44000 6589.16280  12.7%  1849 17833s
 13600  2670 6588.96033   57 8198 5848.44000 6588.96033  12.7%  1849 17867s
 13601  2671 6588.93464  349 8252 5848.44000 6588.93464  12.7%  1849 17887s
H13601  2536                    5849.5602537 6588.68245  12.6%  1849 18000s

Cutting planes:
  Gomory: 187
  Cover: 170
  Clique: 150
  MIR: 670
  StrongCG: 15
  Flow cover: 1154
  Zero half: 1802
  Mod-K: 3
  RLT: 2

Explored 13601 nodes (26755447 simplex iterations) in 18000.11 seconds
Thread count was 24 (of 48 available processors)

Solution count 10: 5849.56 5848.44 5807.66 ... 5780.34

Time limit reached
Best objective 5.849560253688e+03, best bound 6.588682445690e+03, gap 12.6355%
