
Gurobi 9.0.2 (linux64) logging started Mon May 25 22:42:34 2020

Changed value of parameter LogFile to gurobi_logs/2020-05-25_22:42:29-rproblem6_mode=optimality_predefined_shifts.log
   Prev:   Default: 
Parameter MIPFocus unchanged
   Value: 0  Min: 0  Max: 3  Default: 0
Parameter SolutionLimit unchanged
   Value: 2000000000  Min: 1  Max: 2000000000  Default: 2000000000
Parameter LogToConsole unchanged
   Value: 1  Min: 0  Max: 1  Default: 1
Changed value of parameter TimeLimit to 18000.0
   Prev: inf  Min: 0.0  Max: inf  Default: inf
Gurobi Optimizer version 9.0.2 build v9.0.2rc0 (linux64)
Optimize a model with 136354 rows, 100698 columns and 4946596 nonzeros
Model fingerprint: 0x9947dffa
Variable types: 32 continuous, 100666 integer (88570 binary)
Coefficient statistics:
  Matrix range     [9e-02, 2e+02]
  Objective range  [5e-01, 1e+00]
  Bounds range     [1e+00, 1e+00]
  RHS range        [1e+00, 4e+02]
Presolve removed 89284 rows and 47477 columns (presolve time = 5s) ...
Presolve removed 89284 rows and 47477 columns (presolve time = 10s) ...
Presolve removed 89284 rows and 47477 columns (presolve time = 15s) ...
Presolve removed 89284 rows and 47477 columns
Presolve time: 15.38s
Presolved: 47070 rows, 53221 columns, 788163 nonzeros
Variable types: 1 continuous, 53220 integer (53210 binary)

Deterministic concurrent LP optimizer: primal and dual simplex
Showing first log only...


Root simplex log...

Iteration    Objective       Primal Inf.    Dual Inf.      Time
       0    4.3900357e+03   1.090688e+03   3.844093e+09     17s
   21020    3.5833224e+03   0.000000e+00   1.318962e+05     20s
Concurrent spin time: 0.91s

Solved with dual simplex

Root relaxation: objective 4.393725e+03, 16395 iterations, 6.63 seconds
Total elapsed time = 27.67s
Total elapsed time = 31.74s
Total elapsed time = 35.12s

    Nodes    |    Current Node    |     Objective Bounds      |     Work
 Expl Unexpl |  Obj  Depth IntInf | Incumbent    BestBd   Gap | It/Node Time

     0     0 4393.72545    0 1671          - 4393.72545      -     -   41s
     0     0 4393.55170    0 2465          - 4393.55170      -     -   54s
     0     0 4392.78285    0 2855          - 4392.78285      -     -   60s
     0     0 4391.70781    0 3029          - 4391.70781      -     -   65s
     0     0 4391.40312    0 3045          - 4391.40312      -     -   69s
     0     0 4391.27615    0 3129          - 4391.27615      -     -   73s
     0     0 4391.27401    0 3015          - 4391.27401      -     -   75s
     0     0 4391.27401    0 2974          - 4391.27401      -     -   77s
     0     0 4389.79156    0 3349          - 4389.79156      -     -   88s
     0     0 4389.66805    0 3350          - 4389.66805      -     -   93s
     0     0 4388.88118    0 3570          - 4388.88118      -     -  100s
     0     0 4388.60354    0 3515          - 4388.60354      -     -  104s
     0     0 4388.10522    0 3545          - 4388.10522      -     -  108s
     0     0 4387.97510    0 3476          - 4387.97510      -     -  111s
     0     0 4387.92324    0 3380          - 4387.92324      -     -  113s
     0     0 4387.89804    0 3480          - 4387.89804      -     -  115s
     0     0 4387.89728    0 3473          - 4387.89728      -     -  117s
     0     0 4387.38542    0 3501          - 4387.38542      -     -  127s
     0     0 4387.25035    0 3476          - 4387.25035      -     -  131s
     0     0 4385.90417    0 3598          - 4385.90417      -     -  137s
     0     0 4382.40214    0 3606          - 4382.40214      -     -  142s
     0     0 4379.86111    0 3836          - 4379.86111      -     -  148s
     0     0 4379.53515    0 3886          - 4379.53515      -     -  152s
     0     0 4379.44762    0 3925          - 4379.44762      -     -  156s
     0     0 4379.44542    0 3793          - 4379.44542      -     -  158s
     0     0 4379.43565    0 3683          - 4379.43565      -     -  160s
     0     0 4379.43491    0 3668          - 4379.43491      -     -  161s
     0     0 4379.42048    0 3767          - 4379.42048      -     -  170s
     0     0 4372.02826    0 3887          - 4372.02826      -     -  175s
     0     0 4371.97725    0 3977          - 4371.97725      -     -  178s
     0     0 4360.88291    0 3523          - 4360.88291      -     -  183s
     0     0 4360.77047    0 3808          - 4360.77047      -     -  187s
     0     0 4360.30481    0 3710          - 4360.30481      -     -  190s
     0     0 4359.93494    0 3785          - 4359.93494      -     -  193s
     0     0 4359.70344    0 3798          - 4359.70344      -     -  197s
     0     0 4359.58591    0 3955          - 4359.58591      -     -  200s
     0     0 4359.57585    0 3896          - 4359.57585      -     -  202s
     0     0 4359.56842    0 3869          - 4359.56842      -     -  203s
     0     0 4359.55425    0 3792          - 4359.55425      -     -  206s
     0     0 4359.55228    0 3808          - 4359.55228      -     -  207s
     0     0 4359.48389    0 3955          - 4359.48389      -     -  215s
     0     0 4358.97332    0 4051          - 4358.97332      -     -  218s
     0     0 4358.31008    0 4168          - 4358.31008      -     -  221s
     0     0 4357.82915    0 4093          - 4357.82915      -     -  227s
     0     0 4357.61918    0 4053          - 4357.61918      -     -  231s
     0     0 4357.49145    0 4239          - 4357.49145      -     -  236s
     0     0 4357.39860    0 4234          - 4357.39860      -     -  240s
     0     0 4357.35151    0 4200          - 4357.35151      -     -  242s
     0     0 4357.34021    0 4132          - 4357.34021      -     -  245s
     0     0 4357.33966    0 4128          - 4357.33966      -     -  247s
     0     0 4357.33966    0 4100          - 4357.33966      -     -  252s
     0     0 4357.33966    0 4176          - 4357.33966      -     -  254s
     0     0 4357.33266    0 4196          - 4357.33266      -     -  261s
     0     0 4356.75690    0 4280          - 4356.75690      -     -  267s
     0     0 4356.28196    0 4189          - 4356.28196      -     -  273s
     0     0 4355.85158    0 4157          - 4355.85158      -     -  277s
     0     0 4355.33475    0 4226          - 4355.33475      -     -  282s
     0     0 4355.31868    0 4348          - 4355.31868      -     -  285s
     0     0 4355.26118    0 4378          - 4355.26118      -     -  288s
     0     0 4355.23512    0 4277          - 4355.23512      -     -  290s
     0     0 4355.13555    0 4373          - 4355.13555      -     -  293s
     0     0 4355.09342    0 4223          - 4355.09342      -     -  296s
     0     0 4355.08150    0 4290          - 4355.08150      -     -  299s
     0     0 4355.07782    0 4213          - 4355.07782      -     -  301s
     0     0 4355.04351    0 4373          - 4355.04351      -     -  309s
     0     0 4355.04232    0 4337          - 4355.04232      -     -  311s
     0     0 4355.01742    0 4326          - 4355.01742      -     -  318s
     0     0 4354.19873    0 4412          - 4354.19873      -     -  324s
     0     0 4353.70763    0 4481          - 4353.70763      -     -  328s
     0     0 4353.58139    0 4423          - 4353.58139      -     -  332s
     0     0 4353.43619    0 4374          - 4353.43619      -     -  336s
     0     0 4353.22675    0 4370          - 4353.22675      -     -  340s
     0     0 4353.22072    0 4394          - 4353.22072      -     -  343s
     0     0 4352.93418    0 4169          - 4352.93418      -     -  353s
     0     0 4352.38098    0 4303          - 4352.38098      -     -  357s
     0     0 4351.33198    0 4375          - 4351.33198      -     -  361s
     0     0 4350.93288    0 4409          - 4350.93288      -     -  365s
     0     0 4350.55549    0 4385          - 4350.55549      -     -  368s
     0     0 4350.00474    0 4284          - 4350.00474      -     -  371s
     0     0 4349.70907    0 4194          - 4349.70907      -     -  373s
     0     0 4349.67315    0 4367          - 4349.67315      -     -  375s
     0     0 4349.66772    0 4291          - 4349.66772      -     -  377s
     0     0 4349.55342    0 4362          - 4349.55342      -     -  384s
     0     0 4342.77321    0 4085          - 4342.77321      -     -  389s
     0     0 4342.77321    0 4146          - 4342.77321      -     -  391s
     0     0 4342.77321    0 4074          - 4342.77321      -     -  398s
     0     0 4342.74857    0 4096          - 4342.74857      -     -  401s
     0     0 4319.52592    0 4027          - 4319.52592      -     -  404s
     0     0 4314.75489    0 4018          - 4314.75489      -     -  407s
     0     0 4314.39875    0 4158          - 4314.39875      -     -  412s
     0     0 4313.68782    0 4221          - 4313.68782      -     -  416s
     0     0 4313.32753    0 4171          - 4313.32753      -     -  420s
     0     0 4313.04081    0 4224          - 4313.04081      -     -  423s
     0     0 4313.02525    0 4151          - 4313.02525      -     -  425s
     0     0 4312.99754    0 4175          - 4312.99754      -     -  427s
     0     0 4312.97142    0 4084          - 4312.97142      -     -  429s
     0     0 4312.60353    0 3976          - 4312.60353      -     -  432s
     0     0 4312.55288    0 4059          - 4312.55288      -     -  434s
     0     0 4312.54602    0 4086          - 4312.54602      -     -  437s
     0     0 4312.54602    0 4071          - 4312.54602      -     -  442s
     0     0 4293.53771    0 4015          - 4293.53771      -     -  448s
     0     0 4293.17317    0 4203          - 4293.17317      -     -  453s
     0     0 4288.08697    0 4281          - 4288.08697      -     -  457s
     0     0 4287.40157    0 4177          - 4287.40157      -     -  460s
     0     0 4283.09224    0 4030          - 4283.09224      -     -  463s
     0     0 4282.59233    0 4098          - 4282.59233      -     -  465s
     0     0 4282.46569    0 4172          - 4282.46569      -     -  468s
     0     0 4282.45401    0 4175          - 4282.45401      -     -  469s
     0     0 4282.45401    0 4146          - 4282.45401      -     -  476s
     0     0 4282.43538    0 4225          - 4282.43538      -     -  478s
     0     0 4282.43538    0 4268          - 4282.43538      -     -  484s
     0     0 4282.43538    0 4104          - 4282.43538      -     -  486s
     0     0 4282.43538    0 4256          - 4282.43538      -     -  492s
H    0     0                    -27369.65498 4282.43538   116%     -  492s
     0     0 4282.43538    0 3218 -27369.655 4282.43538   116%     -  504s
H    0     0                    1185.5985260 4282.43538   261%     -  522s
H    0     0                    1578.1805212 4282.34708   171%     -  523s
H    0     2                    1604.1058418 4282.34708   167%     -  530s
     0     2 4282.34708    0 3135 1604.10584 4282.34708   167%     -  530s
     3     8 4282.34708    2 3472 1604.10584 4282.34708   167%  4292  537s
     7    16 4277.67222    3 3566 1604.10584 4282.34708   167%  3498  543s
    15    32 4277.53335    4 3966 1604.10584 4277.67222   167%  4640  600s
H   31    56                    1955.2717706 4277.53335   119% 11961  664s
H   32    56                    2016.3261903 4277.53335   112% 11992  664s
    55    80 4277.07751    6 4357 2016.32619 4277.13779   112% 13303  709s
    79   104 4277.07751    7 4226 2016.32619 4277.13779   112% 11571  743s
H  103   128                    2177.9449925 4277.13342  96.4% 10221  781s
   127   163 4277.03341    8 4239 2177.94499 4277.13342  96.4%  9125  806s
H  162   193                    2197.8620031 4277.13342  94.6%  7654  830s
H  164   193                    2213.5771242 4277.13342  93.2%  7570  830s
H  176   193                    2248.9338263 4277.13342  90.2%  7313  830s
   192   233 4277.07751   10 4165 2248.93383 4277.13342  90.2%  6901  853s
H  232   268                    2259.0554479 4277.13342  89.3%  6042  878s
H  235   268                    2281.2044554 4277.13342  87.5%  6012  878s
   267   314 4277.07258   12 4138 2281.20446 4277.13342  87.5%  5601  901s
   313   352 4277.04962   13 4093 2281.20446 4277.13342  87.5%  5096  924s
H  314   352                    2288.3872838 4277.13342  86.9%  5079  924s
H  323   352                    2300.9627081 4277.13342  85.9%  5017  924s
H  347   352                    2314.0760770 4277.13342  84.8%  4797  924s
   351   406 4276.60680   14 4212 2314.07608 4277.13342  84.8%  4825  955s
H  405   462                    2315.6976986 4277.13342  84.7%  4430  977s
H  408   462                    2383.8865257 4277.13342  79.4%  4406  977s
   461   525 4277.06181   17 4070 2383.88653 4277.13342  79.4%  4078 1013s
H  524   573                    2385.6617307 4277.13342  79.3%  3788 1045s
H  526   573                    2386.4143266 4277.13342  79.2%  3817 1045s
H  529   573                    2406.5539376 4277.13342  77.7%  3802 1045s
H  549   573                    2413.2200249 4277.13342  77.2%  3763 1045s
H  566   573                    2429.3122014 4277.13342  76.1%  3700 1045s
   572   642 4273.35644   19 4053 2429.31220 4277.13342  76.1%  3691 1072s
H  641   713                    2458.4856857 4277.13342  74.0%  3460 1112s
H  654   713                    2475.5148264 4277.13342  72.8%  3477 1112s
H  664   713                    2490.9167604 4277.13342  71.7%  3444 1112s
   712   808 4265.20225   21 4322 2490.91676 4277.13342  71.7%  3337 1138s
H  807   865                    2502.2681118 4277.13342  70.9%  3068 1195s
H  809   865                    2508.1680732 4277.13342  70.5%  3061 1195s
H  819   865                    2521.4058660 4277.13342  69.6%  3067 1195s
   864  1034 4277.06181   23 4091 2521.40587 4277.13342  69.6%  2989 1234s
H 1033  1161                    2523.8590925 4277.13342  69.5%  2701 1267s
H 1036  1161                    2535.0222597 4277.13342  68.7%  2699 1267s
  1160  1297 4277.03920   30 4037 2535.02226 4277.13342  68.7%  2551 1317s
H 1298  1441                    2540.0420721 4277.13342  68.4%  2438 1359s
H 1318  1441                    2541.5373188 4277.13342  68.3%  2440 1359s
H 1355  1441                    2575.4458408 4277.13342  66.1%  2422 1359s
  1442  1697 4276.47397   34 4256 2575.44584 4277.13342  66.1%  2342 1403s
H 1492  1697                    2614.1527233 4277.13342  63.6%  2304 1403s
H 1700  1891                    2614.3456493 4277.13342  63.6%  2138 1452s
H 1715  1891                    2617.7196951 4277.13342  63.4%  2137 1452s
H 1867  1891                    2628.1429466 4277.13342  62.7%  2074 1452s
  1894  2077 4275.89067   41 3960 2628.14295 4277.13342  62.7%  2060 1563s
H 1954  2077                    2660.2031762 4277.13342  60.8%  2047 1563s
  2082  2185 4274.95460   42 3954 2660.20318 4277.13342  60.8%  2000 1698s
H 2125  2185                    2660.4531762 4277.13342  60.8%  2007 1699s
H 2156  2185                    2714.1524777 4277.13342  57.6%  2007 1699s
H 2190  2209                    2730.1524777 4277.13342  56.7%  2028 1925s
H 2193  2209                    2762.8009043 4277.13342  54.8%  2033 1926s
H 2206  2209                    2801.2766566 4277.13342  52.7%  2037 1926s
  2214  2437 4274.81167   44 3878 2801.27666 4277.13342  52.7%  2044 1979s
H 2442  2520                    2803.7766626 4277.13342  52.5%  1983 2067s
H 2459  2520                    2852.4186778 4277.13342  49.9%  1984 2067s
  2525  2694 4274.21097   47 4076 2852.41868 4277.13342  49.9%  1978 2122s
H 2625  2694                    2854.2811652 4277.13342  49.8%  1988 2122s
H 2699  2836                    2854.5808399 4277.13342  49.8%  1979 2188s
H 2704  2836                    2854.6504658 4277.13342  49.8%  1982 2188s
H 2715  2836                    2854.6706157 4277.13342  49.8%  1988 2188s
H 2721  2836                    2855.7851195 4277.13342  49.8%  1990 2188s
  2841  3076 4273.35009   53 4080 2855.78512 4277.13342  49.8%  1973 2254s
H 2846  3076                    2855.8551285 4277.13342  49.8%  1972 2254s
  3101  3290 4272.91943   58 4014 2855.85513 4277.13342  49.8%  1918 2316s
H 3139  3290                    2855.8794734 4277.13342  49.8%  1926 2316s
H 3161  3290                    2865.2271559 4277.13342  49.3%  1923 2316s
  3325  3516 4272.91943   59 4018 2865.22716 4277.13342  49.3%  1905 2382s
H 3413  3516                    2865.3424625 4277.13342  49.3%  1912 2382s
H 3436  3516                    2868.3827579 4277.13342  49.1%  1908 2382s
H 3563  3540                    2873.2055727 4277.13342  48.9%  1885 2850s
H 3574  3540                    2878.8216764 4277.13342  48.6%  1896 2850s
H 3577  3540                    2886.8467947 4277.13342  48.2%  1900 2850s
H 3579  3540                    2902.5296732 4277.13342  47.4%  1900 2850s
  3587  3784 4272.68974   63 4118 2902.52967 4277.13342  47.4%  1905 2920s
  3831  4016 4272.66178   66 3963 2902.52967 4277.13342  47.4%  1896 2986s
  4065  4335 4271.91585   76 3953 2902.52967 4277.13342  47.4%  1893 3057s
  4384  4596 4271.90914   80 3901 2902.52967 4277.13342  47.4%  1859 3126s
  4649  4800 4271.90914   89 3883 2902.52967 4277.13342  47.4%  1853 3198s
  4853  5088 4267.99664   92 4069 2902.52967 4277.13342  47.4%  1879 3275s
H 5145  5414                    2902.7419492 4277.13342  47.3%  1871 3351s
H 5159  5414                    2903.4263097 4277.13342  47.3%  1875 3351s
  5484  5748 4265.56939  100 3873 2903.42631 4277.13342  47.3%  1852 3428s
  5818  5883 4264.80914  104 3885 2903.42631 4277.13342  47.3%  1839 3859s
H 5819  5883                    2916.1070738 4277.13342  46.7%  1838 3859s
H 5832  5883                    2932.0142933 4277.13342  45.9%  1843 3859s
H 5942  5883                    2986.4429863 4277.13342  43.2%  1839 3859s
  5953  6223 4264.12921  106 3876 2986.44299 4277.13342  43.2%  1840 3948s
  6295  6727 4263.33893  108 3911 2986.44299 4277.13342  43.2%  1834 4035s
  6805  7079 4256.90526  113 3755 2986.44299 4277.13342  43.2%  1792 4126s
  7171  7406 4257.45765  118 3762 2986.44299 4277.13342  43.2%  1793 4244s
  7500  7780 4247.35799  124 3504 2986.44299 4277.13342  43.2%  1813 4352s
  7874  8098 4246.13815  132 3646 2986.44299 4277.13342  43.2%  1823 4461s
H 7923  8098                    2986.4561743 4277.13342  43.2%  1830 4461s
H 7927  8098                    2986.5390905 4277.13342  43.2%  1833 4461s
H 7988  8098                    2986.6555572 4277.13342  43.2%  1836 4461s
H 8007  8098                    2986.7367238 4277.13342  43.2%  1843 4461s
H 8065  8098                    2996.0985186 4277.13342  42.8%  1843 4461s
H 8140  8098                    3010.2994612 4277.13342  42.1%  1843 4461s
  8196  8548 4245.41505  136 3567 3010.29946 4277.13342  42.1%  1848 4567s
  8648  8991 4243.68062  142 3413 3010.29946 4277.13342  42.1%  1846 4676s
H 9098  9021                    3088.5552321 4277.13342  38.5%  1849 4928s
H 9105  9021                    3136.9348125 4277.13342  36.3%  1851 4928s
  9128  9337 4240.24934  152 3472 3136.93481 4277.13342  36.3%  1852 5048s
  9450  9695 4239.28698  158 3373 3136.93481 4277.13342  36.3%  1886 5173s
H 9453  9695                    3139.1522059 4277.13342  36.3%  1887 5173s
H 9620  9695                    3148.0725587 4277.13342  35.9%  1920 5173s
  9814 10032 4226.71192  162 3385 3148.07256 4277.13342  35.9%  1912 5326s
H 9997 10032                    3198.9677405 4277.13342  33.7%  1943 5326s
 10152 10333 4214.79016  171 3107 3198.96774 4277.13342  33.7%  1947 5457s
H10475 10417                    3220.8329741 4277.13342  32.8%  1984 5742s
H10493 10412                    3226.9769688 4277.13342  32.5%  1988 5743s
 10567 10806 4210.08003  180 3247 3226.97697 4277.13342  32.5%  1991 5883s
 10963 11232 4204.28809  186 3328 3226.97697 4277.13342  32.5%  2019 6031s
 11391 11842 4203.16410  190 3216 3226.97697 4277.13342  32.5%  2029 6184s
 12002 11842 4240.84265   54 4188 3226.97697 4277.13342  32.5%  2018 6185s
H12020 12106                    3227.3869044 4277.13342  32.5%  2023 6399s
H12024 12106                    3228.1690682 4277.13342  32.5%  2024 6399s
H12075 12105                    3234.6553244 4277.13342  32.2%  2025 6399s
H12076 12105                    3236.8204937 4277.13342  32.1%  2025 6399s
H12112 12088                    3298.7048907 4277.13342  29.7%  2028 6399s
 12284 12870 4195.66665  198 3108 3298.70489 4277.13342  29.7%  2019 6561s
H13078 12870                    3299.1146832 4277.13342  29.6%  1995 6590s
 13079 12871 4243.64380  138 3218 3299.11468 4277.13342  29.6%  1995 6934s
 13081 12872 3576.45982  905 3819 3299.11468 4277.13342  29.6%  1994 6995s
H13081 12228                    3303.4847951 4277.13342  29.5%  1994 7030s
H13081 11616                    3304.4400994 4148.47102  25.5%  1994 7035s
H13082 11036                    3313.7766088 4111.52870  24.1%  1994 7049s
 13084 11037 3975.30937  780 4193 3313.77661 4082.19008  23.2%  1994 7062s
H13084 10485                    3325.8059484 4082.19008  22.7%  1994 7071s
 13086 10487 4035.65366  205 4207 3325.80595 4035.65366  21.3%  1994 7076s
 13088 10488 4035.46493  425 4136 3325.80595 4035.46493  21.3%  1993 7085s
H13088  9964                    3330.5238111 4035.46493  21.2%  1993 7109s
H13088  9465                    3346.0024361 3981.45869  19.0%  1993 7113s
 13090  9466 3968.11227  201 4185 3346.00244 3968.11227  18.6%  1993 7123s
 13091  9467 3963.84552  210 4361 3346.00244 3963.84552  18.5%  1993 7134s
 13092  9468 3961.04034  139 4493 3346.00244 3961.04034  18.4%  1993 7145s
 13094  9469 3845.49377  731 4559 3346.00244 3960.75402  18.4%  1992 7150s
 13095  9470 3960.74949   16 4472 3346.00244 3960.74949  18.4%  1992 7156s
 13096  9470 3948.70472  450 4153 3346.00244 3948.70472  18.0%  1992 7183s
 13097  9471 3946.02393   57 4381 3346.00244 3946.02393  17.9%  1992 7193s
 13098  9472 3944.30539   33 4507 3346.00244 3944.30539  17.9%  1992 7201s
 13099  9472 3735.48067  625 4529 3346.00244 3943.26178  17.8%  1992 7211s
 13100  9473 3943.07958   74 4579 3346.00244 3943.07958  17.8%  1991 7215s
 13102  9474 3679.72018  832 4553 3346.00244 3942.99230  17.8%  1991 7226s
 13103  9475 3938.44725  217 4176 3346.00244 3938.44725  17.7%  1991 7264s
 13104  9476 3935.42887  101 4505 3346.00244 3935.42887  17.6%  1991 7282s
H13104  9002                    3347.2864006 3935.42887  17.6%  1991 7298s
 13106  9003 3933.11122   75 4546 3347.28640 3933.11122  17.5%  1991 7305s
 13108  9004 3933.04019   89 4500 3347.28640 3933.04019  17.5%  1990 7316s
H13108  8553                    3347.6720094 3929.97861  17.4%  1990 7390s
H13109  8126                    3350.0643699 3929.97861  17.3%  1990 7406s
 13111  8127 3927.57397  569 4728 3350.06437 3927.57397  17.2%  1990 7419s
 13112  8128 3927.27281    6 4812 3350.06437 3927.27281  17.2%  1990 7426s
 13114  8129 3927.21158  107 4681 3350.06437 3927.21158  17.2%  1989 7436s
H13114  7722                    3379.5926718 3924.60904  16.1%  1989 7522s
 13116  7724 3923.45737  587 4801 3379.59267 3923.45737  16.1%  1989 7535s
 13117  7724 3923.14858  592 4840 3379.59267 3923.14858  16.1%  1989 7542s
 13118  7725 3923.07155   16 4815 3379.59267 3923.07155  16.1%  1989 7546s
 13119  7726 3762.45008  612 4814 3379.59267 3923.06399  16.1%  1989 7554s
 13120  7726 3921.14513  323 4340 3379.59267 3921.14513  16.0%  1988 7585s
 13121  7727 3920.32122  505 4564 3379.59267 3920.32122  16.0%  1988 7597s
 13122  7728 3919.87096   11 4541 3379.59267 3919.87096  16.0%  1988 7605s
 13124  7729 3919.61176   21 4676 3379.59267 3919.61176  16.0%  1988 7611s
 13125  7730 3919.60333   80 4579 3379.59267 3919.60333  16.0%  1988 7620s
 13126  7730 3916.65357   84 4511 3379.59267 3916.65357  15.9%  1988 7649s
 13127  7731 3568.91551  670 4635 3379.59267 3915.68921  15.9%  1987 7662s
 13128  7732 3915.24843  267 4686 3379.59267 3915.24843  15.8%  1987 7671s
 13129  7732 3915.03123  473 4742 3379.59267 3915.03123  15.8%  1987 7678s
 13131  7734 3891.09451  689 4744 3379.59267 3914.99724  15.8%  1987 7688s
 13132  7734 3379.59267  775 4458 3379.59267 3913.23682  15.8%  1987 7718s
 13133  7735 3912.64191  481 4733 3379.59267 3912.64191  15.8%  1986 7727s
 13134  7736 3912.48711  295 4668 3379.59267 3912.48711  15.8%  1986 7733s
 13135  7736 3912.43495  488 4678 3379.59267 3912.43495  15.8%  1986 7736s
 13136  7737 3912.41678  175 4656 3379.59267 3912.41678  15.8%  1986 7745s
 13137  7738 3910.74131  108 4525 3379.59267 3910.74131  15.7%  1986 7770s
 13138  7738 3910.40682  345 4594 3379.59267 3910.40682  15.7%  1986 7779s
 13139  7739 3910.17089  178 4776 3379.59267 3910.17089  15.7%  1986 7784s
 13140  7740 3910.06592  387 4684 3379.59267 3910.06592  15.7%  1985 7789s
 13141  7740 3910.03820  506 4711 3379.59267 3910.03820  15.7%  1985 7791s
 13142  7741 3910.02878  487 4675 3379.59267 3910.02878  15.7%  1985 7800s
 13143  7742 3908.77936  746 4527 3379.59267 3908.77936  15.7%  1985 7827s
 13144  7742 3390.14002  850 4597 3379.59267 3908.42989  15.6%  1985 7833s
 13145  7743 3907.91503  347 4731 3379.59267 3907.91503  15.6%  1985 7844s
 13146  7744 3907.79988  141 4697 3379.59267 3907.79988  15.6%  1985 7849s
 13147  7744 3907.76442  113 4672 3379.59267 3907.76442  15.6%  1984 7852s
 13148  7745 3907.73949  111 4709 3379.59267 3907.73949  15.6%  1984 7860s
 13149  7746 3906.49190  172 4391 3379.59267 3906.49190  15.6%  1984 7895s
 13150  7746 3906.03397   12 4572 3379.59267 3906.03397  15.6%  1984 7905s
 13151  7747 3905.80427  280 4590 3379.59267 3905.80427  15.6%  1984 7912s
 13152  7748 3905.56625  581 4713 3379.59267 3905.56625  15.6%  1984 7921s
 13153  7748 3762.45008  612 4737 3379.59267 3905.54191  15.6%  1983 7932s
H13153  7359                    3382.7888506 3904.55132  15.4%  1983 8067s
H13154  6991                    3394.1057428 3904.55132  15.0%  1983 8075s
 13157  6993 3904.04249  112 4676 3394.10574 3904.04249  15.0%  1983 8082s
 13158  6994 3903.99349  551 4681 3394.10574 3903.99349  15.0%  1983 8086s
 13159  6994 3903.99004  228 4663 3394.10574 3903.99004  15.0%  1983 8095s
H13159  6643                    3407.8001399 3903.99004  14.6%  1983 8118s
 13161  6645 3903.16631  170 4653 3407.80014 3903.16631  14.5%  1982 8126s
 13162  6645 3903.10092   36 4709 3407.80014 3903.10092  14.5%  1982 8130s
 13164  6647 3891.09451  689 4675 3407.80014 3903.07110  14.5%  1982 8141s
 13165  6647 3902.56217   84 4497 3407.80014 3902.56217  14.5%  1982 8166s
 13166  6648 3902.27699  100 4725 3407.80014 3902.27699  14.5%  1981 8174s
 13167  6649 3902.04178  529 4773 3407.80014 3902.04178  14.5%  1981 8179s
 13168  6649 3901.99240  119 4737 3407.80014 3901.99240  14.5%  1981 8182s
 13169  6650 3901.98552   73 4698 3407.80014 3901.98552  14.5%  1981 8192s
 13170  6651 3901.15608  447 4651 3407.80014 3901.15608  14.5%  1981 8221s
H13170  6317                    3431.4737525 3901.15608  13.7%  1981 8228s
 13172  6318 3900.79645  197 4867 3431.47375 3900.79645  13.7%  1981 8233s
 13173  6319 3900.76295  150 4786 3431.47375 3900.76295  13.7%  1980 8235s
 13174  6319 3697.34017  896 4803 3431.47375 3900.75929  13.7%  1980 8247s
 13175  6320 3899.95721  162 4625 3431.47375 3899.95721  13.7%  1980 8279s
 13176  6321 3899.38292   56 4584 3431.47375 3899.38292  13.6%  1980 8288s
 13177  6321 3899.19091   72 4808 3431.47375 3899.19091  13.6%  1980 8294s
 13178  6322 3899.14815  107 4711 3431.47375 3899.14815  13.6%  1980 8296s
 13179  6323 3899.13418  138 4754 3431.47375 3899.13418  13.6%  1980 8305s
 13180  6323 3898.64234  146 4660 3431.47375 3898.64234  13.6%  1979 8330s
 13181  6324 3576.45982  905 4810 3431.47375 3898.46836  13.6%  1979 8337s
 13182  6325 3898.34915   43 4814 3431.47375 3898.34915  13.6%  1979 8343s
 13183  6325 3578.46004  906 4875 3431.47375 3898.32883  13.6%  1979 8353s
 13184  6326 3897.64846  780 4686 3431.47375 3897.64846  13.6%  1979 8376s
 13185  6327 3897.48561  207 4902 3431.47375 3897.48561  13.6%  1979 8384s
 13186  6327 3897.24452  205 4997 3431.47375 3897.24452  13.6%  1978 8394s
 13187  6328 3897.18206   64 4968 3431.47375 3897.18206  13.6%  1978 8398s
 13188  6329 3897.17031  425 4984 3431.47375 3897.17031  13.6%  1978 8406s
 13189  6329 3896.65988  327 4679 3431.47375 3896.65988  13.6%  1978 8432s
H13189  6011                    3450.7605288 3896.65988  12.9%  1978 8437s
 13192  6013 3896.47605  139 4863 3450.76053 3896.47605  12.9%  1978 8447s
 13193  6014 3450.76053  852 4488 3450.76053 3895.97485  12.9%  1977 8473s
 13194  6015 3845.49377  731 4876 3450.76053 3895.89609  12.9%  1977 8478s
 13195  6015 3895.84591   16 4863 3450.76053 3895.84591  12.9%  1977 8482s
 13196  6016 3895.83265  450 4793 3450.76053 3895.83265  12.9%  1977 8490s
 13197  6017 3895.44377   57 4653 3450.76053 3895.44377  12.9%  1977 8517s
 13198  6017 3895.38055   33 4792 3450.76053 3895.38055  12.9%  1977 8521s
 13199  6018 3735.48067  625 4893 3450.76053 3895.27920  12.9%  1977 8527s
 13201  6019 3895.24224  242 4834 3450.76053 3895.24224  12.9%  1976 8537s
 13202  6020 3679.72018  832 4652 3450.76053 3894.78756  12.9%  1976 8562s
 13203  6021 3894.72299  217 4848 3450.76053 3894.72299  12.9%  1976 8566s
 13204  6021 3894.65648  101 4838 3450.76053 3894.65648  12.9%  1976 8571s
 13205  6022 3460.60714 1001 4774 3450.76053 3894.63698  12.9%  1976 8580s
 13206  6023 3894.30398   75 4775 3450.76053 3894.30398  12.9%  1975 8600s
 13208  6024 3894.23850   89 4937 3450.76053 3894.23850  12.9%  1975 8606s
 13209  6025 3894.23193  310 4929 3450.76053 3894.23193  12.9%  1975 8616s
 13210  6025 3893.92703   18 4718 3450.76053 3893.92703  12.8%  1975 8634s
 13211  6026 3893.81960  569 4909 3450.76053 3893.81960  12.8%  1975 8640s
 13212  6027 3893.80057    6 4925 3450.76053 3893.80057  12.8%  1975 8650s
 13213  6027 3893.48282   19 4718 3450.76053 3893.48282  12.8%  1974 8669s
 13214  6028 3893.32367  107 4874 3450.76053 3893.32367  12.8%  1974 8677s
 13215  6029 3579.26657  902 4920 3450.76053 3893.11302  12.8%  1974 8683s
 13216  6029 3893.09794  587 4960 3450.76053 3893.09794  12.8%  1974 8694s
 13217  6030 3892.46874  592 4723 3450.76053 3892.46874  12.8%  1974 8725s
 13218  6031 3892.24109   16 4941 3450.76053 3892.24109  12.8%  1974 8733s
 13219  6031 3762.45008  612 4904 3450.76053 3892.15154  12.8%  1974 8738s
 13220  6032 3892.04727  323 4929 3450.76053 3892.04727  12.8%  1973 8743s
 13221  6033 3892.03061  505 4959 3450.76053 3892.03061  12.8%  1973 8752s
 13222  6033 3891.76736   11 4687 3450.76053 3891.76736  12.8%  1973 8777s
 13223  6034 3891.71682   16 4858 3450.76053 3891.71682  12.8%  1973 8782s
 13224  6035 3891.68681   21 4974 3450.76053 3891.68681  12.8%  1973 8786s
 13225  6035 3891.67220   80 4940 3450.76053 3891.67220  12.8%  1973 8795s
 13226  6036 3891.46354   84 4641 3450.76053 3891.46354  12.8%  1973 8815s
 13227  6037 3568.91551  670 4831 3450.76053 3891.38264  12.8%  1972 8820s
 13229  6038 3891.34932  473 4850 3450.76053 3891.34932  12.8%  1972 8830s
H13229  5733                    3481.9341869 3891.15037  11.8%  1972 8922s
 13231  5734 3891.09451  689 4847 3481.93419 3891.13223  11.8%  1972 8931s
 13232  5735 3481.93419  775 4676 3481.93419 3890.90307  11.7%  1972 8952s
 13233  5736 3890.80932  481 4743 3481.93419 3890.80932  11.7%  1971 8956s
 13234  5736 3890.68761  295 4892 3481.93419 3890.68761  11.7%  1971 8961s
 13235  5737 3890.67949  488 4775 3481.93419 3890.67949  11.7%  1971 8969s
 13236  5738 3890.33732  175 4676 3481.93419 3890.33732  11.7%  1971 8993s
 13237  5738 3890.25989  108 4836 3481.93419 3890.25989  11.7%  1971 8997s
 13238  5739 3890.25122  345 4881 3481.93419 3890.25122  11.7%  1971 9008s
 13239  5740 3890.10998  178 4729 3481.93419 3890.10998  11.7%  1971 9026s
 13240  5740 3890.06461  387 4813 3481.93419 3890.06461  11.7%  1970 9030s
 13241  5741 3890.00115  506 4875 3481.93419 3890.00115  11.7%  1970 9035s
 13243  5742 3889.96450  746 4834 3481.93419 3889.96450  11.7%  1970 9046s
 13244  5743 3481.93419  850 4612 3481.93419 3889.58113  11.7%  1970 9070s
 13245  5744 3889.47222  347 4778 3481.93419 3889.47222  11.7%  1970 9075s
 13247  5745 3889.34893  113 4860 3481.93419 3889.34893  11.7%  1969 9083s
 13248  5746 3889.33178  111 4846 3481.93419 3889.33178  11.7%  1969 9092s
 13249  5746 3889.06776  172 4713 3481.93419 3889.06776  11.7%  1969 9116s
 13250  5747 3889.03429   12 4831 3481.93419 3889.03429  11.7%  1969 9120s
 13252  5748 3888.97839  581 4938 3481.93419 3888.97839  11.7%  1969 9136s
 13253  5749 3762.45008  612 4699 3481.93419 3888.49693  11.7%  1968 9163s
 13254  5750 3888.44215  306 4796 3481.93419 3888.44215  11.7%  1968 9166s
 13255  5750 3888.41052   28 4879 3481.93419 3888.41052  11.7%  1968 9171s
 13256  5751 3888.39913  245 4861 3481.93419 3888.39913  11.7%  1968 9180s
 13257  5752 3888.09364  112 4789 3481.93419 3888.09364  11.7%  1968 9203s
 13258  5752 3888.05541  551 4912 3481.93419 3888.05541  11.7%  1968 9207s
 13259  5753 3888.02563  228 4977 3481.93419 3888.02563  11.7%  1968 9210s
 13260  5754 3888.01057  356 4892 3481.93419 3888.01057  11.7%  1967 9219s
 13261  5754 3887.38145  170 4744 3481.93419 3887.38145  11.6%  1967 9243s
 13262  5755 3887.24225   36 4883 3481.93419 3887.24225  11.6%  1967 9251s
 13263  5756 3887.19621  112 4849 3481.93419 3887.19621  11.6%  1967 9256s
 13264  5756 3887.15121  689 4993 3481.93419 3887.15121  11.6%  1967 9260s
 13265  5757 3887.13631   84 4977 3481.93419 3887.13631  11.6%  1967 9269s
 13266  5758 3886.74919  100 4622 3481.93419 3886.74919  11.6%  1967 9291s
 13268  5759 3886.59854  119 4970 3481.93419 3886.59854  11.6%  1966 9297s
 13269  5760 3886.56349   73 4990 3481.93419 3886.56349  11.6%  1966 9300s
 13270  5760 3886.55963  447 4948 3481.93419 3886.55963  11.6%  1966 9309s
 13271  5761 3886.27018  807 4758 3481.93419 3886.27018  11.6%  1966 9329s
 13272  5762 3886.20314  197 4929 3481.93419 3886.20314  11.6%  1966 9334s
 13273  5762 3886.17157  150 4910 3481.93419 3886.17157  11.6%  1966 9338s
 13274  5763 3697.34017  896 4996 3481.93419 3886.16144  11.6%  1965 9347s
 13275  5764 3885.85221  162 4736 3481.93419 3885.85221  11.6%  1965 9370s
 13276  5764 3885.77898   56 4863 3481.93419 3885.77898  11.6%  1965 9376s
 13277  5765 3885.74646   72 4932 3481.93419 3885.74646  11.6%  1965 9380s
 13279  5766 3885.70767  138 4943 3481.93419 3885.70767  11.6%  1965 9393s
 13280  5767 3885.64549  146 4695 3481.93419 3885.64549  11.6%  1964 9409s
 13281  5768 3576.45982  905 4844 3481.93419 3885.62974  11.6%  1964 9419s
 13282  5768 3885.39245   43 4711 3481.93419 3885.39245  11.6%  1964 9443s
 13283  5769 3578.46004  906 4711 3481.93419 3885.39245  11.6%  1964 9454s
 13285  5772 3885.39245  207 3218 3481.93419 3885.39245  11.6%  2079 9467s
 13287  5773 3885.39245   64 3848 3481.93419 3885.39245  11.6%  2079 9537s
H13287  5484                    3485.3253222 3885.39245  11.5%  2079 9562s
H13287  5210                    3485.4747275 3885.39245  11.5%  2079 9562s
 13289  5212 3885.39245  327 4270 3485.47473 3885.39245  11.5%  2078 9582s
 13290  5212 3885.39245  201 4380 3485.47473 3885.39245  11.5%  2078 9607s
H13290  4951                    3486.9558515 3885.39245  11.4%  2078 9638s
 13292  4953 3885.39245  139 4684 3486.95585 3885.39245  11.4%  2078 9670s
 13293  4953 3486.95585  852 4684 3486.95585 3885.39245  11.4%  2078 9701s
H13293  4705                    3490.4065969 3885.39245  11.3%  2078 9740s
 13295  4707 3885.39245   16 4970 3490.40660 3885.39245  11.3%  2077 9758s
 13296  4707 3885.39245  450 4922 3490.40660 3885.39245  11.3%  2077 9771s
 13297  4708 3885.38652   57 4900 3490.40660 3885.38652  11.3%  2077 9778s
 13298  4709 3885.36086   33 4827 3490.40660 3885.36086  11.3%  2077 9788s
H13298  4473                    3490.5052421 3884.83621  11.3%  2077 9827s
 13300  4474 3884.63329   74 4876 3490.50524 3884.63329  11.3%  2077 9832s
 13301  4475 3884.58587  242 4873 3490.50524 3884.58587  11.3%  2076 9836s
 13302  4475 3679.72018  832 4771 3490.50524 3884.58067  11.3%  2076 9842s
 13303  4476 3884.04360  217 4448 3490.50524 3884.04360  11.3%  2076 9873s
 13304  4477 3883.99669  101 4591 3490.50524 3883.99669  11.3%  2076 9876s
 13305  4477 3490.50524 1001 4537 3490.50524 3883.98851  11.3%  2076 9882s
 13306  4478 3883.47244   75 4590 3490.50524 3883.47244  11.3%  2076 9941s
 13307  4479 3883.25596  450 4776 3490.50524 3883.25596  11.3%  2075 9950s
 13309  4480 3883.19921  310 4722 3490.50524 3883.19921  11.3%  2075 9962s
 13310  4481 3882.90778   18 4678 3490.50524 3882.90778  11.2%  2075 9981s
 13311  4481 3882.77932  569 4767 3490.50524 3882.77932  11.2%  2075 9988s
 13312  4482 3882.76823    6 4725 3490.50524 3882.76823  11.2%  2075 9995s
H13312  4258                    3501.3636778 3882.18323  10.9%  2075 10044s
 13314  4259 3881.91018  107 4806 3501.36368 3881.91018  10.9%  2074 10050s
 13316  4261 3881.84006  587 4691 3501.36368 3881.84006  10.9%  2074 10059s
 13317  4261 3881.20111  592 4569 3501.36368 3881.20111  10.8%  2074 10084s
 13318  4262 3881.11489   16 4778 3501.36368 3881.11489  10.8%  2074 10089s
 13319  4263 3762.45008  612 4709 3501.36368 3881.09586  10.8%  2074 10097s
 13320  4263 3880.26959  323 4571 3501.36368 3880.26959  10.8%  2073 10120s
 13321  4264 3880.12030  505 4724 3501.36368 3880.12030  10.8%  2073 10128s
 13322  4265 3880.08017   11 4795 3501.36368 3880.08017  10.8%  2073 10132s
 13323  4265 3880.07087   16 4710 3501.36368 3880.07087  10.8%  2073 10139s
 13324  4266 3879.54701   21 4551 3501.36368 3879.54701  10.8%  2073 10158s
 13325  4267 3879.42266   80 4766 3501.36368 3879.42266  10.8%  2073 10163s
 13326  4267 3879.39572   84 4708 3501.36368 3879.39572  10.8%  2072 10165s
 13327  4268 3568.91551  670 4704 3501.36368 3879.39126  10.8%  2072 10171s
 13328  4269 3879.03900  267 4567 3501.36368 3879.03900  10.8%  2072 10189s
 13329  4269 3878.93395  473 4708 3501.36368 3878.93395  10.8%  2072 10194s
 13330  4270 3878.91056  435 4735 3501.36368 3878.91056  10.8%  2072 10203s
 13331  4271 3878.63929  689 4615 3501.36368 3878.63929  10.8%  2072 10221s
 13332  4271 3501.36368  775 4866 3501.36368 3878.43702  10.8%  2072 10228s
 13333  4272 3878.40104  481 4781 3501.36368 3878.40104  10.8%  2071 10231s
 13334  4273 3878.39754  295 4740 3501.36368 3878.39754  10.8%  2071 10239s
H13334  4058                    3526.2214336 3877.93751  10.0%  2071 10769s
 13336  4059 3877.85247  175 4729 3526.22143 3877.85247  10.0%  2071 10775s
 13337  4060 3877.84201  108 4735 3526.22143 3877.84201  10.0%  2071 10785s
 13338  4060 3877.64476  345 4646 3526.22143 3877.64476  10.0%  2071 10804s
 13339  4061 3877.54036  178 4825 3526.22143 3877.54036  10.0%  2070 10811s
 13340  4062 3877.48999  387 4872 3526.22143 3877.48999  10.0%  2070 10817s
 13341  4062 3877.47776  506 4970 3526.22143 3877.47776  10.0%  2070 10826s
 13342  4063 3877.22116  487 4776 3526.22143 3877.22116  10.0%  2070 10852s
 13343  4064 3877.13986  746 4923 3526.22143 3877.13986  10.0%  2070 10858s
 13344  4064 3526.22143  850 4801 3526.22143 3877.12834  10.0%  2070 10865s
 13345  4065 3876.92454  347 4722 3526.22143 3876.92454  9.95%  2069 10885s
 13347  4066 3876.88406  113 4850 3526.22143 3876.88406  9.94%  2069 10904s
 13348  4067 3875.79566  111 4636 3526.22143 3875.79566  9.91%  2069 10932s
 13349  4068 3875.65619  172 4878 3526.22143 3875.65619  9.91%  2069 10938s
 13350  4068 3875.54264   12 4872 3526.22143 3875.54264  9.91%  2069 10944s
 13351  4069 3875.52853  280 4799 3526.22143 3875.52853  9.91%  2069 10958s
 13352  4070 3875.04606  581 4711 3526.22143 3875.04606  9.89%  2068 10978s
 13353  4070 3762.45008  612 4794 3526.22143 3874.97499  9.89%  2068 10983s
 13354  4071 3874.96160  306 4701 3526.22143 3874.96160  9.89%  2068 10990s
 13355  4072 3874.52933   28 4605 3526.22143 3874.52933  9.88%  2068 11008s
 13356  4072 3874.39206  245 4727 3526.22143 3874.39206  9.87%  2068 11015s
 13357  4073 3874.37009  112 4668 3526.22143 3874.37009  9.87%  2068 11022s
 13358  4074 3874.02367  551 4737 3526.22143 3874.02367  9.86%  2067 11038s
 13359  4074 3873.92078  228 4790 3526.22143 3873.92078  9.86%  2067 11043s
 13360  4075 3873.89904  356 4777 3526.22143 3873.89904  9.86%  2067 11053s
 13361  4076 3873.47333  170 4508 3526.22143 3873.47333  9.85%  2067 11080s
 13362  4076 3873.37822   36 4740 3526.22143 3873.37822  9.85%  2067 11085s
 13363  4077 3873.33557  112 4763 3526.22143 3873.33557  9.84%  2067 11090s
 13364  4078 3873.32711  689 4691 3526.22143 3873.32711  9.84%  2067 11099s
 13365  4078 3873.10423   84 4573 3526.22143 3873.10423  9.84%  2066 11115s
 13367  4080 3873.02966  529 4652 3526.22143 3873.02966  9.84%  2066 11123s
 13368  4080 3873.02058  119 4797 3526.22143 3873.02058  9.83%  2066 11130s
 13369  4081 3872.69063   73 4758 3526.22143 3872.69063  9.83%  2066 11147s
 13370  4082 3872.60169  447 4794 3526.22143 3872.60169  9.82%  2066 11152s
 13371  4082 3872.58889  807 4819 3526.22143 3872.58889  9.82%  2065 11160s
 13372  4083 3872.29378  197 4672 3526.22143 3872.29378  9.81%  2065 11180s
 13374  4084 3697.34017  896 4694 3526.22143 3872.22689  9.81%  2065 11190s
 13375  4085 3872.04269  162 4676 3526.22143 3872.04269  9.81%  2065 11207s
 13376  4086 3872.00289   56 4784 3526.22143 3872.00289  9.81%  2065 11211s
 13377  4086 3871.99495   72 4844 3526.22143 3871.99495  9.81%  2065 11221s
 13378  4087 3871.89707  107 4713 3526.22143 3871.89707  9.80%  2064 11237s
 13379  4088 3871.79599  138 4839 3526.22143 3871.79599  9.80%  2064 11244s
 13380  4088 3871.77827  146 4815 3526.22143 3871.77827  9.80%  2064 11252s
 13381  4089 3576.45982  905 4755 3526.22143 3871.45342  9.79%  2064 11274s
 13382  4090 3871.41267   43 4896 3526.22143 3871.41267  9.79%  2064 11279s
 13383  4090 3578.46004  906 4875 3526.22143 3871.36364  9.79%  2064 11282s
H13383  3884                    3538.9818003 3871.35818  9.39%  2064 11291s
 13385  3886 3871.13262  207 4693 3538.98180 3871.13262  9.39%  2063 11312s
 13386  3886 3871.05988  205 4896 3538.98180 3871.05988  9.38%  2063 11317s
 13387  3887 3871.03383   64 4906 3538.98180 3871.03383  9.38%  2063 11326s
 13388  3888 3870.85634  425 4771 3538.98180 3870.85634  9.38%  2063 11344s
 13389  3888 3870.71683  327 4956 3538.98180 3870.71683  9.37%  2063 11352s
 13391  3890 3870.67519  210 4801 3538.98180 3870.67519  9.37%  2062 11361s
 13392  3890 3870.64462  139 4868 3538.98180 3870.64462  9.37%  2062 11372s
 13393  3891 3538.98180  852 4837 3538.98180 3870.63991  9.37%  2062 11380s
 13394  3892 3845.49377  731 4698 3538.98180 3870.44946  9.37%  2062 11400s
 13395  3892 3870.44946   16 4698 3538.98180 3870.44946  9.37%  2062 11409s
H13395  3696                    3539.9530075 3870.44946  9.34%  2062 11545s
 13397  3701 3868.64385   29 4705 3539.95301 3870.44870  9.34%  2132 11590s
 13399  3704 3868.46273   30 4754 3539.95301 3870.43915  9.34%  2133 11618s
 13403  3711 3868.05791   31 4756 3539.95301 3870.31475  9.33%  2135 11661s
 13411  3724 3866.80230   32 4684 3539.95301 3870.19242  9.33%  2143 11713s
H13427  3556                    3540.1167196 3870.08261  9.32%  2163 11872s
H13428  3378                    3544.7360032 3870.08261  9.18%  2164 11872s
H13442  3205                    3561.7448245 3870.07500  8.66%  2173 11872s
 13451  3226 3866.11229   34 4647 3561.74482 3870.07500  8.66%  2184 11931s
 13475  3242 3865.75879   34 4620 3561.74482 3870.07500  8.66%  2205 11986s
 13499  3258 3866.01270   35 4565 3561.74482 3870.07500  8.66%  2227 12024s
 13523  3281 3865.08481   35 4640 3561.74482 3870.07500  8.66%  2242 12061s
 13554  3298 3865.85524   36 4528 3561.74482 3870.07500  8.66%  2256 12105s
H13582  3153                    3566.1482720 3870.07500  8.52%  2271 12243s
H13583  3001                    3571.4932381 3870.07500  8.36%  2271 12243s
H13593  2852                    3586.2662313 3870.07500  7.91%  2277 12243s
 13606  2879 3865.72070   37 4448 3586.26623 3870.07500  7.91%  2282 12289s
 13637  2901 3865.49084   37 4534 3586.26623 3870.07500  7.91%  2300 12329s
 13669  2926 3865.31503   38 4423 3586.26623 3870.07500  7.91%  2315 12375s
 13705  2955 3864.95171   38 4424 3586.26623 3870.07500  7.91%  2331 12423s
 13746  2984 3865.24211   39 4468 3586.26623 3870.07500  7.91%  2348 12469s
 13789  3015 3865.24140   40 4411 3586.26623 3870.07500  7.91%  2362 12510s
 13834  3050 3865.19597   41 4425 3586.26623 3870.07500  7.91%  2378 12548s
H13884  2920                    3598.1785986 3870.07500  7.56%  2392 12648s
H13886  2790                    3616.1103284 3870.07500  7.02%  2392 12648s
H13887  2665                    3619.1869841 3870.07500  6.93%  2392 12648s
H13906  2541                    3619.4070301 3870.07500  6.93%  2398 12648s
 13908  2603 3863.89655   42 4389 3619.40703 3870.07500  6.93%  2400 12700s
 13971  2630 3865.07215   43 4385 3619.40703 3870.07500  6.93%  2413 12749s
 14019  2676 3864.88195   44 4535 3619.40703 3870.07500  6.93%  2431 12800s
 14081  2716 3863.70474   45 4472 3619.40703 3870.07500  6.93%  2449 12849s
 14141  2762 3864.24589   45 4550 3619.40703 3870.07500  6.93%  2466 12896s
 14207  2810 3862.18289   46 4637 3619.40703 3870.07500  6.93%  2483 12959s
H14277  2698                    3619.8650453 3870.07500  6.91%  2503 13114s
H14278  2592                    3622.2387138 3870.07500  6.84%  2503 13114s
H14280  2490                    3630.8743973 3870.07500  6.59%  2504 13114s
H14293  2391                    3633.5294614 3870.07500  6.51%  2510 13114s
 14301  2458 3863.02161   47 4349 3633.52946 3870.07500  6.51%  2513 13167s
 14371  2493 3863.06823   48 4372 3633.52946 3870.07500  6.51%  2532 13222s
 14429  2547 3857.27499   49 4346 3633.52946 3870.07500  6.51%  2556 13280s
 14503  2613 3863.09556   50 4327 3633.52946 3870.07500  6.51%  2578 13345s
 14594  2657 3862.96796   51 4147 3633.52946 3870.07500  6.51%  2600 13404s
 14669  2737 3862.48595   53 4221 3633.52946 3870.07500  6.51%  2624 13474s
 14774  2801 3862.41904   54 4188 3633.52946 3870.07500  6.51%  2645 13555s
H14873  2701                    3633.6369884 3870.07500  6.51%  2672 14029s
H14878  2613                    3633.8608353 3870.07500  6.50%  2674 14029s
H14879  2531                    3635.3375197 3870.07500  6.46%  2674 14029s
 14898  2636 3861.70804   56 4021 3635.33752 3870.07500  6.46%  2679 14096s
 15010  2699 3861.56925   57 4043 3635.33752 3870.07500  6.46%  2703 14164s
 15110  2785 3861.55772   58 3999 3635.33752 3870.07500  6.46%  2729 14242s
 15230  2882 3860.93486   60 3917 3635.33752 3870.07500  6.46%  2758 14324s
H15368  2793                    3635.5214821 3870.07500  6.45%  2785 14736s
H15369  2718                    3635.6733546 3870.07500  6.45%  2785 14736s
H15373  2646                    3644.2137689 3870.07500  6.20%  2786 14736s
 15403  2721 3859.36437   62 4028 3644.21377 3870.07500  6.20%  2793 14824s
 15488  2835 3858.30923   64 4066 3644.21377 3870.07500  6.20%  2831 14915s
 15630  2908 3857.21022   65 3935 3644.21377 3870.07500  6.20%  2859 14997s
 15759  3031 3856.65827   67 3794 3644.21377 3870.07500  6.20%  2892 15079s
 15930  3162 3855.65501   69 3847 3644.21377 3870.07500  6.20%  2919 15170s
 16137  3258 3851.04732   71 3608 3644.21377 3870.07500  6.20%  2941 15257s
 16316  3424 3853.00425   72 3737 3644.21377 3870.07500  6.20%  2971 15352s
 16541  3535 3849.50987   75 3609 3644.21377 3870.07500  6.20%  2992 15453s
 16744  3675 3841.04972   76 3589 3644.21377 3870.07500  6.20%  3021 15561s
 16964  3777 3842.88025   78 3578 3644.21377 3870.07500  6.20%  3049 15661s
H17157  3815                    3644.8045539 3870.07500  6.18%  3082 15768s
H17161  3813                    3644.9778512 3870.07500  6.18%  3084 15768s
H17181  3813                    3644.9922001 3870.07500  6.18%  3094 15768s
H17213  3811                    3645.3685905 3870.07500  6.16%  3095 15769s
H17230  3806                    3646.1777846 3870.07500  6.14%  3100 15769s
H17317  3787                    3650.5245162 3870.07500  6.01%  3113 15769s
 17350  3869 3838.19411   83 3540 3650.52452 3870.07500  6.01%  3119 15904s
H17508  3962                    3651.2080967 3870.07500  5.99%  3163 16015s
H17526  3956                    3652.7065040 3870.07500  5.95%  3169 16015s
H17541  3955                    3652.8638592 3870.07500  5.95%  3178 16015s
H17573  3954                    3653.1250184 3870.07500  5.94%  3184 16015s
 17614  4122 3826.52591   87 3462 3653.12502 3870.07500  5.94%  3199 16203s
H17706  3902                    3680.2696442 3870.07500  5.16%  3219 16203s
H17782  3878                    3681.5717062 3870.07500  5.12%  3242 17610s
H17783  3877                    3681.9055650 3870.07500  5.11%  3243 17610s
H17784  3476                    3728.8274350 3870.07500  3.79%  3243 17610s
H17812  3343                    3748.9436373 3870.07500  3.23%  3249 17610s
 17818  3460 3834.99215   91 3316 3748.94364 3870.07500  3.23%  3250 17761s
 17959  3621 3830.49023   94 3158 3748.94364 3870.07500  3.23%  3305 17901s
 18121  3751 3824.65622   99 3428 3748.94364 3870.07500  3.23%  3359 18000s

Cutting planes:
  Gomory: 217
  Cover: 98
  Implied bound: 3
  Clique: 290
  MIR: 245
  StrongCG: 15
  Flow cover: 631
  GUB cover: 1
  Zero half: 1389

Explored 18251 nodes (62215309 simplex iterations) in 18000.06 seconds
Thread count was 24 (of 48 available processors)

Solution count 10: 3748.94 3728.83 3681.91 ... 3650.52

Time limit reached
Best objective 3.748943637272e+03, best bound 3.870074995874e+03, gap 3.2311%
