
Gurobi 9.0.2 (linux64) logging started Thu Jun  4 21:21:23 2020

Changed value of parameter LogFile to gurobi_logs/2020-06-04_21:21:23-rproblem4_implicit_mode=implicit_sdp_reduce.log
   Prev:   Default: 
Parameter MIPFocus unchanged
   Value: 0  Min: 0  Max: 3  Default: 0
Parameter SolutionLimit unchanged
   Value: 2000000000  Min: 1  Max: 2000000000  Default: 2000000000
Parameter LogToConsole unchanged
   Value: 1  Min: 0  Max: 1  Default: 1
Changed value of parameter TimeLimit to 18000.0
   Prev: inf  Min: 0.0  Max: inf  Default: inf
Gurobi Optimizer version 9.0.2 build v9.0.2rc0 (linux64)
Optimize a model with 215780 rows, 846494 columns and 18875922 nonzeros
Model fingerprint: 0x182ff331
Variable types: 26 continuous, 846468 integer (845712 binary)
Coefficient statistics:
  Matrix range     [2e-02, 1e+03]
  Objective range  [2e-01, 1e+00]
  Bounds range     [1e+00, 1e+00]
  RHS range        [2e-01, 1e+03]
Presolve removed 5992 rows and 624341 columns (presolve time = 10s) ...
Presolve removed 5992 rows and 624341 columns (presolve time = 10s) ...
Presolve removed 6152 rows and 624557 columns (presolve time = 15s) ...
Presolve removed 7664 rows and 626069 columns (presolve time = 22s) ...
Presolve removed 7664 rows and 626069 columns (presolve time = 25s) ...
Presolve removed 7664 rows and 626069 columns (presolve time = 72s) ...
Presolve removed 4832 rows and 623237 columns
Presolve time: 74.22s
Presolved: 210948 rows, 223257 columns, 2637366 nonzeros
Variable types: 1 continuous, 223256 integer (220416 binary)

Deterministic concurrent LP optimizer: primal simplex, dual simplex, and barrier
Showing barrier log only...

Root barrier log...

Ordering time: 1.97s

Barrier statistics:
 Dense cols : 1448
 AA' NZ     : 1.041e+07
 Factor NZ  : 1.343e+07 (roughly 300 MBytes of memory)
 Factor Ops : 2.392e+09 (less than 1 second per iteration)
 Threads    : 21

                  Objective                Residual
Iter       Primal          Dual         Primal    Dual     Compl     Time
   0   8.26060530e+06  3.80557948e+05  1.39e+05 1.80e+01  1.22e+03    88s
   1   6.29985113e+06  1.31406314e+07  1.06e+05 1.47e+01  9.14e+02    88s
   2   4.36790533e+05  2.88393970e+07  5.88e+03 4.07e-03  8.90e+01    89s
   3   2.82054316e+04  2.58096886e+06  4.69e+02 5.24e-04  6.38e+00    89s
   4   2.06501823e+03  1.69340378e+06  3.31e+01 8.62e-04  2.76e+00    89s
   5   8.53031406e+02  6.70024109e+05  1.40e+01 3.38e-04  1.09e+00    89s
   6   2.62047123e+02  7.40498280e+04  3.23e+00 3.49e-05  1.27e-01    90s
   7   1.20156567e+02  1.27742360e+04  1.50e-01 5.43e-06  1.98e-02    90s
   8   1.15617594e+02  2.60994488e+03  3.97e-02 9.55e-07  3.87e-03    90s
   9   1.19232647e+02  1.23107140e+03  2.26e-02 4.56e-07  1.72e-03    90s
  10   1.25686053e+02  6.53052626e+02  1.51e-02 2.48e-07  8.19e-04    90s
  11   1.34099477e+02  4.66793565e+02  1.06e-02 2.12e-07  5.17e-04    91s
  12   1.53700787e+02  3.63615441e+02  4.05e-03 3.33e-07  3.24e-04    91s
  13   1.68743588e+02  3.06302940e+02  2.40e-03 2.31e-07  2.13e-04    91s
  14   1.79007635e+02  2.64970996e+02  1.42e-03 1.69e-06  1.33e-04    91s
  15   1.88080668e+02  2.33433309e+02  6.79e-04 8.49e-07  7.00e-05    91s
  16   1.90460147e+02  2.29257082e+02  5.17e-04 1.09e-06  5.99e-05    92s
  17   1.92950418e+02  2.22077763e+02  3.53e-04 1.62e-06  4.49e-05    92s
  18   1.95126999e+02  2.17638085e+02  2.13e-04 1.32e-06  3.47e-05    92s
  19   1.95712138e+02  2.11468739e+02  1.76e-04 1.37e-06  2.43e-05    92s
  20   1.96845135e+02  2.05608388e+02  1.08e-04 1.32e-06  1.35e-05    93s
  21   1.97687233e+02  2.03349483e+02  6.12e-05 9.54e-07  8.73e-06    93s
  22   1.98088261e+02  2.01513149e+02  3.91e-05 6.12e-07  5.28e-06    93s
  23   1.98240346e+02  2.00626217e+02  3.14e-05 7.72e-07  3.69e-06    94s
  24   1.98271315e+02  2.00262098e+02  2.99e-05 4.96e-07  3.08e-06    94s
  25   1.98585474e+02  1.99578625e+02  1.35e-05 7.02e-07  1.54e-06    94s
  26   1.98759476e+02  1.99285311e+02  4.37e-06 6.05e-07  8.10e-07    95s
  27   1.98760698e+02  1.99274408e+02  4.30e-06 6.02e-07  7.92e-07    95s
  28   1.98796929e+02  1.99106965e+02  2.29e-06 6.83e-07  4.78e-07    96s
  29   1.98805065e+02  1.99104520e+02  1.87e-06 2.06e-06  4.61e-07    96s
  30   1.98807536e+02  1.99102149e+02  1.74e-06 6.76e-06  4.53e-07    96s
  31   1.98811385e+02  1.99051807e+02  1.57e-06 5.44e-06  3.70e-07    97s
  32   1.98816858e+02  1.99051149e+02  1.31e-06 5.23e-06  3.60e-07    97s
  33   1.98817972e+02  1.99032300e+02  1.26e-06 4.74e-06  3.30e-07    97s
  34   1.98818566e+02  1.99032220e+02  1.23e-06 7.95e-06  3.29e-07    98s
  35   1.98818908e+02  1.99030686e+02  1.22e-06 7.75e-06  3.26e-07    98s
  36   1.98821714e+02  1.99028610e+02  1.08e-06 1.04e-05  3.18e-07    98s
  37   1.98832914e+02  1.99021568e+02  5.66e-07 1.57e-05  2.90e-07    99s
  38   1.98832922e+02  1.99021328e+02  5.66e-07 1.56e-05  2.89e-07    99s
  39   1.98833975e+02  1.99012538e+02  5.14e-07 1.89e-05  2.75e-07   100s
  40   1.98834890e+02  1.99009549e+02  4.72e-07 3.64e-05  2.67e-07   100s
  41   1.98834897e+02  1.99009487e+02  4.71e-07 3.64e-05  2.67e-07   100s
  42   1.98834921e+02  1.99010088e+02  4.71e-07 3.58e-05  2.67e-07   101s
  43   1.98835564e+02  1.99008948e+02  4.47e-07 3.56e-05  2.65e-07   101s
  44   1.98836796e+02  1.98998931e+02  3.92e-07 6.62e-05  2.46e-07   101s
  45   1.98836879e+02  1.98994465e+02  3.89e-07 9.81e-05  2.39e-07   102s
  46   1.98836881e+02  1.98993818e+02  3.88e-07 9.85e-05  2.39e-07   102s
  47   1.98836832e+02  1.98992383e+02  3.87e-07 1.01e-04  2.38e-07   103s
  48   1.98836899e+02  1.98991262e+02  3.83e-07 9.99e-05  2.36e-07   103s
  49   1.98837160e+02  1.98986837e+02  3.72e-07 9.70e-05  2.27e-07   103s
  50   1.98837158e+02  1.98985379e+02  3.72e-07 9.59e-05  2.27e-07   104s
  51   1.98837414e+02  1.98976392e+02  3.59e-07 1.81e-04  2.10e-07   104s
  52   1.98837644e+02  1.98972418e+02  3.50e-07 1.82e-04  2.03e-07   104s
  53   1.98837694e+02  1.98972440e+02  3.50e-07 1.80e-04  2.03e-07   105s
  54   1.98837853e+02  1.98972163e+02  3.45e-07 1.83e-04  2.01e-07   105s
  55   1.98838114e+02  1.98968903e+02  3.34e-07 1.76e-04  1.96e-07   106s
  56   1.98838349e+02  1.98968574e+02  3.23e-07 1.75e-04  1.95e-07   106s
  57   1.98838380e+02  1.98968572e+02  3.22e-07 1.77e-04  1.95e-07   106s
  58   1.98838394e+02  1.98968145e+02  3.21e-07 1.84e-04  1.93e-07   107s
  59   1.98838406e+02  1.98965218e+02  3.20e-07 1.84e-04  1.88e-07   107s
  60   1.98838414e+02  1.98964032e+02  3.20e-07 1.90e-04  1.86e-07   107s
  61   1.98838448e+02  1.98962767e+02  3.19e-07 1.82e-04  1.84e-07   108s
  62   1.98838455e+02  1.98962815e+02  3.19e-07 1.83e-04  1.83e-07   108s

Barrier performed 62 iterations in 108.05 seconds
Sub-optimal termination - objective 1.98760698e+02


Root crossover log...

       0 DPushes remaining with DInf 0.0000000e+00               110s

   55768 PPushes remaining with PInf 2.5470762e-03               110s
Concurrent spin time: 3.42s

Solved with dual simplex

Root relaxation: objective 1.988461e+02, 14554 iterations, 84.47 seconds
Total elapsed time = 171.83s

    Nodes    |    Current Node    |     Objective Bounds      |     Work
 Expl Unexpl |  Obj  Depth IntInf | Incumbent    BestBd   Gap | It/Node Time

     0     0  198.84612    0 1316          -  198.84612      -     -  176s
H    0     0                      24.7854988  198.84612   702%     -  182s
H    0     0                     194.0249511  198.84612  2.48%     -  196s
H    0     0                     197.0649526  198.84612  0.90%     -  199s
     0     0  198.84593    0 2038  197.06495  198.84593  0.90%     -  233s
     0     0  198.81553    0 1326  197.06495  198.81553  0.89%     -  258s
H    0     0                     197.3920403  198.81553  0.72%     -  259s
     0     0  198.81463    0 1318  197.39204  198.81463  0.72%     -  262s
     0     0  198.81463    0 1371  197.39204  198.81463  0.72%     -  264s
     0     0  198.81463    0 1295  197.39204  198.81463  0.72%     -  267s
     0     2  198.81463    0 1293  197.39204  198.81463  0.72%     -  271s
    31    56  198.60443    5 1335  197.39204  198.74700  0.69%   224  281s
   103   128  198.49063    8 1592  197.39204  198.73143  0.68%   416  291s
   189   228  198.45458   10 1128  197.39204  198.73143  0.68%   492  296s
   265   311  198.41630   13 1150  197.39204  198.73143  0.68%   431  300s
H  355   382                     197.5924940  198.73143  0.58%   382  303s
H  367   382                     197.7805148  198.73143  0.48%   379  303s
   428   477  198.41131   17 1408  197.78051  198.73143  0.48%   365  305s
   597   573  198.41384   19 2038  197.78051  198.73143  0.48%   334  373s
   599   574  197.84718   21 2486  197.78051  198.73143  0.48%   333  401s
   602   576  198.35897   23 2488  197.78051  198.73143  0.48%   331  406s
   605   583  198.73143   16 2483  197.78051  198.73143  0.48%   431  412s
   609   590  198.73143   17 2482  197.78051  198.73143  0.48%   436  416s
   617   603  198.73143   18 2657  197.78051  198.73143  0.48%   440  423s
   633   622  198.64143   19 2718  197.78051  198.73143  0.48%   501  425s
   681   654  198.63969   20 2746  197.78051  198.68058  0.46%   503  430s
   729   699  198.46004   21 2752  197.78051  198.67980  0.45%   524  435s
   830   763  198.60070   23 2901  197.78051  198.63872  0.43%   541  442s
   897   804  198.58650   24 2850  197.78051  198.63872  0.43%   554  447s
   929   826  198.58131   25 2592  197.78051  198.63872  0.43%   574  452s
   964   845  198.56953   26 2962  197.78051  198.63872  0.43%   595  455s
  1045   909  198.55210   27 2619  197.78051  198.63872  0.43%   613  461s
  1142   983  198.49425   29 2528  197.78051  198.63872  0.43%   626  466s
  1254  1057  197.95163   30 2727  197.78051  198.63872  0.43%   624  471s
  1374  1141  198.28576   32 2595  197.78051  198.63872  0.43%   630  479s
  1440  1173  198.16143   33 2186  197.78051  198.63872  0.43%   631  482s
  1504  1211  198.05493   34 2153  197.78051  198.63872  0.43%   634  485s
  1595  1263  198.03377   36 2041  197.78051  198.63872  0.43%   642  491s
  1668  1321  198.02585   38 2124  197.78051  198.63872  0.43%   639  495s
  1835  1423  197.96021   42 2074  197.78051  198.63872  0.43%   634  501s
  2050  1536  197.93295   51 1587  197.78051  198.63872  0.43%   619  508s
  2157  1599  197.90810   53 1203  197.78051  198.63872  0.43%   618  510s
  2399  1716     cutoff   57       197.78051  198.63200  0.43%   602  518s
  2537  1842  198.36606   24 3228  197.78051  198.62171  0.43%   595  522s
  2722  1905  198.40035   26 2858  197.78051  198.62171  0.43%   577  526s
* 2906  1422              79     198.1846541  198.62171  0.22%   577  529s
  2978  1341  198.37610   28 2519  198.18465  198.62171  0.22%   574  533s
  3096  1342  198.37130   29 2513  198.18465  198.62171  0.22%   574  538s
  3229  1330 infeasible   28       198.18465  198.62171  0.22%   577  550s
H 3230  1330                     198.2448166  198.62171  0.19%   577  551s
H 3232  1330                     198.2719906  198.62171  0.18%   577  551s
  3409  1340  198.38252   28 2811  198.27199  198.61575  0.17%   579  559s
  3638  1341  198.50448   24 3010  198.27199  198.61061  0.17%   568  563s
  3862  1339  198.29755   26 3157  198.27199  198.61054  0.17%   558  567s
* 4073  1339              64     198.2747186  198.61054  0.17%   549  567s
  4113  1309     cutoff   27       198.27472  198.61054  0.17%   547  570s
H 4118  1309                     198.3018925  198.61054  0.16%   547  570s
H 4132  1309                     198.3211232  198.61054  0.15%   545  570s
  4406   935  198.44636   25 2038  198.32112  198.57994  0.13%   544  624s
  4408   936  198.33774   32 1315  198.32112  198.57994  0.13%   544  644s
  4409   937  198.39143   38 1317  198.32112  198.57994  0.13%   544  645s
  4418   952  198.57994   30 1312  198.32112  198.57994  0.13%   553  651s
  4442   978  198.57994   32 1530  198.32112  198.57994  0.13%   558  656s
  4514  1008  198.54658   34 1337  198.32112  198.57994  0.13%   562  682s
  4538  1023  198.50639   34 1443  198.32112  198.57994  0.13%   562  685s
  4608  1043  198.46855   36 1392  198.32112  198.57994  0.13%   567  690s
  4848  1045  198.53509   34 1433  198.32112  198.57994  0.13%   564  695s
  5167  1032  198.51718   39 1049  198.32112  198.57994  0.13%   551  701s
  5502  1041  198.41785   46 1296  198.32112  198.57994  0.13%   536  705s
  5880   972  198.39068   36 1312  198.32112  198.57994  0.13%   524  711s
  6069   938  198.50220   35 1505  198.32112  198.57994  0.13%   523  715s
  6297   886     cutoff   40       198.32112  198.57994  0.13%   517  722s
  6515   807  198.34629   42  941  198.32112  198.54642  0.11%   513  725s
  6938   684  198.36425   38 1632  198.32112  198.50202  0.09%   506  730s
  7400   574  198.43255   44 1028  198.32112  198.47871  0.08%   499  736s
  7825   584  198.37079   54 1186  198.32112  198.45789  0.07%   490  740s
  8246   589  198.38509   45 1479  198.32112  198.44484  0.06%   482  746s
* 8792   609              68     198.3370095  198.43495  0.05%   473  749s
  8799   558  198.39194   38 1155  198.33701  198.43495  0.05%   472  751s
  9440   427  198.37327   45  919  198.33701  198.41727  0.04%   462  755s
 10089   190  198.37003   51  805  198.33701  198.41122  0.04%   451  760s

Cutting planes:
  Implied bound: 1
  MIR: 1

Explored 10887 nodes (4732287 simplex iterations) in 764.29 seconds
Thread count was 24 (of 48 available processors)

Solution count 10: 198.337 198.321 198.321 ... 197.592

Optimal solution found (tolerance 1.00e-04)
Best objective 1.983370095340e+02, best bound 1.983370095340e+02, gap 0.0000%
