
Gurobi 9.0.2 (linux64) logging started Mon Jun  1 13:14:06 2020

Changed value of parameter LogFile to gurobi_logs/2020-06-01_13:14:04-rproblem4_mode=optimality_sdp_reduce.log
   Prev:   Default: 
Parameter MIPFocus unchanged
   Value: 0  Min: 0  Max: 3  Default: 0
Parameter SolutionLimit unchanged
   Value: 2000000000  Min: 1  Max: 2000000000  Default: 2000000000
Parameter LogToConsole unchanged
   Value: 1  Min: 0  Max: 1  Default: 1
Changed value of parameter TimeLimit to 18000.0
   Prev: inf  Min: 0.0  Max: inf  Default: inf
Gurobi Optimizer version 9.0.2 build v9.0.2rc0 (linux64)
Optimize a model with 9343 rows, 9514 columns and 20927 nonzeros
Model fingerprint: 0x63baea80
Variable types: 4 continuous, 9510 integer (171 binary)
Coefficient statistics:
  Matrix range     [1e+00, 1e+03]
  Objective range  [2e-01, 5e+00]
  Bounds range     [1e+00, 1e+00]
  RHS range        [1e+00, 5e+00]
Found heuristic solution: objective 168.7500000
Presolve removed 9343 rows and 9514 columns
Presolve time: 0.01s
Presolve: All rows and columns removed

Explored 0 nodes (0 simplex iterations) in 0.01 seconds
Thread count was 1 (of 48 available processors)

Solution count 2: 156.75 

Optimal solution found (tolerance 1.00e-04)
Best objective 1.567500000000e+02, best bound 1.567500000000e+02, gap 0.0000%

Gurobi 9.0.2 (linux64) logging started Mon Jun  1 13:14:08 2020

Changed value of parameter LogFile to gurobi_logs/2020-06-01_13:14:04-rproblem4_mode=optimality_sdp_reduce.log
   Prev:   Default: 
Parameter MIPFocus unchanged
   Value: 0  Min: 0  Max: 3  Default: 0
Parameter SolutionLimit unchanged
   Value: 2000000000  Min: 1  Max: 2000000000  Default: 2000000000
Parameter LogToConsole unchanged
   Value: 1  Min: 0  Max: 1  Default: 1
Changed value of parameter TimeLimit to 18000.0
   Prev: inf  Min: 0.0  Max: inf  Default: inf
Gurobi Optimizer version 9.0.2 build v9.0.2rc0 (linux64)
Optimize a model with 63312 rows, 38962 columns and 288807 nonzeros
Model fingerprint: 0xb112ee8f
Variable types: 26 continuous, 38936 integer (29768 binary)
Coefficient statistics:
  Matrix range     [2e-02, 1e+02]
  Objective range  [2e-01, 1e+00]
  Bounds range     [1e+00, 1e+00]
  RHS range        [1e+00, 4e+02]
Presolve removed 59312 rows and 34351 columns
Presolve time: 0.16s
Presolved: 4000 rows, 4611 columns, 23231 nonzeros
Variable types: 1 continuous, 4610 integer (4602 binary)

Root relaxation: objective 2.300970e+03, 2163 iterations, 0.07 seconds

    Nodes    |    Current Node    |     Objective Bounds      |     Work
 Expl Unexpl |  Obj  Depth IntInf | Incumbent    BestBd   Gap | It/Node Time

     0     0 2300.96962    0  288          - 2300.96962      -     -    0s
H    0     0                    1199.1324517 2300.96962  91.9%     -    0s
H    0     0                    1599.0054312 2300.96962  43.9%     -    0s
     0     0 2272.01492    0  417 1599.00543 2272.01492  42.1%     -    0s
H    0     0                    1723.6025116 2272.01492  31.8%     -    0s
     0     0 2270.99755    0  401 1723.60251 2270.99755  31.8%     -    0s
     0     0 2270.91815    0  422 1723.60251 2270.91815  31.8%     -    0s
     0     0 2213.69503    0  401 1723.60251 2213.69503  28.4%     -    1s
     0     0 2201.85095    0  339 1723.60251 2201.85095  27.7%     -    1s
H    0     0                    1845.2078992 2201.85095  19.3%     -    1s
H    0     0                    1957.6879041 2201.85095  12.5%     -    1s
H    0     0                    1960.6163991 2201.85095  12.3%     -    1s
     0     0 2193.00368    0  313 1960.61640 2193.00368  11.9%     -    1s
H    0     0                    1976.6872686 2193.00368  10.9%     -    1s
H    0     0                    2076.5735663 2193.00368  5.61%     -    1s
H    0     0                    2107.1205194 2193.00368  4.08%     -    1s
     0     0 2192.15205    0  328 2107.12052 2192.15205  4.04%     -    1s
     0     0 2192.07987    0  344 2107.12052 2192.07987  4.03%     -    1s
     0     0 2192.07850    0  344 2107.12052 2192.07850  4.03%     -    1s
     0     0 2179.53188    0  273 2107.12052 2179.53188  3.44%     -    2s
     0     0 2179.51464    0  268 2107.12052 2179.51464  3.44%     -    2s
     0     0 2176.89464    0  287 2107.12052 2176.89464  3.31%     -    2s
     0     0 2176.67129    0  261 2107.12052 2176.67129  3.30%     -    2s
     0     0 2176.63998    0  301 2107.12052 2176.63998  3.30%     -    2s
     0     0 2176.62387    0  278 2107.12052 2176.62387  3.30%     -    2s
     0     0 2176.51353    0  320 2107.12052 2176.51353  3.29%     -    2s
     0     0 2176.48498    0  301 2107.12052 2176.48498  3.29%     -    2s
     0     0 2176.47779    0  297 2107.12052 2176.47779  3.29%     -    2s
     0     0 2176.47779    0  298 2107.12052 2176.47779  3.29%     -    2s
H    0     0                    2112.7117676 2176.47779  3.02%     -    2s
     0     0 2176.41446    0  331 2112.71177 2176.41446  3.02%     -    2s
H    0     0                    2153.7451566 2176.41446  1.05%     -    2s
     0     0 2176.40225    0  280 2153.74516 2176.40225  1.05%     -    2s
     0     0 2176.26597    0  385 2153.74516 2176.26597  1.05%     -    3s
     0     0 2176.26540    0  379 2153.74516 2176.26540  1.05%     -    3s
     0     0 2176.26377    0  382 2153.74516 2176.26377  1.05%     -    3s
     0     0 2176.26113    0  401 2153.74516 2176.26113  1.05%     -    3s
     0     0 2175.95240    0  318 2153.74516 2175.95240  1.03%     -    3s
     0     0 2175.94832    0  376 2153.74516 2175.94832  1.03%     -    3s
     0     0 2175.94832    0  376 2153.74516 2175.94832  1.03%     -    3s
     0     0 2175.94832    0  369 2153.74516 2175.94832  1.03%     -    3s
     0     2 2175.87731    0  368 2153.74516 2175.87731  1.03%     -    3s
H   31    56                    2154.0451793 2175.00351  0.97%   129    4s
H   32    56                    2154.5488345 2175.00351  0.95%   132    4s
   103   128 2174.24676    8  262 2154.54883 2174.74155  0.94%   136    5s
  2551  2002 2163.59478   29  400 2154.54883 2171.01918  0.76%  85.0   10s
H 2594  1929                    2154.9376258 2160.13403  0.24%  86.5   14s
  2607  1937 2159.85537   12  153 2154.93763 2159.85537  0.23%  86.1   15s
H 2609  1841                    2156.1070853 2159.84930  0.17%  86.0   15s
H 2621  1757                    2156.1070878 2159.84930  0.17%  89.0   17s
  2629  1765 2159.69673   41  296 2156.10709 2159.84795  0.17%  91.1   20s
H 2659  1716                    2156.1202862 2159.68895  0.17%  91.6   23s
H 2660  1633                    2156.3029289 2159.68895  0.16%  91.6   23s
H 2661  1552                    2156.7541239 2159.68895  0.14%  91.6   23s
H 2668  1474                    2157.7293882 2159.68895  0.09%  91.8   23s
H 2674  1400                    2157.9186303 2159.68895  0.08%  91.8   23s
H 2739  1376                    2157.9186307 2159.68753  0.08%  92.2   23s
  3320  1683 2159.38704   56   34 2157.91863 2159.68753  0.08%  90.5   25s
H 3323  1617                    2157.9186315 2159.68753  0.08%  90.5   25s
H 8865  4585                    2158.1653118 2159.68753  0.07%  72.0   28s
 10786  5864 2158.91935   63   91 2158.16531 2159.66709  0.07%  68.9   30s
H12998  7359                    2158.1653126 2159.62406  0.07%  67.1   31s
H13074  6883                    2158.3033656 2159.62406  0.06%  67.0   31s
 22294 13866 2158.79501   82  156 2158.30337 2159.37586  0.05%  63.1   35s
 25201 14253 2159.36172   56  202 2158.30337 2159.36172  0.05%  63.6   40s
H25303 13597                    2158.3386033 2159.36172  0.05%  63.8   44s
 25388 13659 2158.51543   63   71 2158.33860 2159.36172  0.05%  63.9   45s
 37504 18258     cutoff   77      2158.33860 2159.36172  0.05%  60.0   50s
 51352 22162 2158.80713  123  103 2158.33860 2159.34966  0.05%  59.4   55s
 69848 27557 2158.89456   97  135 2158.33860 2159.29225  0.04%  58.4   60s
 76205 29359 2158.81844   98  401 2158.33860 2159.27743  0.04%  58.1   69s
 76214 29365 2158.52041   91  161 2158.33860 2159.27743  0.04%  58.1   70s
 76233 29392 2159.27743   72   52 2158.33860 2159.27743  0.04%  58.2   75s
 76782 29607     cutoff   83      2158.33860 2159.27743  0.04%  58.2   80s
 85940 33160 2158.91504  107   76 2158.33860 2159.22474  0.04%  57.2   85s
 101580 38147 2158.86525  103  134 2158.33860 2159.10055  0.04%  56.4   90s
 117091 41313 2158.67558  103   65 2158.33860 2159.05223  0.03%  55.8   95s
 132173 44263     cutoff   91      2158.33860 2159.02007  0.03%  55.9  100s
 145793 47032 2158.84759   93   55 2158.33860 2158.99584  0.03%  55.5  105s
 164338 49898 2158.47942   90   60 2158.33860 2158.97039  0.03%  55.2  110s
 178747 56416 2158.62188   99  134 2158.33860 2158.95341  0.03%  55.0  115s
 196631 64765 2158.68332  108   40 2158.33860 2158.93618  0.03%  54.7  120s
 210859 70758 2158.56060  119  115 2158.33860 2158.92315  0.03%  54.6  125s
 228759 77010     cutoff  105      2158.33860 2158.90806  0.03%  54.3  130s
 243358 83032 2158.51425   82   93 2158.33860 2158.89766  0.03%  54.1  135s
 261605 90284 2158.37956   85   65 2158.33860 2158.88543  0.03%  53.8  140s
 279505 97146     cutoff   96      2158.33860 2158.87406  0.02%  53.6  146s
 293545 102409 2158.60125  113   46 2158.33860 2158.86668  0.02%  53.4  150s
 311670 108981 2158.44960   97   67 2158.33860 2158.85724  0.02%  53.2  155s
 329220 115195 2158.41626   99   60 2158.33860 2158.84874  0.02%  53.0  161s
 343541 120029 2158.37255   86   30 2158.33860 2158.84247  0.02%  52.8  165s
 362108 126397 2158.64330  111   49 2158.33860 2158.83394  0.02%  52.6  170s
 379632 132292 2158.72383   97   80 2158.33860 2158.82614  0.02%  52.4  175s
 394477 137341 2158.67047   87   67 2158.33860 2158.82064  0.02%  52.2  180s
 412554 142906 2158.71918  103  164 2158.33860 2158.81374  0.02%  52.0  185s
 430214 149044     cutoff   99      2158.33860 2158.80708  0.02%  51.8  190s
 447657 154226 2158.56215  102   69 2158.33860 2158.80058  0.02%  51.6  195s
 463086 158555 2158.69094  116   33 2158.33860 2158.79555  0.02%  51.5  200s
 480518 163567 2158.67016   97   93 2158.33860 2158.78986  0.02%  51.3  205s
 498233 168564 2158.55960  116  138 2158.33860 2158.78469  0.02%  51.1  210s
 516403 173643 2158.65991  105   56 2158.33860 2158.77925  0.02%  50.9  215s
 534540 178541 2158.74788   96   48 2158.33860 2158.77384  0.02%  50.8  220s
 552016 183068     cutoff  102      2158.33860 2158.76878  0.02%  50.6  225s
 570272 187642 2158.65213   88  107 2158.33860 2158.76350  0.02%  50.5  230s
 588457 192486     cutoff  105      2158.33860 2158.75862  0.02%  50.3  235s
 606188 196835     cutoff  102      2158.33860 2158.75378  0.02%  50.1  240s
 624097 200874 2158.35009   85   50 2158.33860 2158.74905  0.02%  50.0  246s
 638262 203851 2158.33957  102   48 2158.33860 2158.74527  0.02%  49.9  250s
 656025 207743 2158.56064  107   36 2158.33860 2158.74120  0.02%  49.8  255s
 674020 211520     cutoff   96      2158.33860 2158.73650  0.02%  49.6  260s
 691916 215046     cutoff  105      2158.33860 2158.73177  0.02%  49.5  265s
 710124 218494 2158.42598  100   45 2158.33860 2158.72771  0.02%  49.4  270s
 728147 222026 2158.53716   84   27 2158.33860 2158.72358  0.02%  49.2  275s
 745581 225226 2158.57094  108   35 2158.33860 2158.71967  0.02%  49.1  280s
 764049 228615 2158.49435   97   65 2158.33860 2158.71544  0.02%  49.0  285s
 781679 231785 2158.68399  102   75 2158.33860 2158.71157  0.02%  48.8  290s
 800045 234698     cutoff   95      2158.33860 2158.70760  0.02%  48.7  295s
 821618 238451 2158.57402   85   41 2158.33860 2158.70307  0.02%  48.5  300s
 839195 240921 2158.60590  109  174 2158.33860 2158.69911  0.02%  48.4  305s
 857478 243855 2158.42862  115   56 2158.33860 2158.69570  0.02%  48.3  310s
 875125 246217 2158.36287  103   46 2158.33860 2158.69200  0.02%  48.1  315s
 893236 248879 2158.56724  101  103 2158.33860 2158.68859  0.02%  48.0  320s
 915119 251621     cutoff   91      2158.33860 2158.68457  0.02%  47.9  325s
 932455 253700     cutoff  101      2158.33860 2158.68117  0.02%  47.7  330s
 950636 255804 2158.34778   87   67 2158.33860 2158.67773  0.02%  47.6  335s
 972494 258254     cutoff  118      2158.33860 2158.67353  0.02%  47.5  340s
 990086 260111     cutoff   98      2158.33860 2158.67030  0.02%  47.3  345s
 1008283 261633     cutoff  106      2158.33860 2158.66706  0.02%  47.2  350s
 1029505 263694     cutoff  118      2158.33860 2158.66304  0.02%  47.1  355s
 1048035 265209 2158.46409   93   66 2158.33860 2158.65976  0.01%  47.0  360s
 1069295 266847 2158.56935  104   39 2158.33860 2158.65608  0.01%  46.8  365s
 1087479 268255 2158.50775  100   21 2158.33860 2158.65289  0.01%  46.7  370s
 1108405 269723 2158.34200  106   51 2158.33860 2158.64932  0.01%  46.6  375s
 1126723 270633     cutoff  100      2158.33860 2158.64619  0.01%  46.4  380s
 1148254 271608     cutoff  101      2158.33860 2158.64253  0.01%  46.3  385s
 1166311 272217 2158.47899  109   39 2158.33860 2158.63938  0.01%  46.2  390s
 1187761 272891 2158.61958   95  119 2158.33860 2158.63579  0.01%  46.1  395s
 1209461 273480 2158.60325  102   95 2158.33860 2158.63200  0.01%  45.9  400s
 1227018 273929     cutoff   99      2158.33860 2158.62914  0.01%  45.8  405s
 1248343 274375 2158.48270   96   71 2158.33860 2158.62589  0.01%  45.7  410s
 1270409 274657 2158.57107  104   42 2158.33860 2158.62218  0.01%  45.5  415s
 1288112 274808 2158.56782  109  130 2158.33860 2158.61949  0.01%  45.4  420s
 1309842 274581 2158.49875   90   20 2158.33860 2158.61612  0.01%  45.3  425s
 1331093 273902     cutoff   87      2158.33860 2158.61260  0.01%  45.2  430s
 1352210 273272 2158.35896  107   75 2158.33860 2158.60928  0.01%  45.0  435s
 1374294 272330 2158.48538   96   30 2158.33860 2158.60581  0.01%  44.9  440s
 1393685 271609 2158.44325  110   50 2158.33860 2158.60288  0.01%  44.8  445s
 1417329 270150 2158.55657   99   61 2158.33860 2158.59898  0.01%  44.6  450s
 1439109 268775 2158.40488   92   25 2158.33860 2158.59558  0.01%  44.5  455s
 1460753 267321 2158.39147  120   76 2158.33860 2158.59229  0.01%  44.4  460s
 1478899 265867 2158.45146   97   25 2158.33860 2158.58951  0.01%  44.3  465s
 1502713 263832 2158.42432  109  101 2158.33860 2158.58596  0.01%  44.1  470s
 1525554 261927     cutoff  113      2158.33860 2158.58252  0.01%  44.0  475s
 1548269 259662     cutoff   99      2158.33860 2158.57905  0.01%  43.8  480s
 1571576 257158     cutoff  103      2158.33860 2158.57560  0.01%  43.7  485s
 1594421 254102 2158.40478  115   26 2158.33860 2158.57206  0.01%  43.5  490s
 1618228 250730     cutoff   97      2158.33860 2158.56839  0.01%  43.4  495s
 1638367 247942     cutoff   89      2158.33860 2158.56541  0.01%  43.3  500s
 1662656 243784     cutoff  110      2158.33860 2158.56156  0.01%  43.1  505s
 1686984 239807     cutoff  102      2158.33860 2158.55782  0.01%  43.0  510s
 1701666 236803 2158.34743   99   30 2158.33860 2158.55533  0.01%  42.9  515s

Cutting planes:
  Gomory: 27
  Cover: 191
  Implied bound: 3
  Clique: 1
  MIR: 174
  StrongCG: 1
  Flow cover: 75
  Inf proof: 8
  Zero half: 71
  RLT: 6

Explored 1710158 nodes (73293353 simplex iterations) in 516.82 seconds
Thread count was 24 (of 48 available processors)

Solution count 10: 2158.34 2158.34 2158.3 ... 2156.75

Optimal solution found (tolerance 1.00e-04)
Best objective 2.158338603259e+03, best bound 2.158553919395e+03, gap 0.0100%
