
Gurobi 9.0.2 (linux64) logging started Tue May 26 00:09:06 2020

Changed value of parameter LogFile to gurobi_logs/2020-05-26_00:08:56-rproblem7_mode=optimality_predefined_shifts.log
   Prev:   Default: 
Parameter MIPFocus unchanged
   Value: 0  Min: 0  Max: 3  Default: 0
Parameter SolutionLimit unchanged
   Value: 2000000000  Min: 1  Max: 2000000000  Default: 2000000000
Parameter LogToConsole unchanged
   Value: 1  Min: 0  Max: 1  Default: 1
Changed value of parameter TimeLimit to 18000.0
   Prev: inf  Min: 0.0  Max: inf  Default: inf
Gurobi Optimizer version 9.0.2 build v9.0.2rc0 (linux64)
Optimize a model with 269694 rows, 199892 columns and 10998971 nonzeros
Model fingerprint: 0xf0e3522a
Variable types: 56 continuous, 199836 integer (185148 binary)
Coefficient statistics:
  Matrix range     [2e-02, 2e+02]
  Objective range  [2e-01, 2e+00]
  Bounds range     [1e+00, 1e+00]
  RHS range        [1e+00, 4e+02]
Presolve removed 98370 rows and 16365 columns (presolve time = 5s) ...
Presolve removed 181277 rows and 93491 columns (presolve time = 11s) ...
Presolve removed 181277 rows and 93491 columns (presolve time = 16s) ...
Presolve removed 181277 rows and 93491 columns (presolve time = 20s) ...
Presolve removed 181277 rows and 93491 columns
Presolve time: 20.12s
Presolved: 88417 rows, 106401 columns, 1594951 nonzeros
Variable types: 1 continuous, 106400 integer (106380 binary)

Deterministic concurrent LP optimizer: primal and dual simplex
Showing first log only...


Root simplex log...

Iteration    Objective       Primal Inf.    Dual Inf.      Time
       0    7.8607223e+03   2.984688e+03   6.883089e+09     23s
   15185    7.8370978e+03   2.825837e+02   6.524726e+09     25s
   30640    7.8262796e+03   3.470247e+00   4.894214e+08     30s
   31689   -4.5036232e+04   0.000000e+00   6.141062e+04     30s
   50947    3.5568721e+03   0.000000e+00   7.375119e+05     35s
   54696    4.5494002e+03   0.000000e+00   3.208397e+07     40s
   57400    5.0476415e+03   0.000000e+00   7.830874e+05     45s
   59428    5.2916392e+03   0.000000e+00   1.328841e+06     50s
   61625    5.5947990e+03   0.000000e+00   1.642555e+06     55s
   63991    5.9465606e+03   0.000000e+00   2.081648e+06     60s
Concurrent spin time: 6.24s

Solved with dual simplex

Root relaxation: objective 8.652061e+03, 35482 iterations, 40.23 seconds
Total elapsed time = 82.85s
Total elapsed time = 104.93s
Total elapsed time = 125.34s
Total elapsed time = 136.20s

    Nodes    |    Current Node    |     Objective Bounds      |     Work
 Expl Unexpl |  Obj  Depth IntInf | Incumbent    BestBd   Gap | It/Node Time

     0     0 8652.06071    0 3729          - 8652.06071      -     -  144s
     0     0 8651.63571    0 4461          - 8651.63571      -     -  179s
     0     0 8650.67751    0 5004          - 8650.67751      -     -  202s
     0     0 8649.54956    0 5277          - 8649.54956      -     -  221s
     0     0 8648.80187    0 5351          - 8648.80187      -     -  240s
     0     0 8647.86380    0 5386          - 8647.86380      -     -  260s
     0     0 8636.85699    0 6066          - 8636.85699      -     -  315s
     0     0 8634.52651    0 6077          - 8634.52651      -     -  336s
     0     0 8629.14948    0 6169          - 8629.14948      -     -  359s
     0     0 8628.57377    0 6394          - 8628.57377      -     -  374s
     0     0 8628.56088    0 6336          - 8628.56088      -     -  387s
     0     0 8628.55522    0 6296          - 8628.55522      -     -  396s
     0     0 8628.55484    0 6237          - 8628.55484      -     -  402s
     0     0 8625.25806    0 6482          - 8625.25806      -     -  440s
     0     0 8624.00214    0 6509          - 8624.00214      -     -  462s
     0     0 8619.55664    0 6707          - 8619.55664      -     -  487s
     0     0 8616.19402    0 6788          - 8616.19402      -     -  512s
     0     0 8610.18157    0 6764          - 8610.18157      -     -  534s
     0     0 8605.62408    0 6909          - 8605.62408      -     -  550s
     0     0 8598.63957    0 7165          - 8598.63957      -     -  575s
     0     0 8597.02734    0 7315          - 8597.02734      -     -  602s
     0     0 8595.71112    0 7582          - 8595.71112      -     -  626s
     0     0 8593.98343    0 7716          - 8593.98343      -     -  656s
     0     0 8592.91241    0 7824          - 8592.91241      -     -  685s
     0     0 8591.13813    0 7955          - 8591.13813      -     -  714s
     0     0 8589.77942    0 7957          - 8589.77942      -     -  727s
     0     0 8588.51341    0 8061          - 8588.51341      -     -  754s
     0     0 8588.29027    0 8267          - 8588.29027      -     -  766s
     0     0 8587.95551    0 8150          - 8587.95551      -     -  788s
     0     0 8587.50441    0 8132          - 8587.50441      -     -  798s
     0     0 8587.28327    0 8252          - 8587.28327      -     -  815s
     0     0 8587.26477    0 8346          - 8587.26477      -     -  831s
     0     0 8587.22714    0 8414          - 8587.22714      -     -  849s
     0     0 8587.22200    0 8435          - 8587.22200      -     -  855s
     0     0 8587.22168    0 8392          - 8587.22168      -     -  857s
     0     0 8578.23764    0 8058          - 8578.23764      -     -  950s
     0     0 8560.53729    0 8034          - 8560.53729      -     - 1003s
     0     0 8553.07994    0 8102          - 8553.07994      -     - 1037s
     0     0 8551.09359    0 7969          - 8551.09359      -     - 1065s
     0     0 8546.61210    0 8483          - 8546.61210      -     - 1101s
     0     0 8545.88719    0 8614          - 8545.88719      -     - 1131s
     0     0 8545.48498    0 8710          - 8545.48498      -     - 1156s
     0     0 8542.46567    0 8919          - 8542.46567      -     - 1192s
     0     0 8540.94746    0 8898          - 8540.94746      -     - 1220s
     0     0 8538.00948    0 8799          - 8538.00948      -     - 1257s
     0     0 8537.28126    0 8951          - 8537.28126      -     - 1280s
     0     0 8522.16739    0 8879          - 8522.16739      -     - 1328s
     0     0 8508.84717    0 8953          - 8508.84717      -     - 1369s
     0     0 8507.95197    0 8962          - 8507.95197      -     - 1389s
     0     0 8506.44947    0 9146          - 8506.44947      -     - 1427s
     0     0 8505.91726    0 9207          - 8505.91726      -     - 1450s
     0     0 8496.13603    0 9123          - 8496.13603      -     - 1496s
     0     0 8495.80825    0 9287          - 8495.80825      -     - 1523s
     0     0 8495.70830    0 9287          - 8495.70830      -     - 1540s
     0     0 8495.66964    0 9476          - 8495.66964      -     - 1548s
     0     0 8495.18089    0 9381          - 8495.18089      -     - 1576s
     0     0 8494.96676    0 9594          - 8494.96676      -     - 1602s
     0     0 8494.88605    0 9635          - 8494.88605      -     - 1623s
     0     0 8494.77009    0 9606          - 8494.77009      -     - 1646s
     0     0 8494.74078    0 9634          - 8494.74078      -     - 1659s
     0     0 8494.70778    0 9579          - 8494.70778      -     - 1672s
     0     0 8494.67918    0 9595          - 8494.67918      -     - 1681s
     0     0 8494.67171    0 9639          - 8494.67171      -     - 1687s
     0     0 8480.56354    0 9303          - 8480.56354      -     - 1789s
     0     0 8477.47161    0 9334          - 8477.47161      -     - 1832s
     0     0 8474.73176    0 9562          - 8474.73176      -     - 1875s
     0     0 8470.60473    0 9757          - 8470.60473      -     - 1922s
     0     0 8467.82101    0 9442          - 8467.82101      -     - 1965s
     0     0 8466.38465    0 9549          - 8466.38465      -     - 1998s
     0     0 8465.08398    0 9349          - 8465.08398      -     - 2032s
     0     0 8464.89232    0 9744          - 8464.89232      -     - 2045s
     0     0 8460.51408    0 9926          - 8460.51408      -     - 2099s
     0     0 8457.64313    0 9794          - 8457.64313      -     - 2142s
     0     0 8456.40194    0 9749          - 8456.40194      -     - 2179s
     0     0 8455.67125    0 9962          - 8455.67125      -     - 2210s
     0     0 8455.39543    0 9986          - 8455.39543      -     - 2223s
     0     0 8454.97049    0 9988          - 8454.97049      -     - 2240s
     0     0 8454.72830    0 9963          - 8454.72830      -     - 2257s
     0     0 8454.59024    0 10170          - 8454.59024      -     - 2279s
     0     0 8454.38256    0 10144          - 8454.38256      -     - 2299s
     0     0 8454.34390    0 10212          - 8454.34390      -     - 2308s
     0     0 8450.39670    0 9740          - 8450.39670      -     - 2360s
     0     0 8446.57707    0 9703          - 8446.57707      -     - 2396s
     0     0 8434.82730    0 9896          - 8434.82730      -     - 2442s
     0     0 8413.02579    0 9716          - 8413.02579      -     - 2484s
     0     0 8411.45878    0 9973          - 8411.45878      -     - 2500s
     0     0 8396.07179    0 9977          - 8396.07179      -     - 2533s
     0     0 8383.52230    0 10157          - 8383.52230      -     - 2568s
     0     0 8378.78258    0 9992          - 8378.78258      -     - 2597s
     0     0 8369.98674    0 10171          - 8369.98674      -     - 2627s
     0     0 8365.93311    0 10195          - 8365.93311      -     - 2649s
     0     0 8364.15285    0 10232          - 8364.15285      -     - 2664s
     0     0 8363.62626    0 10503          - 8363.62626      -     - 2676s
     0     0 8362.65406    0 10382          - 8362.65406      -     - 2696s
     0     0 8362.50953    0 10410          - 8362.50953      -     - 2705s
     0     0 8362.45008    0 10440          - 8362.45008      -     - 2711s
     0     0 8270.27864    0 9968          - 8270.27864      -     - 2783s
     0     0 8255.35351    0 9967          - 8255.35351      -     - 2819s
     0     0 8252.08768    0 9956          - 8252.08768      -     - 2847s
     0     0 8250.65177    0 10148          - 8250.65177      -     - 2862s
     0     0 8233.01461    0 9905          - 8233.01461      -     - 2898s
     0     0 8223.14756    0 10169          - 8223.14756      -     - 2931s
     0     0 8221.00508    0 10152          - 8221.00508      -     - 2963s
     0     0 8220.79645    0 10414          - 8220.79645      -     - 2979s
     0     0 8217.68551    0 10445          - 8217.68551      -     - 3002s
     0     0 8215.44436    0 10467          - 8215.44436      -     - 3041s
     0     0 8212.71458    0 10316          - 8212.71458      -     - 3069s
     0     0 8212.28122    0 10538          - 8212.28122      -     - 3083s
     0     0 8211.78009    0 10682          - 8211.78009      -     - 3104s
     0     0 8211.34137    0 10614          - 8211.34137      -     - 3122s
     0     0 8211.22555    0 10711          - 8211.22555      -     - 3131s
     0     0 8162.86628    0 9967          - 8162.86628      -     - 3192s
     0     0 8159.87713    0 10052          - 8159.87713      -     - 3224s
     0     0 8158.13180    0 10164          - 8158.13180      -     - 3251s
     0     0 8155.70591    0 10216          - 8155.70591      -     - 3275s
     0     0 8153.07639    0 10145          - 8153.07639      -     - 3297s
     0     0 8150.72519    0 10479          - 8150.72519      -     - 3322s
     0     0 8148.67259    0 10592          - 8148.67259      -     - 3352s
     0     0 8147.03813    0 10628          - 8147.03813      -     - 3382s
     0     0 8146.64806    0 10690          - 8146.64806      -     - 3400s
     0     0 8143.86357    0 10720          - 8143.86357      -     - 3423s
     0     0 8143.15891    0 10707          - 8143.15891      -     - 3442s
     0     0 8142.84838    0 10983          - 8142.84838      -     - 3462s
     0     0 8142.20300    0 11045          - 8142.20300      -     - 3478s
     0     0 8141.98409    0 11028          - 8141.98409      -     - 3492s
     0     0 8141.90749    0 11138          - 8141.90749      -     - 3503s
     0     0 8126.37332    0 10538          - 8126.37332      -     - 3565s
     0     0 8125.00951    0 10630          - 8125.00951      -     - 3582s
     0     0 8122.37657    0 10738          - 8122.37657      -     - 3603s
     0     0 8120.49127    0 10987          - 8120.49127      -     - 3622s
     0     0 8119.90992    0 11096          - 8119.90992      -     - 3637s
     0     0 8119.47961    0 11197          - 8119.47961      -     - 3655s
     0     0 8119.21252    0 11248          - 8119.21252      -     - 3670s
     0     0 8119.14113    0 11295          - 8119.14113      -     - 3680s
     0     0 8103.11757    0 10712          - 8103.11757      -     - 3726s
     0     0 8101.06845    0 10908          - 8101.06845      -     - 3749s
     0     0 8098.63725    0 10912          - 8098.63725      -     - 3778s
     0     0 8096.82151    0 10934          - 8096.82151      -     - 3811s
     0     0 8096.35340    0 11086          - 8096.35340      -     - 3828s
     0     0 8095.74581    0 11156          - 8095.74581      -     - 3845s
     0     0 8094.99772    0 11322          - 8094.99772      -     - 3862s
     0     0 8094.83587    0 11324          - 8094.83587      -     - 3871s
     0     0 8084.88937    0 10923          - 8084.88937      -     - 3916s
     0     0 8081.31246    0 10921          - 8081.31246      -     - 3945s
     0     0 8080.26060    0 11099          - 8080.26060      -     - 3960s
     0     0 8078.71041    0 11310          - 8078.71041      -     - 3979s
     0     0 8078.02620    0 11160          - 8078.02620      -     - 4006s
     0     0 8077.84642    0 11292          - 8077.84642      -     - 4015s
     0     0 8064.64324    0 10925          - 8064.64324      -     - 4056s
     0     0 8062.31321    0 11181          - 8062.31321      -     - 4075s
     0     0 8060.07264    0 11281          - 8060.07264      -     - 4092s
     0     0 8058.28607    0 11367          - 8058.28607      -     - 4110s
     0     0 8057.69568    0 11377          - 8057.69568      -     - 4129s
     0     0 8056.56905    0 11213          - 8056.56905      -     - 4150s
     0     0 8055.95254    0 11385          - 8055.95254      -     - 4164s
     0     0 8055.81952    0 11398          - 8055.81952      -     - 4172s
     0     0 8048.46683    0 11028          - 8048.46683      -     - 4213s
     0     0 8047.37309    0 11180          - 8047.37309      -     - 4228s
     0     0 8046.36064    0 11375          - 8046.36064      -     - 4249s
     0     0 8044.97444    0 11159          - 8044.97444      -     - 4273s
     0     0 8044.38454    0 11092          - 8044.38454      -     - 4291s
     0     0 8043.81589    0 11388          - 8043.81589      -     - 4304s
     0     0 8043.56799    0 11542          - 8043.56799      -     - 4318s
     0     0 8043.50964    0 11470          - 8043.50964      -     - 4322s
     0     0 8036.81359    0 11096          - 8036.81359      -     - 4362s
     0     0 8035.61633    0 11256          - 8035.61633      -     - 4379s
     0     0 8034.71135    0 11356          - 8034.71135      -     - 4394s
     0     0 8034.13207    0 11475          - 8034.13207      -     - 4407s
     0     0 8033.83268    0 11514          - 8033.83268      -     - 4418s
     0     0 8033.73680    0 11554          - 8033.73680      -     - 4427s
     0     0 8031.62263    0 11253          - 8031.62263      -     - 4455s
     0     0 8031.31733    0 11474          - 8031.31733      -     - 4466s
     0     0 8031.12032    0 11596          - 8031.12032      -     - 4479s
     0     0 8027.48174    0 11212          - 8027.48174      -     - 4512s
     0     0 8026.68818    0 11453          - 8026.68818      -     - 4530s
     0     0 8026.30492    0 11537          - 8026.30492      -     - 4550s
     0     0 8026.05741    0 11598          - 8026.05741      -     - 4565s
     0     0 8025.99937    0 11595          - 8025.99937      -     - 4571s
     0     0 8023.92435    0 11381          - 8023.92435      -     - 4607s
     0     0 8021.62596    0 11371          - 8021.62596      -     - 4625s
     0     0 8021.26123    0 11571          - 8021.26123      -     - 4635s
     0     0 8021.11891    0 11651          - 8021.11891      -     - 4643s
     0     0 8018.51625    0 11503          - 8018.51625      -     - 4671s
     0     0 8018.05777    0 11584          - 8018.05777      -     - 4683s
     0     0 8017.87356    0 11505          - 8017.87356      -     - 4693s
     0     0 8015.68527    0 11582          - 8015.68527      -     - 4719s
     0     0 8015.43068    0 11567          - 8015.43068      -     - 4731s
     0     0 8015.33654    0 11622          - 8015.33654      -     - 4738s
     0     0 8014.50619    0 11629          - 8014.50619      -     - 4758s
     0     0 8014.36117    0 11700          - 8014.36117      -     - 4766s
     0     0 8013.59714    0 11654          - 8013.59714      -     - 4791s
     0     0 8013.59714    0 11196          - 8013.59714      -     - 4833s
     0     2 8012.51802    0 11097          - 8012.51802      -     - 4972s
     1     4 8010.37824    1 10979          - 8012.51802      -  9619 4983s
     3     8 8007.77037    2 10990          - 8012.51802      -  6575 5042s
     7    16 8004.43922    3 10978          - 8012.51802      -  8110 5123s
    15    32 8001.60498    4 10796          - 8012.51802      -  8636 5251s
    31    56 7997.50588    5 10727          - 8011.95554      -  8815 5390s
    55    80 7997.29882    6 10687          - 8011.22546      -  8753 5489s
    79   104 7994.78743    6 10711          - 8009.51593      -  8603 5574s
   103   128 7994.05796    7 10727          - 8009.34611      -  8053 5640s
   127   152 7990.94573    7 10752          - 8008.32687      -  7528 5709s
   151   179 7993.92996    8 10685          - 8008.26260      -  7109 5804s
   178   207 7993.07209   10 10638          - 8008.26260      -  7222 5859s
   206   235 7988.76798   11 10578          - 8008.26064      -  6785 5973s
   234   267 7992.82182   11 10660          - 8008.26064      -  6587 6066s
   266   300 7991.62139   13 10584          - 8008.26064      -  6433 6160s
   299   331 7990.98590   14 10610          - 8008.26064      -  6425 6249s
   330   365 7990.74096   15 10579          - 8008.26064      -  6261 6341s
   364   396 7988.28422   16 10586          - 8008.26064      -  6382 6439s
   395   433 7990.34749   16 10563          - 8008.26064      -  6308 6496s
   432   467 7989.72330   17 10537          - 8008.26064      -  6090 6572s
   466   506 7989.84506   17 10472          - 8008.26064      -  6012 6666s
   505   548 7989.59371   18 10458          - 8008.26064      -  6024 6768s
   547   588 7988.56549   20 10469          - 8008.26064      -  5966 6901s
   587   633 7986.91363   22 10463          - 8008.26064      -  6131 7023s
   632   672 7981.39389   25 10212          - 8008.26064      -  6056 7127s
   671   720 7985.41231   26 10479          - 8008.26064      -  5981 7233s
   719   776 7982.14839   27 10369          - 8008.26064      -  5886 7333s
   775   830 7982.09601   28 10407          - 8008.26064      -  5737 7470s
   829   882 7980.23765   31 10264          - 8008.26064      -  5711 7586s
   881   937 7981.24305   31 10333          - 8008.26064      -  5756 7738s
   936   996 7978.72789   34 10228          - 8008.26064      -  5871 7860s
   995  1058 7975.89761   34 10281          - 8008.26064      -  5780 8188s
  1057  1126 7977.85412   35 10219          - 8008.26064      -  5682 8362s
  1125  1209 7975.15201   37 10229          - 8008.26064      -  5608 8557s
  1208  1287 7975.85786   39 10163          - 8008.26064      -  5495 8695s
  1286  1366 7974.92789   41 10058          - 8008.26064      -  5407 8876s
  1365  1451 7969.88341   44 10089          - 8008.26064      -  5368 9011s
  1450  1540 7971.34872   45 10086          - 8008.26064      -  5274 9129s
  1539  1633 7970.13273   47 9944          - 8008.26064      -  5181 9274s
  1632  1738 7968.23280   49 9858          - 8008.26064      -  5108 9433s
  1737  1847 7962.79151   51 10094          - 8008.26064      -  5027 9587s
  1846  1965 7961.08158   52 9971          - 8008.26064      -  4940 9769s
  1964  2082 7959.66472   54 10008          - 8008.26064      -  4868 9961s
  2081  2211 7956.17479   57 9976          - 8008.26064      -  4797 10174s
  2210  2339 7956.05859   73 9968          - 8008.26064      -  4715 10331s
  2338  2476 7954.10033   77 9822          - 8008.26064      -  4648 10489s
  2475  2617 7954.10033   81 9817          - 8008.26064      -  4574 10659s
  2616  2782 7954.09413  101 9823          - 8008.26064      -  4518 10843s
  2781  2989 7954.09413  103 9823          - 8008.26064      -  4433 11061s
  2988  3118 7954.09413  126 9832          - 8008.26064      -  4300 11311s
  3117  3365 7954.09413  129 9832          - 8008.26064      -  4256 11499s
  3364  3610 7953.82209  153 9822          - 8008.26064      -  4108 11719s
  3609  3829 7953.82209  156 9824          - 8008.26064      -  3998 11931s
  3828  4050 7953.82209  160 9825          - 8008.26064      -  3934 12146s
  4049  4319 7944.86167  172 9861          - 8008.26064      -  3881 12368s
  4318  4638 7953.60755  177 9807          - 8008.26064      -  3784 12598s
  4637  4910 7953.60755  210 9807          - 8008.26064      -  3668 12832s
  4909  5225 7953.33039  247 9808          - 8008.26064      -  3609 13087s
  5224  5731 7953.33039  250 9807          - 8008.26064      -  3539 13325s
  5730  6219 7953.33039  254 9805          - 8008.26064      -  3355 13594s
  6218  6670 7941.41768  272 9752          - 8008.26064      -  3220 13895s
  6669  7292 7952.49375  305 9829          - 8008.26064      -  3124 14165s
  7291  7945 7951.89504  358 9808          - 8008.26064      -  2964 14444s
  7944  8532 7951.25066  391 9826          - 8008.26064      -  2826 14719s
  7980  8532 7886.73244  327 8731          - 8008.26064      -  2817 14720s
  8531  9227 7951.16624  424 9829          - 8008.26064      -  2722 15008s
  9226  9863 7951.08169  480 9811          - 8008.26064      -  2615 15314s
  9862 10488 7950.88169  554 9845          - 8008.26064      -  2544 15628s
 10487 11388 7949.84090  598 9908          - 8008.26064      -  2488 15931s
 11387 12581 7949.76521  621 9875          - 8008.26064      -  2374 16251s
 12581 12582 7896.05520  186 11196          - 8008.26064      -  2224 17111s
 12583 12583 7660.36240  217 7387          - 7660.36240      -  2224 17215s
 12584 12584 7645.04079  351 8235          - 7645.04079      -  2224 17270s
 12585 12585 7529.24782  294 9025          - 7529.24782      -  2224 17341s
 12586 12585 7329.77261  322 9063          - 7329.77261      -  2224 17411s
 12587 12586 7260.40035  218 9130          - 7260.40035      -  2223 17468s
 12588 12587 7224.99789  243 9215          - 7224.99789      -  2223 17506s
 12589 12587 7223.45310  237 9183          - 7223.45310      -  2223 17517s
 12590 12588 7223.19736   22 9127          - 7223.19736      -  2223 17522s
 12591 12589 7223.15178  234 9118          - 7223.15178      -  2223 17526s
 12592 12589 7223.14839   45 9123          - 7223.14839      -  2223 17538s
 12593 12590 7201.34645  293 9231          - 7201.34645      -  2222 17602s
 12594 12591 7178.06807  339 9363          - 7178.06807      -  2222 17644s
 12595 12591 7165.64596  204 9432          - 7165.64596      -  2222 17681s
 12596 12592 7157.79811   49 9562          - 7157.79811      -  2222 17713s
 12597 12593 7154.80091  286 9355          - 7154.80091      -  2222 17745s
 12598 12593 7153.84062   30 9328          - 7153.84062      -  2221 17762s
 12599 12594 7153.03722  111 9464          - 7153.03722      -  2221 17779s
 12600 12595 7152.72656   69 9488          - 7152.72656      -  2221 17789s
 12601 12595 7152.66315  124 9498          - 7152.66315      -  2221 17792s
 12602 12596 7152.64999  336 9509          - 7152.64999      -  2221 17808s
 12603 12597 7140.26087   50 9446          - 7140.26087      -  2221 17877s
 12604 12597 7121.03808  571 9575          - 7121.03808      -  2220 17931s
 12605 12598 7111.59228  459 9777          - 7111.59228      -  2220 17971s
H12605 11967                    -48617.15428 7111.59228   115%  2220 18000s

Cutting planes:
  Gomory: 150
  Cover: 1
  MIR: 733
  Flow cover: 114
  GUB cover: 2
  Zero half: 1362
  RLT: 259

Cleanup yields a better solution

Explored 12605 nodes (29877478 simplex iterations) in 18000.30 seconds
Thread count was 24 (of 48 available processors)

Solution count 1: -48617.2 

Time limit reached
Best objective -4.748732239543e+04, best bound 7.111592277181e+03, gap 114.9758%
