
Gurobi 9.0.2 (linux64) logging started Mon Jun  1 13:13:38 2020

Changed value of parameter LogFile to gurobi_logs/2020-06-01_13:13:36-rproblem4_mode=optimality_no_sdp.log
   Prev:   Default: 
Parameter MIPFocus unchanged
   Value: 0  Min: 0  Max: 3  Default: 0
Parameter SolutionLimit unchanged
   Value: 2000000000  Min: 1  Max: 2000000000  Default: 2000000000
Parameter LogToConsole unchanged
   Value: 1  Min: 0  Max: 1  Default: 1
Changed value of parameter TimeLimit to 18000.0
   Prev: inf  Min: 0.0  Max: inf  Default: inf
Gurobi Optimizer version 9.0.2 build v9.0.2rc0 (linux64)
Optimize a model with 64688 rows, 41002 columns and 422687 nonzeros
Model fingerprint: 0xb8861d89
Variable types: 26 continuous, 40976 integer (31808 binary)
Coefficient statistics:
  Matrix range     [2e-02, 1e+02]
  Objective range  [2e-01, 1e+00]
  Bounds range     [1e+00, 1e+00]
  RHS range        [1e+00, 4e+02]
Presolve removed 58533 rows and 34319 columns
Presolve time: 0.34s
Presolved: 6155 rows, 6683 columns, 41293 nonzeros
Variable types: 1 continuous, 6682 integer (6674 binary)
Found heuristic solution: objective 500.1568811

Root relaxation: objective 2.289424e+03, 3586 iterations, 0.16 seconds

    Nodes    |    Current Node    |     Objective Bounds      |     Work
 Expl Unexpl |  Obj  Depth IntInf | Incumbent    BestBd   Gap | It/Node Time

     0     0 2289.42365    0  368  500.15688 2289.42365   358%     -    0s
H    0     0                    1389.5539363 2289.42365  64.8%     -    0s
H    0     0                    1481.6267950 2289.42365  54.5%     -    0s
     0     0 2271.41194    0  586 1481.62680 2271.41194  53.3%     -    1s
H    0     0                    1638.9089548 2271.41194  38.6%     -    1s
     0     0 2267.31015    0  603 1638.90895 2267.31015  38.3%     -    1s
     0     0 2266.85027    0  526 1638.90895 2266.85027  38.3%     -    1s
     0     0 2266.84645    0  538 1638.90895 2266.84645  38.3%     -    1s
     0     0 2232.96077    0  700 1638.90895 2232.96077  36.2%     -    1s
H    0     0                    1872.4250444 2232.96077  19.3%     -    1s
     0     0 2226.04685    0  658 1872.42504 2226.04685  18.9%     -    2s
     0     0 2225.89002    0  685 1872.42504 2225.89002  18.9%     -    2s
     0     0 2225.77223    0  664 1872.42504 2225.77223  18.9%     -    2s
     0     0 2225.77097    0  661 1872.42504 2225.77097  18.9%     -    2s
     0     0 2217.40841    0  693 1872.42504 2217.40841  18.4%     -    2s
H    0     0                    2096.5530269 2217.40841  5.76%     -    3s
     0     0 2214.75731    0  779 2096.55303 2214.75731  5.64%     -    3s
     0     0 2214.44744    0  780 2096.55303 2214.44744  5.62%     -    3s
     0     0 2214.41776    0  815 2096.55303 2214.41776  5.62%     -    3s
     0     0 2202.37709    0  860 2096.55303 2202.37709  5.05%     -    3s
H    0     0                    2109.3687386 2202.37709  4.41%     -    4s
     0     0 2202.00934    0  778 2109.36874 2202.00934  4.39%     -    4s
     0     0 2201.95562    0  847 2109.36874 2201.95562  4.39%     -    4s
     0     0 2201.24456    0  803 2109.36874 2201.24456  4.36%     -    4s
     0     0 2201.18094    0  864 2109.36874 2201.18094  4.35%     -    4s
     0     0 2200.94064    0  854 2109.36874 2200.94064  4.34%     -    5s
     0     0 2200.94064    0  854 2109.36874 2200.94064  4.34%     -    5s
H    0     0                    2165.1538267 2200.80593  1.65%     -    6s
     0     2 2200.80593    0  851 2165.15383 2200.80593  1.65%     -    6s
H   31    56                    2165.2222768 2199.29809  1.57%   255    8s
H   32    56                    2169.1570885 2199.29809  1.39%   255    8s
   364   402 2197.41215   17  710 2169.15709 2199.29653  1.39%   164   10s
H  591   595                    2171.6620144 2199.29653  1.27%   154   12s
  1367  1256 2181.35462   41  689 2171.66201 2199.29653  1.27%   138   15s
H 1843  1590                    2172.1739218 2199.29653  1.25%   135   17s
  2608  2177 2180.18211   42  854 2172.17392 2199.29653  1.25%   126   21s
  2618  2184 2195.41906   11  894 2172.17392 2195.41906  1.07%   126   25s
  2629  2192 2173.75689   41  759 2172.17392 2183.31285  0.51%   130   30s
  2643  2203 2174.94453   25  847 2172.17392 2182.07159  0.46%   133   35s
  2657  2212 2176.81014   43  832 2172.17392 2180.09447  0.36%   132   40s
  2668  2220 2179.99364   29  879 2172.17392 2179.99364  0.36%   131   45s
H 2669  2108                    2173.7350018 2179.97366  0.29%   131   48s
  2671  2113 2179.97366   36  697 2173.73500 2179.97366  0.29%   136   61s
  2673  2116 2178.74437   37  643 2173.73500 2179.97366  0.29%   136   70s
H 2701  2046                    2174.2198503 2179.91624  0.26%   138   73s
H 2702  1944                    2174.2918445 2179.91624  0.26%   138   73s
H 2710  1847                    2175.0684179 2179.91624  0.22%   138   73s
H 2779  1795                    2175.1329926 2179.90226  0.22%   141   74s
  2823  1815 2177.21596   43  585 2175.13299 2179.90226  0.22%   142   75s
H 2828  1727                    2175.4029630 2179.90226  0.21%   142   75s
H 2835  1643                    2176.6946618 2179.90226  0.15%   142   75s
H 2897  1531                    2177.1252173 2179.90226  0.13%   141   76s
  3894  1955 2178.56168   74  223 2177.12522 2179.78214  0.12%   133   80s
  4406  2036 2177.98622   53  854 2177.12522 2179.78214  0.12%   130   85s
  4420  2045 2178.49169   81  823 2177.12522 2179.78214  0.12%   130   90s
  4432  2053 2179.17157   66  684 2177.12522 2179.78214  0.12%   129   95s
  4433  2057 2179.77489   51  697 2177.12522 2179.77489  0.12%   132  104s
  4435  2059 2179.54543   52  628 2177.12522 2179.75367  0.12%   132  113s
  4446  2070 2178.98005   54  536 2177.12522 2179.66105  0.12%   132  115s
H 4499  1979                    2177.2520679 2179.58524  0.11%   133  116s
H 4558  1917                    2177.5376635 2179.58487  0.09%   134  118s
  4836  2040 2178.55101   64  531 2177.53766 2179.58487  0.09%   133  120s
H 5124  2002                    2177.7864491 2179.58487  0.08%   132  121s
  6474  2378 2177.84179   74  125 2177.78645 2179.46885  0.08%   125  125s
H 6669  2298                    2177.7864505 2179.46885  0.08%   125  126s
  8949  3142 2179.16897   72  176 2177.78645 2179.21035  0.07%   118  130s
H 9342  2954                    2177.8075054 2179.21035  0.06%   117  130s
 11961  4715 2178.26436  107  390 2177.80751 2179.14984  0.06%   112  135s
 16052  7649 2178.29945  130   57 2177.80751 2179.05630  0.06%   108  140s
 20205  9606 2178.75425   60  507 2177.80751 2178.99335  0.05%   107  146s
 22841 11930     cutoff   96      2177.80751 2178.96099  0.05%   107  151s
H25377 11804                    2177.9064862 2178.93817  0.05%   105  154s
H25624 11478                    2177.9541810 2178.93817  0.05%   105  154s
 25762 12320 2178.45934   81   72 2177.95418 2178.93780  0.05%   105  157s
 30357 14640 2178.59905   84  412 2177.95418 2178.90166  0.04%   104  162s
 32924 15071 2178.04834  106  200 2177.95418 2178.88347  0.04%   104  165s
 37019 17611 2178.47817   69  371 2177.95418 2178.85576  0.04%   103  171s
 42564 19851 2178.16981   97  323 2177.95418 2178.83019  0.04%   104  177s
 45535 21608 2178.31366   84   31 2177.95418 2178.81908  0.04%   103  180s
 50826 23989 2178.63657   82  210 2177.95418 2178.79941  0.04%   102  223s
 54340 25312 2178.39863  108  217 2177.95418 2178.78859  0.04%   102  226s
 57692 26801 2178.07990   99  278 2177.95418 2178.77353  0.04%   101  230s
 64642 29328 2178.05368   88   93 2177.95418 2178.74870  0.04%   101  237s
 68001 30487 2178.45821   88  318 2177.95418 2178.73656  0.04%   101  241s
 71585 31171     cutoff   76      2177.95418 2178.72566  0.04%   101  245s
 77638 34267 2178.36661   87  107 2177.95418 2178.70372  0.03%   101  254s
 81537 35319 2178.66180   75   80 2177.95418 2178.69266  0.03%   101  258s
 85000 36524     cutoff   78      2177.95418 2178.68210  0.03%   101  262s
 88796 37891 2178.48365  115  159 2177.95418 2178.67503  0.03%   101  266s
 92802 39099     cutoff   88      2177.95418 2178.66216  0.03%   101  270s
 99884 41149 2178.37985   82  184 2177.95418 2178.64393  0.03%   101  278s
 103613 42294 2178.52303   84  112 2177.95418 2178.63802  0.03%   101  282s
 106996 43628 2178.12932   89  332 2177.95418 2178.63320  0.03%   101  286s
 114481 45804     cutoff   79      2177.95418 2178.61561  0.03%   100  293s
 117789 46834 2178.11858   83   57 2177.95418 2178.60947  0.03%   100  297s
H119369 46834                    2177.9541816 2178.60859  0.03%   100  297s
 121569 47811     cutoff   99      2177.95418 2178.60314  0.03%   100  301s
 125084 48980 2178.16969  106  275 2177.95418 2178.59665  0.03%   100  305s
H127349 48980                    2177.9541822 2178.59477  0.03%   100  305s
 132013 50909 2178.12076  103   91 2177.95418 2178.58517  0.03%   100  313s
 135783 51763 2178.15553  105  246 2177.95418 2178.57905  0.03%   100  317s
 139608 52803 2178.43314   82  222 2177.95418 2178.57105  0.03%   100  320s
 147280 54911     cutoff   80      2177.95418 2178.55976  0.03%   100  328s
 150935 55785     cutoff   96      2177.95418 2178.55521  0.03%  99.5  331s
 154659 56622     cutoff   91      2177.95418 2178.55005  0.03%  99.4  335s
 161816 58363     cutoff   75      2177.95418 2178.53956  0.03%  99.2  342s
 165537 59173 2178.18853   74  209 2177.95418 2178.53295  0.03%  99.1  346s
 169141 60034 2178.20148   95  150 2177.95418 2178.52777  0.03%  99.0  350s
 176441 61576 2178.03016   81   91 2177.95418 2178.51862  0.03%  98.8  357s
 179707 62328     cutoff   84      2177.95418 2178.51349  0.03%  98.7  361s
 187099 63849 2178.15110   92  194 2177.95418 2178.50550  0.03%  98.4  368s
 190783 64505 2178.05906   91  306 2177.95418 2178.50064  0.03%  98.3  371s
 194113 65381 2178.18389   75  278 2177.95418 2178.49555  0.02%  98.2  375s
 201808 67130     cutoff   84      2177.95418 2178.48757  0.02%  97.9  382s
 205414 68007     cutoff   78      2177.95418 2178.48277  0.02%  97.8  386s
 212626 69263 2177.99162   91   69 2177.95418 2178.47501  0.02%  97.6  392s
 216180 70010 2178.21924   90  206 2177.95418 2178.47133  0.02%  97.5  396s
 223089 71493 2178.20509   94  213 2177.95418 2178.46396  0.02%  97.3  403s
 226651 72238     cutoff   80      2177.95418 2178.46116  0.02%  97.3  406s
 230476 73043 2178.30760   97  295 2177.95418 2178.45717  0.02%  97.1  410s
 237568 74367 2178.29251   93  183 2177.95418 2178.44957  0.02%  96.9  417s
 241241 74922 2178.12371   90  140 2177.95418 2178.44646  0.02%  96.8  420s
 248418 75915 2178.40861   76  191 2177.95418 2178.43834  0.02%  96.7  427s
 252075 76506 2178.36598   75  172 2177.95418 2178.43480  0.02%  96.6  431s
 259222 77473 2178.37141   96  240 2177.95418 2178.42844  0.02%  96.3  438s
 262939 78024 2178.28041   79  110 2177.95418 2178.42566  0.02%  96.2  441s
H266691 78493                    2177.9541828 2178.42147  0.02%  96.1  444s
H270208 78996                    2177.9541845 2178.41806  0.02%  96.0  448s
 273583 79445     cutoff   81      2177.95418 2178.41401  0.02%  95.9  451s
 276877 80014 2178.10411  109  371 2177.95418 2178.41156  0.02%  95.9  455s
 284396 80996 2178.10965   98  384 2177.95418 2178.40546  0.02%  95.6  462s
 288233 81406 2178.05498   83   96 2177.95418 2178.40151  0.02%  95.5  465s
 295482 82376 2178.33675   84   42 2177.95418 2178.39583  0.02%  95.3  471s
 299099 82692 2178.30383   88  311 2177.95418 2178.39231  0.02%  95.3  475s
 306273 83511 2178.05608   92   66 2177.95418 2178.38686  0.02%  95.1  481s
 309981 83925 2177.96166   98   51 2177.95418 2178.38310  0.02%  95.0  485s
 317171 84624     cutoff  101      2177.95418 2178.37794  0.02%  94.8  491s
 324034 85260 2178.28675   93  393 2177.95418 2178.37274  0.02%  94.6  498s
 327873 85517     cutoff   93      2177.95418 2178.37017  0.02%  94.5  501s
 335054 86014 2178.28289  102  312 2177.95418 2178.36487  0.02%  94.3  507s
 338763 86367     cutoff   98      2177.95418 2178.36193  0.02%  94.2  510s
 346111 86681     cutoff   72      2177.95418 2178.35612  0.02%  94.0  517s
 349773 86978 2178.21832   85   38 2177.95418 2178.35362  0.02%  93.9  520s
 356681 87328 2178.16054   86  175 2177.95418 2178.34818  0.02%  93.7  526s
 364182 87684 2178.12258   93  117 2177.95418 2178.34331  0.02%  93.5  533s
 367877 87825 2177.99614   99   99 2177.95418 2178.34016  0.02%  93.3  536s
 374769 88022 2178.10086   89  152 2177.95418 2178.33539  0.02%  93.2  542s
 378316 88214 2178.20189   93  129 2177.95418 2178.33301  0.02%  93.1  545s
 385244 88437 2178.05480   85  111 2177.95418 2178.32828  0.02%  92.9  552s
 389104 88435     cutoff   95      2177.95418 2178.32566  0.02%  92.7  555s
 396311 88601 2178.10251  101  401 2177.95418 2178.32055  0.02%  92.5  561s
 403658 88673 2177.99773   93  155 2177.95418 2178.31609  0.02%  92.4  567s
 407388 88712 2178.28248   75  523 2177.95418 2178.31341  0.02%  92.3  571s
 414887 88710 2178.13802   93   43 2177.95418 2178.30857  0.02%  92.0  577s
 418182 88659 2178.29369   79   95 2177.95418 2178.30618  0.02%  91.9  580s
 425665 88615 2178.02130  115  267 2177.95418 2178.30126  0.02%  91.7  586s
 432920 88605     cutoff   87      2177.95418 2178.29702  0.02%  91.5  592s
 436586 88398     cutoff   85      2177.95418 2178.29441  0.02%  91.4  595s
 443259 88025 2178.24018   74  244 2177.95418 2178.28999  0.02%  91.2  601s
 450920 87858 2178.07987   86  126 2177.95418 2178.28513  0.02%  91.0  606s
 458145 87520 2178.05972   82   63 2177.95418 2178.28106  0.02%  90.8  612s
 461956 87302 2178.14302   97   46 2177.95418 2178.27868  0.01%  90.7  615s
 469297 86868 2178.14954   94  167 2177.95418 2178.27372  0.01%  90.4  621s
 476173 86091 2178.07087   68  120 2177.95418 2178.26958  0.01%  90.2  627s
 483599 85464 2178.14736   81   53 2177.95418 2178.26458  0.01%  90.0  632s
 487305 85119 2178.02266   88   33 2177.95418 2178.26206  0.01%  89.9  635s
 494938 84412     cutoff   95      2177.95418 2178.25766  0.01%  89.7  641s
 502067 83650 2178.19500  107  154 2177.95418 2178.25286  0.01%  89.5  647s
 505513 83150 2178.12595   91   94 2177.95418 2178.25117  0.01%  89.5  650s
 513252 82062     cutoff   70      2177.95418 2178.24576  0.01%  89.2  656s
 521015 81050     cutoff   91      2177.95418 2178.24085  0.01%  89.0  662s
 525086 80432     cutoff   90      2177.95418 2178.23843  0.01%  88.9  665s
 532473 78983 2178.12869   87  111 2177.95418 2178.23319  0.01%  88.7  671s
 540726 77623     cutoff   90      2177.95418 2178.22806  0.01%  88.4  677s
 544592 76928 2178.05722   83   58 2177.95418 2178.22574  0.01%  88.3  680s
 552486 75342     cutoff   87      2177.95418 2178.22045  0.01%  88.1  686s
 560985 73718     cutoff   86      2177.95418 2178.21508  0.01%  87.9  692s
 565199 72853 2177.96460   85   85 2177.95418 2178.21288  0.01%  87.7  695s
 573744 70822     cutoff  102      2177.95418 2178.20694  0.01%  87.5  701s
 581848 68992     cutoff   79      2177.95418 2178.20144  0.01%  87.2  707s
 586118 68001     cutoff   76      2177.95418 2178.19918  0.01%  87.0  710s
 594336 65884     cutoff   80      2177.95418 2178.19319  0.01%  86.8  716s
 603594 63330 2178.06601   86   69 2177.95418 2178.18716  0.01%  86.5  722s
 607924 61952 2178.13649   82  157 2177.95418 2178.18409  0.01%  86.3  726s
 617941 58895 2178.00947   84   59 2177.95418 2178.17681  0.01%  86.0  732s
 623138 57466     cutoff   79      2177.95418 2178.17294  0.01%  85.8  735s

Cutting planes:
  Gomory: 61
  Cover: 90
  Clique: 6
  MIR: 25
  Flow cover: 88
  Inf proof: 5
  Zero half: 329
  RLT: 33

Explored 628187 nodes (53777469 simplex iterations) in 736.16 seconds
Thread count was 24 (of 48 available processors)

Solution count 10: 2177.95 2177.95 2177.95 ... 2177.54

Optimal solution found (tolerance 1.00e-04)
Best objective 2.177954181003e+03, best bound 2.178169984313e+03, gap 0.0099%
