
Gurobi 9.0.2 (linux64) logging started Sun May 24 21:39:37 2020

Changed value of parameter LogFile to gurobi_logs/2020-05-24_21:39:35-rproblem4_mode=optimality_no_sdp.log
   Prev:   Default: 
Parameter MIPFocus unchanged
   Value: 0  Min: 0  Max: 3  Default: 0
Parameter SolutionLimit unchanged
   Value: 2000000000  Min: 1  Max: 2000000000  Default: 2000000000
Parameter LogToConsole unchanged
   Value: 1  Min: 0  Max: 1  Default: 1
Changed value of parameter TimeLimit to 18000.0
   Prev: inf  Min: 0.0  Max: inf  Default: inf
Gurobi Optimizer version 9.0.2 build v9.0.2rc0 (linux64)
Optimize a model with 64600 rows, 40890 columns and 408711 nonzeros
Model fingerprint: 0x0cff96d6
Variable types: 26 continuous, 40864 integer (31696 binary)
Coefficient statistics:
  Matrix range     [2e-02, 1e+02]
  Objective range  [2e-01, 1e+00]
  Bounds range     [1e+00, 1e+00]
  RHS range        [1e+00, 4e+02]
Presolve removed 57917 rows and 33039 columns
Presolve time: 0.31s
Presolved: 6683 rows, 7851 columns, 43385 nonzeros
Variable types: 1 continuous, 7850 integer (7842 binary)

Root relaxation: objective 2.329232e+03, 3681 iterations, 0.17 seconds

    Nodes    |    Current Node    |     Objective Bounds      |     Work
 Expl Unexpl |  Obj  Depth IntInf | Incumbent    BestBd   Gap | It/Node Time

     0     0 2329.23178    0  465          - 2329.23178      -     -    0s
     0     0 2309.71348    0  682          - 2309.71348      -     -    1s
     0     0 2306.34448    0  794          - 2306.34448      -     -    1s
     0     0 2306.34448    0  785          - 2306.34448      -     -    1s
H    0     0                    1346.1268986 2306.34448  71.3%     -    2s
H    0     0                    1444.8187650 2306.34448  59.6%     -    2s
     0     0 2224.64261    0  777 1444.81876 2224.64261  54.0%     -    2s
H    0     0                    1543.8373196 2224.64261  44.1%     -    2s
     0     0 2207.99487    0  900 1543.83732 2207.99487  43.0%     -    2s
H    0     0                    1629.9681202 2207.99487  35.5%     -    2s
     0     0 2204.85360    0  803 1629.96812 2204.85360  35.3%     -    2s
     0     0 2204.50733    0  760 1629.96812 2204.50733  35.2%     -    2s
     0     0 2204.50733    0  764 1629.96812 2204.50733  35.2%     -    2s
     0     0 2143.42538    0  817 1629.96812 2143.42538  31.5%     -    2s
H    0     0                    1649.1321994 2143.42538  30.0%     -    2s
H    0     0                    1775.3138538 2143.42538  20.7%     -    3s
     0     0 2139.48028    0  801 1775.31385 2139.48028  20.5%     -    3s
     0     0 2139.26226    0  722 1775.31385 2139.26226  20.5%     -    3s
     0     0 2139.21501    0  805 1775.31385 2139.21501  20.5%     -    3s
     0     0 2132.31866    0  825 1775.31385 2132.31866  20.1%     -    3s
H    0     0                    2017.8901045 2132.31866  5.67%     -    3s
     0     0 2132.08247    0  757 2017.89010 2132.08247  5.66%     -    3s
     0     0 2132.07370    0  732 2017.89010 2132.07370  5.66%     -    3s
     0     0 2131.80320    0  628 2017.89010 2131.80320  5.65%     -    4s
H    0     0                    2027.3321836 2131.80320  5.15%     -    4s
     0     0 2131.77724    0  754 2027.33218 2131.77724  5.15%     -    4s
     0     0 2131.74263    0  657 2027.33218 2131.74263  5.15%     -    4s
     0     0 2131.74263    0  643 2027.33218 2131.74263  5.15%     -    4s
     0     2 2131.14528    0  643 2027.33218 2131.14528  5.12%     -    4s
     1     4 2131.13863    1  849 2027.33218 2131.14528  5.12%   391    5s
H   32    56                    2046.5486378 2129.22038  4.04%   236    6s
H   37    56                    2058.4359698 2129.22038  3.44%   229    6s
H   44    56                    2065.9262080 2129.22038  3.06%   229    6s
H  906   877                    2080.5862103 2128.26450  2.29%   120    9s
  1017   907 2089.43727   29  449 2080.58621 2128.26450  2.29%   114   10s
H 1056   907                    2080.5862110 2128.26450  2.29%   114   10s
  2879  1735 2113.45242    9  899 2080.58621 2120.54782  1.92%   111   15s
  3172  1834 2082.55595   22  239 2080.58621 2082.55595  0.09%   113   20s
  3187  1847 2082.47983   20  203 2080.58621 2082.47983  0.09%   114   26s
  3193  1857 2082.43966   22  201 2080.58621 2082.43966  0.09%   114   31s
H 3234  1790                    2080.6417790 2082.41142  0.09%   114   32s
H 3291  1753                    2080.6546678 2082.41142  0.08%   113   33s
H 3292  1670                    2080.6776090 2082.41142  0.08%   113   33s
H 3294  1590                    2080.8202431 2082.41142  0.08%   113   33s
  3888  2000 2081.56796   35  122 2080.82024 2082.41142  0.08%   105   35s
H 7672  3433                    2080.8202439 2082.40930  0.08%  80.3   38s
 10974  6085 2081.67895   33  166 2080.82024 2082.23974  0.07%  73.1   40s
H15550  9649                    2080.8293284 2082.20488  0.07%  66.9   43s
H17054 10875                    2080.8293286 2082.18931  0.07%  67.4   44s
 18911 12389 2081.84524   54   95 2080.82933 2082.18167  0.06%  65.7   45s
*22888 13711              72    2080.8595100 2082.15902  0.06%  63.9   46s
H27248 16063                    2080.8595108 2082.14288  0.06%  62.5   48s
 27254 16067 2081.07263   54  171 2080.85951 2082.14288  0.06%  62.5   50s
H27259 15267                    2080.9297644 2082.14288  0.06%  62.5   50s
 27291 15313 2082.14288   35  123 2080.92976 2082.14288  0.06%  62.6   55s
H27373 14594                    2080.9297652 2082.14288  0.06%  62.6   55s
H41791 18868                    2080.9297657 2082.11299  0.06%  54.8   59s
 41883 19916 2081.21620   64   63 2080.92977 2082.11286  0.06%  54.7   60s
*50752 20427              81    2081.0323217 2082.07738  0.05%  51.8   61s
H55022 20756                    2081.1596844 2082.05898  0.04%  50.8   62s
 68772 25202 2081.24797   59   51 2081.15968 2082.02117  0.04%  48.4   65s
 80435 29606 2081.80213   45  643 2081.15968 2081.99778  0.04%  47.1   72s
 80444 29612 2081.66152   56  240 2081.15968 2081.99778  0.04%  47.1   75s
 80460 29623 2081.21893   64  229 2081.15968 2081.99778  0.04%  47.1   80s
 80474 29635 2081.99778   45  163 2081.15968 2081.99778  0.04%  47.1   85s
 80528 29693 2081.99778   50  123 2081.15968 2081.99778  0.04%  47.2   90s
 95991 35796 2081.31160   76   70 2081.15968 2081.99778  0.04%  46.3   95s
 122754 42073 2081.56999  112   82 2081.15968 2081.96952  0.04%  45.6  100s
 149958 49122 2081.77725   64   99 2081.15968 2081.93232  0.04%  44.5  105s
 178795 57679 2081.86878  101   83 2081.15968 2081.90338  0.04%  44.0  110s
 207563 71311 2081.38039   77   90 2081.15968 2081.88034  0.03%  43.5  115s
H208007 71311                    2081.1596851 2081.88000  0.03%  43.5  115s
 236245 85243 2081.31491   80   41 2081.15969 2081.86225  0.03%  43.2  120s
 264643 98089 2081.71937   57  126 2081.15969 2081.84564  0.03%  42.9  125s
 293774 111816 2081.27260   80   57 2081.15969 2081.83324  0.03%  42.6  130s
 322542 124783     cutoff   69      2081.15969 2081.81930  0.03%  42.3  135s
 355162 138556 2081.73290   83  149 2081.15969 2081.80729  0.03%  42.1  140s
 383319 150943 2081.41177   82   67 2081.15969 2081.79747  0.03%  41.8  145s
 412493 161739 2081.67261   65   73 2081.15969 2081.78775  0.03%  41.6  150s
 445107 175070 2081.48093   71   48 2081.15969 2081.77852  0.03%  41.4  155s
 477157 187788 2081.50525   57  104 2081.15969 2081.77012  0.03%  41.2  160s
 505818 198969 2081.43013   67   91 2081.15969 2081.76291  0.03%  41.0  165s
 538037 211668 2081.32572   74   54 2081.15969 2081.75483  0.03%  40.9  170s
 570999 225121 2081.57050   94   69 2081.15969 2081.74772  0.03%  40.6  175s
 603033 237418     cutoff   76      2081.15969 2081.74066  0.03%  40.5  180s
 631587 248574     cutoff   79      2081.15969 2081.73476  0.03%  40.3  185s
 663765 260079 2081.38456   61   86 2081.15969 2081.72806  0.03%  40.2  190s
 696098 272287 2081.47753   67   35 2081.15969 2081.72224  0.03%  40.0  195s
 728296 283646 2081.22716   70  100 2081.15969 2081.71655  0.03%  39.9  200s
 760325 295101 2081.46513   67   88 2081.15969 2081.71101  0.03%  39.8  205s
 793316 306516 2081.49180   77   59 2081.15969 2081.70591  0.03%  39.6  210s
 825395 317210 2081.40199   80   53 2081.15969 2081.70092  0.03%  39.5  215s
 857119 327739 2081.51444   66   99 2081.15969 2081.69623  0.03%  39.4  220s
 889794 338234 2081.58511   72   80 2081.15969 2081.69159  0.03%  39.3  225s
 922541 349153     cutoff   73      2081.15969 2081.68697  0.03%  39.1  230s
 954507 359300     cutoff   67      2081.15969 2081.68287  0.03%  39.0  235s
 986504 370312 2081.32748   79   69 2081.15969 2081.67844  0.02%  38.9  240s
 1022809 381903 2081.46054   99   56 2081.15969 2081.67400  0.02%  38.8  245s
 1054994 392404     cutoff   69      2081.15969 2081.66998  0.02%  38.7  250s
 1087359 402818 2081.54241   67   79 2081.15969 2081.66621  0.02%  38.6  255s
 1123309 413812 2081.24522   72   94 2081.15969 2081.66207  0.02%  38.5  260s
 1155459 423589     cutoff   73      2081.15969 2081.65843  0.02%  38.4  265s
 1188040 433279 2081.44092   79  120 2081.15969 2081.65513  0.02%  38.3  270s
 1223510 444047 2081.43701   93   43 2081.15969 2081.65130  0.02%  38.2  275s
 1255748 453539 2081.39242   61   95 2081.15969 2081.64805  0.02%  38.1  280s
 1292097 464175 2081.43308   64   78 2081.15969 2081.64448  0.02%  38.0  285s
 1324182 473610 2081.20467   91   76 2081.15969 2081.64137  0.02%  37.9  290s
 1360016 483821 2081.53152   63   82 2081.15969 2081.63802  0.02%  37.9  295s
 1392422 493593 2081.28698   72   43 2081.15969 2081.63500  0.02%  37.8  300s
 1428406 503618 2081.24399   73   88 2081.15969 2081.63177  0.02%  37.7  305s
 1464136 513335 2081.24234   74   49 2081.15969 2081.62863  0.02%  37.6  310s
 1496330 521937     cutoff   78      2081.15969 2081.62584  0.02%  37.5  315s
 1532157 531354 2081.34636   70  115 2081.15969 2081.62275  0.02%  37.5  320s
 1564414 540012 2081.20760   92   55 2081.15969 2081.62001  0.02%  37.4  325s
 1600293 549050 2081.34799   71   65 2081.15969 2081.61693  0.02%  37.3  330s
 1636173 557923 2081.35733   61   61 2081.15969 2081.61410  0.02%  37.2  335s
 1668355 566132     cutoff   91      2081.15969 2081.61159  0.02%  37.1  340s
 1704145 575624     cutoff   83      2081.15969 2081.60868  0.02%  37.1  345s
 1739853 585056     cutoff   76      2081.15969 2081.60594  0.02%  37.0  350s
 1775911 593370     cutoff   71      2081.15969 2081.60313  0.02%  36.9  355s
 1807394 601116 2081.19679   88   52 2081.15969 2081.60080  0.02%  36.9  360s
 1844257 610319 2081.31180   74   78 2081.15969 2081.59824  0.02%  36.8  365s
 1879706 618864 2081.26546   78   56 2081.15969 2081.59575  0.02%  36.7  370s
 1915860 627180 2081.28811   69   62 2081.15969 2081.59301  0.02%  36.6  375s
 1951339 635132 2081.56166   88  132 2081.15969 2081.59061  0.02%  36.5  380s
 1987334 643495     cutoff   79      2081.15969 2081.58818  0.02%  36.4  385s
 2023347 651868 2081.36431   91   35 2081.15969 2081.58576  0.02%  36.4  390s
 2058873 660025 2081.57272   71   90 2081.15969 2081.58350  0.02%  36.3  395s
 2094796 667859 2081.50089   79   57 2081.15969 2081.58112  0.02%  36.2  400s
 2130136 675744 2081.49372   80   79 2081.15969 2081.57882  0.02%  36.2  405s
 2166797 683245     cutoff   91      2081.15969 2081.57654  0.02%  36.1  410s
 2205878 692211     cutoff   92      2081.15969 2081.57393  0.02%  36.0  415s
 2241575 699497 2081.22234   64   53 2081.15969 2081.57175  0.02%  35.9  420s
 2277884 707135 2081.26799  108   57 2081.15969 2081.56948  0.02%  35.9  425s
 2313637 715001     cutoff   78      2081.15969 2081.56734  0.02%  35.8  430s
 2349400 722315 2081.45548   64   52 2081.15969 2081.56523  0.02%  35.7  435s
 2385275 730062 2081.32674   71   40 2081.15969 2081.56317  0.02%  35.7  440s
 2424592 738060 2081.37390   76   61 2081.15969 2081.56104  0.02%  35.6  445s
 2460659 745024 2081.46418   79   67 2081.15969 2081.55921  0.02%  35.5  450s
 2496809 752254 2081.34520   75   66 2081.15969 2081.55716  0.02%  35.5  455s
 2535938 759935     cutoff   75      2081.15969 2081.55507  0.02%  35.4  460s
 2571840 767219 2081.55276   89   30 2081.15969 2081.55318  0.02%  35.3  465s
 2607479 773744 2081.23826   76   55 2081.15969 2081.55134  0.02%  35.3  470s
 2643823 780361 2081.42261   74   49 2081.15969 2081.54940  0.02%  35.2  475s
 2683118 787321     cutoff   77      2081.15969 2081.54741  0.02%  35.2  480s
 2718806 794023 2081.30778   65   62 2081.15969 2081.54552  0.02%  35.1  485s
 2757126 800605     cutoff   73      2081.15969 2081.54348  0.02%  35.0  490s
 2793628 806945     cutoff   74      2081.15969 2081.54159  0.02%  35.0  495s
 2833820 814004     cutoff   66      2081.15969 2081.53963  0.02%  34.9  500s
 2869502 820011     cutoff   79      2081.15969 2081.53780  0.02%  34.9  505s
 2909215 826849 2081.38545   91   31 2081.15969 2081.53593  0.02%  34.8  510s
 2944532 833059     cutoff   89      2081.15969 2081.53418  0.02%  34.7  515s
 2984049 839684     cutoff   76      2081.15969 2081.53228  0.02%  34.7  520s
 3023169 846655     cutoff   92      2081.15969 2081.53043  0.02%  34.6  525s
 3062753 853014     cutoff   72      2081.15969 2081.52861  0.02%  34.5  530s
 3098266 858531 2081.27179   85   65 2081.15969 2081.52698  0.02%  34.5  535s
 3137961 864755     cutoff   75      2081.15969 2081.52515  0.02%  34.4  540s
 3177576 871330 2081.22972   69   53 2081.15969 2081.52344  0.02%  34.4  545s
 3216232 877302     cutoff   81      2081.15969 2081.52164  0.02%  34.3  550s
 3252014 883101 2081.43566   83   51 2081.15969 2081.51996  0.02%  34.3  555s
 3292023 888925 2081.20184   73   71 2081.15969 2081.51820  0.02%  34.2  560s
 3331606 894905 2081.46882   78  105 2081.15969 2081.51659  0.02%  34.1  565s
 3371359 901091 2081.25058   70   38 2081.15969 2081.51491  0.02%  34.1  570s
 3410226 907634 2081.18538   73  106 2081.15969 2081.51326  0.02%  34.0  575s
 3450006 913208     cutoff   92      2081.15969 2081.51160  0.02%  34.0  580s
 3489226 918805 2081.27260   67   73 2081.15969 2081.50996  0.02%  33.9  585s
 3528654 924343     cutoff   70      2081.15969 2081.50833  0.02%  33.9  590s
 3568025 929334     cutoff   70      2081.15969 2081.50678  0.02%  33.8  595s
 3607590 934998 2081.46373   76   62 2081.15969 2081.50528  0.02%  33.7  600s
 3646484 940083 2081.33824   70   42 2081.15969 2081.50365  0.02%  33.7  605s
 3686292 944949 2081.28330   78   41 2081.15969 2081.50199  0.02%  33.6  610s
 3725199 949995 2081.40666   86   79 2081.15969 2081.50043  0.02%  33.6  615s
 3765107 955057 2081.43626   75   43 2081.15969 2081.49875  0.02%  33.5  620s
 3804786 958120     cutoff   78      2081.15969 2081.49726  0.02%  33.5  625s
 3843891 963015 2081.39747   77   47 2081.15969 2081.49582  0.02%  33.4  630s
 3879269 967252 2081.25538   70   47 2081.15969 2081.49437  0.02%  33.4  635s
 3920653 972075 2081.42564  109   61 2081.15969 2081.49279  0.02%  33.4  640s
 3960584 976506 2081.20544   76  104 2081.15969 2081.49130  0.02%  33.3  645s
 4000560 981021 2081.19442   81   73 2081.15969 2081.48979  0.02%  33.3  650s
 4043433 985892 2081.31768   74   62 2081.15969 2081.48811  0.02%  33.2  655s
 4083054 990490     cutoff   62      2081.15969 2081.48664  0.02%  33.1  660s
 4121896 994996 2081.27071   92   52 2081.15969 2081.48523  0.02%  33.1  665s
 4165179 999417 2081.17063   87   81 2081.15969 2081.48365  0.02%  33.0  670s
 4204252 1003412     cutoff   79      2081.15969 2081.48215  0.02%  33.0  675s
 4247860 1008026 2081.18878   81   72 2081.15969 2081.48056  0.02%  32.9  680s
 4286360 1011858     cutoff   70      2081.15969 2081.47919  0.02%  32.9  685s
 4326567 1015873     cutoff   72      2081.15969 2081.47776  0.02%  32.8  690s
 4369698 1019778     cutoff   70      2081.15969 2081.47618  0.02%  32.8  695s
 4412646 1024100 2081.16756  101   38 2081.15969 2081.47469  0.02%  32.7  700s
 4451620 1028017 2081.16885   84   70 2081.15969 2081.47334  0.02%  32.7  705s
 4494960 1032114 2081.38484   68   77 2081.15969 2081.47185  0.01%  32.6  710s
 4534280 1035510 2081.46074   62   61 2081.15969 2081.47056  0.01%  32.6  715s
 4577567 1039026 2081.31429   74   55 2081.15969 2081.46906  0.01%  32.6  720s
 4617193 1042285 2081.42826   85   84 2081.15969 2081.46767  0.01%  32.5  725s
 4659913 1045998 2081.40554   68   99 2081.15969 2081.46623  0.01%  32.5  730s
 4699595 1049050 2081.25825   82   58 2081.15969 2081.46493  0.01%  32.4  735s
 4742573 1052391     cutoff   69      2081.15969 2081.46348  0.01%  32.4  740s
 4785252 1055842 2081.44947   92   65 2081.15969 2081.46208  0.01%  32.3  745s
 4828315 1059220     cutoff   80      2081.15969 2081.46067  0.01%  32.3  750s
 4871024 1062808 2081.23068   74   58 2081.15969 2081.45934  0.01%  32.2  755s
 4914274 1065698 2081.30099   87   56 2081.15969 2081.45788  0.01%  32.2  760s
 4956490 1068494 2081.35427   70   96 2081.15969 2081.45652  0.01%  32.1  765s
 4996775 1071056     cutoff   66      2081.15969 2081.45521  0.01%  32.1  770s
 5039603 1074050 2081.33583   75   73 2081.15969 2081.45384  0.01%  32.0  775s
 5082336 1076323     cutoff   62      2081.15969 2081.45249  0.01%  32.0  780s
 5125594 1079094     cutoff   83      2081.15969 2081.45115  0.01%  32.0  785s
 5168603 1081539     cutoff   73      2081.15969 2081.44976  0.01%  31.9  790s
 5211776 1084088 2081.40913   91   53 2081.15969 2081.44845  0.01%  31.9  795s
 5254786 1086766 2081.36137   83   72 2081.15969 2081.44712  0.01%  31.8  800s
 5294061 1088431     cutoff   73      2081.15969 2081.44587  0.01%  31.8  805s
 5337252 1090731 2081.41322   83   79 2081.15969 2081.44450  0.01%  31.7  810s
 5380320 1092832     cutoff   80      2081.15969 2081.44323  0.01%  31.7  815s
 5426154 1095265 2081.39710   67   54 2081.15969 2081.44185  0.01%  31.6  820s
 5469303 1097301     cutoff   75      2081.15969 2081.44054  0.01%  31.6  825s
 5512688 1099164     cutoff   62      2081.15969 2081.43924  0.01%  31.6  830s
 5555564 1100820     cutoff   79      2081.15969 2081.43799  0.01%  31.5  835s
 5598589 1102838 2081.30233   85   66 2081.15969 2081.43671  0.01%  31.5  840s
 5641585 1104820 2081.36780   75   51 2081.15969 2081.43544  0.01%  31.4  845s
 5684991 1106686 2081.26574   79   41 2081.15969 2081.43422  0.01%  31.4  850s
 5730745 1108331     cutoff   63      2081.15969 2081.43284  0.01%  31.3  855s
 5774408 1109700 2081.34514   72  125 2081.15969 2081.43154  0.01%  31.3  860s
 5817090 1110906 2081.20848   84   48 2081.15969 2081.43029  0.01%  31.3  865s
 5863498 1112408 2081.33971   72   89 2081.15969 2081.42895  0.01%  31.2  870s
 5907015 1114215 2081.34642   92  102 2081.15969 2081.42771  0.01%  31.2  875s
 5953496 1115345 2081.39402   95   54 2081.15969 2081.42640  0.01%  31.1  880s
 5996444 1116261     cutoff   86      2081.15969 2081.42517  0.01%  31.1  885s
 6039609 1117686 2081.23352   90   48 2081.15969 2081.42396  0.01%  31.0  890s
 6085736 1118591 2081.34721   74   68 2081.15969 2081.42266  0.01%  31.0  895s
 6128984 1119545 infeasible   82      2081.15969 2081.42142  0.01%  31.0  900s
 6175552 1120320     cutoff   75      2081.15969 2081.42010  0.01%  30.9  905s
 6222231 1120697     cutoff   68      2081.15969 2081.41881  0.01%  30.9  910s
 6265081 1120932     cutoff   71      2081.15969 2081.41756  0.01%  30.8  915s
 6311338 1120918 infeasible   71      2081.15969 2081.41627  0.01%  30.8  920s
 6354515 1120699 2081.32793   95   64 2081.15969 2081.41508  0.01%  30.8  925s
 6401023 1120733 2081.29537   70   52 2081.15969 2081.41374  0.01%  30.7  930s
 6444534 1120438 2081.16106   62   86 2081.15969 2081.41255  0.01%  30.7  935s
 6490918 1120031 2081.33958   92   49 2081.15969 2081.41123  0.01%  30.6  940s
 6537333 1120030     cutoff   68      2081.15969 2081.40995  0.01%  30.6  945s
 6579801 1119833     cutoff  110      2081.15969 2081.40881  0.01%  30.6  950s
 6627240 1118909     cutoff   76      2081.15969 2081.40743  0.01%  30.5  955s
 6673904 1118468 infeasible   97      2081.15969 2081.40619  0.01%  30.5  960s
 6715810 1117746     cutoff   92      2081.15969 2081.40500  0.01%  30.4  965s
 6762918 1116729     cutoff   76      2081.15969 2081.40370  0.01%  30.4  970s
 6810059 1116066     cutoff   73      2081.15969 2081.40242  0.01%  30.4  975s
 6856557 1114898 2081.19945   82   47 2081.15969 2081.40113  0.01%  30.3  980s
 6902200 1113960 2081.16140   75   55 2081.15969 2081.39992  0.01%  30.3  985s
 6949128 1112618     cutoff   94      2081.15969 2081.39868  0.01%  30.2  990s
 6995828 1110946 2081.27370   81   45 2081.15969 2081.39734  0.01%  30.2  995s
 7042777 1109548 2081.22559   71   46 2081.15969 2081.39607  0.01%  30.2 1000s
 7088697 1107832 2081.18754   70   80 2081.15969 2081.39483  0.01%  30.1 1005s
 7135232 1106131 2081.33227   93   78 2081.15969 2081.39364  0.01%  30.1 1010s
 7182265 1104310 2081.34852   69   80 2081.15969 2081.39240  0.01%  30.0 1015s
 7229065 1102736     cutoff   78      2081.15969 2081.39115  0.01%  30.0 1020s
 7279000 1100147     cutoff   71      2081.15969 2081.38988  0.01%  30.0 1025s
 7324751 1098359 2081.31465   82   72 2081.15969 2081.38864  0.01%  29.9 1030s
 7371978 1096058     cutoff   74      2081.15969 2081.38738  0.01%  29.9 1035s
 7418847 1093538 2081.34724   89   73 2081.15969 2081.38612  0.01%  29.9 1040s
 7465129 1090937     cutoff   76      2081.15969 2081.38488  0.01%  29.8 1045s
 7515542 1087941     cutoff   76      2081.15969 2081.38353  0.01%  29.8 1050s
 7562238 1085471 2081.19289   74   63 2081.15969 2081.38230  0.01%  29.7 1055s
 7612057 1082073 2081.31075   77   83 2081.15969 2081.38100  0.01%  29.7 1060s
 7658981 1079581 2081.35220   76   53 2081.15969 2081.37975  0.01%  29.7 1065s
 7708311 1075966     cutoff   79      2081.15969 2081.37846  0.01%  29.6 1070s
 7755959 1072531     cutoff   73      2081.15969 2081.37716  0.01%  29.6 1075s
 7805775 1068639     cutoff   72      2081.15969 2081.37584  0.01%  29.5 1080s
 7852497 1065433     cutoff   64      2081.15969 2081.37462  0.01%  29.5 1085s
 7902321 1061547     cutoff   98      2081.15969 2081.37328  0.01%  29.5 1090s
 7948209 1058031     cutoff   80      2081.15969 2081.37209  0.01%  29.4 1095s
 7998972 1053820 2081.32654   88   66 2081.15969 2081.37072  0.01%  29.4 1100s
 8049594 1049798 2081.36937   85   38 2081.15969 2081.36938  0.01%  29.3 1105s
 8099553 1045513     cutoff   79      2081.15969 2081.36808  0.01%  29.3 1110s

Cutting planes:
  Gomory: 9
  Cover: 2
  MIR: 6
  Flow cover: 11
  Zero half: 24

Explored 8110087 nodes (237585655 simplex iterations) in 1111.08 seconds
Thread count was 24 (of 48 available processors)

Solution count 10: 2081.16 2081.16 2081.16 ... 2080.86

Optimal solution found (tolerance 1.00e-04)
Best objective 2.081159684376e+03, best bound 2.081367800379e+03, gap 0.0100%
