
Gurobi 9.0.2 (linux64) logging started Sun May 24 21:48:17 2020

Changed value of parameter LogFile to gurobi_logs/2020-05-24_21:48:12-rproblem6_mode=optimality_no_sdp.log
   Prev:   Default: 
Parameter MIPFocus unchanged
   Value: 0  Min: 0  Max: 3  Default: 0
Parameter SolutionLimit unchanged
   Value: 2000000000  Min: 1  Max: 2000000000  Default: 2000000000
Parameter LogToConsole unchanged
   Value: 1  Min: 0  Max: 1  Default: 1
Changed value of parameter TimeLimit to 18000.0
   Prev: inf  Min: 0.0  Max: inf  Default: inf
Gurobi Optimizer version 9.0.2 build v9.0.2rc0 (linux64)
Optimize a model with 183110 rows, 149768 columns and 10908628 nonzeros
Model fingerprint: 0xf8a07712
Variable types: 32 continuous, 149736 integer (137640 binary)
Coefficient statistics:
  Matrix range     [9e-02, 2e+02]
  Objective range  [5e-01, 1e+00]
  Bounds range     [1e+00, 1e+00]
  RHS range        [1e+00, 4e+02]
Presolve removed 67289 rows and 30000 columns (presolve time = 6s) ...
Presolve removed 82256 rows and 44967 columns (presolve time = 10s) ...
Presolve removed 85196 rows and 44967 columns (presolve time = 15s) ...
Presolve removed 85196 rows and 44967 columns (presolve time = 20s) ...
Presolve removed 85196 rows and 44967 columns (presolve time = 26s) ...
Presolve removed 82796 rows and 42567 columns
Presolve time: 26.03s
Presolved: 100314 rows, 107201 columns, 2189531 nonzeros
Variable types: 1 continuous, 107200 integer (104790 binary)

Deterministic concurrent LP optimizer: primal simplex, dual simplex, and barrier
Showing barrier log only...

Root barrier log...

Ordering time: 4.41s

Barrier statistics:
 AA' NZ     : 2.919e+07
 Factor NZ  : 3.633e+07 (roughly 400 MBytes of memory)
 Factor Ops : 1.518e+10 (less than 1 second per iteration)
 Threads    : 21

                  Objective                Residual
Iter       Primal          Dual         Primal    Dual     Compl     Time
   0   5.82182744e+05  4.40065034e+05  1.37e+04 1.13e+00  2.13e+02    38s
   1   2.19532888e+05  4.12027378e+06  5.83e+03 7.85e-12  7.98e+01    38s
   2  -1.21954367e+04  2.93786777e+06  7.99e+01 6.61e-12  1.06e+01    38s
   3  -9.92728934e+03  1.46504263e+05  5.07e-01 8.27e-12  5.20e-01    38s
   4   6.55828846e+02  1.55442747e+04  2.63e-02 7.67e-12  4.92e-02    39s
   5   3.23067151e+03  8.72518743e+03  3.02e-03 8.65e-12  1.81e-02    39s
   6   3.80094287e+03  5.94520934e+03  8.95e-04 8.78e-12  7.08e-03    39s
   7   4.14985943e+03  4.75586822e+03  2.93e-04 7.31e-12  2.00e-03    39s
   8   4.26130663e+03  4.50483549e+03  1.58e-04 7.03e-12  8.04e-04    40s
   9   4.32475876e+03  4.46334932e+03  8.01e-05 6.10e-12  4.58e-04    40s
  10   4.35343817e+03  4.43329270e+03  4.49e-05 6.63e-12  2.64e-04    40s
  11   4.36733382e+03  4.40623977e+03  2.83e-05 7.15e-12  1.29e-04    40s
  12   4.38339991e+03  4.39919810e+03  8.47e-06 7.99e-12  5.22e-05    40s
  13   4.38766744e+03  4.39514055e+03  3.26e-06 9.38e-12  2.47e-05    41s
  14   4.38833622e+03  4.39180342e+03  2.46e-06 7.96e-12  1.15e-05    41s
  15   4.39006469e+03  4.39060610e+03  4.04e-07 7.59e-12  1.79e-06    41s
  16   4.39043422e+03  4.39043481e+03  7.92e-11 7.62e-12  1.96e-09    41s
  17   4.39043461e+03  4.39043461e+03  5.03e-12 2.31e-11  1.96e-12    41s

Barrier solved model in 17 iterations and 41.29 seconds
Optimal objective 4.39043461e+03


Root crossover log...

    2930 DPushes remaining with DInf 0.0000000e+00                42s
       0 DPushes remaining with DInf 0.0000000e+00                43s

      84 Dual superbasic variables remain

   28389 PPushes remaining with PInf 0.0000000e+00                43s
    1447 PPushes remaining with PInf 0.0000000e+00                46s
       0 PPushes remaining with PInf 0.0000000e+00                49s

  Push phase complete: Pinf 0.0000000e+00, Dinf 3.9059736e-12     49s


Root simplex log...

Iteration    Objective       Primal Inf.    Dual Inf.      Time
   31164    4.3904346e+03   0.000000e+00   0.000000e+00     49s
Concurrent spin time: 0.05s

Solved with barrier

Root relaxation: objective 4.390435e+03, 31164 iterations, 20.83 seconds
Total elapsed time = 73.64s
Total elapsed time = 94.24s
Total elapsed time = 104.96s
Total elapsed time = 112.04s

    Nodes    |    Current Node    |     Objective Bounds      |     Work
 Expl Unexpl |  Obj  Depth IntInf | Incumbent    BestBd   Gap | It/Node Time

     0     0 4390.43461    0 3287          - 4390.43461      -     -  121s
     0     0 4390.43461    0 4624          - 4390.43461      -     -  159s
     0     0 4390.43461    0 5338          - 4390.43461      -     -  175s
     0     0 4389.47881    0 2961          - 4389.47881      -     -  277s
     0     0 4389.47881    0 4396          - 4389.47881      -     -  292s
     0     0 4388.25218    0 5271          - 4388.25218      -     -  359s
     0     0 4388.25218    0 5662          - 4388.25218      -     -  379s
     0     0 4388.25199    0 5720          - 4388.25199      -     -  436s
     0     0 4388.15403    0 5877          - 4388.15403      -     -  457s
     0     0 4388.05201    0 5975          - 4388.05201      -     -  475s
     0     0 4387.69303    0 6057          - 4387.69303      -     -  492s
     0     0 4387.39785    0 6220          - 4387.39785      -     -  517s
     0     0 4387.09874    0 6139          - 4387.09874      -     -  537s
     0     0 4386.13473    0 6276          - 4386.13473      -     -  569s
     0     0 4385.40799    0 6447          - 4385.40799      -     -  602s
     0     0 4384.92454    0 6375          - 4384.92454      -     -  630s
     0     0 4384.78824    0 6294          - 4384.78824      -     -  647s
     0     0 4384.68376    0 6641          - 4384.68376      -     -  675s
     0     0 4384.64771    0 6506          - 4384.64771      -     -  686s
     0     0 4384.63466    0 6593          - 4384.63466      -     -  700s
     0     0 4384.60776    0 6513          - 4384.60776      -     -  707s
     0     0 4384.60776    0 6387          - 4384.60776      -     -  708s
     0     0 4384.22917    0 6319          - 4384.22917      -     -  741s
     0     0 4384.13571    0 6498          - 4384.13571      -     -  749s
     0     0 4384.11575    0 6588          - 4384.11575      -     -  758s
     0     0 4384.11522    0 6602          - 4384.11522      -     -  763s
     0     0 4383.76081    0 6757          - 4383.76081      -     -  805s
     0     0 4383.03249    0 6841          - 4383.03249      -     -  835s
     0     0 4382.88976    0 6810          - 4382.88976      -     -  853s
     0     0 4382.14620    0 7158          - 4382.14620      -     -  884s
     0     0 4381.34030    0 7170          - 4381.34030      -     -  908s
     0     0 4381.11097    0 7328          - 4381.11097      -     -  938s
     0     0 4380.98791    0 7420          - 4380.98791      -     -  952s
     0     0 4380.97499    0 7454          - 4380.97499      -     -  960s
     0     0 4380.96617    0 7439          - 4380.96617      -     -  966s
     0     0 4380.90222    0 7413          - 4380.90222      -     -  981s
     0     0 4380.89555    0 7413          - 4380.89555      -     -  987s
     0     0 4380.89503    0 7533          - 4380.89503      -     -  993s
     0     0 4380.59377    0 7502          - 4380.59377      -     - 1039s
     0     0 4379.56287    0 7566          - 4379.56287      -     - 1075s
     0     0 4379.04481    0 7635          - 4379.04481      -     - 1092s
     0     0 4378.47216    0 7562          - 4378.47216      -     - 1111s
     0     0 4378.16791    0 7690          - 4378.16791      -     - 1132s
     0     0 4378.01336    0 7790          - 4378.01336      -     - 1147s
     0     0 4377.51075    0 7863          - 4377.51075      -     - 1167s
     0     0 4377.41551    0 7704          - 4377.41551      -     - 1179s
     0     0 4377.29846    0 7764          - 4377.29846      -     - 1190s
     0     0 4377.23422    0 7771          - 4377.23422      -     - 1205s
     0     0 4377.18738    0 7743          - 4377.18738      -     - 1214s
     0     0 4377.18434    0 7661          - 4377.18434      -     - 1217s
     0     0 4377.18084    0 7707          - 4377.18084      -     - 1220s
     0     0 4377.17935    0 7666          - 4377.17935      -     - 1223s
     0     0 4375.25720    0 7811          - 4375.25720      -     - 1259s
     0     0 4374.26369    0 7631          - 4374.26369      -     - 1283s
     0     0 4374.20454    0 7754          - 4374.20454      -     - 1290s
     0     0 4374.11698    0 7831          - 4374.11698      -     - 1302s
     0     0 4373.80428    0 7714          - 4373.80428      -     - 1321s
     0     0 4373.65774    0 7837          - 4373.65774      -     - 1336s
     0     0 4373.64156    0 7955          - 4373.64156      -     - 1342s
     0     0 4373.56971    0 8005          - 4373.56971      -     - 1354s
     0     0 4373.49926    0 7947          - 4373.49926      -     - 1363s
     0     0 4373.43221    0 7932          - 4373.43221      -     - 1374s
     0     0 4373.42249    0 7935          - 4373.42249      -     - 1381s
     0     0 4373.40660    0 8014          - 4373.40660      -     - 1386s
     0     0 4373.36355    0 7842          - 4373.36355      -     - 1397s
     0     0 4373.36142    0 7927          - 4373.36142      -     - 1402s
     0     0 4367.06864    0 7526          - 4367.06864      -     - 1436s
     0     0 4367.03654    0 7505          - 4367.03654      -     - 1444s
     0     0 4356.55556    0 7325          - 4356.55556      -     - 1467s
     0     0 4356.35886    0 7411          - 4356.35886      -     - 1476s
     0     0 4356.18777    0 7657          - 4356.18777      -     - 1487s
     0     0 4355.88844    0 7514          - 4355.88844      -     - 1500s
     0     0 4355.62813    0 7507          - 4355.62813      -     - 1515s
     0     0 4355.41361    0 7619          - 4355.41361      -     - 1533s
     0     0 4355.34350    0 7726          - 4355.34350      -     - 1547s
     0     0 4355.22987    0 7796          - 4355.22987      -     - 1560s
     0     0 4355.12477    0 7954          - 4355.12477      -     - 1576s
     0     0 4355.09057    0 7743          - 4355.09057      -     - 1587s
     0     0 4355.07543    0 7887          - 4355.07543      -     - 1593s
     0     0 4355.07543    0 7874          - 4355.07543      -     - 1595s
     0     0 4338.12505    0 7334          - 4338.12505      -     - 1636s
     0     0 4337.42435    0 7454          - 4337.42435      -     - 1650s
     0     0 4331.83035    0 7380          - 4331.83035      -     - 1674s
     0     0 4326.70134    0 7489          - 4326.70134      -     - 1689s
     0     0 4326.63076    0 7642          - 4326.63076      -     - 1696s
     0     0 4326.34384    0 7824          - 4326.34384      -     - 1708s
     0     0 4326.22517    0 7802          - 4326.22517      -     - 1719s
     0     0 4326.10290    0 7710          - 4326.10290      -     - 1727s
     0     0 4326.07081    0 7752          - 4326.07081      -     - 1733s
     0     0 4326.04699    0 7813          - 4326.04699      -     - 1739s
     0     0 4325.96112    0 7848          - 4325.96112      -     - 1746s
     0     0 4325.92116    0 7939          - 4325.92116      -     - 1756s
     0     0 4325.91711    0 7938          - 4325.91711      -     - 1760s
     0     0 4311.45817    0 7272          - 4311.45817      -     - 1797s
     0     0 4311.20606    0 7331          - 4311.20606      -     - 1813s
     0     0 4311.13530    0 7506          - 4311.13530      -     - 1820s
     0     0 4310.90137    0 7636          - 4310.90137      -     - 1829s
     0     0 4310.74680    0 7783          - 4310.74680      -     - 1839s
     0     0 4310.68422    0 7759          - 4310.68422      -     - 1849s
     0     0 4310.63301    0 7997          - 4310.63301      -     - 1859s
     0     0 4310.62357    0 8052          - 4310.62357      -     - 1864s
     0     0 4301.20320    0 7798          - 4301.20320      -     - 1897s
     0     0 4300.94041    0 7687          - 4300.94041      -     - 1913s
     0     0 4300.87145    0 7818          - 4300.87145      -     - 1922s
     0     0 4300.59249    0 7721          - 4300.59249      -     - 1938s
     0     0 4300.45946    0 7782          - 4300.45946      -     - 1951s
     0     0 4300.44098    0 7802          - 4300.44098      -     - 1955s
     0     0 4285.02030    0 7775          - 4285.02030      -     - 1992s
     0     0 4284.99221    0 7730          - 4284.99221      -     - 1998s
     0     0 4284.70451    0 7743          - 4284.70451      -     - 2009s
     0     0 4284.63007    0 7715          - 4284.63007      -     - 2023s
     0     0 4284.58494    0 7691          - 4284.58494      -     - 2031s
     0     0 4284.51995    0 7693          - 4284.51995      -     - 2039s
     0     0 4284.48132    0 7996          - 4284.48132      -     - 2049s
     0     0 4284.23244    0 7753          - 4284.23244      -     - 2064s
     0     0 4284.19334    0 7778          - 4284.19334      -     - 2073s
     0     0 4284.17733    0 7832          - 4284.17733      -     - 2079s
     0     0 4278.14641    0 7847          - 4278.14641      -     - 2113s
     0     0 4277.86103    0 7695          - 4277.86103      -     - 2125s
     0     0 4277.51310    0 7866          - 4277.51310      -     - 2139s
     0     0 4277.47091    0 7908          - 4277.47091      -     - 2149s
     0     0 4277.42012    0 8034          - 4277.42012      -     - 2154s
     0     0 4277.26640    0 7989          - 4277.26640      -     - 2163s
     0     0 4277.25015    0 7952          - 4277.25015      -     - 2168s
     0     0 4277.20353    0 7903          - 4277.20353      -     - 2193s
     0     0 4268.74351    0 7514          - 4268.74351      -     - 2217s
     0     0 4268.71625    0 7565          - 4268.71625      -     - 2230s
     0     0 4268.63888    0 7646          - 4268.63888      -     - 2254s
     0     0 4268.59369    0 7611          - 4268.59369      -     - 2264s
     0     0 4268.57261    0 7501          - 4268.57261      -     - 2274s
     0     0 4268.57261    0 7350          - 4268.57261      -     - 2302s
     0     0 4264.40162    0 7619          - 4264.40162      -     - 2317s
     0     0 4264.40162    0 7686          - 4264.40162      -     - 2321s
     0     0 4259.94115    0 7673          - 4259.94115      -     - 2344s
     0     0 4259.94115    0 7700          - 4259.94115      -     - 2349s
     0     0 4259.94025    0 7814          - 4259.94025      -     - 2369s
     0     0 4259.91411    0 7726          - 4259.91411      -     - 2380s
     0     0 4259.89619    0 7801          - 4259.89619      -     - 2407s
     0     0 4259.89619    0 6685          - 4259.89619      -     - 2432s
     0     2 4259.84307    0 6596          - 4259.84307      -     - 2545s
     1     4 4259.84307    1 6659          - 4259.84307      -  7224 2556s
     3     8 4259.84307    2 6640          - 4259.84307      -  3445 2563s
     7    16 4259.84307    3 6927          - 4259.84307      -  1897 2586s
    15    32 4259.84124    4 7240          - 4259.84307      -  2795 2654s
    31    56 4259.84124    5 7197          - 4259.84307      -  5772 2683s
    55    80 4259.75012    6 7914          - 4259.84307      -  3840 2796s
    79   104 4259.75110    6 7828          - 4259.84307      -  6016 2961s
   103   128 4259.75012    7 7913          - 4259.84124      -  9425 3042s
   127   158 4259.71503    7 7683          - 4259.77483      -  8501 3094s
   157   190 4259.73645    8 7756          - 4259.77483      -  7293 3137s
   189   221 4259.75012    8 7773          - 4259.77483      -  6392 3204s
   220   291 4259.73257   10 7527          - 4259.77483      -  5931 3297s
   290   424 4259.52858   14 7628          - 4259.77483      -  5179 3464s
   423   703 4259.57019   15 7411          - 4259.77483      -  4532 3755s
   702  1242 4259.48097   29 7673          - 4259.77483      -  3859 4197s
  1241  2237 4258.98279   37 7495          - 4259.77483      -  3234 4769s
  2236  3232 4258.73230  113 7184          - 4259.77483      -  2539 5337s
  3231  4449 4258.60634  144 7269          - 4259.77483      -  2287 5909s
  4448  5814 4258.27487  216 7160          - 4259.77483      -  2055 6474s
  5813  7446 4258.27487  251 7072          - 4259.77483      -  1872 7050s
  7445  8993 4258.24469  319 7030          - 4259.77483      -  1696 7611s
  8992 10918 4258.24469  345 7004          - 4259.77483      -  1595 8180s
 10917 12491 4258.20334  417 7051          - 4259.77483      -  1468 8832s
 12491 12492 4258.75559  304 6685          - 4259.77483      -  1387 10135s
 12493 12493 4120.37451  220 9545          - 4120.37451      -  1387 10267s
 12494 12494 4100.30784  317 11856          - 4100.30784      -  1387 10339s
 12495 12495 4090.15276   70 13589          - 4090.15276      -  1387 10372s
 12496 12495 4012.06234  204 12594          - 4012.06234      -  1387 10396s
 12497 12496 3992.00978  359 12865          - 3992.00978      -  1386 10411s
 12498 12497 3986.98346  280 13055          - 3986.98346      -  1386 10420s
 12499 12497 3986.85319  171 13106          - 3986.85319      -  1386 10436s
 12500 12498 3962.16936  124 12287          - 3962.16936      -  1386 10518s
 12501 12499 3955.76316  503 12691          - 3955.76316      -  1386 10553s
 12502 12499 3954.58511   20 13326          - 3954.58511      -  1386 10578s
 12503 12500 3954.36371  155 13408          - 3954.36371      -  1386 10592s
 12504 12501 3954.28663   31 13205          - 3954.28663      -  1386 10603s
 12505 12501 3954.27990   71 13574          - 3954.27990      -  1386 10607s
 12506 12502 3954.26869  232 13526          - 3954.26869      -  1385 10612s
 12507 12503 3954.26849  157 13459          - 3954.26849      -  1385 10625s
 12508 12503 3940.94440  354 12956          - 3940.94440      -  1385 10732s
 12509 12504 3937.44816  316 13757          - 3937.44816      -  1385 10772s
 12510 12505 3936.91953  130 13865          - 3936.91953      -  1385 10795s
 12511 12505 3936.86589  301 14090          - 3936.86589      -  1385 10803s
 12512 12506 3936.84977  219 13957          - 3936.84977      -  1385 10808s
 12513 12507 3936.84553  444 14073          - 3936.84553      -  1385 10811s
 12515 12508 3936.84142  289 14057          - 3936.84142      -  1384 10828s
 12516 12509 3930.32457  100 12801          - 3930.32457      -  1384 10934s
 12517 12509 3928.77434   10 13749          - 3928.77434      -  1384 10982s
 12518 12510 3928.47171  327 13620          - 3928.47171      -  1384 11000s
 12519 12511 3928.22259  373 13461          - 3928.22259      -  1384 11016s
 12520 12511 3928.14812  274 13618          - 3928.14812      -  1384 11026s
 12522 12513 3928.13955  369 13583          - 3928.13955      -  1384 11042s
 12523 12513 3926.09707  105 12956          - 3926.09707      -  1384 11130s
 12524 12514 3924.88605  112 13956          - 3924.88605      -  1383 11182s
 12525 12515 3924.62463  115 13940          - 3924.62463      -  1383 11206s
 12526 12515 3924.57849  235 14113          - 3924.57849      -  1383 11216s
 12527 12516 3924.56732  530 14065          - 3924.56732      -  1383 11224s
 12528 12517 3924.53762  250 14077          - 3924.53762      -  1383 11232s
 12529 12517 3924.52401  203 14077          - 3924.52401      -  1383 11235s
 12530 12518 3924.52357  288 14031          - 3924.52357      -  1383 11251s
 12531 12519 3922.54955  272 13749          - 3922.54955      -  1383 11364s
 12532 12519 3921.91625  110 14054          - 3921.91625      -  1383 11394s
 12533 12520 3921.23779   45 14432          - 3921.23779      -  1382 11441s
 12534 12521 3921.12048   81 14327          - 3921.12048      -  1382 11457s
 12535 12521 3921.08841  130 14460          - 3921.08841      -  1382 11468s
 12536 12522 3921.07458  180 14430          - 3921.07458      -  1382 11479s
 12537 12523 3921.06013   86 14348          - 3921.06013      -  1382 11485s
 12539 12524 3921.04748  358 14373          - 3921.04748      -  1382 11506s
 12540 12525 3919.36606  243 13058          - 3919.36606      -  1382 11601s
 12541 12525 3919.11027  180 13886          - 3919.11027      -  1382 11629s
 12542 12526 3918.92463  277 14055          - 3918.92463      -  1381 11661s
 12543 12527 3918.85363   18 14174          - 3918.85363      -  1381 11677s
 12544 12527 3918.84765  269 14065          - 3918.84765      -  1381 11684s
 12545 12528 3918.84560  274 14131          - 3918.84560      -  1381 11687s
 12547 12529 3918.84384  320 14048          - 3918.84384      -  1381 11691s
 12548 12530 3918.84380   71 14051          - 3918.84380      -  1381 11707s
 12549 12531 3917.97548  331 13475          - 3917.97548      -  1381 11808s
 12550 12531 3917.60405   58 13973          - 3917.60405      -  1381 11843s
 12551 12532 3917.52417  409 13906          - 3917.52417      -  1380 11859s
 12552 12533 3917.34222    9 14226          - 3917.34222      -  1380 11877s
 12553 12533 3917.10604  207 14170          - 3917.10604      -  1380 11893s
 12554 12534 3917.09709   79 14228          - 3917.09709      -  1380 11901s
 12555 12535 3917.08682  200 14222          - 3917.08682      -  1380 11907s
 12556 12535 3917.08630   91 14321          - 3917.08630      -  1380 11924s
 12557 12536 3916.08774  182 13549          - 3916.08774      -  1380 12030s
 12558 12537 3915.93124  182 14156          - 3915.93124      -  1380 12053s
 12559 12537 3915.80182  354 14218          - 3915.80182      -  1380 12079s
 12560 12538 3915.70838  207 14414          - 3915.70838      -  1379 12103s
 12561 12539 3915.68623  153 14253          - 3915.68623      -  1379 12109s
 12562 12539 3915.64665   25 14385          - 3915.64665      -  1379 12119s
 12563 12540 3915.64567  249 14340          - 3915.64567      -  1379 12122s
 12564 12541 3915.64565  139 14349          - 3915.64565      -  1379 12138s
 12565 12541 3915.27546  263 13974          - 3915.27546      -  1379 12233s
 12566 12542 3914.94722  261 14237          - 3914.94722      -  1379 12258s
 12567 12543 3914.82666  343 14470          - 3914.82666      -  1379 12282s
 12568 12543 3914.76951   25 14498          - 3914.76951      -  1379 12300s
 12569 12544 3914.75112  162 14703          - 3914.75112      -  1378 12308s
 12570 12545 3914.75065   33 14771          - 3914.75065      -  1378 12327s
 12571 12545 3914.43402  167 14006          - 3914.43402      -  1378 12425s
 12572 12546 3914.34699  339 14386          - 3914.34699      -  1378 12446s
 12573 12547 3914.25552  454 14687          - 3914.25552      -  1378 12473s
 12574 12547 3914.21508  224 14519          - 3914.21508      -  1378 12486s
 12575 12548 3914.21277   34 14497          - 3914.21277      -  1378 12490s
 12576 12549 3914.21263  227 14510          - 3914.21263      -  1378 12506s
 12577 12549 3913.98215  171 13964          - 3913.98215      -  1378 12587s
 12578 12550 3913.96480  140 14341          - 3913.96480      -  1377 12604s
 12579 12551 3913.93185  121 14554          - 3913.93185      -  1377 12617s
 12580 12551 3913.92337  110 14548          - 3913.92337      -  1377 12628s
 12581 12552 3913.92241  336 14702          - 3913.92241      -  1377 12631s
 12582 12553 3913.92199  343 14635          - 3913.92199      -  1377 12647s
 12583 12553 3913.54354  262 14104          - 3913.54354      -  1377 12742s
 12584 12554 3913.42089  433 14379          - 3913.42089      -  1377 12767s
 12585 12555 3913.35980  315 14525          - 3913.35980      -  1377 12796s
 12586 12555 3913.32561  324 14559          - 3913.32561      -  1377 12813s
 12587 12556 3913.31784   32 14641          - 3913.31784      -  1377 12820s
 12589 12557 3913.31625  173 14614          - 3913.31625      -  1376 12839s
 12590 12558 3912.86542   73 13804          - 3912.86542      -  1376 12934s
 12591 12559 3912.81128  304 14143          - 3912.81128      -  1376 12947s
 12592 12559 3912.71912  423 14176          - 3912.71912      -  1376 12973s
 12593 12560 3912.69642  220 14211          - 3912.69642      -  1376 12987s
 12594 12561 3912.69165  317 14392          - 3912.69165      -  1376 12994s
 12595 12561 3912.68853   70 14296          - 3912.68853      -  1376 13003s
 12596 12562 3912.68819  204 14258          - 3912.68819      -  1376 13019s
 12597 12563 3912.49495  359 13265          - 3912.49495      -  1375 13129s
 12598 12563 3912.44312  280 14067          - 3912.44312      -  1375 13160s
 12599 12564 3912.34724  171 14336          - 3912.34724      -  1375 13187s
 12600 12565 3912.33503  124 14550          - 3912.33503      -  1375 13197s
 12601 12565 3912.33204  503 14341          - 3912.33204      -  1375 13201s
 12603 12567 3912.32795  155 14383          - 3912.32795      -  1375 13209s
 12604 12567 3912.32795   31 14403          - 3912.32795      -  1375 13239s
 12605 12568 3912.05893   71 14086          - 3912.05893      -  1375 13362s
 12606 12569 3912.03308  232 14525          - 3912.03308      -  1374 13375s
 12607 12569 3911.97263  157 14691          - 3911.97263      -  1374 13397s
 12608 12570 3911.93891  354 14705          - 3911.93891      -  1374 13414s
 12609 12571 3911.93271  316 14652          - 3911.93271      -  1374 13426s
 12610 12571 3911.92767  130 14665          - 3911.92767      -  1374 13434s
 12611 12572 3911.92565  301 14697          - 3911.92565      -  1374 13439s
 12612 12573 3911.92533  219 14693          - 3911.92533      -  1374 13463s
 12613 12573 3911.45123  444 14061          - 3911.45123      -  1374 13554s
 12614 12574 3911.30791  153 14546          - 3911.30791      -  1374 13578s
 12615 12575 3911.24558  289 14439          - 3911.24558      -  1373 13598s
 12616 12575 3911.23610  100 14516          - 3911.23610      -  1373 13607s
 12617 12576 3911.21553   10 14645          - 3911.21553      -  1373 13619s
 12618 12577 3911.21480  327 14728          - 3911.21480      -  1373 13626s
 12619 12577 3911.21445  373 14738          - 3911.21445      -  1373 13640s
 12620 12578 3911.12297  274 14106          - 3911.12297      -  1373 13723s
 12621 12579 3911.03115   94 14452          - 3911.03115      -  1373 13761s
 12622 12579 3910.97948  369 14597          - 3910.97948      -  1373 13772s
 12623 12580 3910.97098  105 14559          - 3910.97098      -  1373 13785s
 12624 12581 3910.96848  112 14662          - 3910.96848      -  1372 13791s
 12626 12582 3910.96142  235 14670          - 3910.96142      -  1372 13806s
 12627 12583 3910.68722  530 14118          - 3910.68722      -  1372 13884s
 12628 12583 3910.65647  250 14761          - 3910.65647      -  1372 13904s
 12629 12584 3910.64673  203 14625          - 3910.64673      -  1372 13912s
 12630 12585 3910.63859  288 14778          - 3910.63859      -  1372 13919s
 12631 12585 3910.63802  272 14762          - 3910.63802      -  1372 13933s
 12632 12586 3910.47086  110 14061          - 3910.47086      -  1372 14020s
 12633 12587 3910.43820   45 14485          - 3910.43820      -  1371 14036s
 12634 12587 3910.40208   81 14662          - 3910.40208      -  1371 14049s
 12635 12588 3910.35859  130 14549          - 3910.35859      -  1371 14059s
 12636 12589 3910.34477  180 14561          - 3910.34477      -  1371 14064s
 12637 12589 3910.34328   86 14427          - 3910.34328      -  1371 14068s
 12638 12590 3910.34241  269 14592          - 3910.34241      -  1371 14073s
 12639 12591 3910.34225  358 14580          - 3910.34225      -  1371 14088s
 12640 12591 3910.29449  243 14245          - 3910.29449      -  1371 14160s
 12641 12592 3910.25422  180 14526          - 3910.25422      -  1371 14175s
 12642 12593 3910.23475  277 14620          - 3910.23475      -  1371 14187s
 12643 12593 3910.21981   18 14698          - 3910.21981      -  1370 14195s
 12644 12594 3910.21932  269 14679          - 3910.21932      -  1370 14209s
 12645 12595 3910.08556  274 14082          - 3910.08556      -  1370 14309s
 12646 12595 3910.04004   99 14565          - 3910.04004      -  1370 14329s
 12647 12596 3909.97708  320 14574          - 3909.97708      -  1370 14350s
 12648 12597 3909.90796   71 14646          - 3909.90796      -  1370 14372s
 12649 12597 3909.88796  331 14648          - 3909.88796      -  1370 14382s
 12650 12598 3909.88172   58 14735          - 3909.88172      -  1370 14389s
 12651 12599 3909.87895  409 14829          - 3909.87895      -  1370 14395s
 12652 12599 3909.87853    9 14867          - 3909.87853      -  1369 14408s
 12653 12600 3909.75352  207 14579          - 3909.75352      -  1369 14466s
 12654 12601 3909.72692   79 14654          - 3909.72692      -  1369 14480s
 12655 12601 3909.68911  200 14843          - 3909.68911      -  1369 14497s
 12656 12602 3909.67920   91 14725          - 3909.67920      -  1369 14508s
 12657 12603 3909.67785  182 14893          - 3909.67785      -  1369 14511s
 12660 12605 3909.67629  207 14680          - 3909.67629      -  1369 14526s
 12661 12605 3909.50472  153 14430          - 3909.50472      -  1368 14613s
 12662 12606 3909.46924   25 14800          - 3909.46924      -  1368 14627s
 12663 12607 3909.46740  249 14802          - 3909.46740      -  1368 14634s
 12664 12607 3909.46313  139 14947          - 3909.46313      -  1368 14644s
 12665 12608 3909.46015  263 14927          - 3909.46015      -  1368 14650s
 12666 12609 3909.45799  261 14964          - 3909.45799      -  1368 14655s
 12668 12610 3909.45690   25 14921          - 3909.45690      -  1368 14670s
 12669 12611 3909.33077  162 14445          - 3909.33077      -  1368 14749s
 12670 12611 3909.32041   33 14859          - 3909.32041      -  1367 14759s
 12671 12612 3909.31199  167 14934          - 3909.31199      -  1367 14774s
 12672 12613 3909.31037  339 14927          - 3909.31037      -  1367 14780s
 12673 12613 3909.30850  454 14956          - 3909.30850      -  1367 14785s
 12675 12615 3909.30647   34 14895          - 3909.30647      -  1367 14801s
 12676 12615 3909.21759  227 14499          - 3909.21759      -  1367 14875s
 12677 12616 3909.18624  171 14868          - 3909.18624      -  1367 14899s
 12678 12617 3909.15988  140 15035          - 3909.15988      -  1367 14915s
 12679 12617 3909.15474  121 15026          - 3909.15474      -  1367 14923s
 12680 12618 3909.15340  110 15035          - 3909.15340      -  1366 14927s
 12681 12619 3909.15302  336 15075          - 3909.15302      -  1366 14940s
 12682 12619 3908.38841  343 14470          - 3908.38841      -  1366 15031s
 12683 12620 3908.33499  262 14803          - 3908.33499      -  1366 15056s
 12684 12621 3908.25685  433 15042          - 3908.25685      -  1366 15077s
 12685 12621 3908.23662  315 15059          - 3908.23662      -  1366 15087s
 12686 12622 3908.22920  324 15079          - 3908.22920      -  1366 15096s
 12687 12623 3908.22869   32 15060          - 3908.22869      -  1366 15109s
 12688 12623 3908.09682  289 14261          - 3908.09682      -  1366 15190s
 12689 12624 3908.07365  173 14788          - 3908.07365      -  1365 15206s
 12690 12625 3908.05102   73 14974          - 3908.05102      -  1365 15222s
 12691 12625 3908.03654  304 14940          - 3908.03654      -  1365 15230s
 12692 12626 3908.03258  423 14928          - 3908.03258      -  1365 15236s
 12694 12627 3908.03033  317 14964          - 3908.03033      -  1365 15252s
 12695 12628 3907.91007   70 14485          - 3907.91007      -  1365 15340s
 12696 12629 3907.88127  204 14794          - 3907.88127      -  1365 15355s
 12697 12629 3907.86281  359 15056          - 3907.86281      -  1365 15371s
 12698 12630 3907.86188  280 15008          - 3907.86188      -  1364 15376s
 12699 12631 3907.86068  171 14974          - 3907.86068      -  1364 15381s
 12700 12631 3907.86054  124 15018          - 3907.86054      -  1364 15393s
 12701 12632 3907.75081  503 14684          - 3907.75081      -  1364 15473s
 12702 12633 3907.74703   20 14875          - 3907.74703      -  1364 15482s
 12703 12633 3907.72719  155 14850          - 3907.72719      -  1364 15504s
 12704 12634 3907.71962   31 14937          - 3907.71962      -  1364 15513s
 12705 12635 3907.71854   71 14981          - 3907.71854      -  1364 15518s
 12706 12635 3907.71824  232 14972          - 3907.71824      -  1364 15530s
 12707 12636 3907.56791  157 14493          - 3907.56791      -  1364 15618s
 12708 12637 3907.55934  354 14877          - 3907.55934      -  1363 15629s
 12709 12637 3907.55199  316 15072          - 3907.55199      -  1363 15637s
 12710 12638 3907.54995  130 15033          - 3907.54995      -  1363 15644s
 12711 12639 3907.54876  301 15078          - 3907.54876      -  1363 15647s
 12713 12640 3907.54739  444 15039          - 3907.54739      -  1363 15661s
 12714 12641 3907.49996  153 14581          - 3907.49996      -  1363 15730s
 12715 12641 3907.49764  289 14897          - 3907.49764      -  1363 15738s
 12716 12642 3907.49644  100 15006          - 3907.49644      -  1363 15741s
 12718 12643 3907.49210  327 14992          - 3907.49210      -  1362 15747s
 12719 12644 3907.49058  373 15017          - 3907.49058      -  1362 15753s
 12720 12645 3907.49048  274 14983          - 3907.49048      -  1362 15765s
 12721 12645 3907.42382   94 14389          - 3907.42382      -  1362 15838s
 12722 12646 3907.37085  369 14956          - 3907.37085      -  1362 15862s
 12723 12647 3907.31237  105 15121          - 3907.31237      -  1362 15876s
 12724 12647 3907.29575  112 15113          - 3907.29575      -  1362 15887s
 12725 12648 3907.29286  115 15099          - 3907.29286      -  1362 15893s
 12726 12649 3907.29025  235 15131          - 3907.29025      -  1361 15899s
 12727 12649 3907.28916  530 15122          - 3907.28916      -  1361 15904s
 12728 12650 3907.28886  250 15119          - 3907.28886      -  1361 15917s
 12729 12651 3907.14133  203 14371          - 3907.14133      -  1361 16020s
 12730 12651 3907.10661  288 14648          - 3907.10661      -  1361 16045s
 12731 12652 3907.08781  272 14833          - 3907.08781      -  1361 16055s
 12732 12653 3907.08693  110 14874          - 3907.08693      -  1361 16060s
 12733 12653 3907.08666   45 14910          - 3907.08666      -  1361 16074s
 12734 12654 3907.03312   81 14496          - 3907.03312      -  1361 16124s
 12735 12655 3907.02694  130 14791          - 3907.02694      -  1361 16136s
 12736 12655 3907.00823  180 14896          - 3907.00823      -  1360 16151s
 12737 12656 3906.97402   86 14995          - 3906.97402      -  1360 16166s
 12738 12657 3906.96624  269 14907          - 3906.96624      -  1360 16172s
 12739 12657 3906.96546  358 14931          - 3906.96546      -  1360 16175s
 12740 12658 3906.96544  243 14868          - 3906.96544      -  1360 16186s
 12741 12659 3906.92572  180 14396          - 3906.92572      -  1360 16257s
 12742 12659 3906.90964  277 14836          - 3906.90964      -  1360 16271s
 12743 12660 3906.90205   18 15067          - 3906.90205      -  1360 16278s
 12744 12661 3906.89849  269 15064          - 3906.89849      -  1360 16284s
 12745 12661 3906.89736  274 15028          - 3906.89736      -  1359 16287s
 12746 12662 3906.89709   99 15029          - 3906.89709      -  1359 16300s
 12747 12663 3906.80839  320 14598          - 3906.80839      -  1359 16363s
 12748 12663 3906.78396   71 14908          - 3906.78396      -  1359 16382s
 12749 12664 3906.78023  331 15018          - 3906.78023      -  1359 16387s
 12750 12665 3906.77202   58 14952          - 3906.77202      -  1359 16390s
 12751 12665 3906.77146  409 14962          - 3906.77146      -  1359 16403s
 12752 12666 3906.67778    9 14477          - 3906.67778      -  1359 16489s
 12753 12667 3906.66804  207 14751          - 3906.66804      -  1359 16507s
 12754 12667 3906.65503   79 14847          - 3906.65503      -  1358 16518s
 12755 12668 3906.65250  200 14913          - 3906.65250      -  1358 16523s
 12756 12669 3906.65039   91 14963          - 3906.65039      -  1358 16527s
 12757 12669 3906.64725  182 14899          - 3906.64725      -  1358 16531s
 12758 12670 3906.64665  182 14954          - 3906.64665      -  1358 16544s
 12759 12671 3906.55282  354 14500          - 3906.55282      -  1358 16626s
 12760 12671 3906.45726  207 14748          - 3906.45726      -  1358 16658s
 12761 12672 3906.41770  153 14899          - 3906.41770      -  1358 16671s
 12762 12673 3906.40652   25 14922          - 3906.40652      -  1358 16683s
 12763 12673 3906.40409  249 14897          - 3906.40409      -  1358 16687s
 12764 12674 3906.40240  139 14910          - 3906.40240      -  1357 16691s
 12765 12675 3906.39967  263 14976          - 3906.39967      -  1357 16697s
 12766 12675 3906.39967  261 14998          - 3906.39967      -  1357 16709s
 12767 12676 3906.30268  343 14493          - 3906.30268      -  1357 16790s
 12768 12677 3906.28201   25 14801          - 3906.28201      -  1357 16799s
 12769 12677 3906.27461  162 14933          - 3906.27461      -  1357 16808s
 12770 12678 3906.25873   33 14934          - 3906.25873      -  1357 16816s
 12771 12679 3906.25574  167 14958          - 3906.25574      -  1357 16821s
 12773 12680 3906.25360  454 14931          - 3906.25360      -  1356 16836s
 12774 12681 3906.20599  224 14431          - 3906.20599      -  1356 16906s
 12775 12681 3906.18288   34 14679          - 3906.18288      -  1356 16917s
 12776 12682 3906.16857  227 14867          - 3906.16857      -  1356 16929s
 12777 12683 3906.16590  171 15080          - 3906.16590      -  1356 16934s
 12778 12683 3906.15891  140 14969          - 3906.15891      -  1356 16942s
 12779 12684 3906.15673  121 14850          - 3906.15673      -  1356 16945s
 12780 12685 3906.15630  110 14880          - 3906.15630      -  1356 16958s
 12781 12685 3906.07601  336 14345          - 3906.07601      -  1356 17031s
 12782 12686 3906.04994  343 14888          - 3906.04994      -  1356 17045s
 12783 12687 3906.03004  262 14884          - 3906.03004      -  1355 17055s
 12784 12687 3906.00955  433 14980          - 3906.00955      -  1355 17067s
 12785 12688 3906.00733  315 14961          - 3906.00733      -  1355 17072s
 12786 12689 3906.00586  324 14809          - 3906.00586      -  1355 17076s
 12788 12690 3906.00488  289 14695          - 3906.00488      -  1355 17088s
 12789 12691 3905.96004  173 14411          - 3905.96004      -  1355 17148s
 12790 12691 3905.95011   73 14861          - 3905.95011      -  1355 17161s
 12791 12692 3905.94246  304 14941          - 3905.94246      -  1355 17168s
 12792 12693 3905.93649  423 14971          - 3905.93649      -  1354 17174s
 12793 12693 3905.93488  220 14948          - 3905.93488      -  1354 17178s
 12794 12694 3905.93414  317 14971          - 3905.93414      -  1354 17182s
 12795 12695 3905.93382   70 14983          - 3905.93382      -  1354 17194s
 12796 12695 3905.89382  204 14664          - 3905.89382      -  1354 17232s
 12797 12696 3905.86980  359 14858          - 3905.86980      -  1354 17244s
 12798 12697 3905.86090  280 14929          - 3905.86090      -  1354 17258s
 12799 12697 3905.85763  171 15031          - 3905.85763      -  1354 17266s
 12800 12698 3905.85033  124 15054          - 3905.85033      -  1354 17283s
 12801 12699 3905.84788  503 15027          - 3905.84788      -  1353 17287s
 12802 12699 3905.84777   20 15000          - 3905.84777      -  1353 17300s
 12803 12700 3905.70631  155 14589          - 3905.70631      -  1353 17378s
 12804 12701 3905.69499   31 14876          - 3905.69499      -  1353 17390s
 12805 12701 3905.69078   71 14956          - 3905.69078      -  1353 17396s
 12806 12702 3905.68870  232 15139          - 3905.68870      -  1353 17401s
 12807 12703 3905.68816  157 15101          - 3905.68816      -  1353 17414s
 12808 12703 3905.40150  354 14610          - 3905.40150      -  1353 17497s
H12808 12062                    3091.6133248 3905.40150  26.3%  1353 17546s
H12808 11454                    3101.3786450 3905.40150  25.9%  1353 17546s
 12810 11456 3905.23910  130 15013 3101.37864 3905.23910  25.9%  1353 17561s
 12811 11456 3905.22661  301 14993 3101.37864 3905.22661  25.9%  1352 17578s
 12812 11457 3905.22099  219 14986 3101.37864 3905.22099  25.9%  1352 17585s
 12813 11458 3905.21932  444 14987 3101.37864 3905.21932  25.9%  1352 17590s
 12814 11458 3905.21889  153 14964 3101.37864 3905.21889  25.9%  1352 17602s
H12814 10879                    3103.8763160 3905.15475  25.8%  1352 17686s
 12816 10881 3905.14554  100 14941 3103.87632 3905.14554  25.8%  1352 17694s
 12817 10881 3905.14440   10 15106 3103.87632 3905.14440  25.8%  1352 17700s
 12818 10882 3905.14040  327 15222 3103.87632 3905.14040  25.8%  1352 17705s
 12820 10883 3905.13965  274 15221 3103.87632 3905.13965  25.8%  1351 17719s
H12820 10334                    3104.1725473 3905.06060  25.8%  1351 17798s
 12822 10336 3905.04738  369 14967 3104.17255 3905.04738  25.8%  1351 17817s
 12823 10336 3905.04339  105 15063 3104.17255 3905.04339  25.8%  1351 17824s
 12824 10337 3905.04297  112 15049 3104.17255 3905.04297  25.8%  1351 17838s
H12824  9814                    3104.3343312 3905.00316  25.8%  1351 17908s
 12826  9815 3904.95120  235 14848 3104.33433 3904.95120  25.8%  1351 17935s
 12827  9816 3904.94819  530 14977 3104.33433 3904.94819  25.8%  1351 17944s
 12828  9817 3904.94675  250 15020 3104.33433 3904.94675  25.8%  1351 17949s
 12829  9817 3904.94572  203 14996 3104.33433 3904.94572  25.8%  1351 17952s
 12830  9818 3904.94553  288 15041 3104.33433 3904.94553  25.8%  1350 17964s

Cutting planes:
  Gomory: 160
  Implied bound: 48
  Clique: 3
  MIR: 250
  StrongCG: 2
  Flow cover: 611
  Zero half: 686
  RLT: 62
  Relax-and-lift: 11

Explored 12830 nodes (20195826 simplex iterations) in 18000.22 seconds
Thread count was 24 (of 48 available processors)

Solution count 5: 3104.33 3104.17 3103.88 ... 3091.61

Time limit reached
Best objective 3.104334331226e+03, best bound 3.904900670407e+03, gap 25.7887%
