
Gurobi 9.0.2 (linux64) logging started Mon May 25 08:34:40 2020

Changed value of parameter LogFile to gurobi_logs/2020-05-25_08:34:39-rproblem8_mode=optimality_no_sdp.log
   Prev:   Default: 
Parameter MIPFocus unchanged
   Value: 0  Min: 0  Max: 3  Default: 0
Parameter SolutionLimit unchanged
   Value: 2000000000  Min: 1  Max: 2000000000  Default: 2000000000
Parameter LogToConsole unchanged
   Value: 1  Min: 0  Max: 1  Default: 1
Changed value of parameter TimeLimit to 18000.0
   Prev: inf  Min: 0.0  Max: inf  Default: inf
Gurobi Optimizer version 9.0.2 build v9.0.2rc0 (linux64)
Optimize a model with 16699 rows, 13282 columns and 402470 nonzeros
Model fingerprint: 0xaeb9d6fe
Variable types: 41 continuous, 13241 integer (12233 binary)
Coefficient statistics:
  Matrix range     [3e-01, 9e+01]
  Objective range  [1e+00, 1e+00]
  Bounds range     [1e+00, 1e+00]
  RHS range        [1e+00, 9e+01]
Presolve removed 9351 rows and 4847 columns
Presolve time: 0.63s
Presolved: 7348 rows, 8435 columns, 99068 nonzeros
Variable types: 1 continuous, 8434 integer (8421 binary)

Root relaxation: objective 1.061095e+03, 1829 iterations, 0.16 seconds

    Nodes    |    Current Node    |     Objective Bounds      |     Work
 Expl Unexpl |  Obj  Depth IntInf | Incumbent    BestBd   Gap | It/Node Time

     0     0 1061.09542    0  225          - 1061.09542      -     -    1s
     0     0 1061.09542    0  380          - 1061.09542      -     -    1s
     0     0 1059.00321    0  477          - 1059.00321      -     -    2s
     0     0 1059.00321    0  418          - 1059.00321      -     -    2s
     0     0 1059.00321    0  394          - 1059.00321      -     -    2s
     0     0 1059.00321    0  247          - 1059.00321      -     -    3s
     0     0 1059.00321    0  366          - 1059.00321      -     -    3s
     0     0 1059.00321    0  429          - 1059.00321      -     -    4s
     0     0 1059.00321    0  458          - 1059.00321      -     -    4s
     0     0 1059.00321    0  277          - 1059.00321      -     -    5s
H    0     0                    -4620.846851 1059.00321   123%     -    5s
     0     0 1059.00321    0  223 -4620.8469 1059.00321   123%     -    6s
H    0     0                     701.7870600 1059.00321  50.9%     -    7s
     0     2 1059.00321    0  206  701.78706 1059.00321  50.9%     -    8s
     3     8 1059.00321    2  411  701.78706 1059.00321  50.9%   866   10s
H   31    56                     711.6231239 1059.00321  48.8%  1400   14s
H   32    56                     761.0458440 1059.00321  39.2%  1374   14s
H   35    56                     777.6218604 1059.00321  36.2%  1351   14s
H   36    56                     794.6347428 1059.00321  33.3%  1332   14s
H   41    56                     895.1447099 1059.00321  18.3%  1250   14s
    55    80 1059.00321    6  418  895.14471 1059.00321  18.3%  1168   15s
H  104   128                     901.9304242 1059.00321  17.4%   840   16s
H  105   128                     906.7161385 1059.00321  16.8%   837   16s
H  118   128                     913.1322494 1059.00321  16.0%   780   16s
H  160   189                     931.9591477 1059.00321  13.6%   672   18s
   212   253 1058.68674    9  521  931.95915 1059.00321  13.6%   567   21s
H  214   253                     936.1135879 1059.00321  13.1%   563   21s
H  216   253                     936.2371400 1059.00321  13.1%   560   21s
H  227   253                     936.4224682 1059.00321  13.1%   546   21s
H  301   335                     936.6077963 1059.00321  13.1%   463   22s
H  303   335                     936.6077965 1059.00321  13.1%   464   22s
H  309   335                     936.8935106 1059.00321  13.0%   463   22s
H  316   335                     937.0170628 1059.00321  13.0%   458   22s
H  317   335                     941.0939318 1059.00321  12.5%   458   22s
H  380   405                     945.2443355 1059.00321  12.0%   421   27s
   834   928 1058.71382   22  497  945.24434 1059.00321  12.0%   301   30s
  1630  1642 1057.63387   46  416  945.24434 1059.00321  12.0%   238   36s
H 1631  1642                     945.4296637 1059.00321  12.0%   238   36s
H 1636  1642                     970.5214208 1059.00321  9.12%   238   36s
H 1637  1628                     990.7546125 1059.00321  6.89%   238   36s
H 1647  1619                     994.3720645 1059.00321  6.50%   238   36s
  2381  2450 1056.20769   55  432  994.37206 1059.00321  6.50%   228   40s
H 3057  2950                     994.9884822 1059.00321  6.43%   216   42s
H 3450  3461                     995.1738104 1059.00321  6.41%   210   44s
H 3619  3089                    1012.1149058 1059.00321  4.63%   209   53s
H 3628  3016                    1016.5251020 1059.00321  4.18%   210   53s
  3838  3381 1047.65725  146  379 1016.52510 1059.00321  4.18%   210   55s
  4756  3952 1033.66450  108  223 1016.52510 1059.00321  4.18%   204   64s
  4758  3953 1051.68131   17  230 1016.52510 1052.36612  3.53%   204   66s
H 4759  3756                    1016.5868781 1048.86525  3.18%   204   67s
  4765  3760 1032.41916   65  606 1016.58688 1047.32530  3.02%   204   70s
H 4772  3576                    1019.1799994 1045.91102  2.62%   204   74s
  4777  3579 1020.05328  153  515 1019.18000 1045.88370  2.62%   203   75s
H 4786  3405                    1025.1613881 1045.52827  1.99%   203   80s
  4799  3414 1045.36748   59  535 1025.16139 1045.36748  1.97%   202   85s
  4815  3424 1045.17710   22  448 1025.16139 1045.17710  1.95%   202   90s
H 4824  3258                    1026.0768336 1045.02650  1.85%   201   94s
  4825  3259 1044.98804  132  506 1026.07683 1044.98804  1.84%   201   95s
H 4832  3099                    1026.1386095 1044.90115  1.83%   201   98s
  4836  3101 1026.13861  114  496 1026.13861 1044.90115  1.83%   201  100s
H 4838  2947                    1026.2097742 1044.90115  1.82%   201  102s
  4843  2951 1044.90115   77  223 1026.20977 1044.90115  1.82%   210  105s
H 4844  2804                    1026.4417792 1044.90115  1.80%   210  106s
H 4845  2664                    1027.2273180 1044.90115  1.72%   210  107s
  4852  2669 1044.90104   12  446 1027.22732 1044.90104  1.72%   210  110s
H 4852  2535                    1027.2890941 1044.88720  1.71%   210  112s
H 4853  2409                    1029.7551249 1044.88720  1.47%   210  112s
  4858  2412 1044.83637   17  586 1029.75512 1044.83637  1.46%   209  115s
  4870  2420 1029.75512  140  522 1029.75512 1044.77498  1.46%   209  120s
  4882  2428 1030.94439  132  484 1029.75512 1044.71720  1.45%   208  125s
H 4884  2307                    1030.1539669 1044.71720  1.41%   208  126s
H 4888  2194                    1031.8783522 1044.71226  1.24%   208  128s
  4892  2197 1031.87835   56  507 1031.87835 1044.71226  1.24%   208  131s
  4900  2202 1031.87835  127  507 1031.87835 1044.71226  1.24%   208  135s
  4907  2208 1044.71226   12  562 1031.87835 1044.71226  1.24%   213  140s
H 4911  2099                    1032.6733403 1044.71226  1.17%   213  141s
H 4912  1995                    1032.8586679 1044.71226  1.15%   213  143s
  4917  1998 1032.85867   48  517 1032.85867 1044.71226  1.15%   213  145s
  4929  2006 1044.65807   11  500 1032.85867 1044.65807  1.14%   212  150s
H 4930  1906                    1034.1590540 1044.65695  1.02%   212  151s
  4938  1913 1041.54471   99  476 1034.15905 1044.65690  1.02%   216  155s
H 4938  1817                    1034.2826061 1044.65690  1.00%   216  156s
  4948  1824 1044.65690   21  484 1034.28261 1044.65690  1.00%   216  160s
  4960  1832 1044.61466   51  471 1034.28261 1044.61466  1.00%   215  165s
  4969  1838 1044.61466   76  449 1034.28261 1044.61466  1.00%   215  170s
H 4973  1748                    1034.2826066 1044.61466  1.00%   220  172s
  4979  1752 1044.61248   49  573 1034.28261 1044.61248  1.00%   220  175s
  4990  1760 1034.28261  141  473 1034.28261 1044.60525  1.00%   219  180s
  5001  1768 1044.60525   50  326 1034.28261 1044.60525  1.00%   223  185s
  5008  1773 1044.60525   44  434 1034.28261 1044.60525  1.00%   223  190s
  5020  1781 1044.60525   49  452 1034.28261 1044.60525  1.00%   222  195s
H 5022  1692                    1036.1007879 1044.60525  0.82%   222  196s
H 5023  1608                    1036.6007879 1044.57099  0.77%   222  197s
H 5027  1530                    1037.6104404 1044.56775  0.67%   222  198s
  5031  1534 1044.56775   19  223 1037.61044 1044.56775  0.67%   226  200s
  5044  1543 1044.55464   11  513 1037.61044 1044.55464  0.67%   226  205s
  5053  1549 1037.61044  143  481 1037.61044 1044.55234  0.67%   225  210s
  5067  1558 1044.54424   27  484 1037.61044 1044.54424  0.67%   225  215s
H 5079  1488                    1037.6722165 1044.54424  0.66%   229  220s
  5088  1494 1044.53066   74  479 1037.67222 1044.53066  0.66%   228  225s
  5101  1504 1044.53066   50  285 1037.67222 1044.53066  0.66%   232  230s
H 5103  1430                    1037.6722166 1044.53066  0.66%   232  231s
  5115  1438 1044.52616   22  492 1037.67222 1044.52616  0.66%   231  235s
  5125  1444 1044.52425  132  547 1037.67222 1044.52425  0.66%   231  240s
  5135  1452 1044.52425   20  438 1037.67222 1044.52425  0.66%   234  245s
  5151  1463 1044.49505   58  503 1037.67222 1044.49505  0.66%   233  250s
  5162  1471 1037.67222  163  304 1037.67222 1044.49505  0.66%   237  255s
  5174  1479 1043.34855  161  432 1037.67222 1044.49424  0.66%   236  260s
H 5184  1411                    1037.6722185 1044.49424  0.66%   236  264s
H 5184  1340                    1037.6722290 1044.49424  0.66%   236  264s
  5187  1342 1037.67223   37  444 1037.67223 1044.49424  0.66%   235  265s
  5199  1351 1044.48449   59  457 1037.67223 1044.48449  0.66%   238  270s
H 5202  1285                    1037.7519755 1044.48393  0.65%   238  272s
  5209  1290 1037.75198  164  518 1037.75198 1044.48090  0.65%   238  275s
  5222  1299 1037.75198  109  292 1037.75198 1044.48090  0.65%   241  280s
H 5227  1237                    1037.8755276 1044.48090  0.64%   241  282s
  5234  1241 1037.87553   87  487 1037.87553 1044.47583  0.64%   241  285s
  5242  1247 1044.47583   86  497 1037.87553 1044.47583  0.64%   240  290s
  5254  1256 1037.87553   52  513 1037.87553 1044.47583  0.64%   243  295s
H 5258  1195                    1037.8755277 1044.47583  0.64%   243  296s
H 5266  1140                    1037.9990797 1044.47569  0.62%   243  300s
  5278  1148 1040.53636  109  453 1037.99908 1044.47308  0.62%   242  305s
  5291  1158 1043.39270   74  318 1037.99908 1044.47308  0.62%   246  310s
  5302  1166 1044.46891   58  449 1037.99908 1044.46891  0.62%   246  315s
  5312  1172 1044.46621   20  444 1037.99908 1044.46621  0.62%   245  320s
  5327  1184 1037.99908  158  525 1037.99908 1044.46592  0.62%   248  325s
  5338  1191 1041.54471   99  519 1037.99908 1044.45741  0.62%   248  330s
  5350  1200 1044.24308   77  285 1037.99908 1044.45741  0.62%   250  335s
  5362  1208 1037.99908  163  529 1037.99908 1044.45741  0.62%   250  340s
  5373  1216 1044.45687   27  488 1037.99908 1044.45687  0.62%   249  345s
  5386  1226 1044.45687    8  478 1037.99908 1044.45687  0.62%   252  350s
  5401  1236 1044.45588   50  475 1037.99908 1044.45588  0.62%   252  355s
  5413  1245 1037.99908   95  480 1037.99908 1044.45588  0.62%   254  360s
  5427  1254 1037.99908  158  501 1037.99908 1044.45588  0.62%   254  365s
H 5437  1197                    1038.2399996 1044.45588  0.60%   253  369s
  5439  1201 1044.01165  219  574 1038.24000 1044.43383  0.60%   257  374s
H 5440  1141                    1039.9824833 1044.43383  0.43%   257  374s
  5441  1144 1043.73346  220  539 1039.98248 1044.43383  0.43%   257  378s
  5445  1145 1043.66074  221  468 1039.98248 1044.41798  0.43%   257  380s
H 5479  1115                    1040.1678105 1044.32788  0.40%   258  383s
H 5480  1061                    1042.3279603 1044.32788  0.19%   258  383s
H 5484  1007                    1042.6136746 1044.32788  0.16%   258  383s
H 5551   941                    1042.6489326 1044.32780  0.16%   258  384s
  5613   960 1043.38225  228   58 1042.64893 1044.32780  0.16%   257  385s
H 5626   909                    1042.6489327 1044.32780  0.16%   257  385s
H 5635   862                    1042.6754506 1044.32780  0.16%   258  385s
H 5682   853                    1042.6754516 1044.32780  0.16%   257  387s
H 5696   809                    1042.6754530 1044.32780  0.16%   257  387s
  7412  1194 1043.41175  249  224 1042.67545 1044.32333  0.16%   222  390s
H 7873  1283                    1042.9671356 1044.32333  0.13%   215  392s
  7934   691 1043.06716  230  241 1042.96714 1044.32333  0.13%   215  395s
  7955   705 1044.15277  235  394 1042.96714 1044.32333  0.13%   214  400s
  7966   713 1043.55372  234  413 1042.96714 1044.32333  0.13%   216  405s
  8002   729 1044.32333  240   49 1042.96714 1044.32333  0.13%   216  410s
H 8389   741                    1042.9671360 1044.32333  0.13%   210  414s
H 8402   702                    1043.2267876 1044.32333  0.11%   210  414s
  8746   745 1044.19011  245  286 1043.22679 1044.32333  0.11%   205  415s
 19128  2736 1043.41016  261   12 1043.22679 1043.56367  0.03%   127  420s
H23862  2744                    1043.2267878 1043.56367  0.03%   110  422s
H23879  2742                    1043.2267886 1043.56367  0.03%   110  422s
 26417  2805 1043.54377  260  223 1043.22679 1043.56367  0.03%   104  425s
 26441  2819 1043.56367  248   61 1043.22679 1043.56367  0.03%   104  430s
 26471  2827 1043.56367  254  282 1043.22679 1043.56367  0.03%   104  435s
 29804  2955 1043.27796  275   47 1043.22679 1043.56367  0.03%  95.7  440s
 54143  4184     cutoff  298      1043.22679 1043.56367  0.03%  64.6  445s
 79338  6454 1043.56367  274  223 1043.22679 1043.56367  0.03%  53.5  450s
 79364  6471 1043.56367  261  290 1043.22679 1043.56367  0.03%  53.6  457s
 79367  6470 1043.56367  263  232 1043.22679 1043.56367  0.03%  53.6  460s
 79371  6470 1043.56367  266  205 1043.22679 1043.56367  0.03%  53.6  465s

Cutting planes:
  Learned: 1
  Gomory: 22
  Implied bound: 2
  Clique: 5
  MIR: 16
  StrongCG: 1
  Flow cover: 23
  GUB cover: 2
  Zero half: 12
  RLT: 2
  Relax-and-lift: 1

Explored 79386 nodes (4268772 simplex iterations) in 467.35 seconds
Thread count was 24 (of 48 available processors)

Solution count 10: 1043.23 1043.23 1043.23 ... 1042.68

Optimal solution found (tolerance 1.00e-04)
Best objective 1.043226787577e+03, best bound 1.043277961099e+03, gap 0.0049%
