
Gurobi 9.0.2 (linux64) logging started Sun May 24 21:48:40 2020

Changed value of parameter LogFile to gurobi_logs/2020-05-24_21:48:35-rproblem6_mode=optimality_sdp_reduce.log
   Prev:   Default: 
Parameter MIPFocus unchanged
   Value: 0  Min: 0  Max: 3  Default: 0
Parameter SolutionLimit unchanged
   Value: 2000000000  Min: 1  Max: 2000000000  Default: 2000000000
Parameter LogToConsole unchanged
   Value: 1  Min: 0  Max: 1  Default: 1
Changed value of parameter TimeLimit to 18000.0
   Prev: inf  Min: 0.0  Max: inf  Default: inf
Gurobi Optimizer version 9.0.2 build v9.0.2rc0 (linux64)
Optimize a model with 13020 rows, 13860 columns and 33600 nonzeros
Model fingerprint: 0x66caae17
Variable types: 84 continuous, 13776 integer (840 binary)
Coefficient statistics:
  Matrix range     [1e+00, 1e+03]
  Objective range  [5e-01, 5e+00]
  Bounds range     [1e+00, 1e+00]
  RHS range        [1e+00, 3e+00]
Presolve removed 13020 rows and 13860 columns
Presolve time: 0.01s
Presolve: All rows and columns removed

Explored 0 nodes (0 simplex iterations) in 0.02 seconds
Thread count was 1 (of 48 available processors)

Solution count 1: 540 

Optimal solution found (tolerance 1.00e-04)
Best objective 5.400000000000e+02, best bound 5.400000000000e+02, gap 0.0000%

Gurobi 9.0.2 (linux64) logging started Sun May 24 21:48:44 2020

Changed value of parameter LogFile to gurobi_logs/2020-05-24_21:48:35-rproblem6_mode=optimality_sdp_reduce.log
   Prev:   Default: 
Parameter MIPFocus unchanged
   Value: 0  Min: 0  Max: 3  Default: 0
Parameter SolutionLimit unchanged
   Value: 2000000000  Min: 1  Max: 2000000000  Default: 2000000000
Parameter LogToConsole unchanged
   Value: 1  Min: 0  Max: 1  Default: 1
Changed value of parameter TimeLimit to 18000.0
   Prev: inf  Min: 0.0  Max: inf  Default: inf
Gurobi Optimizer version 9.0.2 build v9.0.2rc0 (linux64)
Optimize a model with 143390 rows, 107048 columns and 6027388 nonzeros
Model fingerprint: 0x4936bf5a
Variable types: 32 continuous, 107016 integer (94920 binary)
Coefficient statistics:
  Matrix range     [9e-02, 2e+02]
  Objective range  [5e-01, 1e+00]
  Bounds range     [1e+00, 1e+00]
  RHS range        [1e+00, 4e+02]
Presolve removed 85832 rows and 48207 columns (presolve time = 5s) ...
Presolve removed 88652 rows and 48207 columns (presolve time = 10s) ...
Presolve removed 88652 rows and 48207 columns (presolve time = 15s) ...
Presolve removed 88652 rows and 48207 columns
Presolve time: 16.16s
Presolved: 54738 rows, 58841 columns, 1089398 nonzeros
Variable types: 1 continuous, 58840 integer (58830 binary)

Deterministic concurrent LP optimizer: primal and dual simplex
Showing first log only...


Root simplex log...

Iteration    Objective       Primal Inf.    Dual Inf.      Time
       0    4.4088786e+03   1.296062e+03   3.955365e+09     18s
   15395    3.2855720e+03   0.000000e+00   3.221189e+04     20s
Concurrent spin time: 1.22s

Solved with dual simplex

Root relaxation: objective 4.389132e+03, 14225 iterations, 5.45 seconds
Total elapsed time = 27.84s
Total elapsed time = 32.50s
Total elapsed time = 35.26s

    Nodes    |    Current Node    |     Objective Bounds      |     Work
 Expl Unexpl |  Obj  Depth IntInf | Incumbent    BestBd   Gap | It/Node Time

     0     0 4389.13236    0 1284          - 4389.13236      -     -   39s
     0     0 4389.13236    0 1568          - 4389.13236      -     -   48s
     0     0 4388.66245    0 2091          - 4388.66245      -     -   51s
     0     0 4388.55359    0 2332          - 4388.55359      -     -   54s
     0     0 4387.57857    0 2550          - 4387.57857      -     -   59s
     0     0 4387.45419    0 2650          - 4387.45419      -     -   63s
     0     0 4387.45244    0 2537          - 4387.45244      -     -   64s
     0     0 4387.45143    0 2416          - 4387.45143      -     -   65s
     0     0 4387.45143    0 2392          - 4387.45143      -     -   67s
     0     0 4386.69347    0 1572          - 4386.69347      -     -   91s
     0     0 4386.69347    0 2071          - 4386.69347      -     -   94s
     0     0 4386.52995    0 2387          - 4386.52995      -     -  111s
     0     0 4385.80199    0 2773          - 4385.80199      -     -  116s
     0     0 4385.74753    0 2762          - 4385.74753      -     -  119s
     0     0 4385.69153    0 2991          - 4385.69153      -     -  125s
     0     0 4385.57262    0 3070          - 4385.57262      -     -  131s
     0     0 4385.25519    0 2970          - 4385.25519      -     -  137s
     0     0 4385.05716    0 3006          - 4385.05716      -     -  143s
     0     0 4385.02889    0 3115          - 4385.02889      -     -  148s
     0     0 4385.02889    0 3086          - 4385.02889      -     -  150s
     0     0 4384.89021    0 3101          - 4384.89021      -     -  167s
     0     0 4384.83759    0 3106          - 4384.83759      -     -  172s
     0     0 4384.72440    0 3101          - 4384.72440      -     -  175s
     0     0 4384.65560    0 3107          - 4384.65560      -     -  179s
     0     0 4384.61507    0 2943          - 4384.61507      -     -  181s
     0     0 4384.60516    0 2934          - 4384.60516      -     -  182s
     0     0 4384.60069    0 2952          - 4384.60069      -     -  183s
     0     0 4384.60066    0 2892          - 4384.60066      -     -  183s
     0     0 4384.60061    0 3022          - 4384.60061      -     -  194s
     0     0 4384.53860    0 3106          - 4384.53860      -     -  197s
     0     0 4383.64384    0 3311          - 4383.64384      -     -  201s
     0     0 4383.34669    0 3268          - 4383.34669      -     -  205s
     0     0 4382.95327    0 3459          - 4382.95327      -     -  212s
     0     0 4382.59430    0 3492          - 4382.59430      -     -  215s
     0     0 4382.36877    0 3566          - 4382.36877      -     -  219s
     0     0 4382.30737    0 3576          - 4382.30737      -     -  222s
     0     0 4382.29690    0 3558          - 4382.29690      -     -  224s
     0     0 4382.29420    0 3578          - 4382.29420      -     -  225s
     0     0 4382.29402    0 3587          - 4382.29402      -     -  226s
     0     0 4382.29402    0 3654          - 4382.29402      -     -  237s
     0     0 4382.19579    0 3663          - 4382.19579      -     -  240s
     0     0 4382.07724    0 3554          - 4382.07724      -     -  242s
     0     0 4381.11316    0 3724          - 4381.11316      -     -  249s
     0     0 4380.59485    0 3707          - 4380.59485      -     -  254s
     0     0 4380.34749    0 3916          - 4380.34749      -     -  261s
     0     0 4380.18199    0 3914          - 4380.18199      -     -  266s
     0     0 4380.10571    0 3975          - 4380.10571      -     -  270s
     0     0 4380.03270    0 3791          - 4380.03270      -     -  272s
     0     0 4379.98801    0 3840          - 4379.98801      -     -  275s
     0     0 4379.98187    0 3726          - 4379.98187      -     -  276s
     0     0 4379.84852    0 3735          - 4379.84852      -     -  278s
     0     0 4379.83100    0 3705          - 4379.83100      -     -  279s
     0     0 4379.82585    0 3687          - 4379.82585      -     -  280s
     0     0 4379.82585    0 3656          - 4379.82585      -     -  281s
     0     0 4379.82585    0 3711          - 4379.82585      -     -  291s
     0     0 4379.81150    0 3790          - 4379.81150      -     -  294s
     0     0 4379.81138    0 3763          - 4379.81138      -     -  295s
     0     0 4379.71646    0 3770          - 4379.71646      -     -  305s
     0     0 4379.61584    0 3987          - 4379.61584      -     -  307s
     0     0 4378.54890    0 3971          - 4378.54890      -     -  314s
     0     0 4377.95461    0 4033          - 4377.95461      -     -  321s
     0     0 4377.77667    0 3936          - 4377.77667      -     -  325s
     0     0 4377.67330    0 3938          - 4377.67330      -     -  327s
     0     0 4377.39757    0 3893          - 4377.39757      -     -  332s
     0     0 4377.05098    0 3936          - 4377.05098      -     -  336s
     0     0 4376.64586    0 3973          - 4376.64586      -     -  342s
     0     0 4376.57559    0 4013          - 4376.57559      -     -  346s
     0     0 4376.45009    0 4067          - 4376.45009      -     -  350s
     0     0 4376.41629    0 4013          - 4376.41629      -     -  351s
     0     0 4376.40639    0 3935          - 4376.40639      -     -  353s
     0     0 4376.39440    0 3893          - 4376.39440      -     -  355s
     0     0 4376.39391    0 3891          - 4376.39391      -     -  356s
     0     0 4376.39391    0 3907          - 4376.39391      -     -  364s
     0     0 4376.26088    0 4026          - 4376.26088      -     -  368s
     0     0 4375.55851    0 3957          - 4375.55851      -     -  373s
     0     0 4375.48852    0 4039          - 4375.48852      -     -  377s
     0     0 4375.30613    0 3955          - 4375.30613      -     -  381s
     0     0 4374.84213    0 4005          - 4374.84213      -     -  386s
     0     0 4374.48022    0 4117          - 4374.48022      -     -  392s
     0     0 4374.23335    0 4085          - 4374.23335      -     -  395s
     0     0 4374.16982    0 4138          - 4374.16982      -     -  398s
     0     0 4374.13185    0 4049          - 4374.13185      -     -  400s
     0     0 4374.11720    0 4094          - 4374.11720      -     -  402s
     0     0 4374.11292    0 3991          - 4374.11292      -     -  403s
     0     0 4374.11114    0 4045          - 4374.11114      -     -  404s
     0     0 4374.10750    0 4042          - 4374.10750      -     -  413s
     0     0 4373.08559    0 4106          - 4373.08559      -     -  420s
     0     0 4373.04375    0 4054          - 4373.04375      -     -  422s
     0     0 4372.05255    0 3945          - 4372.05255      -     -  431s
     0     0 4371.17771    0 3994          - 4371.17771      -     -  435s
     0     0 4371.04959    0 4053          - 4371.04959      -     -  439s
     0     0 4370.23499    0 4064          - 4370.23499      -     -  445s
     0     0 4370.09537    0 4095          - 4370.09537      -     -  448s
     0     0 4370.05224    0 3974          - 4370.05224      -     -  450s
     0     0 4370.04208    0 4019          - 4370.04208      -     -  452s
     0     0 4370.02179    0 4131          - 4370.02179      -     -  454s
     0     0 4370.01612    0 4084          - 4370.01612      -     -  456s
     0     0 4370.01501    0 3927          - 4370.01501      -     -  457s
     0     0 4369.95131    0 3947          - 4369.95131      -     -  466s
     0     0 4369.92323    0 4145          - 4369.92323      -     -  468s
     0     0 4363.55259    0 4142          - 4363.55259      -     -  477s
     0     0 4359.25745    0 3979          - 4359.25745      -     -  483s
     0     0 4359.09058    0 3929          - 4359.09058      -     -  488s
     0     0 4358.43936    0 4073          - 4358.43936      -     -  492s
     0     0 4358.06051    0 3985          - 4358.06051      -     -  495s
     0     0 4357.58764    0 4125          - 4357.58764      -     -  499s
     0     0 4357.52892    0 4163          - 4357.52892      -     -  502s
     0     0 4357.47079    0 4106          - 4357.47079      -     -  505s
     0     0 4357.36660    0 4168          - 4357.36660      -     -  508s
     0     0 4357.34339    0 4182          - 4357.34339      -     -  510s
     0     0 4357.24711    0 4213          - 4357.24711      -     -  513s
     0     0 4357.21650    0 4188          - 4357.21650      -     -  516s
     0     0 4357.14665    0 4208          - 4357.14665      -     -  520s
     0     0 4357.14053    0 4167          - 4357.14053      -     -  521s
     0     0 4357.13794    0 4090          - 4357.13794      -     -  523s
     0     0 4357.13794    0 4118          - 4357.13794      -     -  530s
     0     0 4352.21890    0 4123          - 4352.21890      -     -  534s
     0     0 4348.65793    0 4201          - 4348.65793      -     -  538s
     0     0 4339.32490    0 4053          - 4339.32490      -     -  545s
     0     0 4339.13960    0 4101          - 4339.13960      -     -  548s
     0     0 4338.88884    0 4144          - 4338.88884      -     -  551s
     0     0 4338.25854    0 4335          - 4338.25854      -     -  556s
     0     0 4337.98847    0 4334          - 4337.98847      -     -  560s
     0     0 4337.90003    0 4287          - 4337.90003      -     -  563s
     0     0 4337.78318    0 4272          - 4337.78318      -     -  568s
     0     0 4337.74373    0 4242          - 4337.74373      -     -  570s
     0     0 4337.68740    0 4255          - 4337.68740      -     -  573s
     0     0 4337.66938    0 4281          - 4337.66938      -     -  574s
     0     0 4337.61283    0 4232          - 4337.61283      -     -  576s
     0     0 4337.56349    0 4240          - 4337.56349      -     -  580s
     0     0 4337.55215    0 4232          - 4337.55215      -     -  582s
     0     0 4337.49357    0 4124          - 4337.49357      -     -  584s
     0     0 4337.48162    0 4113          - 4337.48162      -     -  586s
     0     0 4337.42616    0 4207          - 4337.42616      -     -  588s
     0     0 4337.36006    0 4211          - 4337.36006      -     -  591s
     0     0 4337.32737    0 4267          - 4337.32737      -     -  593s
     0     0 4337.31189    0 4267          - 4337.31189      -     -  594s
     0     0 4337.28539    0 4235          - 4337.28539      -     -  596s
     0     0 4337.27845    0 4246          - 4337.27845      -     -  598s
     0     0 4337.27845    0 4279          - 4337.27845      -     -  605s
     0     0 4337.27845    0 4272          - 4337.27845      -     -  607s
     0     0 4332.16586    0 4294          - 4332.16586      -     -  615s
     0     0 4322.13378    0 4169          - 4322.13378      -     -  622s
     0     0 4321.87444    0 4098          - 4321.87444      -     -  626s
     0     0 4321.01158    0 4192          - 4321.01158      -     -  633s
     0     0 4315.16962    0 4226          - 4315.16962      -     -  638s
     0     0 4314.76059    0 4349          - 4314.76059      -     -  642s
     0     0 4314.32662    0 4256          - 4314.32662      -     -  648s
     0     0 4314.15746    0 4277          - 4314.15746      -     -  651s
     0     0 4314.12295    0 4232          - 4314.12295      -     -  653s
     0     0 4314.08111    0 4243          - 4314.08111      -     -  655s
     0     0 4314.08111    0 4253          - 4314.08111      -     -  656s
     0     0 4309.26909    0 4112          - 4309.26909      -     -  665s
     0     0 4299.80028    0 3966          - 4299.80028      -     -  671s
     0     0 4294.37980    0 4003          - 4294.37980      -     -  674s
     0     0 4294.35021    0 3961          - 4294.35021      -     -  676s
     0     0 4289.48288    0 4032          - 4289.48288      -     -  679s
     0     0 4289.45412    0 4133          - 4289.45412      -     -  682s
     0     0 4289.41660    0 4122          - 4289.41660      -     -  685s
     0     0 4289.25699    0 4005          - 4289.25699      -     -  687s
     0     0 4289.20083    0 4106          - 4289.20083      -     -  689s
     0     0 4289.18652    0 4045          - 4289.18652      -     -  690s
     0     0 4288.89524    0 4218          - 4288.89524      -     -  699s
     0     0 4288.85658    0 4135          - 4288.85658      -     -  702s
     0     0 4288.85658    0 4122          - 4288.85658      -     -  703s
     0     0 4288.85658    0 4183          - 4288.85658      -     -  711s
     0     0 4288.81700    0 4113          - 4288.81700      -     -  714s
     0     0 4280.52953    0 4141          - 4280.52953      -     -  719s
     0     0 4280.51601    0 4129          - 4280.51601      -     -  721s
     0     0 4280.43647    0 4147          - 4280.43647      -     -  730s
     0     0 4280.43647    0 4142          - 4280.43647      -     -  733s
     0     0 4280.43647    0 4199          - 4280.43647      -     -  740s
     0     0 4280.43647    0 4135          - 4280.43647      -     -  742s
     0     0 4280.43647    0 3435          - 4280.43647      -     -  758s
     0     0 4280.43647    0 3726          - 4280.43647      -     -  760s
     0     0 4280.43647    0 3429          - 4280.43647      -     -  778s
H    0     0                    -27133.51310 4280.43647   116%     -  778s
     0     0 4280.43647    0 3319 -27133.513 4280.43647   116%     -  782s
H    0     0                    1929.4911862 4280.43647   122%     -  813s
H    0     0                    2178.7594399 4280.27206  96.5%     -  814s
H    0     0                    2185.7594399 4280.27206  95.8%     -  814s
H    0     2                    2276.7101637 4280.27206  88.0%     -  818s
     0     2 4280.27206    0 3309 2276.71016 4280.27206  88.0%     -  818s
     1     4 4280.27206    1 3280 2276.71016 4280.27206  88.0%  3116  820s
     3     8 4280.27206    2 3530 2276.71016 4280.27206  88.0%  1713  825s
     7    16 4279.92341    3 3576 2276.71016 4280.27206  88.0%  2278  841s
    15    32 4278.72632    4 3835 2276.71016 4280.00094  88.0%  3954  872s
H   31    56                    2399.3257928 4278.77712  78.3%  8669  912s
H   33    56                    2459.1761525 4278.77712  74.0%  8739  912s
H   52    56                    2509.1178707 4278.77712  70.5%  9024  912s
    55    80 4277.38411    6 4409 2509.11787 4278.77712  70.5%  9222  952s
    79   104 4277.38411    6 4418 2509.11787 4278.77712  70.5%  9122  985s
H  103   128                    2520.2819374 4278.77712  69.8%  8244 1018s
H  104   128                    2609.2473998 4278.77712  64.0%  8166 1018s
   127   159 4277.27652    7 4343 2609.24740 4278.77712  64.0%  7501 1034s
H  158   192                    2625.2966157 4278.77712  63.0%  6633 1058s
H  166   192                    2625.8335896 4278.77712  62.9%  6467 1058s
H  169   192                    2632.4175591 4278.77712  62.5%  6457 1058s
   191   223 4277.27652    9 4221 2632.41756 4278.77712  62.5%  6019 1075s
H  222   260                    2646.0209061 4278.77712  61.7%  5576 1091s
   259   306 4277.24992   12 4234 2646.02091 4278.77712  61.7%  5067 1108s
H  305   354                    2649.6217244 4278.77712  61.5%  4579 1119s
H  310   354                    2650.1380546 4278.77712  61.5%  4538 1119s
H  314   354                    2650.5499776 4278.77712  61.4%  4496 1120s
   353   407 4277.24758   15 4181 2650.54998 4278.77712  61.4%  4157 1143s
H  406   461                    2651.3925478 4278.77712  61.4%  3865 1158s
H  412   461                    2654.8925472 4278.77712  61.2%  3826 1158s
   460   524 4277.19408   20 4117 2654.89255 4278.77712  61.2%  3579 1176s
H  523   566                    2657.2669050 4278.77712  61.0%  3345 1195s
H  535   566                    2660.5362439 4278.77712  60.8%  3343 1195s
H  557   566                    2661.0432208 4278.77712  60.8%  3277 1195s
   565   622 4277.19408   24 4091 2661.04322 4278.77712  60.8%  3291 1215s
H  621   695                    2665.5331485 4278.77712  60.5%  3183 1240s
   694   770 4275.61238   26 4298 2665.53315 4278.77712  60.5%  3002 1259s
H  769   843                    2667.8481389 4278.77712  60.4%  2838 1287s
H  788   843                    2669.7021947 4278.77712  60.3%  2820 1287s
H  797   843                    2669.9148424 4278.77712  60.3%  2813 1287s
H  801   843                    2671.4801793 4278.77712  60.2%  2807 1287s
   844   901 4276.58297   27 4219 2671.48018 4278.77712  60.2%  2728 1360s
H  904   977                    2672.0305725 4278.77712  60.1%  2666 1382s
H  905   977                    2717.4567711 4278.77712  57.5%  2669 1383s
H  925   977                    2728.6487295 4278.77712  56.8%  2649 1383s
H  954   977                    2756.8644565 4278.77712  55.2%  2619 1383s
   980  1079 4276.58297   28 4158 2756.86446 4278.77712  55.2%  2588 1414s
H 1084  1167                    2761.1076998 4278.77712  55.0%  2487 1438s
H 1087  1167                    2778.7758152 4278.77712  54.0%  2486 1438s
H 1095  1167                    2811.7875393 4278.77712  52.2%  2477 1438s
  1172  1273 4275.58848   32 4308 2811.78754 4278.77712  52.2%  2445 1463s
H 1278  1383                    2859.0673817 4278.77712  49.7%  2369 1492s
H 1280  1383                    2861.9536398 4278.77712  49.5%  2369 1492s
H 1286  1383                    2866.1968831 4278.77712  49.3%  2373 1492s
  1388  1525 4276.08375   33 4135 2866.19688 4278.77712  49.3%  2295 1517s
  1530  1688 4276.04069   34 4108 2866.19688 4278.77712  49.3%  2194 1544s
H 1535  1688                    2870.2694877 4278.77712  49.1%  2189 1544s
H 1559  1688                    2886.7584523 4278.77712  48.2%  2190 1544s
  1693  1848 4275.93233   38 4067 2886.75845 4278.77712  48.2%  2080 1572s
H 1735  1848                    2996.6526618 4278.77712  42.8%  2074 1572s
  1853  1981 4275.56345   40 4186 2996.65266 4278.77712  42.8%  2001 1602s
H 1986  2090                    3009.1366422 4278.77712  42.2%  1961 1650s
H 2001  2090                    3011.6088964 4278.77712  42.1%  1962 1650s
H 2002  2090                    3055.2653991 4278.77712  40.0%  1963 1650s
H 2048  2090                    3056.7083033 4278.77712  40.0%  1936 1650s
  2103  2250 4275.56345   41 4186 3056.70830 4278.77712  40.0%  1914 1674s
H 2265  2384                    3059.3299249 4278.77712  39.9%  1860 1712s
H 2280  2384                    3060.9807760 4278.77712  39.8%  1867 1712s
H 2282  2384                    3201.1850789 4278.77712  33.7%  1867 1712s
  2407  2582 4275.56345   54 4076 3201.18508 4278.77712  33.7%  1802 1738s
H 2605  2716                    3205.5807393 4278.77712  33.5%  1746 1795s
H 2630  2716                    3214.1107546 4278.77712  33.1%  1761 1795s
  2744  2933 4269.44156   57 4186 3214.11075 4278.77712  33.1%  1732 1823s
H 2965  3060                    3222.8569826 4278.77712  32.8%  1676 1868s
H 3044  3060                    3230.4207250 4278.77712  32.5%  1664 1868s
  3102  3238 4270.41393   65 4269 3230.42072 4278.77712  32.5%  1656 1906s
H 3142  3237                    3235.7080112 4278.77712  32.2%  1656 1906s
H 3282  3465                    3236.5941899 4278.77712  32.2%  1636 1957s
H 3313  3464                    3249.7081702 4278.77712  31.7%  1637 1957s
H 3510  3682                    3249.8244493 4278.77712  31.7%  1573 2001s
H 3516  3681                    3250.7604639 4278.77712  31.6%  1576 2001s
H 3523  3680                    3269.2888357 4278.77712  30.9%  1576 2001s
H 3728  3919                    3269.4775034 4278.77712  30.9%  1528 2047s
H 3735  3919                    3269.5937817 4278.77712  30.9%  1533 2047s
H 3967  4189                    3269.5937826 4278.77712  30.9%  1500 2097s
H 4074  4189                    3269.6815010 4278.77712  30.9%  1498 2097s
H 4152  4189                    3271.5937817 4278.77712  30.8%  1489 2097s
H 4237  4458                    3275.0937824 4278.77712  30.6%  1483 2145s
  4506  4704 4275.35792   77 4273 3275.09378 4278.77712  30.6%  1464 2187s
  4752  5003 4275.35792   80 4260 3275.09378 4278.77712  30.6%  1459 2230s
  5051  5272 4275.35792   84 4258 3275.09378 4278.77712  30.6%  1442 2537s
H 5138  5272                    3275.1815013 4278.77712  30.6%  1442 2538s
H 5176  5272                    3275.1815020 4278.77712  30.6%  1440 2538s
H 5205  5272                    3278.3075816 4278.77712  30.5%  1437 2538s
  5320  5364 4274.93628   88 4235 3278.30758 4278.77712  30.5%  1435 2986s
H 5323  5364                    3278.3075881 4278.77712  30.5%  1434 2986s
H 5368  5361                    3291.1204962 4278.77712  30.0%  1448 2986s
H 5376  5361                    3299.3426704 4278.77712  29.7%  1446 2986s
  5412  5757 4274.93628   90 4270 3299.34267 4278.77712  29.7%  1454 3046s
  5826  6060 4275.35792   96 4161 3299.34267 4278.77712  29.7%  1424 3104s
  6129  6363 4273.75736  100 4225 3299.34267 4278.77712  29.7%  1431 3166s
  6433  6747 4263.46602  103 4326 3299.34267 4278.77712  29.7%  1438 3219s
  6817  7073 4259.25149  104 4326 3299.34267 4278.77712  29.7%  1425 3277s
H 7134  7071                    3314.8426694 4278.77712  29.1%  1428 3277s
  7145  7353 4256.77762  107 4242 3314.84267 4278.77712  29.1%  1431 3333s
  7427  7646 4256.61460  115 4134 3314.84267 4278.77712  29.1%  1449 3395s
  7720  7670 4255.56744  121 4105 3314.84267 4278.77712  29.1%  1467 3662s
H 7721  7670                    3315.5926758 4278.77712  29.1%  1467 3662s
H 7723  7667                    3325.6076672 4278.77712  28.7%  1468 3662s
H 7734  7665                    3338.6824042 4278.77712  28.2%  1470 3662s
  7744  7880 4255.42359  121 4101 3338.68240 4278.77712  28.2%  1472 3729s
  7961  8101 4253.80302  130 4059 3338.68240 4278.77712  28.2%  1512 3802s
  8185  8347 4247.68113  135 3927 3338.68240 4278.77712  28.2%  1546 3868s
  8431  8618 4242.99410  137 3922 3338.68240 4278.77712  28.2%  1581 3939s
H 8702  8963                    3341.9256475 4278.77712  28.0%  1611 4008s
H 8721  8963                    3342.3588178 4278.77712  28.0%  1617 4008s
H 8934  8963                    3348.3588178 4278.77712  27.8%  1632 4008s
  9049  9309 4237.88893  149 3900 3348.35882 4278.77712  27.8%  1630 4081s
  9395  9692 4238.34529  154 3660 3348.35882 4278.77712  27.8%  1652 4155s
H 9784 10005                    3352.1376371 4278.77712  27.6%  1667 4250s
H 9808 10005                    3352.1501189 4278.77712  27.6%  1668 4250s
H 9813 10004                    3352.9916059 4278.77712  27.6%  1669 4250s
 10099 10536 4233.22963  167 3544 3352.99161 4278.77712  27.6%  1671 4339s
H10646 10917                    3353.2069682 4278.77712  27.6%  1669 4440s
H10668 10917                    3364.5867118 4278.77712  27.2%  1673 4440s
H10854 10917                    3366.9916059 4278.77712  27.1%  1684 4440s
 11028 11594 4221.00537  184 3409 3366.99161 4278.77712  27.1%  1669 4534s
H11127 11594                    3368.5141791 4278.77712  27.0%  1676 4534s
H11191 11592                    3377.4742330 4278.77712  26.7%  1676 4534s
H11262 11585                    3435.3816082 4278.77712  24.6%  1679 4535s
H11709 12118                    3435.7114758 4278.77712  24.5%  1645 4738s
H11729 12118                    3436.1988468 4278.77712  24.5%  1648 4738s
H11742 12118                    3436.1988472 4278.77712  24.5%  1651 4738s
H11752 12108                    3440.6906584 4278.77712  24.4%  1653 4739s
H12037 12108                    3442.0525816 4278.77712  24.3%  1640 4739s
H12173 12090                    3456.7638368 4278.77712  23.8%  1632 4739s
 12292 12713 4202.37789  196 3494 3456.76384 4278.77712  23.8%  1622 4839s
H12427 12713                    3456.8204684 4278.77712  23.8%  1628 4839s
H12743 12699                    3464.4622223 4278.77712  23.5%  1616 4839s
 12931 12700 4256.61460  116 3319 3464.46222 4278.77712  23.5%  1608 5099s
 12933 12701 4251.02245  253 1567 3464.46222 4278.77712  23.5%  1608 5210s
 12934 12702 4264.31194  103 1750 3464.46222 4278.77712  23.5%  1608 5265s
 12935 12703 4272.40405   71 2818 3464.46222 4278.77712  23.5%  1608 5282s
H12935 12067                    3464.4622226 4278.77712  23.5%  1608 5308s
 12937 12068 4270.18821  293 3468 3464.46222 4278.77712  23.5%  1607 5336s
 12938 12069 4241.36719  219 3723 3464.46222 4278.77712  23.5%  1607 5367s
H12938 11466                    3465.5978187 4278.77712  23.5%  1607 5401s
 12940 11467 4230.84797  243 3978 3465.59782 4278.77712  23.5%  1607 5443s
 12941 11468 4266.42989   80 3958 3465.59782 4278.77712  23.5%  1607 5472s
 12942 11468 4275.09190  266 3782 3465.59782 4278.77712  23.5%  1607 5506s
 12943 11469 4272.46929   41 4226 3465.59782 4278.77712  23.5%  1607 5527s
 12944 11470 3505.89299  850 4195 3465.59782 4278.77712  23.5%  1606 5545s
 12945 11470 4099.42211  321 4136 3465.59782 4278.77712  23.5%  1606 5567s
 12946 11471 4275.86350   33 4119 3465.59782 4278.22061  23.4%  1606 5584s
 12947 11472 4272.93752  116 4283 3465.59782 4278.02058  23.4%  1606 5594s
 12948 11472 4275.23006  136 4409 3465.59782 4275.23006  23.4%  1606 5619s
 12949 11473 4238.71670  407 4585 3465.59782 4274.54551  23.3%  1606 5638s
 12950 11474 4238.76912  360 4528 3465.59782 4274.30629  23.3%  1606 5650s
 12951 11474 4274.08605   47 4530 3465.59782 4274.08605  23.3%  1606 5664s
 12952 11475 4270.69670  265 4591 3465.59782 4274.01205  23.3%  1606 5671s
 12953 11476 3972.44561  446 4625 3465.59782 4273.99982  23.3%  1605 5677s
 12954 11476 3757.46094  575 4533 3465.59782 4273.99777  23.3%  1605 5756s
H12954 10901                    3466.8168645 4272.76906  23.2%  1605 5812s
 12956 10903 3830.65294  508 4323 3466.81686 4271.54723  23.2%  1605 5831s
 12957 10903 3991.63439  578 4306 3466.81686 4270.70386  23.2%  1605 5844s
 12958 10904 3757.20232  565 4266 3466.81686 4265.50754  23.0%  1605 5857s
 12959 10905 4236.92070  490 4332 3466.81686 4265.39424  23.0%  1605 5864s
 12960 10905 4238.10640  385 4259 3466.81686 4238.10640  22.2%  1605 5895s
 12961 10906 4237.25347   53 4255 3466.81686 4237.25347  22.2%  1604 5913s
 12962 10907 4236.41343   34 4183 3466.81686 4236.41343  22.2%  1604 5934s
 12963 10907 4236.14216  291 4274 3466.81686 4236.14216  22.2%  1604 5947s
 12964 10908 4224.45698  490 4455 3466.81686 4235.86210  22.2%  1604 5963s
 12965 10909 4235.11878   39 4383 3466.81686 4235.11878  22.2%  1604 5978s
 12966 10909 4234.23412    6 4603 3466.81686 4234.23412  22.1%  1604 5999s
 12967 10910 4234.05494  285 4447 3466.81686 4234.05494  22.1%  1604 6008s
 12968 10911 4230.48772  174 4400 3466.81686 4233.58380  22.1%  1604 6017s
 12969 10911 4230.14691  174 4502 3466.81686 4233.41605  22.1%  1603 6026s
 12970 10912 4233.26750  755 4498 3466.81686 4233.26750  22.1%  1603 6033s
 12971 10913 3698.40354  568 4487 3466.81686 4233.21427  22.1%  1603 6039s
 12972 10913 4232.92538  105 4575 3466.81686 4232.92538  22.1%  1603 6053s
 12973 10914 4217.19278  339 4601 3466.81686 4232.80898  22.1%  1603 6061s
 12974 10915 3918.58152  502 4566 3466.81686 4232.75696  22.1%  1603 6070s
 12975 10915 4232.56324  149 4542 3466.81686 4232.56324  22.1%  1603 6084s
 12976 10916 4174.84730  486 4551 3466.81686 4232.48709  22.1%  1603 6092s
 12977 10917 4232.46467  281 4483 3466.81686 4232.46467  22.1%  1602 6096s
 12978 10917 4232.33352  731 4618 3466.81686 4232.33352  22.1%  1602 6104s
 12979 10918 4232.22692  416 4549 3466.81686 4232.22692  22.1%  1602 6114s
 12980 10919 4232.21412  738 4556 3466.81686 4232.21412  22.1%  1602 6117s
 12981 10919 4055.95851  537 4638 3466.81686 4232.12258  22.1%  1602 6125s
 12982 10920 4231.93828   11 4605 3466.81686 4231.93828  22.1%  1602 6135s
 12983 10921 4231.92246  111 4684 3466.81686 4231.92246  22.1%  1602 6140s
 12984 10921 3945.18900  654 4653 3466.81686 4231.75416  22.1%  1602 6152s
 12985 10922 4226.90636  169 4738 3466.81686 4231.71202  22.1%  1601 6160s
 12987 10923 4231.66536  509 4712 3466.81686 4231.66536  22.1%  1601 6169s
 12988 10924 4231.61761  258 4742 3466.81686 4231.61761  22.1%  1601 6173s
 12989 10925 3757.05847  686 4693 3466.81686 4231.59315  22.1%  1601 6177s
 12990 10925 4231.58935   97 4703 3466.81686 4231.58935  22.1%  1601 6229s
H12990 10378                    3466.8238427 4228.80258  22.0%  1601 6305s
 12992 10380 4228.00474   77 4693 3466.82384 4228.00474  22.0%  1601 6324s
 12993 10380 4226.55061  164 4588 3466.82384 4226.55061  21.9%  1600 6348s
 12994 10381 4225.41953   95 4513 3466.82384 4225.41953  21.9%  1600 6368s
 12995 10382 4224.66012  110 4771 3466.82384 4224.66012  21.9%  1600 6386s
 12996 10382 4223.18938    8 4770 3466.82384 4223.18938  21.8%  1600 6413s
 12997 10383 4221.92105   90 4791 3466.82384 4221.92105  21.8%  1600 6435s
 12998 10384 4221.03970   43 4678 3466.82384 4221.03970  21.8%  1600 6451s
 12999 10384 4220.50099   11 4889 3466.82384 4220.50099  21.7%  1600 6465s
 13000 10385 4189.19276   77 4887 3466.82384 4220.18714  21.7%  1600 6478s
 13001 10386 4220.05569  258 4900 3466.82384 4220.05569  21.7%  1599 6488s
 13002 10386 4219.85668  362 4902 3466.82384 4219.85668  21.7%  1599 6500s
 13003 10387 4219.60720   51 4759 3466.82384 4219.60720  21.7%  1599 6511s
 13004 10388 3799.96751  534 4839 3466.82384 4219.51344  21.7%  1599 6517s
 13005 10388 4219.42041  548 4824 3466.82384 4219.42041  21.7%  1599 6526s
 13006 10389 4207.13273  391 4877 3466.82384 4219.21229  21.7%  1599 6538s
 13007 10390 4219.00343  170 4882 3466.82384 4219.00343  21.7%  1599 6550s
 13008 10390 4218.89138   16 4884 3466.82384 4218.89138  21.7%  1599 6556s
 13009 10391 4130.32758  559 4929 3466.82384 4218.53024  21.7%  1598 6568s
 13010 10392 4218.43970   38 4989 3466.82384 4218.43970  21.7%  1598 6574s
 13011 10392 4218.29029    9 5076 3466.82384 4218.29029  21.7%  1598 6584s
 13012 10393 4218.24458  411 5063 3466.82384 4218.24458  21.7%  1598 6591s
 13013 10394 4217.93768  265 5074 3466.82384 4217.93768  21.7%  1598 6606s
 13014 10394 4217.88940   11 5153 3466.82384 4217.88940  21.7%  1598 6616s
 13016 10396 4217.86308  372 5036 3466.82384 4217.86308  21.7%  1598 6656s
 13017 10396 4191.16773  278 4439 3466.82384 4212.71048  21.5%  1597 6731s
 13018 10397 4191.02514  303 4597 3466.82384 4212.17927  21.5%  1597 6745s
 13019 10398 4075.72100  386 4710 3466.82384 4210.68871  21.5%  1597 6764s
 13020 10398 4150.68468  338 4802 3466.82384 4209.98607  21.4%  1597 6781s
 13021 10399 4201.49236  299 4887 3466.82384 4209.32378  21.4%  1597 6798s
 13022 10400 4209.17232  159 4950 3466.82384 4209.17232  21.4%  1597 6808s
 13023 10400 4208.89983  528 4956 3466.82384 4208.89983  21.4%  1597 6821s
 13024 10401 4066.38433  807 4924 3466.82384 4208.01903  21.4%  1597 6838s
 13025 10402 4207.51905  792 4993 3466.82384 4207.51905  21.4%  1597 6853s
 13026 10402 4207.46113   98 4956 3466.82384 4207.46113  21.4%  1596 6860s
 13027 10403 4192.22999  277 4938 3466.82384 4207.43399  21.4%  1596 6867s
 13028 10404 3591.69273  620 4994 3466.82384 4207.32188  21.4%  1596 6874s
 13029 10404 4207.08518  337 4920 3466.82384 4207.08518  21.4%  1596 6883s
 13030 10405 4206.96918  421 4979 3466.82384 4206.96918  21.3%  1596 6894s
 13031 10406 4206.95671  116 4977 3466.82384 4206.95671  21.3%  1596 6897s
 13032 10406 4206.66276  204 5031 3466.82384 4206.66276  21.3%  1596 6907s
 13033 10407 4206.57559  253 4984 3466.82384 4206.57559  21.3%  1596 6915s
 13034 10408 4206.13246  103 5073 3466.82384 4206.13246  21.3%  1595 6932s
 13035 10408 4205.92726   71 5093 3466.82384 4205.92726  21.3%  1595 6940s
 13036 10409 4205.87379  343 5041 3466.82384 4205.87379  21.3%  1595 6946s
 13037 10410 4205.83226  293 5150 3466.82384 4205.83226  21.3%  1595 6952s
 13038 10410 4205.42506  219 5115 3466.82384 4205.42506  21.3%  1595 6967s
 13039 10411 3501.42541  680 5126 3466.82384 4205.34347  21.3%  1595 6974s
 13040 10412 4205.33461  243 5089 3466.82384 4205.33461  21.3%  1595 6976s
 13042 10413 4205.08765  266 5131 3466.82384 4205.08765  21.3%  1594 6985s
 13043 10414 4205.06018   41 5173 3466.82384 4205.06018  21.3%  1594 6990s
 13045 10415 4099.42211  321 5089 3466.82384 4205.00526  21.3%  1594 6997s
 13046 10416 4204.98896   33 5075 3466.82384 4204.98896  21.3%  1594 7000s
 13048 10417 4204.94811  136 5084 3466.82384 4204.94811  21.3%  1594 7007s
 13049 10418 4204.92630  407 5112 3466.82384 4204.92630  21.3%  1594 7011s
 13050 10418 4204.80347  360 5114 3466.82384 4204.80347  21.3%  1593 7018s
 13051 10419 4204.73669   47 5129 3466.82384 4204.73669  21.3%  1593 7024s
 13052 10420 4204.72103  265 5095 3466.82384 4204.72103  21.3%  1593 7029s
 13053 10420 3972.44561  446 5147 3466.82384 4204.69978  21.3%  1593 7035s
 13055 10422 4010.02119  615 5183 3466.82384 4204.66515  21.3%  1593 7074s
 13056 10422 3830.65294  508 4411 3466.82384 4198.05793  21.1%  1593 7148s
 13057 10423 3991.63439  578 4494 3466.82384 4197.91311  21.1%  1593 7154s
 13058 10424 3757.20232  565 4575 3466.82384 4197.15448  21.1%  1592 7171s
 13059 10424 4196.73599  490 4606 3466.82384 4196.73599  21.1%  1592 7179s
 13060 10425 4196.32125  385 4695 3466.82384 4196.32125  21.0%  1592 7190s
 13061 10426 4196.18029   53 4596 3466.82384 4196.18029  21.0%  1592 7195s
 13062 10426 4195.98996   34 4704 3466.82384 4195.98996  21.0%  1592 7204s
 13063 10427 4195.70649  291 4804 3466.82384 4195.70649  21.0%  1592 7213s
 13064 10428 4195.60994  490 4823 3466.82384 4195.60994  21.0%  1592 7219s
 13065 10428 4195.33572   39 4792 3466.82384 4195.33572  21.0%  1592 7226s
 13066 10429 4195.13964    6 4871 3466.82384 4195.13964  21.0%  1591 7231s
 13067 10430 4194.80480  285 4831 3466.82384 4194.80480  21.0%  1591 7243s
 13068 10430 4194.78927  174 4787 3466.82384 4194.78927  21.0%  1591 7247s
 13070 10432 4194.46382  755 4862 3466.82384 4194.46382  21.0%  1591 7259s
 13071 10432 3698.40354  568 4873 3466.82384 4194.40079  21.0%  1591 7267s
 13072 10433 4194.36959  105 4946 3466.82384 4194.36959  21.0%  1591 7272s
 13073 10434 4194.08503  339 4990 3466.82384 4194.08503  21.0%  1591 7282s
 13074 10434 3918.58152  502 5009 3466.82384 4194.03391  21.0%  1591 7288s
 13075 10435 4193.71544  149 4960 3466.82384 4193.71544  21.0%  1590 7300s
 13076 10436 4174.84730  486 4935 3466.82384 4193.64708  21.0%  1590 7305s
 13078 10437 4193.53104  731 4961 3466.82384 4193.53104  21.0%  1590 7312s
 13079 10438 4193.52023  416 5020 3466.82384 4193.52023  21.0%  1590 7316s
 13080 10438 4193.51673  738 4953 3466.82384 4193.51673  21.0%  1590 7349s
 13081 10439 4055.95851  537 4256 3466.82384 4186.17993  20.7%  1590 7423s
 13082 10440 4185.83347   11 4490 3466.82384 4185.83347  20.7%  1590 7433s
 13083 10440 4185.34467  111 4445 3466.82384 4185.34467  20.7%  1589 7444s
 13084 10441 3945.18900  654 4578 3466.82384 4184.28970  20.7%  1589 7464s
 13085 10442 4183.92767  169 4625 3466.82384 4183.92767  20.7%  1589 7472s
 13086 10442 4183.74636  468 4675 3466.82384 4183.74636  20.7%  1589 7482s
 13087 10443 4182.99254  509 4720 3466.82384 4182.99254  20.7%  1589 7495s
 13088 10444 4182.51818  258 4783 3466.82384 4182.51818  20.6%  1589 7506s
 13089 10444 3757.05847  686 4783 3466.82384 4182.23245  20.6%  1589 7514s
 13090 10445 4181.95972   97 4781 3466.82384 4181.95972  20.6%  1589 7527s
 13091 10446 4129.39096  331 4760 3466.82384 4181.68179  20.6%  1588 7538s
 13092 10446 4181.66730   77 4709 3466.82384 4181.66730  20.6%  1588 7541s
 13093 10447 4181.55913  164 4681 3466.82384 4181.55913  20.6%  1588 7547s
 13094 10448 4181.54287   95 4717 3466.82384 4181.54287  20.6%  1588 7551s
 13096 10449 4181.50061    8 4707 3466.82384 4181.50061  20.6%  1588 7556s
 13097 10450 4180.88065   90 4820 3466.82384 4180.88065  20.6%  1588 7570s
 13098 10450 4180.77266   43 4734 3466.82384 4180.77266  20.6%  1588 7577s
 13099 10451 4180.73322   11 4810 3466.82384 4180.73322  20.6%  1587 7581s
 13100 10452 4180.72833   77 4813 3466.82384 4180.72833  20.6%  1587 7621s
 13101 10452 4173.41210  258 4152 3466.82384 4173.41210  20.4%  1587 7680s
 13102 10453 4172.71945  362 4372 3466.82384 4172.71945  20.4%  1587 7689s
 13103 10454 4171.38277   51 4558 3466.82384 4171.38277  20.3%  1587 7704s
 13104 10454 3799.96751  534 4631 3466.82384 4170.44173  20.3%  1587 7715s
 13105 10455 4169.76834  548 4637 3466.82384 4169.76834  20.3%  1587 7727s
 13106 10456 4169.48050  391 4667 3466.82384 4169.48050  20.3%  1587 7732s
 13107 10456 4169.18851  170 4706 3466.82384 4169.18851  20.3%  1587 7739s
 13108 10457 4168.62499   16 4661 3466.82384 4168.62499  20.2%  1586 7749s
 13109 10458 4130.32758  559 4733 3466.82384 4168.54890  20.2%  1586 7754s
 13110 10458 4168.47365   38 4783 3466.82384 4168.47365  20.2%  1586 7761s
 13111 10459 4168.08966    9 4749 3466.82384 4168.08966  20.2%  1586 7770s
 13112 10460 4167.99902  411 4687 3466.82384 4167.99902  20.2%  1586 7776s
 13114 10461 4167.93022   11 4718 3466.82384 4167.93022  20.2%  1586 7783s
 13115 10462 3949.53855  461 4763 3466.82384 4167.62745  20.2%  1586 7792s
 13116 10462 4167.40055  372 4826 3466.82384 4167.40055  20.2%  1585 7797s
 13117 10463 4167.38732  278 4786 3466.82384 4167.38732  20.2%  1585 7800s
 13118 10464 4166.16005  303 4876 3466.82384 4166.16005  20.2%  1585 7812s
 13119 10464 4075.72100  386 4882 3466.82384 4166.02369  20.2%  1585 7816s
 13120 10465 4150.68468  338 4885 3466.82384 4165.99037  20.2%  1585 7822s
 13121 10466 4165.90824  299 4878 3466.82384 4165.90824  20.2%  1585 7828s
 13122 10466 4165.86938  159 4951 3466.82384 4165.86938  20.2%  1585 7833s
 13123 10467 4165.83668  528 4967 3466.82384 4165.83668  20.2%  1585 7838s
 13124 10468 4066.38433  807 5030 3466.82384 4165.27291  20.1%  1584 7846s
 13125 10468 4165.14941  792 5014 3466.82384 4165.14941  20.1%  1584 7853s
 13126 10469 4165.07664   98 4978 3466.82384 4165.07664  20.1%  1584 7857s
 13127 10470 4165.05882  277 5068 3466.82384 4165.05882  20.1%  1584 7860s
 13128 10470 3591.69273  620 5050 3466.82384 4164.89089  20.1%  1584 7866s
 13129 10471 4164.78612  337 5055 3466.82384 4164.78612  20.1%  1584 7873s
 13130 10472 4164.77894  421 4986 3466.82384 4164.77894  20.1%  1584 7909s
 13131 10472 4153.84778  116 4506 3466.82384 4153.84778  19.8%  1584 7983s
 13132 10473 4153.08951  204 4804 3466.82384 4153.08951  19.8%  1583 7994s
 13133 10474 4151.94583  253 4819 3466.82384 4151.94583  19.8%  1583 8012s
 13134 10474 4151.41126  103 4928 3466.82384 4151.41126  19.7%  1583 8024s
 13135 10475 4150.85858   71 4968 3466.82384 4150.85858  19.7%  1583 8036s
 13136 10476 4150.59108  343 4931 3466.82384 4150.59108  19.7%  1583 8041s
 13137 10476 4150.23084  293 4991 3466.82384 4150.23084  19.7%  1583 8049s
 13138 10477 4149.97844  219 4983 3466.82384 4149.97844  19.7%  1583 8059s
 13139 10478 3501.42541  680 4897 3466.82384 4149.58777  19.7%  1583 8071s
 13140 10478 4149.49676  243 4941 3466.82384 4149.49676  19.7%  1583 8076s
 13141 10479 4149.37818   80 4890 3466.82384 4149.37818  19.7%  1582 8081s
 13142 10480 4149.02632  266 4876 3466.82384 4149.02632  19.7%  1582 8090s
 13143 10480 4148.82213   41 4924 3466.82384 4148.82213  19.7%  1582 8096s
 13144 10481 3505.89299  850 4977 3466.82384 4148.79492  19.7%  1582 8100s
 13145 10482 4099.42211  321 5047 3466.82384 4148.37644  19.7%  1582 8109s
 13146 10482 4148.28830   33 5016 3466.82384 4148.28830  19.7%  1582 8114s
 13147 10483 4148.24716  116 4963 3466.82384 4148.24716  19.7%  1582 8117s
 13148 10484 4148.23557  136 4998 3466.82384 4148.23557  19.7%  1582 8120s
 13149 10484 4147.61599  407 4999 3466.82384 4147.61599  19.6%  1581 8130s
 13151 10486 4147.56800   47 5036 3466.82384 4147.56800  19.6%  1581 8137s
 13153 10487 3972.44561  446 5072 3466.82384 4147.22580  19.6%  1581 8150s
 13154 10488 3757.46094  575 5105 3466.82384 4147.03288  19.6%  1581 8157s
 13155 10488 4010.02119  615 5044 3466.82384 4146.91395  19.6%  1581 8163s
 13156 10489 3830.65294  508 5073 3466.82384 4146.85788  19.6%  1581 8168s
 13157 10490 3991.63439  578 5014 3466.82384 4146.84808  19.6%  1580 8170s
 13158 10490 3757.20232  565 4997 3466.82384 4146.84511  19.6%  1580 8206s
 13159 10491 4137.29991  490 4331 3466.82384 4137.29991  19.3%  1580 8269s
 13160 10492 4136.53570  385 4701 3466.82384 4136.53570  19.3%  1580 8278s
 13161 10492 4135.99502   53 4659 3466.82384 4135.99502  19.3%  1580 8287s
 13162 10493 4135.62568   34 4731 3466.82384 4135.62568  19.3%  1580 8297s
 13163 10494 4135.22912  291 4762 3466.82384 4135.22912  19.3%  1580 8304s
 13164 10494 4134.72388  490 4766 3466.82384 4134.72388  19.3%  1580 8312s
 13165 10495 4134.53804   39 4916 3466.82384 4134.53804  19.3%  1580 8319s
 13166 10496 4134.44590    6 4842 3466.82384 4134.44590  19.3%  1579 8323s
 13167 10496 4134.24834  285 4795 3466.82384 4134.24834  19.3%  1579 8329s
 13168 10497 4134.16867  174 4895 3466.82384 4134.16867  19.2%  1579 8334s
 13169 10498 4134.12635  174 4911 3466.82384 4134.12635  19.2%  1579 8337s
 13170 10498 4133.84673  755 4956 3466.82384 4133.84673  19.2%  1579 8348s
 13171 10499 3698.40354  568 5031 3466.82384 4133.59805  19.2%  1579 8356s
 13172 10500 4133.52880  105 5018 3466.82384 4133.52880  19.2%  1579 8363s
 13173 10500 4133.51924  339 5038 3466.82384 4133.51924  19.2%  1579 8366s
 13174 10501 3918.58152  502 5060 3466.82384 4132.92994  19.2%  1578 8376s
 13175 10502 4132.88009  149 5083 3466.82384 4132.88009  19.2%  1578 8380s
 13177 10503 4132.83262  281 5116 3466.82384 4132.83262  19.2%  1578 8386s
 13179 10504 4132.78133  416 5054 3466.82384 4132.78133  19.2%  1578 8390s
 13180 10505 4132.48011  738 5057 3466.82384 4132.48011  19.2%  1578 8397s
 13181 10506 4055.95851  537 5125 3466.82384 4132.22601  19.2%  1578 8405s
 13183 10507 4132.14157  111 4979 3466.82384 4132.14157  19.2%  1577 8411s
 13184 10508 3945.18900  654 5069 3466.82384 4132.00263  19.2%  1577 8415s
 13186 10509 4131.97266  468 5022 3466.82384 4131.97266  19.2%  1577 8420s
 13188 10510 4131.94716  258 5067 3466.82384 4131.94716  19.2%  1577 8455s
 13189 10511 3757.05847  686 4513 3466.82384 4124.81960  19.0%  1577 8510s
 13190 10512 4124.07569   97 4721 3466.82384 4124.07569  19.0%  1577 8520s
 13191 10512 4123.20633  331 4850 3466.82384 4123.20633  18.9%  1576 8531s
 13192 10513 4122.57078   77 4965 3466.82384 4122.57078  18.9%  1576 8543s
 13193 10514 4122.25682  164 4982 3466.82384 4122.25682  18.9%  1576 8550s
 13194 10514 4121.71203   95 5043 3466.82384 4121.71203  18.9%  1576 8564s
 13195 10515 4121.50665  110 5088 3466.82384 4121.50665  18.9%  1576 8575s
 13196 10516 4121.37578    8 5084 3466.82384 4121.37578  18.9%  1576 8582s
 13197 10516 4121.22790   90 5115 3466.82384 4121.22790  18.9%  1576 8591s
 13198 10517 4121.18765   43 5102 3466.82384 4121.18765  18.9%  1576 8595s
 13199 10518 4120.82928   11 5072 3466.82384 4120.82928  18.9%  1575 8608s
 13200 10518 4120.68878   77 5130 3466.82384 4120.68878  18.9%  1575 8614s
 13201 10519 4120.55432  258 5109 3466.82384 4120.55432  18.9%  1575 8620s
 13203 10520 4120.42429   51 5045 3466.82384 4120.42429  18.9%  1575 8626s
 13204 10521 3799.96751  534 5117 3466.82384 4120.09027  18.8%  1575 8636s
 13205 10522 4119.98900  548 5078 3466.82384 4119.98900  18.8%  1575 8640s
 13207 10523 4119.92016  170 5155 3466.82384 4119.92016  18.8%  1575 8646s
 13209 10524 4119.87793  559 5174 3466.82384 4119.87793  18.8%  1574 8681s
 13210 10525 4113.83038   38 4575 3466.82384 4113.83038  18.7%  1574 8739s
 13211 10526 4113.27941    9 4943 3466.82384 4113.27941  18.6%  1574 8750s
 13212 10526 4112.53831  411 4933 3466.82384 4112.53831  18.6%  1574 8763s
 13213 10527 4112.12595  265 5040 3466.82384 4112.12595  18.6%  1574 8773s
 13214 10528 4111.90243   11 5035 3466.82384 4111.90243  18.6%  1574 8782s
 13215 10528 3949.53855  461 5085 3466.82384 4111.61103  18.6%  1574 8790s
 13216 10529 4111.54928  372 5063 3466.82384 4111.54928  18.6%  1573 8795s
 13217 10530 4111.45493  278 5121 3466.82384 4111.45493  18.6%  1573 8803s
 13218 10530 4111.15171  303 5081 3466.82384 4111.15171  18.6%  1573 8809s
 13219 10531 4075.72100  386 5077 3466.82384 4111.03810  18.6%  1573 8813s
 13220 10532 4110.75748  338 5112 3466.82384 4110.75748  18.6%  1573 8822s
 13221 10532 4110.73647  299 5130 3466.82384 4110.73647  18.6%  1573 8827s
 13222 10533 4110.68275  159 5142 3466.82384 4110.68275  18.6%  1573 8832s
 13223 10534 4109.72676  528 5192 3466.82384 4109.72676  18.5%  1573 8847s
 13224 10534 4066.38433  807 5137 3466.82384 4109.60065  18.5%  1572 8854s
 13225 10535 4109.51015  792 5115 3466.82384 4109.51015  18.5%  1572 8859s
 13226 10536 4109.50352   98 5123 3466.82384 4109.50352  18.5%  1572 8896s
 13227 10536 4103.21036  277 4692 3466.82384 4103.21036  18.4%  1572 8958s
 13228 10537 3591.69273  620 4921 3466.82384 4102.86469  18.3%  1572 8967s
 13229 10538 4102.37290  337 4980 3466.82384 4102.37290  18.3%  1572 8978s
 13230 10538 4101.86495  421 4947 3466.82384 4101.86495  18.3%  1572 8989s
 13231 10539 4101.44397  116 5018 3466.82384 4101.44397  18.3%  1572 9002s
 13232 10540 4101.06138  204 4957 3466.82384 4101.06138  18.3%  1572 9010s
 13233 10540 4100.98352  253 5028 3466.82384 4100.98352  18.3%  1571 9017s
 13234 10541 4100.34304  103 5065 3466.82384 4100.34304  18.3%  1571 9031s
 13235 10542 4100.23450   71 5051 3466.82384 4100.23450  18.3%  1571 9036s
 13236 10542 4099.99813  343 5045 3466.82384 4099.99813  18.3%  1571 9043s
 13237 10543 4099.31825  293 5114 3466.82384 4099.31825  18.2%  1571 9055s
 13238 10544 4098.36200  219 5094 3466.82384 4098.36200  18.2%  1571 9068s
 13239 10544 3501.42541  680 5051 3466.82384 4098.23837  18.2%  1571 9077s
 13240 10545 4098.18841  243 5160 3466.82384 4098.18841  18.2%  1571 9081s
 13241 10546 4096.73960   80 5181 3466.82384 4096.73960  18.2%  1570 9100s
 13242 10546 4096.57004  266 5159 3466.82384 4096.57004  18.2%  1570 9105s
 13243 10547 4096.45637   41 5194 3466.82384 4096.45637  18.2%  1570 9111s
 13245 10548 4096.39842  321 5109 3466.82384 4096.39842  18.2%  1570 9118s
 13246 10549 4096.36340   33 5166 3466.82384 4096.36340  18.2%  1570 9122s
 13247 10550 4095.79174  116 5177 3466.82384 4095.79174  18.1%  1570 9132s
 13248 10550 4095.66682  136 5264 3466.82384 4095.66682  18.1%  1570 9137s
 13249 10551 4095.64477  407 5176 3466.82384 4095.64477  18.1%  1570 9141s
 13250 10552 4095.58500  360 5191 3466.82384 4095.58500  18.1%  1569 9146s
 13251 10552 4094.29857   47 5195 3466.82384 4094.29857  18.1%  1569 9156s
 13252 10553 4094.08894  265 5161 3466.82384 4094.08894  18.1%  1569 9163s
 13253 10554 3972.44561  446 5187 3466.82384 4093.99497  18.1%  1569 9170s
 13254 10554 3757.46094  575 5215 3466.82384 4093.90848  18.1%  1569 9176s
 13256 10556 3830.65294  508 5245 3466.82384 4093.84624  18.1%  1569 9184s
 13257 10556 3991.63439  578 5311 3466.82384 4093.43860  18.1%  1569 9191s
 13258 10557 3757.20232  565 5308 3466.82384 4093.37770  18.1%  1568 9197s
 13259 10558 4093.31925  490 5336 3466.82384 4093.31925  18.1%  1568 9203s
 13260 10558 4093.31592  385 5320 3466.82384 4093.31592  18.1%  1568 9233s
 13261 10559 4086.75157   53 4851 3466.82384 4086.75157  17.9%  1568 9300s
 13262 10560 4086.23435   34 4933 3466.82384 4086.23435  17.9%  1568 9309s
 13263 10560 4085.75946  291 4990 3466.82384 4085.75946  17.9%  1568 9320s
 13264 10561 4085.49228  490 4981 3466.82384 4085.49228  17.8%  1568 9329s
 13265 10562 4085.44374   39 4966 3466.82384 4085.44374  17.8%  1568 9334s
 13266 10562 4085.17648    6 5001 3466.82384 4085.17648  17.8%  1568 9342s
 13267 10563 4084.20717  285 5075 3466.82384 4084.20717  17.8%  1567 9359s
 13268 10564 4084.04173  174 5071 3466.82384 4084.04173  17.8%  1567 9367s
 13269 10564 4084.03595  174 5031 3466.82384 4084.03595  17.8%  1567 9399s
 13270 10565 4073.07205  755 4536 3466.82384 4073.07205  17.5%  1567 9466s
 13271 10566 3698.40354  568 4779 3466.82384 4072.63188  17.5%  1567 9475s
 13272 10566 4071.01066  105 4723 3466.82384 4071.01066  17.4%  1567 9494s
 13273 10567 4069.52595  339 4788 3466.82384 4069.52595  17.4%  1567 9508s
 13274 10568 3918.58152  502 5015 3466.82384 4068.74635  17.4%  1567 9522s
 13275 10568 4068.65861  149 4791 3466.82384 4068.65861  17.4%  1566 9528s
 13276 10569 4068.34263  486 4967 3466.82384 4068.34263  17.4%  1566 9537s
 13277 10570 4068.18506  281 4988 3466.82384 4068.18506  17.3%  1566 9545s
 13278 10570 4067.29116  731 4969 3466.82384 4067.29116  17.3%  1566 9561s
 13279 10571 4067.15342  416 5064 3466.82384 4067.15342  17.3%  1566 9565s
 13280 10572 4065.79419  738 5115 3466.82384 4065.79419  17.3%  1566 9579s
 13281 10572 4055.95851  537 4944 3466.82384 4065.54670  17.3%  1566 9586s
 13282 10573 4065.45986   11 5085 3466.82384 4065.45986  17.3%  1566 9592s
 13283 10574 4065.39477  111 5093 3466.82384 4065.39477  17.3%  1565 9598s
 13284 10574 3945.18900  654 5134 3466.82384 4064.68508  17.2%  1565 9610s
 13285 10575 4064.51631  169 5126 3466.82384 4064.51631  17.2%  1565 9615s
 13286 10576 4064.21285  468 5147 3466.82384 4064.21285  17.2%  1565 9625s
 13288 10577 4063.96546  258 5166 3466.82384 4063.96546  17.2%  1565 9636s
 13289 10578 3757.05847  686 5161 3466.82384 4063.31455  17.2%  1565 9649s
 13290 10578 4063.29712   97 5214 3466.82384 4063.29712  17.2%  1565 9653s
 13291 10579 4062.49200  331 5183 3466.82384 4062.49200  17.2%  1565 9666s
 13292 10580 4062.14651   77 5146 3466.82384 4062.14651  17.2%  1564 9672s
 13293 10580 4062.07824  164 5168 3466.82384 4062.07824  17.2%  1564 9677s
 13294 10581 4062.00070   95 5183 3466.82384 4062.00070  17.2%  1564 9681s
 13295 10582 4061.11327  110 5191 3466.82384 4061.11327  17.1%  1564 9690s
 13296 10582 4060.95011    8 5173 3466.82384 4060.95011  17.1%  1564 9696s
 13297 10583 4060.89910   90 5199 3466.82384 4060.89910  17.1%  1564 9700s
 13299 10584 4060.81659   11 5157 3466.82384 4060.81659  17.1%  1564 9707s
 13300 10585 4060.72652   77 5168 3466.82384 4060.72652  17.1%  1563 9714s
 13301 10586 4060.70662  258 5159 3466.82384 4060.70662  17.1%  1563 9717s
 13302 10586 4060.68073  362 5189 3466.82384 4060.68073  17.1%  1563 9721s
 13303 10587 4060.67369   51 5201 3466.82384 4060.67369  17.1%  1563 9753s
 13304 10588 3799.96751  534 4904 3466.82384 4045.04289  16.7%  1563 9823s
 13305 10588 4044.03867  548 4931 3466.82384 4044.03867  16.6%  1563 9837s
 13306 10589 4042.90110  391 4822 3466.82384 4042.90110  16.6%  1563 9849s
 13307 10590 4042.78182  170 4811 3466.82384 4042.78182  16.6%  1563 9857s
 13308 10590 4042.48990   16 5002 3466.82384 4042.48990  16.6%  1563 9865s
 13309 10591 4042.33369  559 5008 3466.82384 4042.33369  16.6%  1562 9871s
 13310 10592 4041.52253   38 4959 3466.82384 4041.52253  16.6%  1562 9886s
 13311 10592 4041.37117    9 5007 3466.82384 4041.37117  16.6%  1562 9892s
 13312 10593 4041.26680  411 5042 3466.82384 4041.26680  16.6%  1562 9897s
 13313 10594 4041.25731  265 4966 3466.82384 4041.25731  16.6%  1562 9901s
 13314 10594 4041.11574   11 5069 3466.82384 4041.11574  16.6%  1562 9907s
 13315 10595 3949.53855  461 5041 3466.82384 4041.05615  16.6%  1562 9911s
 13316 10596 4039.17374  372 5019 3466.82384 4039.17374  16.5%  1562 9925s
 13318 10597 4038.98189  303 5150 3466.82384 4038.98189  16.5%  1561 9934s
 13319 10598 4038.94630  386 5132 3466.82384 4038.94630  16.5%  1561 9938s
 13320 10598 4037.76942  338 5102 3466.82384 4037.76942  16.5%  1561 9950s
 13321 10599 4037.57119  299 5122 3466.82384 4037.57119  16.5%  1561 9956s
 13322 10600 4037.49985  159 5016 3466.82384 4037.49985  16.5%  1561 9962s
 13323 10600 4037.45179  528 4977 3466.82384 4037.45179  16.5%  1561 9967s
 13324 10601 4037.43946  807 5076 3466.82384 4037.43946  16.5%  1561 9971s
 13325 10602 4037.43609  792 5080 3466.82384 4037.43609  16.5%  1561 10010s
H13325 10066                    3468.6408525 4017.41925  15.8%  1561 10079s
 13327 10067 4016.33646  277 4653 3468.64085 4016.33646  15.8%  1560 10093s
 13328 10068 3591.69273  620 4584 3468.64085 4014.78086  15.7%  1560 10107s
 13329 10068 4014.52833  337 4516 3468.64085 4014.52833  15.7%  1560 10114s
 13330 10069 4013.87328  421 4607 3468.64085 4013.87328  15.7%  1560 10126s
 13331 10070 4012.96513  116 4751 3468.64085 4012.96513  15.7%  1560 10141s
 13332 10070 4012.70001  204 4697 3468.64085 4012.70001  15.7%  1560 10149s
 13333 10071 4012.37465  253 4802 3468.64085 4012.37465  15.7%  1560 10159s
 13334 10072 4012.29837  103 4886 3468.64085 4012.29837  15.7%  1560 10167s
 13335 10072 4011.89090   71 4853 3468.64085 4011.89090  15.7%  1559 10176s
 13336 10073 4011.73438  343 4857 3468.64085 4011.73438  15.7%  1559 10185s
 13337 10074 4011.55272  293 4823 3468.64085 4011.55272  15.7%  1559 10194s
 13338 10074 4009.78659  219 4769 3468.64085 4009.78659  15.6%  1559 10209s
 13339 10075 3501.42541  680 4744 3468.64085 4009.54267  15.6%  1559 10217s
 13340 10076 4009.18918  243 4761 3468.64085 4009.18918  15.6%  1559 10227s
 13341 10076 4009.15002   80 4885 3468.64085 4009.15002  15.6%  1559 10232s
 13342 10077 4009.13242  266 4783 3468.64085 4009.13242  15.6%  1559 10237s
 13343 10078 4008.16837   41 4699 3468.64085 4008.16837  15.6%  1558 10253s
 13344 10078 3505.89299  850 4694 3468.64085 4008.06123  15.6%  1558 10258s
 13345 10079 4008.02172  321 4789 3468.64085 4008.02172  15.6%  1558 10263s
 13346 10080 4008.01331   33 4707 3468.64085 4008.01331  15.5%  1558 10266s
 13347 10080 4005.50525  116 4769 3468.64085 4005.50525  15.5%  1558 10287s
 13348 10081 4005.40759  136 4735 3468.64085 4005.40759  15.5%  1558 10292s
 13349 10082 4005.35740  407 4737 3468.64085 4005.35740  15.5%  1558 10298s
 13350 10082 4005.31907  360 4780 3468.64085 4005.31907  15.5%  1558 10302s
 13351 10083 4005.29609   47 4829 3468.64085 4005.29609  15.5%  1558 10307s
 13352 10084 4004.21863  265 4833 3468.64085 4004.21863  15.4%  1557 10319s
 13353 10084 3972.44561  446 4845 3468.64085 4004.13467  15.4%  1557 10326s
 13354 10085 3757.46094  575 4955 3468.64085 4004.08356  15.4%  1557 10331s
 13355 10086 4004.04550  615 4898 3468.64085 4004.04550  15.4%  1557 10336s
 13356 10086 3830.65294  508 4938 3468.64085 4004.00266  15.4%  1557 10342s
 13357 10087 3991.63439  578 5007 3468.64085 4003.96935  15.4%  1557 10346s
 13358 10088 3757.20232  565 5055 3468.64085 4003.94903  15.4%  1557 10351s
 13359 10088 4003.81238  490 5039 3468.64085 4003.81238  15.4%  1557 10357s
 13360 10089 4003.78300  385 5022 3468.64085 4003.78300  15.4%  1556 10361s
 13361 10090 4003.64005   53 5088 3468.64085 4003.64005  15.4%  1556 10368s
 13362 10090 4003.57932   34 5121 3468.64085 4003.57932  15.4%  1556 10374s
 13363 10091 4003.14283  291 5081 3468.64085 4003.14283  15.4%  1556 10388s
 13364 10092 4002.95748  490 5114 3468.64085 4002.95748  15.4%  1556 10397s
 13365 10092 4002.89519   39 5155 3468.64085 4002.89519  15.4%  1556 10402s
 13366 10093 4002.85826    6 5167 3468.64085 4002.85826  15.4%  1556 10406s
 13367 10094 4002.57857  285 5138 3468.64085 4002.57857  15.4%  1556 10415s
 13368 10094 4002.54140  174 5130 3468.64085 4002.54140  15.4%  1556 10420s
 13370 10096 4002.50463  755 5141 3468.64085 4002.50463  15.4%  1555 10469s
H13370  9583                    3472.9905840 3987.12872  14.8%  1555 10539s
 13372  9584 3986.09571  105 4335 3472.99058 3986.09571  14.8%  1555 10548s
 13373  9585 3984.64628  339 4321 3472.99058 3984.64628  14.7%  1555 10565s
 13374  9585 3918.58152  502 4625 3472.99058 3983.66750  14.7%  1555 10579s
 13375  9586 3983.52218  149 4604 3472.99058 3983.52218  14.7%  1555 10586s
 13376  9587 3983.10198  486 4774 3472.99058 3983.10198  14.7%  1555 10597s
 13377  9587 3982.39246  281 4732 3472.99058 3982.39246  14.7%  1554 10606s
 13378  9588 3982.38287  731 4706 3472.99058 3982.38287  14.7%  1554 10610s
 13379  9589 3982.08888  416 4684 3472.99058 3982.08888  14.7%  1554 10621s
 13380  9589 3981.71625  738 4706 3472.99058 3981.71625  14.6%  1554 10630s
 13381  9590 3981.51178  537 4805 3472.99058 3981.51178  14.6%  1554 10638s
 13382  9591 3978.25205   11 4787 3472.99058 3978.25205  14.5%  1554 10656s
 13383  9591 3977.21141  111 4794 3472.99058 3977.21141  14.5%  1554 10666s
 13384  9592 3945.18900  654 4754 3472.99058 3976.94946  14.5%  1554 10671s
 13385  9593 3976.83088  169 4701 3472.99058 3976.83088  14.5%  1554 10675s
 13386  9593 3976.44559  468 4773 3472.99058 3976.44559  14.5%  1553 10684s
 13387  9594 3976.15708  509 4788 3472.99058 3976.15708  14.5%  1553 10690s
 13389  9595 3757.05847  686 4808 3472.99058 3976.03188  14.5%  1553 10697s
 13390  9596 3974.84223   97 4813 3472.99058 3974.84223  14.5%  1553 10705s
 13391  9597 3974.71592  331 4738 3472.99058 3974.71592  14.4%  1553 10710s
 13392  9597 3974.66840   77 4766 3472.99058 3974.66840  14.4%  1553 10715s
 13394  9599 3974.61022   95 4776 3472.99058 3974.61022  14.4%  1553 10722s
 13395  9599 3974.60923  110 4800 3472.99058 3974.60923  14.4%  1552 10756s
H13395  9112                    3473.2799730 3970.20781  14.3%  1552 10808s
 13397  9114 3969.77228   90 4480 3473.27997 3969.77228  14.3%  1552 10818s
 13398  9114 3969.29973   43 4667 3473.27997 3969.29973  14.3%  1552 10829s
 13399  9115 3969.04680   11 4834 3473.27997 3969.04680  14.3%  1552 10836s
 13400  9116 3968.96759   77 4838 3473.27997 3968.96759  14.3%  1552 10842s
 13401  9116 3968.82533  258 4922 3473.27997 3968.82533  14.3%  1552 10850s
 13402  9117 3968.72999  362 4973 3473.27997 3968.72999  14.3%  1552 10859s
 13403  9118 3968.45283   51 4939 3473.27997 3968.45283  14.3%  1551 10865s
 13404  9118 3799.96751  534 4912 3473.27997 3968.43776  14.3%  1551 10870s
 13405  9119 3968.34212  548 4943 3473.27997 3968.34212  14.3%  1551 10875s
 13406  9120 3967.53918  391 4920 3473.27997 3967.53918  14.2%  1551 10886s
 13407  9120 3967.30502  170 4876 3473.27997 3967.30502  14.2%  1551 10893s
 13408  9121 3967.09745   16 4873 3473.27997 3967.09745  14.2%  1551 10900s
 13410  9122 3967.01722   38 4897 3473.27997 3967.01722  14.2%  1551 10909s
 13411  9123 3966.97711    9 4965 3473.27997 3966.97711  14.2%  1551 10913s
 13412  9124 3966.96897  411 4953 3473.27997 3966.96897  14.2%  1550 10940s
 13413  9124 3960.82014  265 4294 3473.27997 3960.82014  14.0%  1550 11009s
 13414  9125 3960.76138   11 4498 3473.27997 3960.76138  14.0%  1550 11014s
 13415  9126 3949.53855  461 4714 3473.27997 3960.12018  14.0%  1550 11026s
 13416  9126 3959.90804  372 4767 3473.27997 3959.90804  14.0%  1550 11036s
 13417  9127 3959.83437  278 4767 3473.27997 3959.83437  14.0%  1550 11041s
 13418  9128 3959.72718  303 4780 3473.27997 3959.72718  14.0%  1550 11049s
 13419  9128 3959.53798  386 4833 3473.27997 3959.53798  14.0%  1550 11057s
 13420  9129 3958.81652  338 4794 3473.27997 3958.81652  14.0%  1550 11072s
 13421  9130 3958.54684  299 4783 3473.27997 3958.54684  14.0%  1549 11082s
 13422  9130 3958.47260  159 4790 3473.27997 3958.47260  14.0%  1549 11086s
 13423  9131 3958.24647  528 4887 3473.27997 3958.24647  14.0%  1549 11094s
 13424  9132 3958.21600  807 4844 3473.27997 3958.21600  14.0%  1549 11099s
 13425  9132 3958.11881  792 4908 3473.27997 3958.11881  14.0%  1549 11106s
 13426  9133 3957.00745   98 4911 3473.27997 3957.00745  13.9%  1549 11123s
 13427  9134 3956.78590  277 4919 3473.27997 3956.78590  13.9%  1549 11130s
 13429  9135 3956.69676  337 4856 3473.27997 3956.69676  13.9%  1548 11138s
 13430  9136 3956.68890  421 4910 3473.27997 3956.68890  13.9%  1548 11168s
H13430  8671                    3473.4309443 3953.25294  13.8%  1548 11224s
 13432  8672 3953.19976  204 4688 3473.43094 3953.19976  13.8%  1548 11230s
 13433  8673 3952.89098  253 4771 3473.43094 3952.89098  13.8%  1548 11240s
 13434  8673 3952.73479  103 4760 3473.43094 3952.73479  13.8%  1548 11248s
 13435  8674 3952.68930   71 4744 3473.43094 3952.68930  13.8%  1548 11253s
 13436  8675 3952.61738  343 4767 3473.43094 3952.61738  13.8%  1548 11258s
 13437  8675 3951.13929  293 4886 3473.43094 3951.13929  13.8%  1548 11278s
 13438  8676 3950.84786  219 4800 3473.43094 3950.84786  13.7%  1547 11285s
 13439  8677 3501.42541  680 4891 3473.43094 3950.73915  13.7%  1547 11293s
 13440  8677 3950.26014  243 4924 3473.43094 3950.26014  13.7%  1547 11305s
 13442  8679 3949.35867  266 4857 3473.43094 3949.35867  13.7%  1547 11322s
 13443  8679 3949.19198   41 4863 3473.43094 3949.19198  13.7%  1547 11331s
 13444  8680 3505.89299  850 4986 3473.43094 3949.03453  13.7%  1547 11341s
 13445  8681 3949.00665  321 4983 3473.43094 3949.00665  13.7%  1547 11347s
 13446  8681 3949.00124   33 4915 3473.43094 3949.00124  13.7%  1547 11376s
 13447  8682 3948.13573  116 4514 3473.43094 3948.13573  13.7%  1546 11429s
 13448  8683 3948.06970  136 4756 3473.43094 3948.06970  13.7%  1546 11437s
 13449  8683 3947.98004  407 4778 3473.43094 3947.98004  13.7%  1546 11448s
 13450  8684 3947.92480  360 4801 3473.43094 3947.92480  13.7%  1546 11453s
 13451  8685 3947.87235   47 4812 3473.43094 3947.87235  13.7%  1546 11460s
 13453  8686 3947.80022  446 4895 3473.43094 3947.80022  13.7%  1546 11470s
 13455  8687 3947.70857  615 4918 3473.43094 3947.70857  13.7%  1545 11481s
 13456  8688 3830.65294  508 4997 3473.43094 3947.68681  13.7%  1545 11487s
 13457  8689 3946.12486  578 4845 3473.43094 3946.12486  13.6%  1545 11506s
 13458  8689 3757.20232  565 4855 3473.43094 3946.02649  13.6%  1545 11512s
 13459  8690 3946.02079  490 4801 3473.43094 3946.02079  13.6%  1545 11537s
H13459  8246                    3473.5675846 3945.72993  13.6%  1545 11604s
 13461  8247 3945.70265   53 4687 3473.56758 3945.70265  13.6%  1545 11611s
 13462  8248 3945.67230   34 4765 3473.56758 3945.67230  13.6%  1545 11616s
 13463  8249 3945.64951  291 4792 3473.56758 3945.64951  13.6%  1545 11622s
 13464  8249 3945.41434  490 4818 3473.56758 3945.41434  13.6%  1544 11636s
 13465  8250 3945.32966   39 4926 3473.56758 3945.32966  13.6%  1544 11646s
 13466  8251 3945.31311    6 4955 3473.56758 3945.31311  13.6%  1544 11650s
 13467  8251 3945.26115  285 4919 3473.56758 3945.26115  13.6%  1544 11656s
 13468  8252 3945.19478  174 4968 3473.56758 3945.19478  13.6%  1544 11662s
 13469  8253 3944.98199  174 4933 3473.56758 3944.98199  13.6%  1544 11670s
 13470  8253 3944.95801  755 4923 3473.56758 3944.95801  13.6%  1544 11675s
 13471  8254 3698.40354  568 4733 3473.56758 3944.69955  13.6%  1544 11684s
 13472  8255 3944.62899  105 4941 3473.56758 3944.62899  13.6%  1544 11692s
 13473  8255 3944.59142  339 4891 3473.56758 3944.59142  13.6%  1543 11696s
 13474  8256 3918.58152  502 4839 3473.56758 3944.56481  13.6%  1543 11700s
 13476  8257 3944.53645  486 4919 3473.56758 3944.53645  13.6%  1543 11707s
 13477  8258 3944.53592  281 4866 3473.56758 3944.53592  13.6%  1543 11733s
H13477  7836                    3478.0321333 3942.86412  13.4%  1543 11804s
 13478  7837 3942.86412  731 4647 3478.03213 3942.86412  13.4%  1543 11805s
 13479  7837 3942.76920  416 4737 3478.03213 3942.76920  13.4%  1543 11811s
 13480  7838 3942.64720  738 4817 3478.03213 3942.64720  13.4%  1543 11818s
 13481  7839 3942.52364  537 4812 3478.03213 3942.52364  13.4%  1543 11824s
 13482  7839 3942.31026   11 4934 3478.03213 3942.31026  13.3%  1542 11835s
 13483  7840 3942.21904  111 4876 3478.03213 3942.21904  13.3%  1542 11844s
 13484  7841 3942.16541  654 4954 3478.03213 3942.16541  13.3%  1542 11849s
 13485  7841 3942.15453  169 4918 3478.03213 3942.15453  13.3%  1542 11855s
 13486  7842 3942.14668  468 4958 3478.03213 3942.14668  13.3%  1542 11884s
H13486  7441                    3478.4980486 3940.97358  13.3%  1542 11976s
 13488  7442 3940.93193  258 4531 3478.49805 3940.93193  13.3%  1542 11982s
 13489  7443 3757.05847  686 4707 3478.49805 3940.84550  13.3%  1542 11989s
 13490  7444 3940.83545   97 4734 3478.49805 3940.83545  13.3%  1541 11992s
 13491  7444 3940.75381  331 4789 3478.49805 3940.75381  13.3%  1541 12001s
 13492  7445 3940.71000   77 4873 3478.49805 3940.71000  13.3%  1541 12009s
 13493  7446 3940.70149  164 4869 3478.49805 3940.70149  13.3%  1541 12012s
 13494  7446 3939.65988   95 4898 3478.49805 3939.65988  13.3%  1541 12031s
 13495  7447 3939.47686  110 4926 3478.49805 3939.47686  13.3%  1541 12040s
 13496  7448 3939.14775    8 4926 3478.49805 3939.14775  13.2%  1541 12054s
 13497  7448 3939.12649   90 4939 3478.49805 3939.12649  13.2%  1541 12058s
 13498  7449 3939.08796   43 5018 3478.49805 3939.08796  13.2%  1541 12066s
 13499  7450 3939.07981   11 4942 3478.49805 3939.07981  13.2%  1540 12099s
 13500  7450 3938.03196   77 4431 3478.49805 3938.03196  13.2%  1540 12177s
 13501  7451 3938.03186  258 4548 3478.49805 3938.03186  13.2%  1540 12213s
 13502  7452 3937.90131  362 4434 3478.49805 3937.90131  13.2%  1540 12270s
 13503  7452 3937.90110   51 4553 3478.49805 3937.90110  13.2%  1540 12305s
 13504  7453 3799.96751  534 4462 3478.49805 3937.60111  13.2%  1540 12355s
 13505  7454 3937.59547  548 4611 3478.49805 3937.59547  13.2%  1540 12391s
 13506  7454 3937.31837  391 4468 3478.49805 3937.31837  13.2%  1540 12454s
 13507  7455 3937.27010  170 4634 3478.49805 3937.27010  13.2%  1540 12463s
 13508  7456 3937.19923   16 4706 3478.49805 3937.19923  13.2%  1539 12473s
 13509  7456 3936.78207  559 4888 3478.49805 3936.78207  13.2%  1539 12487s
 13510  7457 3936.58738   38 4894 3478.49805 3936.58738  13.2%  1539 12495s
 13511  7458 3936.55740    9 4902 3478.49805 3936.55740  13.2%  1539 12502s
 13512  7458 3936.54942  411 4885 3478.49805 3936.54942  13.2%  1539 12540s
 13513  7459 3935.87898  265 4551 3478.49805 3935.87898  13.1%  1539 12605s
 13514  7460 3935.83058   11 4760 3478.49805 3935.83058  13.1%  1539 12614s
 13515  7460 3935.78280  461 4868 3478.49805 3935.78280  13.1%  1539 12625s
 13516  7461 3935.76679  372 4914 3478.49805 3935.76679  13.1%  1539 12632s
 13517  7462 3935.68683  278 4904 3478.49805 3935.68683  13.1%  1538 12640s
 13518  7462 3935.62782  303 4918 3478.49805 3935.62782  13.1%  1538 12648s
 13519  7463 3935.62501  386 4969 3478.49805 3935.62501  13.1%  1538 12678s
 13520  7464 3934.65200  338 4700 3478.49805 3934.65200  13.1%  1538 12739s
 13521  7464 3934.64627  299 4809 3478.49805 3934.64627  13.1%  1538 12778s
 13522  7465 3934.54300  159 4643 3478.49805 3934.54300  13.1%  1538 12843s
 13523  7466 3934.48739  528 4795 3478.49805 3934.48739  13.1%  1538 12852s
 13524  7466 3934.41075  807 4962 3478.49805 3934.41075  13.1%  1538 12859s
 13525  7467 3934.15625  792 4963 3478.49805 3934.15625  13.1%  1537 12876s
 13526  7468 3934.12373   98 5014 3478.49805 3934.12373  13.1%  1537 12882s
 13527  7468 3934.07972  277 5005 3478.49805 3934.07972  13.1%  1537 12889s
 13528  7469 3591.69273  620 4979 3478.49805 3934.06696  13.1%  1537 12892s
 13529  7470 3934.02923  337 4976 3478.49805 3934.02923  13.1%  1537 12900s
 13530  7470 3934.01602  421 5003 3478.49805 3934.01602  13.1%  1537 12906s
 13531  7471 3934.00484  116 5020 3478.49805 3934.00484  13.1%  1537 12911s
 13532  7472 3933.95125  204 5015 3478.49805 3933.95125  13.1%  1537 12920s
 13533  7472 3933.92789  253 5027 3478.49805 3933.92789  13.1%  1537 12927s
 13534  7473 3933.40083  103 5030 3478.49805 3933.40083  13.1%  1536 12950s
 13535  7474 3933.29018   71 4998 3478.49805 3933.29018  13.1%  1536 12960s
 13536  7474 3933.26227  343 4920 3478.49805 3933.26227  13.1%  1536 12966s
 13537  7475 3933.24050  293 4943 3478.49805 3933.24050  13.1%  1536 12973s
 13538  7476 3933.18509  219 5031 3478.49805 3933.18509  13.1%  1536 12979s
 13539  7476 3501.42541  680 5071 3478.49805 3933.17248  13.1%  1536 12984s
 13540  7477 3933.15518  243 5154 3478.49805 3933.15518  13.1%  1536 12988s
 13541  7478 3933.08508   80 5034 3478.49805 3933.08508  13.1%  1536 12999s
 13542  7478 3933.07387  266 5055 3478.49805 3933.07387  13.1%  1536 13004s
 13543  7479 3933.05215   41 5044 3478.49805 3933.05215  13.1%  1535 13011s
 13544  7480 3505.89299  850 5028 3478.49805 3933.01382  13.1%  1535 13021s
 13545  7480 3932.99607  321 5056 3478.49805 3932.99607  13.1%  1535 13026s
 13546  7481 3932.99506   33 5021 3478.49805 3932.99506  13.1%  1535 13056s
 13547  7482 3932.44468  116 4807 3478.49805 3932.44468  13.1%  1535 13120s
 13548  7482 3932.42340  136 4834 3478.49805 3932.42340  13.0%  1535 13126s
 13549  7483 3932.41482  407 4963 3478.49805 3932.41482  13.0%  1535 13133s
 13550  7484 3932.39043  360 5000 3478.49805 3932.39043  13.0%  1535 13139s
 13551  7484 3932.28375   47 5093 3478.49805 3932.28375  13.0%  1535 13150s
 13552  7485 3932.27914  265 5046 3478.49805 3932.27914  13.0%  1534 13182s
 13553  7486 3931.14402  446 4553 3478.49805 3931.14402  13.0%  1534 13251s
 13554  7486 3757.46094  575 4664 3478.49805 3931.11985  13.0%  1534 13259s
 13555  7487 3930.90775  615 4815 3478.49805 3930.90775  13.0%  1534 13267s
 13556  7488 3830.65294  508 4942 3478.49805 3930.83238  13.0%  1534 13273s
 13557  7488 3930.73893  578 4915 3478.49805 3930.73893  13.0%  1534 13284s
 13558  7489 3757.20232  565 4997 3478.49805 3930.71195  13.0%  1534 13290s
 13559  7490 3930.70530  490 4939 3478.49805 3930.70530  13.0%  1534 13321s
 13560  7490 3929.54479  385 4622 3478.49805 3929.54479  13.0%  1534 13381s
 13561  7491 3929.34120   53 4714 3478.49805 3929.34120  13.0%  1533 13393s
 13562  7492 3929.09862   34 4843 3478.49805 3929.09862  13.0%  1533 13404s
 13563  7492 3929.08403  291 4923 3478.49805 3929.08403  13.0%  1533 13412s
 13564  7493 3929.03494  490 4942 3478.49805 3929.03494  13.0%  1533 13421s
 13565  7494 3928.94571   39 4970 3478.49805 3928.94571  12.9%  1533 13428s
 13566  7494 3928.94227    6 4846 3478.49805 3928.94227  12.9%  1533 13461s
 13567  7495 3928.33385  285 4646 3478.49805 3928.33385  12.9%  1533 13530s
 13568  7496 3928.32600  174 4775 3478.49805 3928.32600  12.9%  1533 13568s
 13569  7496 3928.21051  174 4563 3478.49805 3928.21051  12.9%  1532 13612s
 13570  7497 3928.20412  755 4715 3478.49805 3928.20412  12.9%  1532 13644s
H13570  7111                    3478.6026391 3927.95826  12.9%  1532 13710s
 13573  7113 3927.34958  339 4883 3478.60264 3927.34958  12.9%  1532 13725s
 13574  7114 3918.58152  502 4918 3478.60264 3927.12133  12.9%  1532 13739s
 13575  7114 3927.06623  149 4833 3478.60264 3927.06623  12.9%  1532 13744s
 13576  7115 3927.04450  486 4846 3478.60264 3927.04450  12.9%  1532 13750s
 13577  7116 3926.89010  281 4935 3478.60264 3926.89010  12.9%  1532 13757s
 13578  7116 3926.75629  731 5025 3478.60264 3926.75629  12.9%  1531 13770s
 13579  7117 3926.75121  416 5011 3478.60264 3926.75121  12.9%  1531 13805s
H13579  6751                    3478.6890945 3925.91937  12.9%  1531 13863s
 13581  6752 3925.91937  537 4737 3478.68909 3925.91937  12.9%  1531 13894s
H13581  6403                    3478.7076453 3925.02413  12.8%  1531 13960s
 13583  6405 3924.97996  111 4748 3478.70765 3924.97996  12.8%  1531 13966s
 13584  6405 3924.81963  654 4861 3478.70765 3924.81963  12.8%  1531 13977s
 13585  6406 3924.39419  169 4825 3478.70765 3924.39419  12.8%  1531 13991s
 13586  6407 3924.30547  468 4815 3478.70765 3924.30547  12.8%  1531 14001s
 13587  6407 3924.25144  509 4903 3478.70765 3924.25144  12.8%  1530 14008s
 13588  6408 3924.18467  258 5054 3478.70765 3924.18467  12.8%  1530 14019s
 13589  6409 3757.05847  686 5086 3478.70765 3924.14375  12.8%  1530 14025s
 13590  6409 3924.05715   97 5067 3478.70765 3924.05715  12.8%  1530 14036s
 13591  6410 3923.98817  331 5063 3478.70765 3923.98817  12.8%  1530 14044s
 13592  6411 3923.93154   77 5120 3478.70765 3923.93154  12.8%  1530 14051s
 13593  6411 3923.92927  164 5050 3478.70765 3923.92927  12.8%  1530 14079s
 13594  6412 3922.52083   95 4608 3478.70765 3922.52083  12.8%  1530 14147s
 13595  6413 3922.51869  110 4779 3478.70765 3922.51869  12.8%  1530 14175s
H13595  6081                    3479.4080186 3920.99569  12.7%  1530 14226s
 13597  6082 3920.88441   90 4539 3479.40802 3920.88441  12.7%  1529 14235s
 13598  6083 3920.61417   43 4862 3479.40802 3920.61417  12.7%  1529 14247s
 13599  6083 3920.48439   11 4900 3479.40802 3920.48439  12.7%  1529 14256s
 13600  6084 3920.36317   77 4917 3479.40802 3920.36317  12.7%  1529 14265s
 13601  6085 3920.18044  258 4965 3479.40802 3920.18044  12.7%  1529 14275s
 13602  6085 3920.12138  362 4951 3479.40802 3920.12138  12.7%  1529 14285s
 13603  6086 3920.01680   51 5000 3479.40802 3920.01680  12.7%  1529 14296s
 13604  6087 3799.96751  534 4998 3479.40802 3919.78629  12.7%  1529 14305s
 13605  6087 3919.74531  548 4992 3479.40802 3919.74531  12.7%  1528 14311s
 13606  6088 3919.73805  391 4932 3479.40802 3919.73805  12.7%  1528 14338s
H13606  5773                    3479.4811558 3919.31552  12.6%  1528 14396s
 13608  5774 3919.24470   16 4759 3479.48116 3919.24470  12.6%  1528 14403s
 13609  5775 3919.20206  559 4764 3479.48116 3919.20206  12.6%  1528 14409s
 13610  5776 3919.15029   38 4921 3479.48116 3919.15029  12.6%  1528 14417s
 13611  5776 3919.06341    9 4998 3479.48116 3919.06341  12.6%  1528 14427s
 13612  5777 3919.04659  411 5022 3479.48116 3919.04659  12.6%  1528 14433s
 13613  5778 3918.07603  265 5021 3479.48116 3918.07603  12.6%  1528 14463s
 13614  5778 3917.76614   11 4992 3479.48116 3917.76614  12.6%  1527 14473s
 13615  5779 3917.67480  461 4999 3479.48116 3917.67480  12.6%  1527 14479s
 13616  5780 3917.66247  372 4985 3479.48116 3917.66247  12.6%  1527 14483s
 13617  5780 3917.65835  278 5029 3479.48116 3917.65835  12.6%  1527 14510s
 13618  5781 3917.39320  303 4585 3479.48116 3917.39320  12.6%  1527 14562s
 13619  5782 3917.38916  386 4757 3479.48116 3917.38916  12.6%  1527 14591s
H13619  5481                    3479.9080186 3917.28222  12.6%  1527 14655s
 13621  5482 3917.25702  299 4751 3479.90802 3917.25702  12.6%  1527 14663s
 13622  5483 3917.22694  159 4789 3479.90802 3917.22694  12.6%  1527 14669s
 13623  5483 3916.99083  528 4777 3479.90802 3916.99083  12.6%  1526 14681s
 13624  5484 3916.86622  807 4869 3479.90802 3916.86622  12.6%  1526 14689s
 13625  5485 3916.80420  792 4958 3479.90802 3916.80420  12.6%  1526 14699s
 13626  5485 3916.71063   98 4844 3479.90802 3916.71063  12.6%  1526 14711s
 13627  5486 3916.71063  277 4800 3479.90802 3916.71063  12.6%  1526 14736s
H13627  5200                    3491.2664818 3916.55713  12.2%  1526 14808s
 13629  5201 3916.55382  337 4848 3491.26648 3916.55382  12.2%  1526 14839s
H13629  4930                    3491.2664825 3915.68548  12.2%  1526 14894s
 13631  4932 3915.56409  116 4863 3491.26648 3915.56409  12.2%  1526 14907s
 13632  4932 3915.30861  204 5051 3491.26648 3915.30861  12.1%  1525 14923s
 13633  4933 3915.17534  253 4978 3491.26648 3915.17534  12.1%  1525 14934s
 13634  4934 3915.12507  103 5042 3491.26648 3915.12507  12.1%  1525 14941s
 13635  4934 3914.97548   71 4974 3491.26648 3914.97548  12.1%  1525 14953s
 13636  4935 3914.86668  343 5061 3491.26648 3914.86668  12.1%  1525 14962s
 13637  4936 3914.66282  293 5060 3491.26648 3914.66282  12.1%  1525 14968s
 13638  4936 3913.71366  219 4997 3491.26648 3913.71366  12.1%  1525 14987s
 13639  4937 3501.42541  680 4935 3491.26648 3913.56539  12.1%  1525 15000s
 13640  4938 3913.44097  243 4962 3491.26648 3913.44097  12.1%  1525 15006s
 13641  4938 3913.43786   80 4957 3491.26648 3913.43786  12.1%  1524 15038s
H13641  4679                    3491.7919876 3913.02916  12.1%  1524 15090s
 13643  4681 3913.01004   41 4691 3491.79199 3913.01004  12.1%  1524 15097s
 13644  4681 3505.89299  850 4872 3491.79199 3913.00228  12.1%  1524 15131s
 13645  4682 3912.89345  321 4451 3491.79199 3912.89345  12.1%  1524 15176s
 13646  4683 3912.86473   33 4652 3491.79199 3912.86473  12.1%  1524 15185s
 13647  4683 3912.83567  116 4761 3491.79199 3912.83567  12.1%  1524 15190s
 13648  4684 3912.70519  136 5040 3491.79199 3912.70519  12.1%  1524 15205s
 13649  4685 3912.65653  407 5003 3491.79199 3912.65653  12.1%  1524 15211s
 13650  4685 3912.59300  360 5100 3491.79199 3912.59300  12.1%  1523 15219s
 13651  4686 3912.57072   47 5066 3491.79199 3912.57072  12.1%  1523 15227s
 13652  4687 3912.48527  265 5183 3491.79199 3912.48527  12.0%  1523 15239s
 13653  4687 3912.47436  446 5128 3491.79199 3912.47436  12.0%  1523 15243s
 13654  4688 3757.46094  575 5068 3491.79199 3912.47091  12.0%  1523 15271s
H13654  4441                    3492.2013200 3912.24013  12.0%  1523 15335s
 13656  4442 3830.65294  508 4862 3492.20132 3912.21287  12.0%  1523 15342s
 13657  4443 3912.09918  578 4880 3492.20132 3912.09918  12.0%  1523 15350s
 13658  4444 3757.20232  565 4950 3492.20132 3912.09700  12.0%  1523 15380s
H13658  4210                    3493.0020205 3912.04002  12.0%  1523 15443s
 13660  4211 3912.01816  385 4876 3493.00202 3912.01816  12.0%  1522 15448s
 13661  4212 3912.01415   53 4939 3493.00202 3912.01415  12.0%  1522 15480s
 13662  4212 3911.93276   34 4735 3493.00202 3911.93276  12.0%  1522 15546s
 13663  4213 3911.89750  291 4896 3493.00202 3911.89750  12.0%  1522 15551s
 13664  4214 3911.84810  490 4982 3493.00202 3911.84810  12.0%  1522 15560s
 13665  4214 3911.81468   39 5008 3493.00202 3911.81468  12.0%  1522 15568s
 13666  4215 3911.76496    6 5106 3493.00202 3911.76496  12.0%  1522 15577s
 13667  4216 3911.76496  285 5026 3493.00202 3911.76496  12.0%  1522 15603s
 13668  4216 3911.66016  174 4765 3493.00202 3911.66016  12.0%  1521 15653s
 13669  4217 3911.65971  174 4877 3493.00202 3911.65971  12.0%  1521 15687s
 13670  4218 3911.63998  755 4732 3493.00202 3911.63998  12.0%  1521 15732s
 13671  4218 3698.40354  568 4827 3493.00202 3911.63928  12.0%  1521 15763s
 13672  4219 3911.48622  105 4611 3493.00202 3911.48622  12.0%  1521 15827s
 13673  4220 3911.46630  339 4785 3493.00202 3911.46630  12.0%  1521 15835s
 13674  4220 3911.32911  502 4936 3493.00202 3911.32911  12.0%  1521 15846s
 13675  4221 3911.21932  149 4929 3493.00202 3911.21932  12.0%  1521 15857s
 13676  4222 3911.07370  486 4995 3493.00202 3911.07370  12.0%  1521 15866s
 13677  4222 3911.00510  281 5092 3493.00202 3911.00510  12.0%  1520 15877s
 13678  4223 3910.97887  731 5079 3493.00202 3910.97887  12.0%  1520 15884s
 13679  4224 3910.96276  416 5005 3493.00202 3910.96276  12.0%  1520 15888s
 13680  4224 3910.96189  738 5032 3493.00202 3910.96189  12.0%  1520 15915s
 13681  4225 3910.53921  537 4655 3493.00202 3910.53921  12.0%  1520 15975s
 13682  4226 3910.52340   11 4709 3493.00202 3910.52340  12.0%  1520 15981s
 13683  4226 3910.47056  111 4867 3493.00202 3910.47056  12.0%  1520 15988s
 13684  4227 3910.43497  654 4913 3493.00202 3910.43497  12.0%  1520 15996s
 13685  4228 3910.39047  169 4960 3493.00202 3910.39047  11.9%  1520 16004s
 13686  4228 3910.38010  468 4827 3493.00202 3910.38010  11.9%  1519 16010s
 13687  4229 3910.36093  509 4990 3493.00202 3910.36093  11.9%  1519 16015s
 13688  4230 3910.33670  258 5020 3493.00202 3910.33670  11.9%  1519 16024s
 13689  4230 3757.05847  686 5078 3493.00202 3910.31179  11.9%  1519 16030s
 13690  4231 3910.15694   97 5035 3493.00202 3910.15694  11.9%  1519 16042s
 13691  4232 3910.13478  331 5092 3493.00202 3910.13478  11.9%  1519 16050s
 13692  4232 3908.59821   77 5010 3493.00202 3908.59821  11.9%  1519 16074s
 13693  4233 3907.90538  164 4992 3493.00202 3907.90538  11.9%  1519 16083s
 13694  4234 3907.88710   95 5132 3493.00202 3907.88710  11.9%  1519 16089s
 13695  4234 3907.88388  110 5097 3493.00202 3907.88388  11.9%  1518 16116s
 13696  4235 3907.55610    8 4819 3493.00202 3907.55610  11.9%  1518 16192s
 13697  4236 3907.55123   90 4834 3493.00202 3907.55123  11.9%  1518 16221s
 13698  4236 3907.09226   43 4709 3493.00202 3907.09226  11.9%  1518 16269s
 13699  4237 3907.05073   11 4806 3493.00202 3907.05073  11.9%  1518 16276s
 13700  4238 3907.04352   77 4885 3493.00202 3907.04352  11.9%  1518 16307s
 13701  4238 3906.89993  258 4729 3493.00202 3906.89993  11.8%  1518 16358s
 13702  4239 3906.89920  362 4806 3493.00202 3906.89920  11.8%  1518 16387s
 13703  4240 3906.77557   51 4715 3493.00202 3906.77557  11.8%  1518 16454s
 13704  4240 3799.96751  534 4801 3493.00202 3906.77487  11.8%  1517 16482s
 13705  4241 3906.62148  548 4812 3493.00202 3906.62148  11.8%  1517 16533s
 13706  4242 3906.62148  391 4838 3493.00202 3906.62148  11.8%  1517 16562s
 13707  4242 3906.54591  170 4676 3493.00202 3906.54591  11.8%  1517 16629s
 13708  4243 3906.52109   16 4764 3493.00202 3906.52109  11.8%  1517 16637s
 13709  4244 3906.48307  559 4897 3493.00202 3906.48307  11.8%  1517 16645s
 13710  4244 3906.44486   38 4957 3493.00202 3906.44486  11.8%  1517 16652s
 13711  4245 3906.36955    9 4909 3493.00202 3906.36955  11.8%  1517 16666s
 13712  4246 3906.26528  411 5015 3493.00202 3906.26528  11.8%  1517 16676s
 13713  4246 3906.25403  265 5022 3493.00202 3906.25403  11.8%  1516 16682s
 13714  4247 3906.24417   11 5023 3493.00202 3906.24417  11.8%  1516 16687s
 13715  4248 3906.23094  461 4960 3493.00202 3906.23094  11.8%  1516 16691s
 13716  4248 3906.02639  372 4981 3493.00202 3906.02639  11.8%  1516 16706s
 13717  4249 3906.01538  278 4927 3493.00202 3906.01538  11.8%  1516 16714s
 13718  4250 3905.92724  303 4898 3493.00202 3905.92724  11.8%  1516 16723s
 13719  4250 3905.85493  386 4932 3493.00202 3905.85493  11.8%  1516 16733s
 13720  4251 3905.85157  338 4902 3493.00202 3905.85157  11.8%  1516 16761s
H13720  4025                    3503.7361223 3905.69566  11.5%  1516 16809s
 13722  4026 3905.66128  159 4846 3503.73612 3905.66128  11.5%  1515 16818s
 13723  4027 3905.65464  528 4961 3503.73612 3905.65464  11.5%  1515 16848s
H13723  3813                    3503.8351442 3905.49165  11.5%  1515 16926s
 13725  3814 3905.45487  792 4790 3503.83514 3905.45487  11.5%  1515 16936s
 13726  3815 3905.44517   98 4854 3503.83514 3905.44517  11.5%  1515 16942s
 13727  3816 3905.44311  277 4837 3503.83514 3905.44311  11.5%  1515 16972s
H13727  3612                    3504.1715995 3904.77658  11.4%  1515 17035s
 13729  3613 3904.73186  337 4835 3504.17160 3904.73186  11.4%  1515 17042s
 13730  3614 3904.68426  421 4890 3504.17160 3904.68426  11.4%  1515 17052s
 13731  3614 3904.68157  116 4882 3504.17160 3904.68157  11.4%  1514 17079s
 13732  3615 3904.67961  204 4781 3504.17160 3904.67961  11.4%  1514 17134s
 13733  3616 3904.67961  253 4903 3504.17160 3904.67961  11.4%  1514 17163s
 13734  3616 3904.41707  103 4697 3504.17160 3904.41707  11.4%  1514 17224s
 13735  3617 3904.38799   71 4828 3504.17160 3904.38799  11.4%  1514 17231s
 13736  3618 3904.32724  343 4882 3504.17160 3904.32724  11.4%  1514 17239s
 13737  3618 3904.29007  293 4940 3504.17160 3904.29007  11.4%  1514 17247s
 13738  3619 3904.26911  219 5048 3504.17160 3904.26911  11.4%  1514 17254s
 13739  3620 3504.17160  680 4974 3504.17160 3904.19732  11.4%  1514 17262s
 13740  3620 3904.16548  243 4964 3504.17160 3904.16548  11.4%  1513 17268s
 13741  3621 3903.66097   80 4972 3504.17160 3903.66097  11.4%  1513 17277s
 13742  3622 3903.58987  266 5100 3504.17160 3903.58987  11.4%  1513 17284s
 13743  3622 3903.47985   41 5108 3504.17160 3903.47985  11.4%  1513 17293s
 13744  3623 3505.89299  850 5029 3504.17160 3903.47879  11.4%  1513 17323s
H13744  3428                    3504.2282311 3903.42064  11.4%  1513 17414s
 13746  3429 3903.42064   33 4919 3504.22823 3903.42064  11.4%  1513 17443s
H13746  3244                    3504.4330956 3903.33507  11.4%  1513 17541s
 13748  3246 3903.30313  136 4993 3504.43310 3903.30313  11.4%  1513 17550s
 13750  3247 3903.26995  360 5163 3504.43310 3903.26995  11.4%  1512 17560s
 13751  3248 3902.58159   47 5170 3504.43310 3902.58159  11.4%  1512 17573s
 13752  3248 3902.21593  265 5181 3504.43310 3902.21593  11.4%  1512 17581s
 13753  3249 3902.20969  446 5127 3504.43310 3902.20969  11.4%  1512 17606s
 13754  3250 3757.46094  575 4704 3504.43310 3901.87917  11.3%  1512 17698s
 13755  3250 3901.87184  615 4803 3504.43310 3901.87184  11.3%  1512 17725s
 13756  3251 3830.65294  508 4726 3504.43310 3901.65964  11.3%  1512 17806s
 13757  3252 3901.65610  578 4772 3504.43310 3901.65610  11.3%  1512 17833s
H13757  3075                    3504.4330960 3901.60936  11.3%  1512 17906s
 13759  3076 3901.60897  490 4749 3504.43310 3901.60897  11.3%  1511 17932s
 13760  3077 3901.53818  385 4746 3504.43310 3901.53818  11.3%  1511 17961s
 13761  3077 3901.53818   53 4746 3504.43310 3901.53818  11.3%  1511 17980s

Cutting planes:
  Gomory: 108
  Cover: 227
  Clique: 307
  MIR: 349
  StrongCG: 70
  Flow cover: 1125
  GUB cover: 89
  Zero half: 1058
  RLT: 7

Explored 13762 nodes (24375042 simplex iterations) in 18000.10 seconds
Thread count was 24 (of 48 available processors)

Solution count 10: 3504.43 3504.43 3504.23 ... 3491.27

Time limit reached
Best objective 3.504433095963e+03, best bound 3.901538181552e+03, gap 11.3315%
