
Gurobi 9.0.2 (linux64) logging started Sun May 24 21:07:24 2020

Changed value of parameter LogFile to gurobi_logs/2020-05-24_21:07:22-rproblem1_mode=optimality_no_sdp.log
   Prev:   Default: 
Parameter MIPFocus unchanged
   Value: 0  Min: 0  Max: 3  Default: 0
Parameter SolutionLimit unchanged
   Value: 2000000000  Min: 1  Max: 2000000000  Default: 2000000000
Parameter LogToConsole unchanged
   Value: 1  Min: 0  Max: 1  Default: 1
Changed value of parameter TimeLimit to 18000.0
   Prev: inf  Min: 0.0  Max: inf  Default: inf
Gurobi Optimizer version 9.0.2 build v9.0.2rc0 (linux64)
Optimize a model with 79116 rows, 51794 columns and 1406728 nonzeros
Model fingerprint: 0x97b2ec27
Variable types: 29 continuous, 51765 integer (42021 binary)
Coefficient statistics:
  Matrix range     [2e-02, 2e+02]
  Objective range  [2e-01, 1e+00]
  Bounds range     [1e+00, 1e+00]
  RHS range        [1e+00, 3e+02]
Presolve removed 67136 rows and 37760 columns
Presolve time: 1.43s
Presolved: 11980 rows, 14034 columns, 151173 nonzeros
Variable types: 1 continuous, 14033 integer (14022 binary)

Deterministic concurrent LP optimizer: primal and dual simplex
Showing first log only...

Concurrent spin time: 0.02s

Solved with dual simplex

Root relaxation: objective 2.720892e+03, 5469 iterations, 0.58 seconds

    Nodes    |    Current Node    |     Objective Bounds      |     Work
 Expl Unexpl |  Obj  Depth IntInf | Incumbent    BestBd   Gap | It/Node Time

     0     0 2720.89240    0  890          - 2720.89240      -     -    2s
     0     0 2719.64470    0 1092          - 2719.64470      -     -    3s
     0     0 2716.45956    0 1162          - 2716.45956      -     -    4s
     0     0 2714.43911    0 1230          - 2714.43911      -     -    5s
     0     0 2713.53999    0 1207          - 2713.53999      -     -    5s
     0     0 2713.42391    0 1216          - 2713.42391      -     -    5s
     0     0 2713.41335    0 1200          - 2713.41335      -     -    5s
     0     0 2713.41314    0 1189          - 2713.41314      -     -    5s
     0     0 2709.64595    0 1305          - 2709.64595      -     -    7s
     0     0 2705.75199    0 1451          - 2705.75199      -     -    8s
     0     0 2703.35363    0 1512          - 2703.35363      -     -    9s
     0     0 2702.98418    0 1608          - 2702.98418      -     -   10s
     0     0 2702.92162    0 1602          - 2702.92162      -     -   10s
     0     0 2702.91535    0 1600          - 2702.91535      -     -   10s
     0     0 2702.91514    0 1594          - 2702.91514      -     -   10s
     0     0 2689.29272    0 1517          - 2689.29272      -     -   13s
     0     0 2661.85680    0 1555          - 2661.85680      -     -   15s
     0     0 2655.43284    0 1628          - 2655.43284      -     -   15s
     0     0 2655.27185    0 1695          - 2655.27185      -     -   16s
     0     0 2655.25597    0 1737          - 2655.25597      -     -   16s
     0     0 2655.24768    0 1745          - 2655.24768      -     -   16s
     0     0 2621.17073    0 1597          - 2621.17073      -     -   19s
     0     0 2619.74717    0 1632          - 2619.74717      -     -   20s
     0     0 2619.41089    0 1723          - 2619.41089      -     -   21s
     0     0 2619.25322    0 1821          - 2619.25322      -     -   21s
     0     0 2619.19758    0 1771          - 2619.19758      -     -   22s
     0     0 2619.18760    0 1775          - 2619.18760      -     -   22s
     0     0 2613.68859    0 1647          - 2613.68859      -     -   24s
     0     0 2613.22129    0 1700          - 2613.22129      -     -   25s
     0     0 2613.17377    0 1757          - 2613.17377      -     -   25s
     0     0 2613.14732    0 1750          - 2613.14732      -     -   25s
     0     0 2611.56531    0 1590          - 2611.56531      -     -   27s
     0     0 2611.37706    0 1766          - 2611.37706      -     -   28s
H    0     0                    2058.6366103 2611.37706  26.8%     -   29s
     0     0 2611.35084    0 1739 2058.63661 2611.35084  26.8%     -   29s
     0     0 2610.87392    0 1706 2058.63661 2610.87392  26.8%     -   30s
H    0     0                    2099.0906457 2610.87392  24.4%     -   30s
     0     0 2610.80261    0 1772 2099.09065 2610.80261  24.4%     -   30s
     0     0 2610.78998    0 1795 2099.09065 2610.78998  24.4%     -   31s
     0     0 2610.56124    0 1836 2099.09065 2610.56124  24.4%     -   32s
H    0     0                    2178.8459136 2610.56124  19.8%     -   32s
     0     0 2610.54452    0 1842 2178.84591 2610.54452  19.8%     -   32s
     0     0 2610.42135    0 1880 2178.84591 2610.42135  19.8%     -   33s
     0     0 2610.42135    0 1858 2178.84591 2610.42135  19.8%     -   34s
H    0     0                    2179.0891568 2610.40626  19.8%     -   39s
H    0     0                    2186.5909534 2610.40626  19.4%     -   41s
     0     2 2610.40626    0 1853 2186.59095 2610.40626  19.4%     -   41s
    15    32 2610.39490    4 1914 2186.59095 2610.39547  19.4%   534   45s
H   34    56                    2186.8983789 2610.39444  19.4%   657   49s
H   38    56                    2186.8983888 2610.39444  19.4%   601   49s
H   43    56                    2238.0361381 2610.39444  16.6%   564   49s
    55    80 2610.39444    6 1891 2238.03614 2610.39444  16.6%   720   52s
H  103   128                    2279.5129225 2610.39444  14.5%   607   93s
H  105   128                    2313.3362266 2610.39444  12.8%   595   93s
H  106   128                    2355.9983560 2610.39444  10.8%   599   93s
H  119   128                    2429.0304023 2610.39444  7.47%   585   93s
   127   162 2610.27844    7 1920 2429.03040 2610.39444  7.47%   566   95s
   195   229 2610.36234    9 1922 2429.03040 2610.39400  7.47%   545  101s
   308   356 2610.27394   12 1903 2429.03040 2610.39400  7.47%   513  105s
   441   494 2610.04485   15 1843 2429.03040 2610.39400  7.47%   478  110s
H  495   542                    2447.4456916 2610.39400  6.66%   491  111s
   601   658 2609.74774   20 1782 2447.44569 2610.39400  6.66%   469  115s
   657   700 2609.85150   20 1819 2447.44569 2610.39400  6.66%   458  121s
   699   776 2609.21049   22 1816 2447.44569 2610.39400  6.66%   470  125s
   843   927 2608.82601   25 1716 2447.44569 2610.39400  6.66%   459  130s
  1009  1087 2608.64637   28 1644 2447.44569 2610.39400  6.66%   453  135s
  1366  1448 2608.03299   31 1591 2447.44569 2610.39400  6.66%   459  141s
  1561  1660 2607.71989   33 1586 2447.44569 2610.39400  6.66%   465  145s
  1939  2098 2606.61636   36 1468 2447.44569 2610.39400  6.66%   458  150s
  2660  2848 2605.67443   46 1520 2447.44569 2610.39400  6.66%   424  157s
  3130  3366 2605.59190   48 1434 2447.44569 2610.39400  6.66%   408  161s
  3681  3814 2604.04573   56 1409 2447.44569 2610.39400  6.66%   388  166s
  4128  4191 2602.52057   59 1484 2447.44569 2610.39400  6.66%   385  171s
  4318  4325 2601.61134   63 1455 2447.44569 2610.39400  6.66%   387  177s
  4613  4580 2600.63773   68 1406 2447.44569 2610.39400  6.66%   401  182s
  4916  4924 2596.41186   85 1183 2447.44569 2610.39400  6.66%   411  187s
  5291  5356 2592.07289  103 1157 2447.44569 2610.39400  6.66%   418  192s
  5528  5623 2593.68910  111 1012 2447.44569 2610.39400  6.66%   418  195s
  6107  6280 2583.97999  130  823 2447.44569 2610.39400  6.66%   417  203s
  6470  6708 2569.87784  155  661 2447.44569 2610.39400  6.66%   413  206s
  7407  7765 2537.74862  191  601 2447.44569 2610.39400  6.66%   400  213s
  7990  8262 2516.59499  221  453 2447.44569 2610.39400  6.66%   389  217s
H 8562  8654                    2448.2058983 2610.39400  6.62%   381  221s
H 8671  8638                    2450.1278155 2610.36204  6.54%   381  222s
H 8796  8598                    2451.9479832 2610.36204  6.46%   378  222s
H 8822  8502                    2457.0745897 2610.36204  6.24%   378  222s
H 8846  8499                    2457.2322674 2610.36204  6.23%   379  222s
H 8909  8478                    2458.7433139 2610.36204  6.17%   378  222s
H 8965  8430                    2461.0357725 2610.36204  6.07%   377  222s
H 9005  8426                    2461.1878013 2610.36204  6.06%   378  222s
H 9009  8150                    2471.0723446 2610.36204  5.64%   378  223s
  9010  8139 2549.50255   60 1858 2471.07234 2610.36204  5.64%   378  233s
H 9011  7733                    2481.0153812 2610.36204  5.21%   378  245s
H 9011  7346                    2481.1481059 2610.36204  5.21%   378  248s
  9012  7346 2607.26354    9 1769 2481.14811 2610.36204  5.21%   378  256s
H 9012  6978                    2481.3913491 2610.36204  5.20%   378  263s
H 9012  6629                    2482.1141338 2610.36204  5.17%   378  264s
  9014  6631 2604.75976   44 1601 2482.11413 2610.36204  5.17%   378  269s
  9015  6631 2606.83116   35 1499 2482.11413 2607.78504  5.06%   378  272s
  9019  6634 2564.46863  164 1459 2482.11413 2607.19839  5.04%   377  281s
H 9019  6303                    2483.3464849 2607.19839  4.99%   377  286s
H 9019  5987                    2484.0671068 2607.19839  4.96%   377  286s
H 9019  5688                    2486.9335004 2606.36047  4.80%   377  286s
H 9019  5403                    2486.9530852 2604.04477  4.71%   377  291s
  9023  5406 2538.36159  178 1496 2486.95309 2603.84022  4.70%   377  296s
  9024  5406 2547.30213  150 1596 2486.95309 2601.26554  4.60%   377  303s
  9025  5407 2548.25139  164 1519 2486.95309 2600.63119  4.57%   377  305s
H 9029  5139                    2490.4725447 2597.99526  4.32%   377  319s
  9031  5140 2596.91796   12 1496 2490.47254 2596.91796  4.27%   377  321s
  9035  5143 2596.14857   21 1483 2490.47254 2596.73098  4.27%   377  329s
  9036  5143 2584.81843  104 1437 2490.47254 2596.71876  4.27%   377  330s
H 9037  4887                    2532.9679701 2596.46708  2.51%   377  342s
  9041  4890 2593.47171   91 1464 2532.96797 2596.43831  2.51%   377  346s
  9043  4891 2536.39792  197 1537 2532.96797 2596.23900  2.50%   376  350s
H 9045  4646                    2533.1916286 2596.18535  2.49%   376  359s
  9050  4650 2580.67513   26 1516 2533.19163 2596.17825  2.49%   376  362s
  9051  4650 2596.11666   11 1468 2533.19163 2596.11666  2.48%   376  366s
  9054  4652 2596.11131   49 1467 2533.19163 2596.11131  2.48%   376  370s
H 9054  4419                    2545.2233882 2596.01271  2.00%   376  376s
  9059  4423 2545.22339  250 1242 2545.22339 2595.80454  1.99%   376  383s
  9063  4425 2595.78298   92 1296 2545.22339 2595.78298  1.99%   376  386s
H 9063  4203                    2547.1394243 2595.56662  1.90%   376  394s
  9067  4206 2595.54209   22 1461 2547.13942 2595.54209  1.90%   375  398s
  9068  4207 2547.13942  189 1473 2547.13942 2595.40993  1.90%   375  401s
  9071  4209 2547.13942  193 1494 2547.13942 2595.37020  1.89%   375  405s
  9075  4211 2591.62737  103 1477 2547.13942 2595.15149  1.88%   375  410s
  9077  4213 2572.96110  148 1486 2547.13942 2595.08377  1.88%   375  417s
  9080  4215 2547.13942  165 1503 2547.13942 2595.06796  1.88%   375  421s
H 9080  4003                    2547.3256607 2594.92866  1.87%   375  443s
  9085  4006 2570.24200  151 1553 2547.32566 2594.91145  1.87%   375  447s
  9086  4007 2569.26601  158 1537 2547.32566 2594.88958  1.87%   375  450s
  9089  4009 2565.81915  105 1511 2547.32566 2594.87344  1.87%   375  456s
  9092  4011 2550.36426   61 1512 2547.32566 2594.87213  1.87%   374  461s
  9094  4012 2594.81275   35 1513 2547.32566 2594.81275  1.86%   374  467s
  9097  4014 2594.80452   65 1574 2547.32566 2594.80452  1.86%   374  470s
  9099  4015 2577.42037  134 1561 2547.32566 2594.79908  1.86%   374  475s
  9100  4016 2582.53514  126 1564 2547.32566 2594.79908  1.86%   374  481s
  9102  4017 2562.81651  151 1526 2547.32566 2594.79894  1.86%   374  486s
  9104  4019 2594.79894   93 1522 2547.32566 2594.79894  1.86%   374  492s
  9105  4019 2590.58413  105 1528 2547.32566 2594.77096  1.86%   374  495s
  9108  4021 2594.75569   71 1500 2547.32566 2594.75569  1.86%   374  502s
  9111  4023 2547.32566  229 1449 2547.32566 2594.75026  1.86%   374  507s
  9113  4025 2584.39264   99 1453 2547.32566 2594.73587  1.86%   374  512s
  9115  4026 2594.73515   35 1451 2547.32566 2594.73515  1.86%   373  515s
  9118  4028 2581.90514   56 1479 2547.32566 2594.71478  1.86%   373  520s
  9119  4029 2564.46863  164 1478 2547.32566 2594.71478  1.86%   373  525s
H 9122  3828                    2553.0690406 2594.61690  1.63%   373  531s
  9126  3830 2553.06904  171 1470 2553.06904 2594.61185  1.63%   373  535s
  9128  3832 2553.06904  281 1467 2553.06904 2594.61153  1.63%   373  540s
  9130  3833 2553.06904  251 1468 2553.06904 2594.61115  1.63%   373  545s
  9132  3834 2594.57329   10 1431 2553.06904 2594.57329  1.63%   373  550s
  9134  3836 2594.57220   58 1438 2553.06904 2594.57220  1.63%   373  555s
  9137  3838 2553.06904  229 1439 2553.06904 2594.56743  1.63%   373  561s
  9139  3839 2594.56477   52 1442 2553.06904 2594.56477  1.63%   372  566s
  9142  3842 2571.39744   41 1858 2553.06904 2594.56477  1.63%   383  573s
H 9143  3650                    2553.1277950 2594.56477  1.62%   383  583s
  9144  3650 2594.56477   44 1732 2553.12779 2594.56477  1.62%   383  586s
H 9144  3468                    2553.3514534 2594.56477  1.61%   383  593s
  9146  3470 2594.56477   40 1590 2553.35145 2594.56477  1.61%   383  598s
  9147  3470 2553.35145  142 1574 2553.35145 2594.56477  1.61%   383  603s
  9148  3471 2583.56572   13 1469 2553.35145 2594.56477  1.61%   383  607s
  9154  3475 2594.56477   49 1435 2553.35145 2594.56477  1.61%   382  612s
  9158  3478 2575.16557  140 1449 2553.35145 2594.55846  1.61%   382  616s
H 9158  3304                    2553.3540487 2594.55175  1.61%   382  619s
  9161  3306 2556.21920  152 1493 2553.35405 2594.55131  1.61%   382  621s
  9163  3307 2594.54886   92 1486 2553.35405 2594.54886  1.61%   382  625s
  9164  3308 2569.75319  110 1486 2553.35405 2594.54886  1.61%   382  631s
  9166  3309 2562.08298  143 1493 2553.35405 2594.54792  1.61%   382  636s
  9167  3310 2594.54183   22 1441 2553.35405 2594.54183  1.61%   382  641s
  9169  3311 2594.51927   14 1433 2553.35405 2594.51927  1.61%   382  645s
  9172  3313 2594.51825   29 1432 2553.35405 2594.51825  1.61%   382  650s
  9175  3315 2591.62737  103 1437 2553.35405 2594.51201  1.61%   381  656s
  9177  3316 2572.96110  148 1429 2553.35405 2594.51118  1.61%   381  660s
  9179  3318 2592.42381   24 1433 2553.35405 2594.50930  1.61%   381  665s
H 9179  3151                    2553.3736335 2594.50275  1.61%   381  670s
H 9182  2995                    2563.9841233 2594.50218  1.19%   381  674s
  9183  2995 2594.49536   35 1374 2563.98412 2594.49536  1.19%   381  677s
  9187  2998 2594.47347   51 1467 2563.98412 2594.47347  1.19%   381  681s
  9190  3000 2594.46985   15 1355 2563.98412 2594.46985  1.19%   381  686s
  9193  3002 2579.93646   51 1473 2563.98412 2594.43585  1.19%   381  690s
  9196  3004 2574.56712   94 1493 2563.98412 2594.43284  1.19%   381  695s
  9199  3006 2577.42037  134 1480 2563.98412 2594.43144  1.19%   380  703s
  9200  3007 2582.53514  126 1480 2563.98412 2594.43144  1.19%   380  705s
H 9200  2855                    2566.5506292 2594.42971  1.09%   380  740s
  9208  2869 2594.29729   26 1389 2566.55063 2594.38021  1.08%   387  745s
H 9256  2774                    2566.5684664 2594.24703  1.08%   391  752s
H 9257  2637                    2566.5987235 2594.24703  1.08%   391  752s
H 9258  2506                    2566.6696669 2594.24703  1.07%   391  752s
H 9261  2382                    2567.4275800 2594.24703  1.04%   391  752s
H 9263  2265                    2567.5585572 2594.24703  1.04%   391  752s
H 9267  2152                    2567.7591302 2594.24703  1.03%   392  752s
  9304  2188 2593.86714   30 1474 2567.75913 2594.24703  1.03%   394  755s
  9390  2249 2593.77859   31 1478 2567.75913 2594.24703  1.03%   398  760s
  9520  2339 2593.70020   33 1510 2567.75913 2594.24703  1.03%   405  766s
  9582  2373 2593.60620   34 1490 2567.75913 2594.24703  1.03%   409  776s
H 9584  2267                    2567.8183895 2594.24703  1.03%   409  776s
H 9599  2161                    2567.8250166 2594.24703  1.03%   410  776s
H 9602  2065                    2567.9146342 2594.24703  1.03%   410  776s
  9680  2158 2593.48679   36 1426 2567.91463 2594.24703  1.03%   414  781s
  9819  2256 2593.34417   39 1350 2567.91463 2594.24703  1.03%   421  785s
  9978  2365 2592.95813   42 1290 2567.91463 2594.24703  1.03%   428  790s
 10169  2495 2592.81161   45 1328 2567.91463 2594.24703  1.03%   438  796s
H10240  2405                    2568.1885781 2594.24703  1.01%   441  823s
H10242  2318                    2568.2760113 2594.24703  1.01%   442  823s
H10249  2235                    2568.3656210 2594.24703  1.01%   443  823s
H10257  2154                    2571.2832593 2594.24703  0.89%   443  823s
 10265  2210 2592.08626   46 1268 2571.28326 2594.24703  0.89%   444  825s
 10516  2374 2592.22273   49 1295 2571.28326 2594.24703  0.89%   455  831s
 10729  2464 2591.83033   52 1208 2571.28326 2594.24703  0.89%   461  836s
 10943  2546 2591.74326   55 1272 2571.28326 2594.24703  0.89%   468  841s
 11141  2671 2590.42572   58 1071 2571.28326 2594.24703  0.89%   476  846s
 11348  2818 2590.75601   61 1061 2571.28326 2594.24703  0.89%   484  852s
 11603  3011 2590.39302   65 1118 2571.28326 2594.24703  0.89%   492  857s
 11739  3132 2589.81986   66 1155 2571.28326 2594.24703  0.89%   497  860s
H11908  3033                    2571.6831810 2594.24703  0.88%   500  871s
H11909  2911                    2574.2668498 2594.24703  0.78%   500  871s
H11910  2492                    2583.3283448 2594.24703  0.42%   500  871s
 12143  2591 2589.36463   72 1090 2583.32834 2594.24703  0.42%   506  877s
 12300  2667 2589.01276   74 1026 2583.32834 2594.24703  0.42%   514  880s
 12617  2825 2587.76318   81  948 2583.32834 2594.24703  0.42%   529  887s
 12795  2893     cutoff   86      2583.32834 2594.15104  0.42%   536  891s
 12979  2975 2593.52716   30 1070 2583.32834 2594.15104  0.42%   543  895s
 13323  3297 2592.77346   34 1095 2583.32834 2594.15104  0.42%   559  903s
 13510  3493 2592.55814   37  873 2583.32834 2594.15104  0.42%   566  907s
 13747  3679 2592.33373   41  991 2583.32834 2594.15104  0.42%   572  961s
H13882  3473                    2584.5194289 2594.15104  0.37%   575  961s
 14004  3619 2591.41954   45  553 2584.51943 2594.15104  0.37%   579  966s
H14244  3015                    2587.0322754 2594.15104  0.28%   588  975s
 14245  2992 2589.03568   43 1858 2587.03228 2594.15104  0.28%   588  992s
 14247  2993 2590.98750   42 1666 2587.03228 2594.15104  0.28%   588 1002s
 14248  2994 2592.67295   40 1568 2587.03228 2594.15104  0.28%   588 1008s
 14249  2995 2592.95759   46 1215 2587.03228 2594.15104  0.28%   588 1013s
 14250  2995 2593.60955   35 1364 2587.03228 2594.15104  0.28%   587 1015s
 14255  2999 2590.49357   51 1221 2587.03228 2594.15104  0.28%   587 1020s
 14259  3001 2591.82913   37 1089 2587.03228 2594.15104  0.28%   587 1025s
 14264  3005 2589.47911   45 1220 2587.03228 2594.08808  0.27%   587 1030s
 14267  3007 2592.08831   62 1166 2587.03228 2594.03890  0.27%   587 1035s
 14271  3009 2592.80044   41 1196 2587.03228 2593.93403  0.27%   587 1041s
 14275  3012 2592.70346   40 1251 2587.03228 2593.88980  0.27%   586 1046s
 14280  3015 2592.14148   55 1224 2587.03228 2593.75709  0.26%   586 1052s
H14282  2865                    2587.2484269 2593.73044  0.25%   586 1056s
 14286  2867 2593.69191   31 1189 2587.24843 2593.69191  0.25%   586 1063s
 14289  2869 2590.66262   44 1236 2587.24843 2593.63771  0.25%   586 1066s
 14294  2873 2591.44787   45 1184 2587.24843 2593.56942  0.24%   586 1070s
 14298  2875 2588.05527   89 1212 2587.24843 2593.55935  0.24%   586 1075s
 14301  2877 2589.58833   47 1219 2587.24843 2593.55935  0.24%   585 1080s
 14306  2881 2587.41045   59 1234 2587.24843 2593.51852  0.24%   585 1085s
 14311  2884 2592.13379   42 1212 2587.24843 2593.50976  0.24%   585 1090s
H14311  2739                    2587.2489559 2593.50372  0.24%   585 1094s
 14314  2741 2593.16919   36 1249 2587.24896 2593.49544  0.24%   585 1095s
 14317  2743 2587.70013   49 1240 2587.24896 2593.49534  0.24%   585 1100s
 14321  2746 2591.68003   45 1246 2587.24896 2593.49534  0.24%   585 1105s
 14323  2747 2589.23388   57 1246 2587.24896 2593.49534  0.24%   584 1113s
 14324  2748 2591.73469   30 1246 2587.24896 2593.49534  0.24%   584 1115s
H14324  2609                    2587.2667931 2593.44556  0.24%   584 1121s
 14328  2612 2588.23934   61 1652 2587.26679 2593.44556  0.24%   588 1133s
 14329  2613 2592.30972   39 1545 2587.26679 2593.44556  0.24%   588 1139s
 14330  2614 2589.61027   59 1265 2587.26679 2593.44556  0.24%   588 1142s
 14331  2614 2588.52505   55 1377 2587.26679 2593.44556  0.24%   588 1145s
 14338  2619 2592.31952   36 1158 2587.26679 2593.44556  0.24%   588 1151s
 14342  2622 2588.07203   65 1161 2587.26679 2593.44556  0.24%   588 1155s
H14344  2491                    2587.3144070 2593.44556  0.24%   588 1159s
 14346  2492 2592.18084   44 1179 2587.31441 2593.44556  0.24%   587 1160s
 14350  2495 2593.44556   35 1194 2587.31441 2593.44556  0.24%   587 1169s
 14351  2496 2588.05922   48 1194 2587.31441 2593.44556  0.24%   587 1171s
 14353  2500 2593.40236   47 1191 2587.31441 2593.40236  0.24%   590 1235s
 14355  2503 2593.22829   48 1220 2587.31441 2593.32865  0.23%   590 1301s
 14359  2510 2593.06220   49 1265 2587.31441 2593.20998  0.23%   590 1364s
 14367  2523 2592.95406   50 1263 2587.31441 2593.16347  0.23%   591 1373s
 14383  2542 2592.19196   51 1124 2587.31441 2593.13783  0.23%   591 1378s
H14386  2416                    2587.6220181 2593.13782  0.21%   591 1379s
H14389  2296                    2587.6650557 2593.13782  0.21%   591 1379s
 14407  2314 2592.16504   52 1056 2587.66506 2593.06727  0.21%   592 1382s
 14455  2345 2592.07783   53 1128 2587.66506 2593.00751  0.21%   594 1394s
H14456  2232                    2587.7566399 2593.00751  0.20%   594 1394s
H14462  2122                    2587.7579479 2593.00751  0.20%   594 1394s
H14465  2019                    2587.7809816 2593.00751  0.20%   594 1394s
 14479  2051 2591.29711   53 1198 2587.78098 2593.00751  0.20%   594 1396s
 14595  2127 2591.51699   56 1157 2587.78098 2593.00751  0.20%   596 1400s
 14732  2205 2591.34803   59 1142 2587.78098 2593.00751  0.20%   597 1405s
 14974  2356 2591.25198   63 1171 2587.78098 2593.00751  0.20%   603 1410s
 15233  2455 2590.95238   66  947 2587.78098 2593.00751  0.20%   606 1415s
 15559  2516 2589.73305   69 1016 2587.78098 2593.00751  0.20%   609 1420s
 15964  2735 2587.90462   73  965 2587.78098 2593.00751  0.20%   616 1426s
 16410  2925     cutoff   80      2587.78098 2593.00751  0.20%   617 1431s
 16704  2986     cutoff   74      2587.78098 2592.90635  0.20%   620 1457s
 16837  3029 2592.29859   54 1110 2587.78098 2592.87921  0.20%   623 1460s
 17171  3138 2591.02789   61  980 2587.78098 2592.87921  0.20%   634 1471s
H17181  3036                    2587.7851806 2592.87921  0.20%   635 1471s
 17384  3212 2590.31868   64  981 2587.78518 2592.87921  0.20%   639 1476s
 17715  3384 2588.77147   69  908 2587.78518 2592.87921  0.20%   645 1481s
 17906  3332 2588.49259   71 1010 2587.78518 2592.87921  0.20%   649 1486s
 18128  3483 2588.03210   74  529 2587.78518 2592.80936  0.19%   653 1491s
 18552  3669 2591.13384   62  747 2587.78518 2592.80750  0.19%   659 1497s
 18770  3750 2590.34279   73 1140 2587.78518 2592.80750  0.19%   662 1500s
 19227  3947 2588.55108  101  779 2587.78518 2592.64777  0.19%   666 1506s
 19778  4144 2590.74522   67  893 2587.78518 2592.64777  0.19%   671 1513s
 20051  4370 2589.49534   80  629 2587.78518 2592.41713  0.18%   674 1516s
 20384  4638 2591.74397   55 1251 2587.78518 2592.41713  0.18%   676 1520s
 20749  4872 2590.53389   64 1166 2587.78518 2592.41713  0.18%   679 1525s
 21345  5242 2591.40127   56 1047 2587.78518 2592.22412  0.17%   688 1533s
 21622  5444 2591.17713   59 1016 2587.78518 2592.22412  0.17%   695 1589s
 21961  5521 2590.24808   64 1096 2587.78518 2592.22412  0.17%   699 1609s
H22044  5517                    2587.8123261 2592.22412  0.17%   699 1609s
 22126  5578 2589.76678   64  783 2587.81233 2592.22412  0.17%   701 1616s
 22215  5833 2590.12519   65 1092 2587.81233 2592.22412  0.17%   702 1620s
 22631  6060 2588.27725   73  864 2587.81233 2592.12103  0.17%   709 1626s
 22976  6346 2591.16131   55 1110 2587.81233 2592.06258  0.16%   717 1633s
 23526  6635 2590.37672   60 1224 2587.81233 2592.06258  0.16%   725 1639s
 24093  7139     cutoff   70      2587.81233 2591.96626  0.16%   729 1647s
 24768  7807 2589.76308   83  948 2587.81233 2591.94032  0.16%   734 1655s
 25674  8442 2590.80615   58 1205 2587.81233 2591.91062  0.16%   737 1667s
 26559  9058 2590.61532   64  812 2587.81233 2591.87138  0.16%   740 1676s
 27526  9307 2590.23666   74 1000 2587.81233 2591.81874  0.15%   742 1686s
 27835  9816 2588.98150   86  792 2587.81233 2591.81783  0.15%   744 1696s
 28743 10298 2590.53448   63 1206 2587.81233 2591.80666  0.15%   752 1707s
 29630 10898 2590.49507   63  898 2587.81233 2591.74991  0.15%   761 1718s
 30686 11643 2590.09029   72  957 2587.81233 2591.73565  0.15%   762 1730s
*31699 11378             272    2588.0446832 2591.72311  0.14%   764 1730s
 31808 11741 2590.90740   65  969 2588.04468 2591.71679  0.14%   764 1742s
 32790 12270 2591.23071   74  764 2588.04468 2591.67191  0.14%   771 1757s
 34015 13316 2588.94425   72  737 2588.04468 2591.64577  0.14%   778 1771s
H34707  9707                    2589.1012870 2591.62944  0.10%   775 1771s
 35580  9473     cutoff   67      2589.10129 2591.62477  0.10%   778 1795s
 35802 10103 2590.54216   57 1117 2589.10129 2591.59227  0.10%   778 1811s
 37098 10667 2590.53615   66 1081 2589.10129 2591.55750  0.09%   787 1827s
 38541 11306     cutoff   62      2589.10129 2591.50251  0.09%   793 1845s
 40187 11825 2589.21714   66  738 2589.10129 2591.44915  0.09%   799 1864s
 41733 12135     cutoff   75      2589.10129 2591.40310  0.09%   808 1883s
 42726 12656 2590.55049   68  992 2589.10129 2591.37486  0.09%   812 1906s
 44538 13129 2590.09570   67  742 2589.10129 2591.31390  0.09%   822 1930s
 46435 13657 2589.35342   68  819 2589.10129 2591.25799  0.08%   834 1957s
 48726 14132 2589.86586   66  768 2589.10129 2591.20740  0.08%   843 1984s
 51019 14140     cutoff   72      2589.10129 2591.15875  0.08%   853 2263s
 51095 14723 2589.80584   59 1228 2589.10129 2591.15770  0.08%   854 2294s
 53668 15338 2589.39665   68 1052 2589.10129 2591.09564  0.08%   863 2327s
 56474 15748 2589.86218   70  837 2589.10129 2591.03868  0.07%   873 2362s
 59174 16273     cutoff   62      2589.10129 2590.96805  0.07%   885 2398s
 62163 16650 2589.19535   67  858 2589.10129 2590.91112  0.07%   897 2436s
 65160 16967 2590.06394   63  815 2589.10129 2590.85842  0.07%   907 2476s
 68266 17335     cutoff   60      2589.10129 2590.79344  0.07%   916 2518s
 71618 17620 2590.07580   62  822 2589.10129 2590.73543  0.06%   925 2562s
 74428 17992 2589.55835   72  388 2589.10129 2590.68797  0.06%   931 2608s
 78289 18309 2589.36670   67 1046 2589.10129 2590.62644  0.06%   939 2656s
 82146 18511     cutoff   66      2589.10129 2590.57132  0.06%   945 2701s
 85964 18733 2589.41174   58 1163 2589.10129 2590.51685  0.05%   950 2744s
 89776 18748 2589.11645   67 1059 2589.10129 2590.45457  0.05%   953 2787s
 93342 18877 2589.33761   73  190 2589.10129 2590.40498  0.05%   958 2830s
 97171 18823 2589.83318   65 1095 2589.10129 2590.36173  0.05%   960 2871s
 100765 18676 2589.20385   65  928 2589.10129 2590.31749  0.05%   964 2913s
 104396 18542 2589.14305   64  934 2589.10129 2590.27522  0.05%   966 2957s
 107170 18343     cutoff   62      2589.10129 2590.24420  0.04%   968 3001s
 111060 18090     cutoff   67      2589.10129 2590.19583  0.04%   970 3044s
 114768 17684     cutoff   65      2589.10129 2590.15213  0.04%   972 3086s
 118425 17173 2589.27299   59 1177 2589.10129 2590.10066  0.04%   974 3128s
 122115 16551 2589.23001   71 1121 2589.10129 2590.05927  0.04%   975 3170s
 125888 15874 2589.10681   68  849 2589.10129 2590.01064  0.04%   976 3212s
 129515 15131 2589.13382   59  946 2589.10129 2589.96923  0.03%   977 3252s
 133269 14192 2589.40110   68  989 2589.10129 2589.92487  0.03%   978 3293s
 136835 13813     cutoff   62      2589.10129 2589.87254  0.03%   979 3344s
 138247 12750     cutoff   57      2589.10129 2589.86708  0.03%   980 3390s
 142461 11561 2589.40529   66  998 2589.10129 2589.80889  0.03%   977 3432s
 146468 10152     cutoff   64      2589.10129 2589.76079  0.03%   975 3475s
 150516  8567 2589.24072   69   60 2589.10129 2589.71245  0.02%   973 3518s
 154494  6785     cutoff   65      2589.10129 2589.64936  0.02%   971 3558s
 158138  4829 2589.38865   62  997 2589.10129 2589.57759  0.02%   968 3595s
 161423  2680     cutoff   70      2589.10129 2589.49704  0.02%   964 3619s
 164391 13790     cutoff   69      2589.10129 2589.37505  0.01%   959 3643s

Cutting planes:
  Gomory: 23
  Cover: 286
  Implied bound: 1
  Clique: 85
  MIR: 176
  StrongCG: 97
  Flow cover: 229
  GUB cover: 7
  Inf proof: 11
  Zero half: 226
  Mod-K: 1
  RLT: 18

Explored 188415 nodes (158808829 simplex iterations) in 3643.56 seconds
Thread count was 24 (of 48 available processors)

Solution count 10: 2589.1 2588.04 2587.81 ... 2587.31

Optimal solution found (tolerance 1.00e-04)
Best objective 2.589101287003e+03, best bound 2.589159533570e+03, gap 0.0022%
