
Gurobi 9.0.2 (linux64) logging started Mon May 25 08:37:00 2020

Changed value of parameter LogFile to gurobi_logs/2020-05-25_08:36:53-rproblem9_mode=optimality_sdp_reduce.log
   Prev:   Default: 
Parameter MIPFocus unchanged
   Value: 0  Min: 0  Max: 3  Default: 0
Parameter SolutionLimit unchanged
   Value: 2000000000  Min: 1  Max: 2000000000  Default: 2000000000
Parameter LogToConsole unchanged
   Value: 1  Min: 0  Max: 1  Default: 1
Changed value of parameter TimeLimit to 18000.0
   Prev: inf  Min: 0.0  Max: inf  Default: inf
Gurobi Optimizer version 9.0.2 build v9.0.2rc0 (linux64)
Optimize a model with 16776 rows, 17616 columns and 53628 nonzeros
Model fingerprint: 0x9263e242
Variable types: 312 continuous, 17304 integer (840 binary)
Coefficient statistics:
  Matrix range     [2e-01, 1e+03]
  Objective range  [2e-01, 5e+00]
  Bounds range     [1e+00, 1e+00]
  RHS range        [1e+00, 6e+00]
Presolve removed 16773 rows and 17611 columns
Presolve time: 0.03s
Presolved: 3 rows, 5 columns, 8 nonzeros
Variable types: 0 continuous, 5 integer (4 binary)
Found heuristic solution: objective 1314.0000000

Explored 0 nodes (0 simplex iterations) in 0.04 seconds
Thread count was 24 (of 48 available processors)

Solution count 1: 1314 

Optimal solution found (tolerance 1.00e-04)
Best objective 1.314000000000e+03, best bound 1.314000000000e+03, gap 0.0000%

Gurobi 9.0.2 (linux64) logging started Mon May 25 08:37:06 2020

Changed value of parameter LogFile to gurobi_logs/2020-05-25_08:36:53-rproblem9_mode=optimality_sdp_reduce.log
   Prev:   Default: 
Parameter MIPFocus unchanged
   Value: 0  Min: 0  Max: 3  Default: 0
Parameter SolutionLimit unchanged
   Value: 2000000000  Min: 1  Max: 2000000000  Default: 2000000000
Parameter LogToConsole unchanged
   Value: 1  Min: 0  Max: 1  Default: 1
Changed value of parameter TimeLimit to 18000.0
   Prev: inf  Min: 0.0  Max: inf  Default: inf
Gurobi Optimizer version 9.0.2 build v9.0.2rc0 (linux64)
Optimize a model with 252648 rows, 162128 columns and 6349086 nonzeros
Model fingerprint: 0x44ce84e3
Variable types: 56 continuous, 162072 integer (146448 binary)
Coefficient statistics:
  Matrix range     [2e-02, 2e+02]
  Objective range  [2e-01, 2e+00]
  Bounds range     [1e+00, 1e+00]
  RHS range        [1e+00, 4e+02]
Presolve removed 191712 rows and 102967 columns (presolve time = 5s) ...
Presolve removed 199146 rows and 103087 columns (presolve time = 10s) ...
Presolve removed 199146 rows and 103087 columns (presolve time = 15s) ...
Presolve removed 199355 rows and 103296 columns (presolve time = 20s) ...
Presolve removed 199139 rows and 103080 columns
Presolve time: 21.85s
Presolved: 53509 rows, 59048 columns, 722795 nonzeros
Variable types: 1 continuous, 59047 integer (59029 binary)

Deterministic concurrent LP optimizer: primal and dual simplex
Showing first log only...


Root simplex log...

Iteration    Objective       Primal Inf.    Dual Inf.      Time
       0    7.8775891e+03   2.153125e+03   4.434159e+09     24s
   11916    7.7546557e+03   5.894921e+01   5.025200e+09     25s
   15633   -4.5785504e+04   0.000000e+00   5.453175e+04     26s
   33582    6.9928338e+03   0.000000e+00   8.883464e+04     30s
   42573    7.8060952e+03   0.000000e+00   7.777927e+04     35s
   49728    7.8894247e+03   0.000000e+00   1.837214e+03     40s
   54318    7.9079571e+03   0.000000e+00   1.150205e+04     45s
   58098    7.9190109e+03   0.000000e+00   6.359993e+02     50s
   61608    7.9253765e+03   0.000000e+00   1.722900e+03     55s
   65113    7.9296123e+03   0.000000e+00   3.074219e+02     60s
   68488    7.9316741e+03   0.000000e+00   5.862309e+03     65s
   71863    7.9324643e+03   0.000000e+00   4.762233e+01     70s
   75098    7.9327384e+03   0.000000e+00   2.027592e+01     75s
   75578    7.9327396e+03   0.000000e+00   0.000000e+00     76s
Concurrent spin time: 0.00s

Solved with primal simplex

Root relaxation: objective 7.932740e+03, 75578 iterations, 52.39 seconds
Total elapsed time = 86.16s
Total elapsed time = 98.53s
Total elapsed time = 109.99s
Total elapsed time = 119.48s

    Nodes    |    Current Node    |     Objective Bounds      |     Work
 Expl Unexpl |  Obj  Depth IntInf | Incumbent    BestBd   Gap | It/Node Time

     0     0 7932.73965    0 3328          - 7932.73965      -     -  130s
     0     0 7932.68800    0 4672          - 7932.68800      -     -  148s
     0     0 7931.30015    0 5174          - 7931.30015      -     -  170s
     0     0 7928.94611    0 5680          - 7928.94611      -     -  205s
     0     0 7928.64392    0 5810          - 7928.64392      -     -  223s
     0     0 7928.58952    0 5639          - 7928.58952      -     -  233s
     0     0 7928.58750    0 5587          - 7928.58750      -     -  236s
     0     0 7928.58750    0 5498          - 7928.58750      -     -  236s
     0     0 7927.89752    0 5977          - 7927.89752      -     -  253s
     0     0 7925.22493    0 6082          - 7925.22493      -     -  271s
     0     0 7924.07222    0 6345          - 7924.07222      -     -  289s
     0     0 7923.52438    0 6253          - 7923.52438      -     -  306s
     0     0 7923.43883    0 6220          - 7923.43883      -     -  315s
     0     0 7923.43618    0 6224          - 7923.43618      -     -  319s
     0     0 7923.43617    0 6160          - 7923.43617      -     -  322s
     0     0 7923.06853    0 6420          - 7923.06853      -     -  345s
     0     0 7920.79071    0 6576          - 7920.79071      -     -  368s
     0     0 7918.45169    0 6651          - 7918.45169      -     -  403s
     0     0 7917.03075    0 6665          - 7917.03075      -     -  428s
     0     0 7916.76505    0 6731          - 7916.76505      -     -  449s
     0     0 7916.71568    0 6798          - 7916.71568      -     -  459s
     0     0 7916.71512    0 6693          - 7916.71512      -     -  464s
     0     0 7916.27477    0 6678          - 7916.27477      -     -  498s
     0     0 7913.58681    0 6911          - 7913.58681      -     -  535s
     0     0 7911.92465    0 7039          - 7911.92465      -     -  575s
     0     0 7911.12868    0 7227          - 7911.12868      -     -  603s
     0     0 7911.01230    0 7151          - 7911.01230      -     -  627s
     0     0 7910.99097    0 7190          - 7910.99097      -     -  639s
     0     0 7910.98337    0 7123          - 7910.98337      -     -  650s
     0     0 7910.98337    0 7105          - 7910.98337      -     -  657s
     0     0 7909.75968    0 7402          - 7909.75968      -     -  684s
     0     0 7908.46652    0 7373          - 7908.46652      -     -  712s
     0     0 7907.84307    0 7504          - 7907.84307      -     -  732s
     0     0 7907.67756    0 7399          - 7907.67756      -     -  752s
     0     0 7907.61799    0 7443          - 7907.61799      -     -  770s
     0     0 7907.61022    0 7525          - 7907.61022      -     -  792s
     0     0 7907.60894    0 7548          - 7907.60894      -     -  804s
     0     0 7906.47244    0 7686          - 7906.47244      -     -  843s
     0     0 7905.05705    0 7648          - 7905.05705      -     -  878s
     0     0 7904.70557    0 7630          - 7904.70557      -     -  907s
     0     0 7904.55954    0 7710          - 7904.55954      -     -  931s
     0     0 7904.53024    0 7705          - 7904.53024      -     -  950s
     0     0 7904.50905    0 7822          - 7904.50905      -     -  964s
     0     0 7904.48745    0 7787          - 7904.48745      -     -  976s
     0     0 7904.48284    0 7751          - 7904.48284      -     -  986s
     0     0 7902.89189    0 7675          - 7902.89189      -     - 1017s
     0     0 7902.39602    0 7714          - 7902.39602      -     - 1041s
     0     0 7902.27974    0 7887          - 7902.27974      -     - 1068s
     0     0 7902.20000    0 7800          - 7902.20000      -     - 1092s
     0     0 7902.18591    0 7827          - 7902.18591      -     - 1111s
     0     0 7902.17625    0 7926          - 7902.17625      -     - 1124s
     0     0 7902.17255    0 7833          - 7902.17255      -     - 1135s
     0     0 7900.81258    0 7677          - 7900.81258      -     - 1170s
     0     0 7900.39050    0 7700          - 7900.39050      -     - 1195s
     0     0 7900.08398    0 7754          - 7900.08398      -     - 1226s
     0     0 7899.94948    0 7876          - 7899.94948      -     - 1256s
     0     0 7899.91851    0 7877          - 7899.91851      -     - 1276s
     0     0 7899.91216    0 7842          - 7899.91216      -     - 1290s
     0     0 7898.38114    0 7687          - 7898.38114      -     - 1323s
     0     0 7897.91302    0 7706          - 7897.91302      -     - 1349s
     0     0 7897.72661    0 7949          - 7897.72661      -     - 1376s
     0     0 7897.63477    0 7928          - 7897.63477      -     - 1399s
     0     0 7897.59245    0 8017          - 7897.59245      -     - 1410s
     0     0 7897.58459    0 8028          - 7897.58459      -     - 1423s
     0     0 7896.40625    0 8010          - 7896.40625      -     - 1458s
     0     0 7896.11784    0 8216          - 7896.11784      -     - 1482s
     0     0 7896.01340    0 8224          - 7896.01340      -     - 1500s
     0     0 7895.94907    0 8214          - 7895.94907      -     - 1517s
     0     0 7895.92706    0 8317          - 7895.92706      -     - 1531s
     0     0 7895.92148    0 8296          - 7895.92148      -     - 1547s
     0     0 7894.44254    0 8143          - 7894.44254      -     - 1579s
     0     0 7894.13819    0 8185          - 7894.13819      -     - 1597s
     0     0 7893.99827    0 8215          - 7893.99827      -     - 1617s
     0     0 7893.94990    0 8302          - 7893.94990      -     - 1630s
     0     0 7893.93521    0 8261          - 7893.93521      -     - 1636s
     0     0 7893.93295    0 8291          - 7893.93295      -     - 1644s
     0     0 7892.49483    0 8142          - 7892.49483      -     - 1672s
     0     0 7892.04904    0 8144          - 7892.04904      -     - 1700s
     0     0 7891.90564    0 8340          - 7891.90564      -     - 1711s
     0     0 7891.84579    0 8379          - 7891.84579      -     - 1726s
     0     0 7891.83429    0 8372          - 7891.83429      -     - 1737s
     0     0 7891.83222    0 8375          - 7891.83222      -     - 1747s
     0     0 7890.71505    0 8082          - 7890.71505      -     - 1776s
     0     0 7890.43398    0 8187          - 7890.43398      -     - 1798s
     0     0 7890.29821    0 8199          - 7890.29821      -     - 1809s
     0     0 7890.24207    0 8238          - 7890.24207      -     - 1827s
     0     0 7890.21224    0 8346          - 7890.21224      -     - 1840s
     0     0 7890.20910    0 8292          - 7890.20910      -     - 1846s
     0     0 7889.48769    0 8156          - 7889.48769      -     - 1870s
     0     0 7889.12542    0 8243          - 7889.12542      -     - 1886s
     0     0 7889.06143    0 8300          - 7889.06143      -     - 1898s
     0     0 7889.03459    0 8282          - 7889.03459      -     - 1907s
     0     0 7889.02861    0 8401          - 7889.02861      -     - 1917s
     0     0 7888.58271    0 8125          - 7888.58271      -     - 1939s
     0     0 7888.41443    0 8237          - 7888.41443      -     - 1953s
     0     0 7888.27894    0 8297          - 7888.27894      -     - 1968s
     0     0 7888.25061    0 8249          - 7888.25061      -     - 1979s
     0     0 7888.24411    0 8287          - 7888.24411      -     - 1988s
     0     0 7887.47371    0 8226          - 7887.47371      -     - 2007s
     0     0 7887.27847    0 8229          - 7887.27847      -     - 2024s
     0     0 7887.23176    0 8231          - 7887.23176      -     - 2037s
     0     0 7887.22525    0 8247          - 7887.22525      -     - 2046s
     0     0 7886.92956    0 8214          - 7886.92956      -     - 2062s
     0     0 7886.89917    0 8192          - 7886.89917      -     - 2073s
     0     0 7886.88110    0 8299          - 7886.88110      -     - 2084s
     0     0 7886.86616    0 8395          - 7886.86616      -     - 2092s
     0     0 7886.86560    0 8349          - 7886.86560      -     - 2099s
     0     0 7886.25487    0 8194          - 7886.25487      -     - 2116s
     0     0 7886.04824    0 8297          - 7886.04824      -     - 2127s
     0     0 7885.94128    0 8280          - 7885.94128      -     - 2140s
     0     0 7885.85052    0 8295          - 7885.85052      -     - 2152s
     0     0 7885.84054    0 8280          - 7885.84054      -     - 2161s
     0     0 7885.62380    0 8253          - 7885.62380      -     - 2172s
     0     0 7885.59385    0 8312          - 7885.59385      -     - 2179s
     0     0 7885.59017    0 8301          - 7885.59017      -     - 2187s
     0     0 7885.46292    0 8289          - 7885.46292      -     - 2201s
     0     0 7885.39898    0 8258          - 7885.39898      -     - 2211s
     0     0 7885.38485    0 8321          - 7885.38485      -     - 2218s
     0     0 7885.38166    0 8282          - 7885.38166      -     - 2224s
     0     0 7885.28080    0 8234          - 7885.28080      -     - 2237s
     0     0 7885.18578    0 8319          - 7885.18578      -     - 2247s
     0     0 7885.16648    0 8323          - 7885.16648      -     - 2256s
     0     0 7885.15323    0 8377          - 7885.15323      -     - 2264s
     0     0 7885.14301    0 8341          - 7885.14301      -     - 2270s
     0     0 7884.90631    0 8251          - 7884.90631      -     - 2283s
     0     0 7884.80335    0 8336          - 7884.80335      -     - 2294s
     0     0 7884.76218    0 8340          - 7884.76218      -     - 2301s
     0     0 7884.74630    0 8386          - 7884.74630      -     - 2308s
     0     0 7884.72978    0 8373          - 7884.72978      -     - 2316s
     0     0 7884.72735    0 8309          - 7884.72735      -     - 2323s
     0     0 7884.46568    0 8296          - 7884.46568      -     - 2337s
     0     0 7884.35662    0 8289          - 7884.35662      -     - 2349s
     0     0 7884.33858    0 8313          - 7884.33858      -     - 2360s
     0     0 7884.29522    0 8328          - 7884.29522      -     - 2370s
     0     0 7884.27639    0 8323          - 7884.27639      -     - 2377s
     0     0 7884.27366    0 8292          - 7884.27366      -     - 2385s
     0     0 7884.01815    0 8288          - 7884.01815      -     - 2400s
     0     0 7883.88149    0 8370          - 7883.88149      -     - 2412s
     0     0 7883.85238    0 8386          - 7883.85238      -     - 2424s
     0     0 7883.83663    0 8385          - 7883.83663      -     - 2429s
     0     0 7883.82443    0 8429          - 7883.82443      -     - 2435s
     0     0 7883.71480    0 8392          - 7883.71480      -     - 2445s
     0     0 7883.63692    0 8387          - 7883.63692      -     - 2457s
     0     0 7883.63274    0 8409          - 7883.63274      -     - 2466s
     0     0 7883.56498    0 8361          - 7883.56498      -     - 2481s
     0     0 7883.53614    0 8369          - 7883.53614      -     - 2489s
     0     0 7883.52302    0 8404          - 7883.52302      -     - 2495s
     0     0 7883.44222    0 8324          - 7883.44222      -     - 2505s
     0     0 7883.31117    0 8342          - 7883.31117      -     - 2516s
     0     0 7883.30247    0 8322          - 7883.30247      -     - 2523s
     0     0 7883.22681    0 8306          - 7883.22681      -     - 2536s
     0     0 7883.09402    0 8323          - 7883.09402      -     - 2544s
     0     0 7883.06824    0 8343          - 7883.06824      -     - 2554s
     0     0 7883.06482    0 8370          - 7883.06482      -     - 2560s
     0     0 7882.91816    0 8252          - 7882.91816      -     - 2573s
     0     0 7882.83324    0 8346          - 7882.83324      -     - 2584s
     0     0 7882.81684    0 8314          - 7882.81684      -     - 2593s
     0     0 7882.80110    0 8306          - 7882.80110      -     - 2601s
     0     0 7882.79876    0 8297          - 7882.79876      -     - 2607s
     0     0 7882.71109    0 8179          - 7882.71109      -     - 2618s
     0     0 7882.59423    0 8181          - 7882.59423      -     - 2628s
     0     0 7882.55626    0 8249          - 7882.55626      -     - 2635s
     0     0 7882.53801    0 8287          - 7882.53801      -     - 2641s
     0     0 7882.53381    0 8205          - 7882.53381      -     - 2646s
     0     0 7882.22164    0 8265          - 7882.22164      -     - 2656s
     0     0 7881.85708    0 8318          - 7881.85708      -     - 2663s
     0     0 7881.76461    0 8383          - 7881.76461      -     - 2670s
     0     0 7881.75726    0 8341          - 7881.75726      -     - 2676s
     0     0 7881.53858    0 8387          - 7881.53858      -     - 2689s
     0     0 7881.44575    0 8431          - 7881.44575      -     - 2698s
     0     0 7881.43881    0 8351          - 7881.43881      -     - 2704s
     0     0 7881.29222    0 8256          - 7881.29222      -     - 2717s
     0     0 7881.22364    0 8357          - 7881.22364      -     - 2725s
     0     0 7881.19876    0 8436          - 7881.19876      -     - 2731s
     0     0 7881.18093    0 8368          - 7881.18093      -     - 2737s
     0     0 7881.16620    0 8309          - 7881.16620      -     - 2744s
     0     0 7881.16304    0 8336          - 7881.16304      -     - 2749s
     0     0 7881.03005    0 8322          - 7881.03005      -     - 2759s
     0     0 7880.97898    0 8281          - 7880.97898      -     - 2764s
     0     0 7880.93904    0 8307          - 7880.93904      -     - 2776s
     0     0 7880.92889    0 8272          - 7880.92889      -     - 2781s
     0     0 7880.72752    0 8239          - 7880.72752      -     - 2794s
     0     0 7880.54044    0 8292          - 7880.54044      -     - 2805s
     0     0 7880.52898    0 8313          - 7880.52898      -     - 2813s
     0     0 7879.49525    0 8282          - 7879.49525      -     - 2832s
     0     0 7878.72554    0 8381          - 7878.72554      -     - 2842s
     0     0 7878.62489    0 8428          - 7878.62489      -     - 2851s
     0     0 7878.54891    0 8373          - 7878.54891      -     - 2862s
     0     0 7878.52029    0 8303          - 7878.52029      -     - 2870s
     0     0 7878.50650    0 8360          - 7878.50650      -     - 2878s
     0     0 7878.00078    0 8387          - 7878.00078      -     - 2897s
     0     0 7877.68760    0 8354          - 7877.68760      -     - 2907s
     0     0 7877.53415    0 8362          - 7877.53415      -     - 2915s
     0     0 7877.45392    0 8455          - 7877.45392      -     - 2924s
     0     0 7877.41731    0 8499          - 7877.41731      -     - 2934s
     0     0 7877.41315    0 8441          - 7877.41315      -     - 2941s
     0     0 7877.09453    0 8305          - 7877.09453      -     - 2951s
     0     0 7876.85213    0 8368          - 7876.85213      -     - 2961s
     0     0 7876.67450    0 8422          - 7876.67450      -     - 2971s
     0     0 7876.53944    0 8334          - 7876.53944      -     - 2979s
     0     0 7876.48322    0 8312          - 7876.48322      -     - 2986s
     0     0 7876.45866    0 8342          - 7876.45866      -     - 2993s
     0     0 7876.44498    0 8351          - 7876.44498      -     - 2998s
     0     0 7875.10632    0 8347          - 7875.10632      -     - 3017s
     0     0 7874.74593    0 8327          - 7874.74593      -     - 3030s
     0     0 7874.47280    0 8467          - 7874.47280      -     - 3040s
     0     0 7874.25905    0 8408          - 7874.25905      -     - 3048s
     0     0 7874.12476    0 8407          - 7874.12476      -     - 3058s
     0     0 7874.09331    0 8425          - 7874.09331      -     - 3068s
     0     0 7874.08871    0 8469          - 7874.08871      -     - 3076s
     0     0 7873.64391    0 8433          - 7873.64391      -     - 3088s
     0     0 7873.04078    0 8424          - 7873.04078      -     - 3099s
     0     0 7872.97672    0 8473          - 7872.97672      -     - 3112s
     0     0 7872.96790    0 8502          - 7872.96790      -     - 3117s
     0     0 7871.94623    0 8421          - 7871.94623      -     - 3132s
     0     0 7871.82581    0 8402          - 7871.82581      -     - 3140s
     0     0 7871.77139    0 8448          - 7871.77139      -     - 3148s
     0     0 7871.76222    0 8425          - 7871.76222      -     - 3155s
     0     0 7871.27689    0 8370          - 7871.27689      -     - 3167s
     0     0 7870.47822    0 8424          - 7870.47822      -     - 3176s
     0     0 7870.32344    0 8409          - 7870.32344      -     - 3185s
     0     0 7870.19575    0 8365          - 7870.19575      -     - 3195s
     0     0 7870.16780    0 8481          - 7870.16780      -     - 3207s
     0     0 7870.13727    0 8439          - 7870.13727      -     - 3218s
     0     0 7870.11016    0 8488          - 7870.11016      -     - 3226s
     0     0 7870.09687    0 8540          - 7870.09687      -     - 3234s
     0     0 7869.63040    0 8427          - 7869.63040      -     - 3247s
     0     0 7869.30793    0 8435          - 7869.30793      -     - 3255s
     0     0 7868.98495    0 8494          - 7868.98495      -     - 3269s
     0     0 7868.94967    0 8406          - 7868.94967      -     - 3277s
     0     0 7868.92976    0 8421          - 7868.92976      -     - 3284s
     0     0 7868.92377    0 8410          - 7868.92377      -     - 3290s
     0     0 7868.48391    0 8457          - 7868.48391      -     - 3302s
     0     0 7868.33263    0 8496          - 7868.33263      -     - 3309s
     0     0 7868.28571    0 8410          - 7868.28571      -     - 3314s
     0     0 7868.24954    0 8468          - 7868.24954      -     - 3319s
     0     0 7868.23902    0 8443          - 7868.23902      -     - 3324s
     0     0 7867.86693    0 8453          - 7867.86693      -     - 3334s
     0     0 7867.80078    0 8561          - 7867.80078      -     - 3342s
     0     0 7867.76682    0 8561          - 7867.76682      -     - 3349s
     0     0 7867.73470    0 8575          - 7867.73470      -     - 3357s
     0     0 7867.70473    0 8509          - 7867.70473      -     - 3362s
     0     0 7867.70137    0 8522          - 7867.70137      -     - 3368s
     0     0 7867.51988    0 8492          - 7867.51988      -     - 3376s
     0     0 7867.50814    0 8518          - 7867.50814      -     - 3380s
     0     0 7867.50194    0 8534          - 7867.50194      -     - 3388s
H    0     0                    -48753.80509 7867.50194   116%     - 3388s
     0     0 7867.50194    0 7550 -48753.805 7867.50194   116%     - 3431s
H    0     0                    -214.4177262 7865.66256  3768%     - 3945s
H    0     0                    2202.3970433 7865.66256   257%     - 4036s
H    0     2                    2235.7745479 7865.66256   252%     - 4053s
     0     2 7865.66256    0 7289 2235.77455 7865.66256   252%     - 4053s
     1     4 7865.66256    1 7295 2235.77455 7865.66256   252% 15494 4063s
     3     8 7865.66256    2 7677 2235.77455 7865.66256   252%  8819 4075s
     7    16 7865.66256    3 8057 2235.77455 7865.66256   252%  6925 4097s
    15    32 7865.66256    4 8296 2235.77455 7865.66256   252%  8760 4348s
H   31    56                    2300.3282260 7865.66256   242% 28811 4392s
H   33    56                    2328.2379974 7865.66256   238% 27469 4392s
    55    80 7865.66256    6 8553 2328.23800 7865.66256   238% 19637 4421s
    79   104 7865.66256    7 8438 2328.23800 7865.66256   238% 15317 4504s
H  103   128                    2390.3533389 7865.66256   229% 12706 4553s
H  109   128                    2415.9085831 7865.66256   226% 12205 4553s
   127   155 7865.66256    9 8408 2415.90858 7865.66256   226% 11156 4577s
H  154   181                    2486.6222831 7865.66256   216%  9740 4599s
   180   211 7865.66256   11 8293 2486.62228 7865.66256   216%  8863 4619s
H  210   266                    2495.2111838 7865.66256   215%  8022 4661s
H  214   266                    2521.9884813 7865.66256   212%  7954 4661s
H  249   266                    2561.8366188 7865.66256   207%  7407 4661s
   265   355 7865.66256   13 8438 2561.83662 7865.66256   207%  7189 4724s
H  354   501                    2574.7395989 7865.66256   205%  6330 4842s
H  417   501                    2582.2213317 7865.66256   205%  5997 4842s
   500   701 7865.66256   19 8484 2582.22133 7865.66256   205%  5609 4993s
H  700  1005                    2600.4486623 7865.66256   202%  5105 5208s
H  875  1005                    2622.1702551 7865.66256   200%  4889 5208s
H 1004  1360                    2716.4708547 7865.66256   190%  4767 5501s
H 1064  1360                    2829.8781211 7865.66256   178%  4720 5501s
H 1332  1360                    2874.8180073 7865.66256   174%  4574 5501s
  1359  1881 7865.66256   43 8511 2874.81801 7865.66256   174%  4567 11985s
H 1515  1881                    3005.6238474 7865.66256   162%  4497 11985s
  1880  2780 7865.66256   57 8471 3005.62385 7865.66256   162%  4401 12624s
  2779  3644 7865.46148   80 8643 3005.62385 7865.66256   162%  4268 13259s
  3643  4576 7865.22947  100 8572 3005.62385 7865.66256   162%  4251 13897s
H 4575  5326                    3043.8458263 7865.66256   158%  4162 14578s
H 4609  5326                    3109.5678391 7865.66256   153%  4162 14578s
H 4973  5326                    3161.3921895 7865.66256   149%  4206 14578s
H 5086  5326                    3247.0519961 7865.66256   142%  4196 14578s
H 5325  5350                    3290.0909421 7865.66256   139%  4230 18000s
H 5326  5350                    3312.8313624 7865.66256   137%  4230 18000s
H 5328  5350                    3390.0510293 7865.66256   132%  4230 18000s
H 5333  5350                    3483.9045308 7865.66256   126%  4229 18000s
H 5337  5350                    3513.5757925 7865.66256   124%  4228 18000s

Cutting planes:
  Gomory: 22
  Cover: 2045
  Implied bound: 52
  Clique: 2576
  MIR: 2872
  StrongCG: 696
  GUB cover: 506
  Zero half: 1166
  RLT: 313

Explored 5349 nodes (24121397 simplex iterations) in 18000.25 seconds
Thread count was 24 (of 48 available processors)

Solution count 10: 3513.58 3483.9 3390.05 ... 3005.62

Time limit reached
Best objective 3.513575792484e+03, best bound 7.865662560568e+03, gap 123.8649%
